
5. Printing statistics.

=== countLeadingZerosfp16 ===

   Number of wires:                 16
   Number of wire bits:            145
   Number of public wires:           4
   Number of public wire bits:      35
   Number of memories:               0
   Number of memory bits:            0
   Number of processes:              0
   Number of cells:                 14
     $add                           32
     $and                           32
     $mux                           40
     $not                           10

=== reverseFp16 ===

   Number of wires:                  2
   Number of wire bits:             20
   Number of public wires:           2
   Number of public wire bits:      20
   Number of memories:               0
   Number of memory bits:            0
   Number of processes:              0
   Number of cells:                  0

=== design hierarchy ===

   countLeadingZerosfp16             1
     reverseFp16                     0

   Number of wires:                 16
   Number of wire bits:            145
   Number of public wires:           4
   Number of public wire bits:      35
   Number of memories:               0
   Number of memory bits:            0
   Number of processes:              0
   Number of cells:                 14
     $add                           32
     $and                           32
     $mux                           40
     $not                           10

