
 /----------------------------------------------------------------------------\
 |                                                                            |
 |  yosys -- Yosys Open SYnthesis Suite                                       |
 |                                                                            |
 |  Copyright (C) 2012 - 2020  Claire Xenia Wolf <claire@yosyshq.com>         |
 |                                                                            |
 |  Permission to use, copy, modify, and/or distribute this software for any  |
 |  purpose with or without fee is hereby granted, provided that the above    |
 |  copyright notice and this permission notice appear in all copies.         |
 |                                                                            |
 |  THE SOFTWARE IS PROVIDED "AS IS" AND THE AUTHOR DISCLAIMS ALL WARRANTIES  |
 |  WITH REGARD TO THIS SOFTWARE INCLUDING ALL IMPLIED WARRANTIES OF          |
 |  MERCHANTABILITY AND FITNESS. IN NO EVENT SHALL THE AUTHOR BE LIABLE FOR   |
 |  ANY SPECIAL, DIRECT, INDIRECT, OR CONSEQUENTIAL DAMAGES OR ANY DAMAGES    |
 |  WHATSOEVER RESULTING FROM LOSS OF USE, DATA OR PROFITS, WHETHER IN AN     |
 |  ACTION OF CONTRACT, NEGLIGENCE OR OTHER TORTIOUS ACTION, ARISING OUT OF   |
 |  OR IN CONNECTION WITH THE USE OR PERFORMANCE OF THIS SOFTWARE.            |
 |                                                                            |
 \----------------------------------------------------------------------------/

 Yosys 0.10+12 (git sha1 72fac04, gcc 7.4.0-1ubuntu1~16.04~ppa1 -fPIC -Os)


-- Executing script file `out.ys' --

1. Executing Verilog-2005 frontend: /home/zhigang/raw_data/raw_designs/vtr_designs/verilog/koios/softmax_submodules/fptofixed_para.v
Parsing SystemVerilog input from `/home/zhigang/raw_data/raw_designs/vtr_designs/verilog/koios/softmax_submodules/fptofixed_para.v' to AST representation.
Generating RTLIL representation for module `\fptofixed_para'.
Note: Assuming pure combinatorial block at /home/zhigang/raw_data/raw_designs/vtr_designs/verilog/koios/softmax_submodules/fptofixed_para.v:74.1-91.4 in
compliance with IEC 62142(E):2005 / IEEE Std. 1364.1(E):2002. Recommending
use of @* instead of @(...) for better match of synthesis and simulation.
Successfully finished Verilog frontend.

2. Executing HIERARCHY pass (managing design hierarchy).

2.1. Finding top of design hierarchy..
root of   0 design levels: fptofixed_para      
Automatically selected fptofixed_para as design top module.

2.2. Analyzing design hierarchy..
Top module:  \fptofixed_para

2.3. Analyzing design hierarchy..
Top module:  \fptofixed_para
Removed 0 unused modules.

3. Executing PROC pass (convert processes to netlists).

3.1. Executing PROC_CLEAN pass (remove empty switches from decision trees).
Cleaned up 0 empty switches.

3.2. Executing PROC_RMDEAD pass (remove dead branches from decision trees).
Marked 2 switch rules as full_case in process $proc$/home/zhigang/raw_data/raw_designs/vtr_designs/verilog/koios/softmax_submodules/fptofixed_para.v:74$2 in module fptofixed_para.
Removed a total of 0 dead cases.

3.3. Executing PROC_PRUNE pass (remove redundant assignments in processes).
Removed 1 redundant assignment.
Promoted 3 assignments to connections.

3.4. Executing PROC_INIT pass (extract init attributes).

3.5. Executing PROC_ARST pass (detect async resets in processes).

3.6. Executing PROC_MUX pass (convert decision trees to multiplexers).
Creating decoders for process `\fptofixed_para.$proc$/home/zhigang/raw_data/raw_designs/vtr_designs/verilog/koios/softmax_submodules/fptofixed_para.v:96$5'.
Creating decoders for process `\fptofixed_para.$proc$/home/zhigang/raw_data/raw_designs/vtr_designs/verilog/koios/softmax_submodules/fptofixed_para.v:74$2'.
     1/1: $0\temp[15:0]

3.7. Executing PROC_DLATCH pass (convert process syncs to latches).
No latch inferred for signal `\fptofixed_para.\sftfx' from process `\fptofixed_para.$proc$/home/zhigang/raw_data/raw_designs/vtr_designs/verilog/koios/softmax_submodules/fptofixed_para.v:96$5'.
No latch inferred for signal `\fptofixed_para.\shift_direction' from process `\fptofixed_para.$proc$/home/zhigang/raw_data/raw_designs/vtr_designs/verilog/koios/softmax_submodules/fptofixed_para.v:96$5'.
No latch inferred for signal `\fptofixed_para.\shift_magnitude' from process `\fptofixed_para.$proc$/home/zhigang/raw_data/raw_designs/vtr_designs/verilog/koios/softmax_submodules/fptofixed_para.v:96$5'.
No latch inferred for signal `\fptofixed_para.\temp' from process `\fptofixed_para.$proc$/home/zhigang/raw_data/raw_designs/vtr_designs/verilog/koios/softmax_submodules/fptofixed_para.v:74$2'.

3.8. Executing PROC_DFF pass (convert process syncs to FFs).

3.9. Executing PROC_MEMWR pass (convert process memory writes to cells).

3.10. Executing PROC_CLEAN pass (remove empty switches from decision trees).
Removing empty process `fptofixed_para.$proc$/home/zhigang/raw_data/raw_designs/vtr_designs/verilog/koios/softmax_submodules/fptofixed_para.v:96$5'.
Found and cleaned up 2 empty switches in `\fptofixed_para.$proc$/home/zhigang/raw_data/raw_designs/vtr_designs/verilog/koios/softmax_submodules/fptofixed_para.v:74$2'.
Removing empty process `fptofixed_para.$proc$/home/zhigang/raw_data/raw_designs/vtr_designs/verilog/koios/softmax_submodules/fptofixed_para.v:74$2'.
Cleaned up 2 empty switches.

3.11. Executing OPT_EXPR pass (perform const folding).
Optimizing module fptofixed_para.
<suppressed ~1 debug messages>

4. Executing OPT pass (performing simple optimizations).

4.1. Executing OPT_EXPR pass (perform const folding).
Optimizing module fptofixed_para.

4.2. Executing OPT_MERGE pass (detect identical cells).
Finding identical cells in module `\fptofixed_para'.
<suppressed ~3 debug messages>
Removed a total of 1 cells.

4.3. Executing OPT_MUXTREE pass (detect dead branches in mux trees).
Running muxtree optimizer on module \fptofixed_para..
  Creating internal representation of mux trees.
  Evaluating internal representation of mux trees.
  Analyzing evaluation results.
Removed 0 multiplexer ports.
<suppressed ~2 debug messages>

4.4. Executing OPT_REDUCE pass (consolidate $*mux and $reduce_* inputs).
  Optimizing cells in module \fptofixed_para.
Performed a total of 0 changes.

4.5. Executing OPT_MERGE pass (detect identical cells).
Finding identical cells in module `\fptofixed_para'.
Removed a total of 0 cells.

4.6. Executing OPT_DFF pass (perform DFF optimizations).

4.7. Executing OPT_CLEAN pass (remove unused cells and wires).
Finding unused cells or wires in module \fptofixed_para..
Removed 0 unused cells and 10 unused wires.
<suppressed ~2 debug messages>

4.8. Executing OPT_EXPR pass (perform const folding).
Optimizing module fptofixed_para.

4.9. Rerunning OPT passes. (Maybe there is more to do..)

4.10. Executing OPT_MUXTREE pass (detect dead branches in mux trees).
Running muxtree optimizer on module \fptofixed_para..
  Creating internal representation of mux trees.
  Evaluating internal representation of mux trees.
  Analyzing evaluation results.
Removed 0 multiplexer ports.
<suppressed ~2 debug messages>

4.11. Executing OPT_REDUCE pass (consolidate $*mux and $reduce_* inputs).
  Optimizing cells in module \fptofixed_para.
Performed a total of 0 changes.

4.12. Executing OPT_MERGE pass (detect identical cells).
Finding identical cells in module `\fptofixed_para'.
Removed a total of 0 cells.

4.13. Executing OPT_DFF pass (perform DFF optimizations).

4.14. Executing OPT_CLEAN pass (remove unused cells and wires).
Finding unused cells or wires in module \fptofixed_para..

4.15. Executing OPT_EXPR pass (perform const folding).
Optimizing module fptofixed_para.

4.16. Finished OPT passes. (There is nothing left to do.)

5. Printing statistics.

=== fptofixed_para ===

   Number of wires:                 18
   Number of wire bits:            263
   Number of public wires:           9
   Number of public wire bits:      85
   Number of memories:               0
   Number of memory bits:            0
   Number of processes:              0
   Number of cells:                 11
     $add                           32
     $gt                            32
     $logic_not                     15
     $mux                           80
     $not                           32
     $shl                           16
     $shr                           16
     $sub                           32

End of script. Logfile hash: 19a29c5247, CPU: user 0.02s system 0.00s, MEM: 11.15 MB peak
Yosys 0.10+12 (git sha1 72fac04, gcc 7.4.0-1ubuntu1~16.04~ppa1 -fPIC -Os)
Time spent: 24% 4x opt_expr (0 sec), 24% 3x opt_merge (0 sec), ...
