
5. Printing statistics.

=== $paramod$af5eb2417a99fbdccc048a055f25a88ec12c1790\single_port_ram ===

   Number of wires:                  9
   Number of wire bits:            182
   Number of public wires:           5
   Number of public wire bits:      76
   Number of memories:               1
   Number of memory bits:          320
   Number of processes:              0
   Number of cells:                  6
     $dffe                          32
     $mux                           43

=== $paramod$f2486c22f8156b191d4f2958486e3c6079702f1e\single_port_ram ===

   Number of wires:                  9
   Number of wire bits:            182
   Number of public wires:           5
   Number of public wire bits:      76
   Number of memories:               1
   Number of memory bits:          320
   Number of processes:              0
   Number of cells:                  6
     $dffe                          32
     $mux                           43

=== Absorber ===

   Number of wires:                240
   Number of wire bits:           5091
   Number of public wires:         213
   Number of public wire bits:    4581
   Number of memories:               0
   Number of memory bits:            0
   Number of processes:              0
   Number of cells:                103
     $add                          144
     $dff                            1
     $eq                           143
     $ge                            64
     $logic_and                      2
     $mul                          192
     $mux                          625
     $pmux                          32
     $sdffe                        352
     $sub                           32

=== Boundary ===

   Number of wires:               1948
   Number of wire bits:          51087
   Number of public wires:        1934
   Number of public wire bits:   50948
   Number of memories:               0
   Number of memory bits:            0
   Number of processes:              0
   Number of cells:                932
     $eq                            15
     $gt                            32
     $logic_and                      2
     $logic_not                     35
     $mux                          225
     $pmux                          96
     $reduce_bool                   32
     $sdffe                      24366
     $sub                           96

=== Div_64b ===

   Number of wires:                 10
   Number of wire bits:            386
   Number of public wires:           7
   Number of public wire bits:     289
   Number of memories:               0
   Number of memory bits:            0
   Number of processes:              0
   Number of cells:                  6
     $mux                           96
     $neg                           96
     $xor                            1

=== Div_64b_unsigned ===

   Number of wires:                277
   Number of wire bits:          15501
   Number of public wires:         149
   Number of public wire bits:   11373
   Number of memories:               0
   Number of memory bits:            0
   Number of processes:              0
   Number of cells:                315
     $dff                         3105
     $ge                          4064
     $mux                         6144
     $sub                         4064

=== DropSpinWrapper ===

   Number of wires:                625
   Number of wire bits:          16427
   Number of public wires:         624
   Number of public wire bits:   16426
   Number of memories:               0
   Number of memory bits:            0
   Number of processes:              0
   Number of cells:                 45
     $not                            1
     $pmux                         100

=== Hop ===

   Number of wires:                 56
   Number of wire bits:           1244
   Number of public wires:          41
   Number of public wire bits:    1105
   Number of memories:               0
   Number of memory bits:            0
   Number of processes:              0
   Number of cells:                 39
     $add                           99
     $eq                             3
     $logic_and                      3
     $mux                          225
     $ne                             3
     $or                             2
     $sdffe                        357

=== InternalsBlock ===

   Number of wires:                 51
   Number of wire bits:           1667
   Number of public wires:          51
   Number of public wire bits:    1667
   Number of memories:               0
   Number of memory bits:            0
   Number of processes:              0
   Number of cells:                 24
     $sdffe                        832

=== InternalsBlock_Reflector ===

   Number of wires:                 17
   Number of wire bits:            707
   Number of public wires:          17
   Number of public wire bits:     707
   Number of memories:               0
   Number of memory bits:            0
   Number of processes:              0
   Number of cells:                  7
     $sdffe                        352

=== LogCalc ===

   Number of wires:                 93
   Number of wire bits:           1259
   Number of public wires:          12
   Number of public wire bits:     191
   Number of memories:               0
   Number of memory bits:            0
   Number of processes:              0
   Number of cells:                 87
     $add                           64
     $eq                           132
     $ge                            12
     $mul                           32
     $mux                          932
     $sdffe                         38
     $sub                           64

=== Memory_Wrapper ===

   Number of wires:                  5
   Number of wire bits:            107
   Number of public wires:           5
   Number of public wire bits:     107
   Number of memories:               0
   Number of memory bits:            0
   Number of processes:              0
   Number of cells:                  2

=== Move ===

   Number of wires:                 71
   Number of wire bits:           1844
   Number of public wires:          63
   Number of public wire bits:    1805
   Number of memories:               0
   Number of memory bits:            0
   Number of processes:              0
   Number of cells:                 32
     $eq                            15
     $logic_not                     35
     $mul                          128
     $mux                          224
     $pmux                          96
     $sdffe                        324
     $sub                           32

=== Mult_32b ===

   Number of wires:                 16
   Number of wire bits:            579
   Number of public wires:          12
   Number of public wire bits:     450
   Number of memories:               0
   Number of memory bits:            0
   Number of processes:              0
   Number of cells:                 10
     $mul                           64
     $mux                          130
     $ne                             1
     $neg                          128

=== PhotonBlock1 ===

   Number of wires:                  9
   Number of wire bits:            195
   Number of public wires:           9
   Number of public wire bits:     195
   Number of memories:               0
   Number of memory bits:            0
   Number of processes:              0
   Number of cells:                  3
     $sdffe                         96

=== PhotonBlock2 ===

   Number of wires:                  9
   Number of wire bits:             71
   Number of public wires:           9
   Number of public wire bits:      71
   Number of memories:               0
   Number of memory bits:            0
   Number of processes:              0
   Number of cells:                  3
     $sdffe                         34

=== PhotonBlock5 ===

   Number of wires:                 31
   Number of wire bits:            717
   Number of public wires:          31
   Number of public wire bits:     717
   Number of memories:               0
   Number of memory bits:            0
   Number of processes:              0
   Number of cells:                 14
     $sdffe                        357

=== PhotonCalculator ===

   Number of wires:                205
   Number of wire bits:           5829
   Number of public wires:         189
   Number of public wire bits:    5627
   Number of memories:               0
   Number of memory bits:            0
   Number of processes:              0
   Number of cells:                 48
     $add                           32
     $dffe                          32
     $gt                            64
     $logic_and                      1
     $mux                          549
     $ne                             7
     $not                            2
     $reduce_and                     5
     $reduce_bool                    2
     $sdffe                         35
     $sub                           32

=== Reflector ===

   Number of wires:                518
   Number of wire bits:          17931
   Number of public wires:         360
   Number of public wire bits:   16361
   Number of memories:               0
   Number of memory bits:            0
   Number of processes:              0
   Number of cells:                227
     $add                            3
     $and                           68
     $eq                            51
     $le                           128
     $logic_and                      4
     $logic_not                      4
     $mux                          472
     $neg                           96
     $not                           11
     $or                           972
     $pmux                         386
     $reduce_or                      4
     $sdffe                        100
     $sub                            3

=== Roulette ===

   Number of wires:                 44
   Number of wire bits:            854
   Number of public wires:          32
   Number of public wire bits:     780
   Number of memories:               0
   Number of memory bits:            0
   Number of processes:              0
   Number of cells:                 27
     $logic_and                      1
     $logic_not                     33
     $lt                            64
     $mux                          101
     $or                             1
     $sdffe                        356

=== Scatterer ===

   Number of wires:               1214
   Number of wire bits:          34748
   Number of public wires:        1010
   Number of public wire bits:   34387
   Number of memories:               0
   Number of memory bits:            0
   Number of processes:              0
   Number of cells:                271
     $and                           64
     $eq                           300
     $ge                            32
     $logic_not                      4
     $logic_or                       8
     $mux                          257
     $neg                           32
     $not                           36
     $or                           275
     $pmux                          64
     $reduce_or                      4
     $sdffe                         96

=== ScattererReflectorWrapper ===

   Number of wires:                154
   Number of wire bits:           5093
   Number of public wires:         150
   Number of public wire bits:    5089
   Number of memories:               0
   Number of memory bits:            0
   Number of processes:              0
   Number of cells:                 34
     $eq                            12
     $mux                          320
     $pmux                           3

=== Sqrt_64b ===

   Number of wires:                410
   Number of wire bits:          17246
   Number of public wires:         131
   Number of public wire bits:    8257
   Number of memories:               0
   Number of memory bits:            0
   Number of processes:              0
   Number of cells:                443
     $add                         3968
     $and                           61
     $dff                         1339
     $ge                          2048
     $logic_not                   2048
     $mux                         5056
     $not                           31
     $or                            32
     $sdff                           9
     $sub                         3904

=== add_32b ===

   Number of wires:                  5
   Number of wire bits:            130
   Number of public wires:           5
   Number of public wire bits:     130
   Number of memories:               0
   Number of memory bits:            0
   Number of processes:              0
   Number of cells:                  1
     $add                           33

=== mult_signed_32 ===

   Number of wires:                 13
   Number of wire bits:            451
   Number of public wires:           8
   Number of public wire bits:     258
   Number of memories:               0
   Number of memory bits:            0
   Number of processes:              0
   Number of cells:                 10
     $mul                           64
     $mux                          130
     $ne                             1
     $neg                          128

=== mult_signed_32_bc ===

   Number of wires:                 17
   Number of wire bits:            580
   Number of public wires:          14
   Number of public wire bits:     452
   Number of memories:               0
   Number of memory bits:            0
   Number of processes:              0
   Number of cells:                 12
     $add                          128
     $dff                           64
     $mul                           64
     $mux                          128
     $not                          128
     $xor                            1

=== rng ===

   Number of wires:                 27
   Number of wire bits:            740
   Number of public wires:          12
   Number of public wire bits:     260
   Number of memories:               0
   Number of memory bits:            0
   Number of processes:              0
   Number of cells:                 19
     $adffe                         96
     $and                           96
     $mux                           96
     $xor                          320

=== signed_div_30 ===

   Number of wires:                  5
   Number of wire bits:            193
   Number of public wires:           5
   Number of public wire bits:     193
   Number of memories:               0
   Number of memory bits:            0
   Number of processes:              0
   Number of cells:                  1

=== sub_32b ===

   Number of wires:                  5
   Number of wire bits:            130
   Number of public wires:           5
   Number of public wire bits:     130
   Number of memories:               0
   Number of memory bits:            0
   Number of processes:              0
   Number of cells:                  1
     $sub                           33

=== sub_64b ===

   Number of wires:                  3
   Number of wire bits:            192
   Number of public wires:           3
   Number of public wire bits:     192
   Number of memories:               0
   Number of memory bits:            0
   Number of processes:              0
   Number of cells:                  1
     $sub                           64

=== design hierarchy ===

   PhotonCalculator                  1
     Boundary                        0
       mult_signed_32_bc             0
       signed_div_30                 0
         Div_64b                     0
           Div_64b_unsigned          0
     DropSpinWrapper                 0
       Absorber                      0
         PhotonBlock1                0
         PhotonBlock2                0
         Sqrt_64b                    0
       PhotonBlock5                  0
       ScattererReflectorWrapper      0
         Div_64b                     0
           Div_64b_unsigned          0
         Memory_Wrapper              0
           $paramod$f2486c22f8156b191d4f2958486e3c6079702f1e\single_port_ram      0
         Mult_32b                    0
         Reflector                   0
           InternalsBlock_Reflector      0
           sub_64b                   0
         Scatterer                   0
           InternalsBlock            0
           add_32b                   0
           sub_32b                   0
           sub_64b                   0
         Sqrt_64b                    0
     Hop                             0
       mult_signed_32                0
     LogCalc                         0
       $paramod$af5eb2417a99fbdccc048a055f25a88ec12c1790\single_port_ram      0
     Move                            0
     Roulette                        0
     rng                             0

   Number of wires:                205
   Number of wire bits:           5829
   Number of public wires:         189
   Number of public wire bits:    5627
   Number of memories:               0
   Number of memory bits:            0
   Number of processes:              0
   Number of cells:                 48
     $add                           32
     $dffe                          32
     $gt                            64
     $logic_and                      1
     $mux                          549
     $ne                             7
     $not                            2
     $reduce_and                     5
     $reduce_bool                    2
     $sdffe                         35
     $sub                           32

