
5. Printing statistics.

=== InternalsBlock_Reflector ===

   Number of wires:                 17
   Number of wire bits:            707
   Number of public wires:          17
   Number of public wire bits:     707
   Number of memories:               0
   Number of memory bits:            0
   Number of processes:              0
   Number of cells:                  7
     $sdffe                        352

=== Reflector ===

   Number of wires:                518
   Number of wire bits:          17931
   Number of public wires:         360
   Number of public wire bits:   16361
   Number of memories:               0
   Number of memory bits:            0
   Number of processes:              0
   Number of cells:                227
     $add                            3
     $and                           68
     $eq                            51
     $le                           128
     $logic_and                      4
     $logic_not                      4
     $mux                          472
     $neg                           96
     $not                           11
     $or                           972
     $pmux                         386
     $reduce_or                      4
     $sdffe                        100
     $sub                            3

=== sub_64b ===

   Number of wires:                  3
   Number of wire bits:            192
   Number of public wires:           3
   Number of public wire bits:     192
   Number of memories:               0
   Number of memory bits:            0
   Number of processes:              0
   Number of cells:                  1
     $sub                           64

=== design hierarchy ===

   Reflector                         1
     InternalsBlock_Reflector        0
     sub_64b                         0

   Number of wires:                518
   Number of wire bits:          17931
   Number of public wires:         360
   Number of public wire bits:   16361
   Number of memories:               0
   Number of memory bits:            0
   Number of processes:              0
   Number of cells:                227
     $add                            3
     $and                           68
     $eq                            51
     $le                           128
     $logic_and                      4
     $logic_not                      4
     $mux                          472
     $neg                           96
     $not                           11
     $or                           972
     $pmux                         386
     $reduce_or                      4
     $sdffe                        100
     $sub                            3

