
5. Printing statistics.

=== $paramod$8c402cffd162a5c8c105cf483e4b83a2df542b7b\dual_port_ram ===

   Number of wires:                 17
   Number of wire bits:            223
   Number of public wires:           9
   Number of public wire bits:      97
   Number of memories:               1
   Number of memory bits:          240
   Number of processes:              0
   Number of cells:                 12
     $dffe                          32
     $mux                           64

=== buffer_16_24200_buffer_init_13 ===

   Number of wires:                 12
   Number of wire bits:            159
   Number of public wires:          12
   Number of public wire bits:     159
   Number of memories:               0
   Number of memory bits:            0
   Number of processes:              0
   Number of cells:                  4
     $dff                           47

=== stream_buffer_3_1 ===

   Number of wires:                 62
   Number of wire bits:            514
   Number of public wires:          33
   Number of public wire bits:     269
   Number of memories:               0
   Number of memory bits:            0
   Number of processes:              0
   Number of cells:                 45
     $add                          196
     $dff                            1
     $eq                             8
     $logic_and                      2
     $mux                           85
     $reduce_bool                    4
     $reduce_or                      6
     $sdff                          36
     $sdffe                         34

=== design hierarchy ===

   stream_buffer_3_1                 1
     buffer_16_24200_buffer_init_13      0
       $paramod$8c402cffd162a5c8c105cf483e4b83a2df542b7b\dual_port_ram      0

   Number of wires:                 62
   Number of wire bits:            514
   Number of public wires:          33
   Number of public wire bits:     269
   Number of memories:               0
   Number of memory bits:            0
   Number of processes:              0
   Number of cells:                 45
     $add                          196
     $dff                            1
     $eq                             8
     $logic_and                      2
     $mux                           85
     $reduce_bool                    4
     $reduce_or                      6
     $sdff                          36
     $sdffe                         34

