
5. Printing statistics.

=== mesi_isc_basic_fifo ===

   Number of wires:                 60
   Number of wire bits:            467
   Number of public wires:          21
   Number of public wire bits:     242
   Number of memories:               0
   Number of memory bits:            0
   Number of processes:              0
   Number of cells:                 51
     $add                           64
     $adff                          32
     $adffe                        134
     $and                            8
     $eq                            22
     $logic_not                     10
     $mux                           68
     $pmux                          64
     $reduce_and                     8
     $reduce_bool                    4
     $sub                            2

