
5. Printing statistics.

=== full_adder ===

   Number of wires:                  8
   Number of wire bits:              8
   Number of public wires:           8
   Number of public wire bits:       8
   Number of memories:               0
   Number of memory bits:            0
   Number of processes:              0
   Number of cells:                  3
     $or                             1

=== half_adder ===

   Number of wires:                  4
   Number of wire bits:              4
   Number of public wires:           4
   Number of public wire bits:       4
   Number of memories:               0
   Number of memory bits:            0
   Number of processes:              0
   Number of cells:                  2
     $and                            1
     $xor                            1

=== ripple_adder_12bit ===

   Number of wires:                  6
   Number of wire bits:             39
   Number of public wires:           6
   Number of public wire bits:      39
   Number of memories:               0
   Number of memory bits:            0
   Number of processes:              0
   Number of cells:                  2

=== ripple_adder_6bit ===

   Number of wires:                 10
   Number of wire bits:             25
   Number of public wires:          10
   Number of public wire bits:      25
   Number of memories:               0
   Number of memory bits:            0
   Number of processes:              0
   Number of cells:                  6

=== design hierarchy ===

   ripple_adder_12bit                1
     ripple_adder_6bit               0
       full_adder                    0
         half_adder                  0

   Number of wires:                  6
   Number of wire bits:             39
   Number of public wires:           6
   Number of public wire bits:      39
   Number of memories:               0
   Number of memory bits:            0
   Number of processes:              0
   Number of cells:                  2

