
5. Printing statistics.

=== LUControl ===

   Number of wires:                480
   Number of wire bits:           8077
   Number of public wires:         214
   Number of public wire bits:    5911
   Number of memories:               0
   Number of memory bits:            0
   Number of processes:              0
   Number of cells:                463
     $add                          831
     $dff                         5255
     $dffe                          35
     $eq                           533
     $ge                            96
     $gt                             7
     $logic_and                     23
     $logic_not                     18
     $logic_or                      11
     $lt                            96
     $mux                          710
     $ne                            20
     $not                            2
     $pmux                         135
     $reduce_and                     2
     $reduce_bool                   13
     $reduce_or                     37
     $sdff                         274
     $sdffe                         92
     $sub                          224

