
5. Printing statistics.

=== $paramod\dual_port_ram\DATA_WIDTH=12'010000000000\ADDR_WIDTH=4'0100 ===

   Number of wires:                 17
   Number of wire bits:          10259
   Number of public wires:           9
   Number of public wire bits:    4107
   Number of memories:               1
   Number of memory bits:         4096
   Number of processes:              0
   Number of cells:                 12
     $dffe                        2048
     $mux                         2058

=== wfifo ===

   Number of wires:                 63
   Number of wire bits:           5267
   Number of public wires:          14
   Number of public wire bits:    4185
   Number of memories:               0
   Number of memory bits:            0
   Number of processes:              0
   Number of cells:                 56
     $add                           17
     $dffe                          77
     $eq                            60
     $logic_and                      4
     $logic_not                     11
     $mux                         1034
     $ne                             5
     $reduce_bool                   23
     $sdff                           4
     $sub                            5

=== design hierarchy ===

   wfifo                             1
     $paramod\dual_port_ram\DATA_WIDTH=12'010000000000\ADDR_WIDTH=4'0100      0

   Number of wires:                 63
   Number of wire bits:           5267
   Number of public wires:          14
   Number of public wire bits:    4185
   Number of memories:               0
   Number of memory bits:            0
   Number of processes:              0
   Number of cells:                 56
     $add                           17
     $dffe                          77
     $eq                            60
     $logic_and                      4
     $logic_not                     11
     $mux                         1034
     $ne                             5
     $reduce_bool                   23
     $sdff                           4
     $sub                            5

