
5. Printing statistics.

=== user_logic ===

   Number of wires:                394
   Number of wire bits:           1587
   Number of public wires:          41
   Number of public wire bits:     316
   Number of memories:               0
   Number of memory bits:            0
   Number of processes:              0
   Number of cells:                414
     $add                            3
     $and                            1
     $dff                           11
     $dffe                           4
     $eq                            24
     $ge                             1
     $logic_not                     19
     $logic_or                       7
     $lt                             3
     $mux                          295
     $ne                             1
     $not                            2
     $or                             1
     $pmux                           1
     $reduce_and                    13
     $reduce_bool                    3
     $sdff                           1
     $sdffce                         2
     $sdffe                          8
     $shiftx                         1
     $shl                            2
     $sub                           11

