
 /----------------------------------------------------------------------------\
 |                                                                            |
 |  yosys -- Yosys Open SYnthesis Suite                                       |
 |                                                                            |
 |  Copyright (C) 2012 - 2020  Claire Xenia Wolf <claire@yosyshq.com>         |
 |                                                                            |
 |  Permission to use, copy, modify, and/or distribute this software for any  |
 |  purpose with or without fee is hereby granted, provided that the above    |
 |  copyright notice and this permission notice appear in all copies.         |
 |                                                                            |
 |  THE SOFTWARE IS PROVIDED "AS IS" AND THE AUTHOR DISCLAIMS ALL WARRANTIES  |
 |  WITH REGARD TO THIS SOFTWARE INCLUDING ALL IMPLIED WARRANTIES OF          |
 |  MERCHANTABILITY AND FITNESS. IN NO EVENT SHALL THE AUTHOR BE LIABLE FOR   |
 |  ANY SPECIAL, DIRECT, INDIRECT, OR CONSEQUENTIAL DAMAGES OR ANY DAMAGES    |
 |  WHATSOEVER RESULTING FROM LOSS OF USE, DATA OR PROFITS, WHETHER IN AN     |
 |  ACTION OF CONTRACT, NEGLIGENCE OR OTHER TORTIOUS ACTION, ARISING OUT OF   |
 |  OR IN CONNECTION WITH THE USE OR PERFORMANCE OF THIS SOFTWARE.            |
 |                                                                            |
 \----------------------------------------------------------------------------/

 Yosys 0.10+12 (git sha1 72fac04, gcc 7.4.0-1ubuntu1~16.04~ppa1 -fPIC -Os)


-- Executing script file `out.ys' --

1. Executing Verilog-2005 frontend: /home/zhigang/raw_data/raw_designs/opencores/communication_controller/spdif_transmitter.v
Parsing SystemVerilog input from `/home/zhigang/raw_data/raw_designs/opencores/communication_controller/spdif_transmitter.v' to AST representation.
Generating RTLIL representation for module `\spdif_core'.
Generating RTLIL representation for module `\spdif'.
Successfully finished Verilog frontend.

2. Executing HIERARCHY pass (managing design hierarchy).

2.1. Finding top of design hierarchy..
root of   1 design levels: spdif               
root of   0 design levels: spdif_core          
Automatically selected spdif as design top module.

2.2. Analyzing design hierarchy..
Top module:  \spdif
Used module:     \spdif_core

2.3. Analyzing design hierarchy..
Top module:  \spdif
Used module:     \spdif_core
Removed 0 unused modules.

3. Executing PROC pass (convert processes to netlists).

3.1. Executing PROC_CLEAN pass (remove empty switches from decision trees).
Cleaned up 0 empty switches.

3.2. Executing PROC_RMDEAD pass (remove dead branches from decision trees).
Marked 1 switch rules as full_case in process $proc$/home/zhigang/raw_data/raw_designs/opencores/communication_controller/spdif_transmitter.v:397$49 in module spdif.
Marked 1 switch rules as full_case in process $proc$/home/zhigang/raw_data/raw_designs/opencores/communication_controller/spdif_transmitter.v:384$48 in module spdif.
Marked 1 switch rules as full_case in process $proc$/home/zhigang/raw_data/raw_designs/opencores/communication_controller/spdif_transmitter.v:374$46 in module spdif.
Marked 1 switch rules as full_case in process $proc$/home/zhigang/raw_data/raw_designs/opencores/communication_controller/spdif_transmitter.v:292$44 in module spdif_core.
Marked 7 switch rules as full_case in process $proc$/home/zhigang/raw_data/raw_designs/opencores/communication_controller/spdif_transmitter.v:250$30 in module spdif_core.
Marked 1 switch rules as full_case in process $proc$/home/zhigang/raw_data/raw_designs/opencores/communication_controller/spdif_transmitter.v:238$27 in module spdif_core.
Marked 3 switch rules as full_case in process $proc$/home/zhigang/raw_data/raw_designs/opencores/communication_controller/spdif_transmitter.v:209$23 in module spdif_core.
Marked 2 switch rules as full_case in process $proc$/home/zhigang/raw_data/raw_designs/opencores/communication_controller/spdif_transmitter.v:182$13 in module spdif_core.
Marked 1 switch rules as full_case in process $proc$/home/zhigang/raw_data/raw_designs/opencores/communication_controller/spdif_transmitter.v:173$11 in module spdif_core.
Marked 2 switch rules as full_case in process $proc$/home/zhigang/raw_data/raw_designs/opencores/communication_controller/spdif_transmitter.v:159$8 in module spdif_core.
Marked 3 switch rules as full_case in process $proc$/home/zhigang/raw_data/raw_designs/opencores/communication_controller/spdif_transmitter.v:92$5 in module spdif_core.
Marked 2 switch rules as full_case in process $proc$/home/zhigang/raw_data/raw_designs/opencores/communication_controller/spdif_transmitter.v:73$1 in module spdif_core.
Removed a total of 0 dead cases.

3.3. Executing PROC_PRUNE pass (remove redundant assignments in processes).
Removed 7 redundant assignments.
Promoted 2 assignments to connections.

3.4. Executing PROC_INIT pass (extract init attributes).

3.5. Executing PROC_ARST pass (detect async resets in processes).
Found async reset \rst_i in `\spdif.$proc$/home/zhigang/raw_data/raw_designs/opencores/communication_controller/spdif_transmitter.v:397$49'.
Found async reset \rst_i in `\spdif.$proc$/home/zhigang/raw_data/raw_designs/opencores/communication_controller/spdif_transmitter.v:384$48'.
Found async reset \rst_i in `\spdif.$proc$/home/zhigang/raw_data/raw_designs/opencores/communication_controller/spdif_transmitter.v:374$46'.
Found async reset \rst_i in `\spdif_core.$proc$/home/zhigang/raw_data/raw_designs/opencores/communication_controller/spdif_transmitter.v:292$44'.
Found async reset \rst_i in `\spdif_core.$proc$/home/zhigang/raw_data/raw_designs/opencores/communication_controller/spdif_transmitter.v:238$27'.
Found async reset \rst_i in `\spdif_core.$proc$/home/zhigang/raw_data/raw_designs/opencores/communication_controller/spdif_transmitter.v:209$23'.
Found async reset \rst_i in `\spdif_core.$proc$/home/zhigang/raw_data/raw_designs/opencores/communication_controller/spdif_transmitter.v:182$13'.
Found async reset \rst_i in `\spdif_core.$proc$/home/zhigang/raw_data/raw_designs/opencores/communication_controller/spdif_transmitter.v:173$11'.
Found async reset \rst_i in `\spdif_core.$proc$/home/zhigang/raw_data/raw_designs/opencores/communication_controller/spdif_transmitter.v:92$5'.
Found async reset \rst_i in `\spdif_core.$proc$/home/zhigang/raw_data/raw_designs/opencores/communication_controller/spdif_transmitter.v:73$1'.

3.6. Executing PROC_MUX pass (convert decision trees to multiplexers).
Creating decoders for process `\spdif.$proc$/home/zhigang/raw_data/raw_designs/opencores/communication_controller/spdif_transmitter.v:397$49'.
     1/1: $0\genblk1.last_toggle_q[0:0]
Creating decoders for process `\spdif.$proc$/home/zhigang/raw_data/raw_designs/opencores/communication_controller/spdif_transmitter.v:384$48'.
     1/2: $0\genblk1.resync_toggle_q[0:0]
     2/2: $0\genblk1.resync_toggle_ms_q[0:0]
Creating decoders for process `\spdif.$proc$/home/zhigang/raw_data/raw_designs/opencores/communication_controller/spdif_transmitter.v:374$46'.
     1/1: $0\genblk1.toggle_aud_clk_q[0:0]
Creating decoders for process `\spdif_core.$proc$/home/zhigang/raw_data/raw_designs/opencores/communication_controller/spdif_transmitter.v:292$44'.
     1/1: $0\spdif_out_q[0:0]
Creating decoders for process `\spdif_core.$proc$/home/zhigang/raw_data/raw_designs/opencores/communication_controller/spdif_transmitter.v:250$30'.
     1/7: $7\bit_r[0:0]
     2/7: $6\bit_r[0:0]
     3/7: $5\bit_r[0:0]
     4/7: $4\bit_r[0:0]
     5/7: $3\bit_r[0:0]
     6/7: $2\bit_r[0:0]
     7/7: $1\bit_r[0:0]
Creating decoders for process `\spdif_core.$proc$/home/zhigang/raw_data/raw_designs/opencores/communication_controller/spdif_transmitter.v:238$27'.
     1/1: $0\bit_toggle_q[0:0]
Creating decoders for process `\spdif_core.$proc$/home/zhigang/raw_data/raw_designs/opencores/communication_controller/spdif_transmitter.v:209$23'.
     1/2: $0\load_subframe_q[0:0]
     2/2: $0\bit_count_q[5:0]
Creating decoders for process `\spdif_core.$proc$/home/zhigang/raw_data/raw_designs/opencores/communication_controller/spdif_transmitter.v:182$13'.
     1/1: $0\parity_count_q[5:0]
Creating decoders for process `\spdif_core.$proc$/home/zhigang/raw_data/raw_designs/opencores/communication_controller/spdif_transmitter.v:173$11'.
     1/1: $0\preamble_q[7:0]
Creating decoders for process `\spdif_core.$proc$/home/zhigang/raw_data/raw_designs/opencores/communication_controller/spdif_transmitter.v:159$8'.
     1/2: $2\preamble_r[7:0]
     2/2: $1\preamble_r[7:0]
Creating decoders for process `\spdif_core.$proc$/home/zhigang/raw_data/raw_designs/opencores/communication_controller/spdif_transmitter.v:92$5'.
     1/3: $0\sample_req_o[0:0]
     2/3: $0\sample_buf_q[15:0]
     3/3: $0\audio_sample_q[15:0]
Creating decoders for process `\spdif_core.$proc$/home/zhigang/raw_data/raw_designs/opencores/communication_controller/spdif_transmitter.v:73$1'.
     1/1: $0\subframe_count_q[8:0]

3.7. Executing PROC_DLATCH pass (convert process syncs to latches).
No latch inferred for signal `\spdif_core.\bit_r' from process `\spdif_core.$proc$/home/zhigang/raw_data/raw_designs/opencores/communication_controller/spdif_transmitter.v:250$30'.
No latch inferred for signal `\spdif_core.\preamble_r' from process `\spdif_core.$proc$/home/zhigang/raw_data/raw_designs/opencores/communication_controller/spdif_transmitter.v:159$8'.

3.8. Executing PROC_DFF pass (convert process syncs to FFs).
Creating register for signal `\spdif.\genblk1.last_toggle_q' using process `\spdif.$proc$/home/zhigang/raw_data/raw_designs/opencores/communication_controller/spdif_transmitter.v:397$49'.
  created $adff cell `$procdff$180' with positive edge clock and positive level reset.
Creating register for signal `\spdif.\genblk1.resync_toggle_ms_q' using process `\spdif.$proc$/home/zhigang/raw_data/raw_designs/opencores/communication_controller/spdif_transmitter.v:384$48'.
  created $adff cell `$procdff$181' with positive edge clock and positive level reset.
Creating register for signal `\spdif.\genblk1.resync_toggle_q' using process `\spdif.$proc$/home/zhigang/raw_data/raw_designs/opencores/communication_controller/spdif_transmitter.v:384$48'.
  created $adff cell `$procdff$182' with positive edge clock and positive level reset.
Creating register for signal `\spdif.\genblk1.toggle_aud_clk_q' using process `\spdif.$proc$/home/zhigang/raw_data/raw_designs/opencores/communication_controller/spdif_transmitter.v:374$46'.
  created $adff cell `$procdff$183' with positive edge clock and positive level reset.
Creating register for signal `\spdif_core.\spdif_out_q' using process `\spdif_core.$proc$/home/zhigang/raw_data/raw_designs/opencores/communication_controller/spdif_transmitter.v:292$44'.
  created $adff cell `$procdff$184' with positive edge clock and positive level reset.
Creating register for signal `\spdif_core.\bit_toggle_q' using process `\spdif_core.$proc$/home/zhigang/raw_data/raw_designs/opencores/communication_controller/spdif_transmitter.v:238$27'.
  created $adff cell `$procdff$185' with positive edge clock and positive level reset.
Creating register for signal `\spdif_core.\load_subframe_q' using process `\spdif_core.$proc$/home/zhigang/raw_data/raw_designs/opencores/communication_controller/spdif_transmitter.v:209$23'.
  created $adff cell `$procdff$186' with positive edge clock and positive level reset.
Creating register for signal `\spdif_core.\bit_count_q' using process `\spdif_core.$proc$/home/zhigang/raw_data/raw_designs/opencores/communication_controller/spdif_transmitter.v:209$23'.
  created $adff cell `$procdff$187' with positive edge clock and positive level reset.
Creating register for signal `\spdif_core.\parity_count_q' using process `\spdif_core.$proc$/home/zhigang/raw_data/raw_designs/opencores/communication_controller/spdif_transmitter.v:182$13'.
  created $adff cell `$procdff$188' with positive edge clock and positive level reset.
Creating register for signal `\spdif_core.\preamble_q' using process `\spdif_core.$proc$/home/zhigang/raw_data/raw_designs/opencores/communication_controller/spdif_transmitter.v:173$11'.
  created $adff cell `$procdff$189' with positive edge clock and positive level reset.
Creating register for signal `\spdif_core.\sample_req_o' using process `\spdif_core.$proc$/home/zhigang/raw_data/raw_designs/opencores/communication_controller/spdif_transmitter.v:92$5'.
  created $adff cell `$procdff$190' with positive edge clock and positive level reset.
Creating register for signal `\spdif_core.\audio_sample_q' using process `\spdif_core.$proc$/home/zhigang/raw_data/raw_designs/opencores/communication_controller/spdif_transmitter.v:92$5'.
  created $adff cell `$procdff$191' with positive edge clock and positive level reset.
Creating register for signal `\spdif_core.\sample_buf_q' using process `\spdif_core.$proc$/home/zhigang/raw_data/raw_designs/opencores/communication_controller/spdif_transmitter.v:92$5'.
  created $adff cell `$procdff$192' with positive edge clock and positive level reset.
Creating register for signal `\spdif_core.\subframe_count_q' using process `\spdif_core.$proc$/home/zhigang/raw_data/raw_designs/opencores/communication_controller/spdif_transmitter.v:73$1'.
  created $adff cell `$procdff$193' with positive edge clock and positive level reset.

3.9. Executing PROC_MEMWR pass (convert process memory writes to cells).

3.10. Executing PROC_CLEAN pass (remove empty switches from decision trees).
Removing empty process `spdif.$proc$/home/zhigang/raw_data/raw_designs/opencores/communication_controller/spdif_transmitter.v:397$49'.
Removing empty process `spdif.$proc$/home/zhigang/raw_data/raw_designs/opencores/communication_controller/spdif_transmitter.v:384$48'.
Removing empty process `spdif.$proc$/home/zhigang/raw_data/raw_designs/opencores/communication_controller/spdif_transmitter.v:374$46'.
Removing empty process `spdif_core.$proc$/home/zhigang/raw_data/raw_designs/opencores/communication_controller/spdif_transmitter.v:292$44'.
Found and cleaned up 7 empty switches in `\spdif_core.$proc$/home/zhigang/raw_data/raw_designs/opencores/communication_controller/spdif_transmitter.v:250$30'.
Removing empty process `spdif_core.$proc$/home/zhigang/raw_data/raw_designs/opencores/communication_controller/spdif_transmitter.v:250$30'.
Found and cleaned up 1 empty switch in `\spdif_core.$proc$/home/zhigang/raw_data/raw_designs/opencores/communication_controller/spdif_transmitter.v:238$27'.
Removing empty process `spdif_core.$proc$/home/zhigang/raw_data/raw_designs/opencores/communication_controller/spdif_transmitter.v:238$27'.
Found and cleaned up 2 empty switches in `\spdif_core.$proc$/home/zhigang/raw_data/raw_designs/opencores/communication_controller/spdif_transmitter.v:209$23'.
Removing empty process `spdif_core.$proc$/home/zhigang/raw_data/raw_designs/opencores/communication_controller/spdif_transmitter.v:209$23'.
Found and cleaned up 4 empty switches in `\spdif_core.$proc$/home/zhigang/raw_data/raw_designs/opencores/communication_controller/spdif_transmitter.v:182$13'.
Removing empty process `spdif_core.$proc$/home/zhigang/raw_data/raw_designs/opencores/communication_controller/spdif_transmitter.v:182$13'.
Found and cleaned up 1 empty switch in `\spdif_core.$proc$/home/zhigang/raw_data/raw_designs/opencores/communication_controller/spdif_transmitter.v:173$11'.
Removing empty process `spdif_core.$proc$/home/zhigang/raw_data/raw_designs/opencores/communication_controller/spdif_transmitter.v:173$11'.
Found and cleaned up 2 empty switches in `\spdif_core.$proc$/home/zhigang/raw_data/raw_designs/opencores/communication_controller/spdif_transmitter.v:159$8'.
Removing empty process `spdif_core.$proc$/home/zhigang/raw_data/raw_designs/opencores/communication_controller/spdif_transmitter.v:159$8'.
Found and cleaned up 2 empty switches in `\spdif_core.$proc$/home/zhigang/raw_data/raw_designs/opencores/communication_controller/spdif_transmitter.v:92$5'.
Removing empty process `spdif_core.$proc$/home/zhigang/raw_data/raw_designs/opencores/communication_controller/spdif_transmitter.v:92$5'.
Found and cleaned up 2 empty switches in `\spdif_core.$proc$/home/zhigang/raw_data/raw_designs/opencores/communication_controller/spdif_transmitter.v:73$1'.
Removing empty process `spdif_core.$proc$/home/zhigang/raw_data/raw_designs/opencores/communication_controller/spdif_transmitter.v:73$1'.
Cleaned up 21 empty switches.

3.11. Executing OPT_EXPR pass (perform const folding).
Optimizing module spdif.
Optimizing module spdif_core.
<suppressed ~25 debug messages>

4. Executing OPT pass (performing simple optimizations).

4.1. Executing OPT_EXPR pass (perform const folding).
Optimizing module spdif.
Optimizing module spdif_core.
<suppressed ~4 debug messages>

4.2. Executing OPT_MERGE pass (detect identical cells).
Finding identical cells in module `\spdif'.
Finding identical cells in module `\spdif_core'.
<suppressed ~24 debug messages>
Removed a total of 8 cells.

4.3. Executing OPT_MUXTREE pass (detect dead branches in mux trees).
Running muxtree optimizer on module \spdif..
  Creating internal representation of mux trees.
  No muxes found in this module.
Running muxtree optimizer on module \spdif_core..
  Creating internal representation of mux trees.
  Evaluating internal representation of mux trees.
  Analyzing evaluation results.
    dead port 1/2 on $mux $procmux$152.
    dead port 2/2 on $mux $procmux$118.
    dead port 2/2 on $mux $procmux$112.
    dead port 1/2 on $mux $procmux$110.
    dead port 2/2 on $mux $procmux$103.
    dead port 1/2 on $mux $procmux$101.
    dead port 2/2 on $mux $procmux$98.
    dead port 2/2 on $mux $procmux$91.
    dead port 1/2 on $mux $procmux$89.
    dead port 2/2 on $mux $procmux$86.
    dead port 1/2 on $mux $procmux$84.
    dead port 2/2 on $mux $procmux$76.
    dead port 1/2 on $mux $procmux$74.
    dead port 1/2 on $mux $procmux$71.
    dead port 2/2 on $mux $procmux$64.
    dead port 1/2 on $mux $procmux$62.
    dead port 1/2 on $mux $procmux$59.
    dead port 1/2 on $mux $procmux$56.
Removed 18 multiplexer ports.
<suppressed ~10 debug messages>

4.4. Executing OPT_REDUCE pass (consolidate $*mux and $reduce_* inputs).
  Optimizing cells in module \spdif.
  Optimizing cells in module \spdif_core.
Performed a total of 0 changes.

4.5. Executing OPT_MERGE pass (detect identical cells).
Finding identical cells in module `\spdif'.
Finding identical cells in module `\spdif_core'.
<suppressed ~3 debug messages>
Removed a total of 1 cells.

4.6. Executing OPT_DFF pass (perform DFF optimizations).
Adding EN signal on $procdff$193 ($adff) from module spdif_core (D = $procmux$176_Y, Q = \subframe_count_q).
Adding EN signal on $procdff$192 ($adff) from module spdif_core (D = \sample_i [31:16], Q = \sample_buf_q).
Adding EN signal on $procdff$191 ($adff) from module spdif_core (D = $procmux$171_Y, Q = \audio_sample_q).
Adding EN signal on $procdff$189 ($adff) from module spdif_core (D = $procmux$155_Y, Q = \preamble_q).
Adding EN signal on $procdff$184 ($adff) from module spdif_core (D = $procmux$116_Y, Q = \spdif_out_q).
Adding EN signal on $procdff$188 ($adff) from module spdif_core (D = $procmux$142_Y, Q = \parity_count_q).
Adding EN signal on $procdff$187 ($adff) from module spdif_core (D = $procmux$133_Y, Q = \bit_count_q).
Adding EN signal on $procdff$185 ($adff) from module spdif_core (D = $eq$/home/zhigang/raw_data/raw_designs/opencores/communication_controller/spdif_transmitter.v:281$41_Y, Q = \bit_toggle_q).

4.7. Executing OPT_CLEAN pass (remove unused cells and wires).
Finding unused cells or wires in module \spdif..
Finding unused cells or wires in module \spdif_core..
Removed 12 unused cells and 123 unused wires.
<suppressed ~15 debug messages>

4.8. Executing OPT_EXPR pass (perform const folding).
Optimizing module spdif.
Optimizing module spdif_core.
<suppressed ~1 debug messages>

4.9. Rerunning OPT passes. (Maybe there is more to do..)

4.10. Executing OPT_MUXTREE pass (detect dead branches in mux trees).
Running muxtree optimizer on module \spdif..
  Creating internal representation of mux trees.
  No muxes found in this module.
Running muxtree optimizer on module \spdif_core..
  Creating internal representation of mux trees.
  Evaluating internal representation of mux trees.
  Analyzing evaluation results.
Removed 0 multiplexer ports.
<suppressed ~9 debug messages>

4.11. Executing OPT_REDUCE pass (consolidate $*mux and $reduce_* inputs).
  Optimizing cells in module \spdif.
  Optimizing cells in module \spdif_core.
Performed a total of 0 changes.

4.12. Executing OPT_MERGE pass (detect identical cells).
Finding identical cells in module `\spdif'.
Finding identical cells in module `\spdif_core'.
Removed a total of 0 cells.

4.13. Executing OPT_DFF pass (perform DFF optimizations).

4.14. Executing OPT_CLEAN pass (remove unused cells and wires).
Finding unused cells or wires in module \spdif..
Finding unused cells or wires in module \spdif_core..

4.15. Executing OPT_EXPR pass (perform const folding).
Optimizing module spdif.
Optimizing module spdif_core.

4.16. Finished OPT passes. (There is nothing left to do.)

5. Printing statistics.

=== spdif ===

   Number of wires:                 12
   Number of wire bits:             43
   Number of public wires:          11
   Number of public wire bits:      42
   Number of memories:               0
   Number of memory bits:            0
   Number of processes:              0
   Number of cells:                  7
     $adff                           4
     $not                            1
     $xor                            1
     spdif_core                      1

=== spdif_core ===

   Number of wires:                 52
   Number of wire bits:            244
   Number of public wires:          17
   Number of public wire bits:     141
   Number of memories:               0
   Number of memory bits:            0
   Number of processes:              0
   Number of cells:                 46
     $add                            3
     $adff                           2
     $adffe                          8
     $eq                             2
     $logic_and                      1
     $logic_not                      1
     $lt                             2
     $mux                           17
     $ne                             1
     $not                            4
     $reduce_and                     2
     $reduce_bool                    1
     $shiftx                         2

=== design hierarchy ===

   spdif                             1
     spdif_core                      1

   Number of wires:                 64
   Number of wire bits:            287
   Number of public wires:          28
   Number of public wire bits:     183
   Number of memories:               0
   Number of memory bits:            0
   Number of processes:              0
   Number of cells:                 52
     $add                            3
     $adff                           6
     $adffe                          8
     $eq                             2
     $logic_and                      1
     $logic_not                      1
     $lt                             2
     $mux                           17
     $ne                             1
     $not                            5
     $reduce_and                     2
     $reduce_bool                    1
     $shiftx                         2
     $xor                            1

End of script. Logfile hash: 702be0c721, CPU: user 0.09s system 0.00s, MEM: 11.95 MB peak
Yosys 0.10+12 (git sha1 72fac04, gcc 7.4.0-1ubuntu1~16.04~ppa1 -fPIC -Os)
Time spent: 28% 4x opt_expr (0 sec), 23% 2x read_verilog (0 sec), ...
