
 /----------------------------------------------------------------------------\
 |                                                                            |
 |  yosys -- Yosys Open SYnthesis Suite                                       |
 |                                                                            |
 |  Copyright (C) 2012 - 2020  Claire Xenia Wolf <claire@yosyshq.com>         |
 |                                                                            |
 |  Permission to use, copy, modify, and/or distribute this software for any  |
 |  purpose with or without fee is hereby granted, provided that the above    |
 |  copyright notice and this permission notice appear in all copies.         |
 |                                                                            |
 |  THE SOFTWARE IS PROVIDED "AS IS" AND THE AUTHOR DISCLAIMS ALL WARRANTIES  |
 |  WITH REGARD TO THIS SOFTWARE INCLUDING ALL IMPLIED WARRANTIES OF          |
 |  MERCHANTABILITY AND FITNESS. IN NO EVENT SHALL THE AUTHOR BE LIABLE FOR   |
 |  ANY SPECIAL, DIRECT, INDIRECT, OR CONSEQUENTIAL DAMAGES OR ANY DAMAGES    |
 |  WHATSOEVER RESULTING FROM LOSS OF USE, DATA OR PROFITS, WHETHER IN AN     |
 |  ACTION OF CONTRACT, NEGLIGENCE OR OTHER TORTIOUS ACTION, ARISING OUT OF   |
 |  OR IN CONNECTION WITH THE USE OR PERFORMANCE OF THIS SOFTWARE.            |
 |                                                                            |
 \----------------------------------------------------------------------------/

 Yosys 0.10+12 (git sha1 72fac04, gcc 7.4.0-1ubuntu1~16.04~ppa1 -fPIC -Os)


-- Executing script file `out.ys' --

1. Executing Verilog-2005 frontend: /home/zhigang/raw_data/raw_designs/opencores/communication_controller/spislave.v
Parsing SystemVerilog input from `/home/zhigang/raw_data/raw_designs/opencores/communication_controller/spislave.v' to AST representation.
Generating RTLIL representation for module `\spigpio'.
Successfully finished Verilog frontend.

2. Executing HIERARCHY pass (managing design hierarchy).

2.1. Finding top of design hierarchy..
root of   0 design levels: spigpio             
Automatically selected spigpio as design top module.

2.2. Analyzing design hierarchy..
Top module:  \spigpio

2.3. Analyzing design hierarchy..
Top module:  \spigpio
Removed 0 unused modules.

3. Executing PROC pass (convert processes to netlists).

3.1. Executing PROC_CLEAN pass (remove empty switches from decision trees).
Cleaned up 0 empty switches.

3.2. Executing PROC_RMDEAD pass (remove dead branches from decision trees).
Marked 1 switch rules as full_case in process $proc$/home/zhigang/raw_data/raw_designs/opencores/communication_controller/spislave.v:68$1 in module spigpio.
Removed a total of 0 dead cases.

3.3. Executing PROC_PRUNE pass (remove redundant assignments in processes).
Removed 0 redundant assignments.
Promoted 0 assignments to connections.

3.4. Executing PROC_INIT pass (extract init attributes).

3.5. Executing PROC_ARST pass (detect async resets in processes).

3.6. Executing PROC_MUX pass (convert decision trees to multiplexers).
Creating decoders for process `\spigpio.$proc$/home/zhigang/raw_data/raw_designs/opencores/communication_controller/spislave.v:68$1'.
     1/6: $0\gpioout[7:0] [3:1]
     2/6: $0\gpioout[7:0] [0]
     3/6: $0\gpioout[7:0] [7:4]
     4/6: $0\sr[7:0] [0]
     5/6: $0\sr[7:0] [7:1]
     6/6: $0\sr_out[0:0]

3.7. Executing PROC_DLATCH pass (convert process syncs to latches).

3.8. Executing PROC_DFF pass (convert process syncs to FFs).
Creating register for signal `\spigpio.\sr_out' using process `\spigpio.$proc$/home/zhigang/raw_data/raw_designs/opencores/communication_controller/spislave.v:68$1'.
  created $dff cell `$procdff$37' with positive edge clock.
Creating register for signal `\spigpio.\gpioout' using process `\spigpio.$proc$/home/zhigang/raw_data/raw_designs/opencores/communication_controller/spislave.v:68$1'.
  created $dff cell `$procdff$38' with positive edge clock.
Creating register for signal `\spigpio.\sr' using process `\spigpio.$proc$/home/zhigang/raw_data/raw_designs/opencores/communication_controller/spislave.v:68$1'.
  created $dff cell `$procdff$39' with positive edge clock.

3.9. Executing PROC_MEMWR pass (convert process memory writes to cells).

3.10. Executing PROC_CLEAN pass (remove empty switches from decision trees).
Found and cleaned up 4 empty switches in `\spigpio.$proc$/home/zhigang/raw_data/raw_designs/opencores/communication_controller/spislave.v:68$1'.
Removing empty process `spigpio.$proc$/home/zhigang/raw_data/raw_designs/opencores/communication_controller/spislave.v:68$1'.
Cleaned up 4 empty switches.

3.11. Executing OPT_EXPR pass (perform const folding).
Optimizing module spigpio.
<suppressed ~6 debug messages>

4. Executing OPT pass (performing simple optimizations).

4.1. Executing OPT_EXPR pass (perform const folding).
Optimizing module spigpio.

4.2. Executing OPT_MERGE pass (detect identical cells).
Finding identical cells in module `\spigpio'.
<suppressed ~12 debug messages>
Removed a total of 4 cells.

4.3. Executing OPT_MUXTREE pass (detect dead branches in mux trees).
Running muxtree optimizer on module \spigpio..
  Creating internal representation of mux trees.
  Evaluating internal representation of mux trees.
      Replacing known input bits on port B of cell $procmux$24: { \sr [0] \sr [1] \sr [2] \sr [3] \sr [4] \sr [5] \sr [6] \sr [7] } -> { \sr [0] \sr [1] \sr [2] \sr [3] \sr [4] \sr [5] \sr [6] 1'1 }
      Replacing known input bits on port B of cell $procmux$15: { \sr [7] \sr [3] \gpioout [0] } -> { 1'1 \sr [3] \gpioout [0] }
  Analyzing evaluation results.
Removed 0 multiplexer ports.
<suppressed ~6 debug messages>

4.4. Executing OPT_REDUCE pass (consolidate $*mux and $reduce_* inputs).
  Optimizing cells in module \spigpio.
Performed a total of 0 changes.

4.5. Executing OPT_MERGE pass (detect identical cells).
Finding identical cells in module `\spigpio'.
Removed a total of 0 cells.

4.6. Executing OPT_DFF pass (perform DFF optimizations).
Adding EN signal on $procdff$39 ($dff) from module spigpio (D = { \sr [6:0] \sr_in }, Q = \sr).
Adding EN signal on $procdff$38 ($dff) from module spigpio (D = $procmux$7_Y, Q = \gpioout [3:1]).
Adding EN signal on $procdff$38 ($dff) from module spigpio (D = $procmux$24_Y, Q = \gpioout [7:4]).
Adding EN signal on $procdff$38 ($dff) from module spigpio (D = $procmux$15_Y, Q = \gpioout [0]).
Adding EN signal on $procdff$37 ($dff) from module spigpio (D = \sr [7], Q = \sr_out).

4.7. Executing OPT_CLEAN pass (remove unused cells and wires).
Finding unused cells or wires in module \spigpio..
Removed 10 unused cells and 28 unused wires.
<suppressed ~11 debug messages>

4.8. Executing OPT_EXPR pass (perform const folding).
Optimizing module spigpio.
<suppressed ~3 debug messages>

4.9. Rerunning OPT passes. (Maybe there is more to do..)

4.10. Executing OPT_MUXTREE pass (detect dead branches in mux trees).
Running muxtree optimizer on module \spigpio..
  Creating internal representation of mux trees.
  Evaluating internal representation of mux trees.
  Analyzing evaluation results.
Removed 0 multiplexer ports.
<suppressed ~3 debug messages>

4.11. Executing OPT_REDUCE pass (consolidate $*mux and $reduce_* inputs).
  Optimizing cells in module \spigpio.
Performed a total of 0 changes.

4.12. Executing OPT_MERGE pass (detect identical cells).
Finding identical cells in module `\spigpio'.
Removed a total of 0 cells.

4.13. Executing OPT_DFF pass (perform DFF optimizations).

4.14. Executing OPT_CLEAN pass (remove unused cells and wires).
Finding unused cells or wires in module \spigpio..

4.15. Executing OPT_EXPR pass (perform const folding).
Optimizing module spigpio.

4.16. Finished OPT passes. (There is nothing left to do.)

5. Printing statistics.

=== spigpio ===

   Number of wires:                 19
   Number of wire bits:             38
   Number of public wires:           7
   Number of public wire bits:      21
   Number of memories:               0
   Number of memory bits:            0
   Number of processes:              0
   Number of cells:                 17
     $dffe                           5
     $eq                             3
     $not                            1
     $pmux                           3
     $reduce_and                     3
     $reduce_bool                    2

End of script. Logfile hash: 95df7ac1f2, CPU: user 0.02s system 0.00s, MEM: 11.10 MB peak
Yosys 0.10+12 (git sha1 72fac04, gcc 7.4.0-1ubuntu1~16.04~ppa1 -fPIC -Os)
Time spent: 59% 4x opt_expr (0 sec), 19% 3x opt_merge (0 sec), ...
