
5. Printing statistics.

=== $paramod$4fd442b091a108698966967405a6589cbf6b5b5d\dual_port_ram ===

   Number of wires:                 17
   Number of wire bits:            299
   Number of public wires:           9
   Number of public wire bits:     123
   Number of memories:               1
   Number of memory bits:          112
   Number of processes:              0
   Number of cells:                 12
     $dffe                          56
     $mux                           66

=== $paramod$ef0515f863cb1da1c6fa3654d4ff4adbb9145d5b\dual_port_ram ===

   Number of wires:                 17
   Number of wire bits:            659
   Number of public wires:           9
   Number of public wire bits:     267
   Number of memories:               1
   Number of memory bits:          256
   Number of processes:              0
   Number of cells:                 12
     $dffe                         128
     $mux                          138

=== $paramod\dual_port_ram\DATA_WIDTH=10'0100000000\ADDR_WIDTH=4'0100 ===

   Number of wires:                 17
   Number of wire bits:           2579
   Number of public wires:           9
   Number of public wire bits:    1035
   Number of memories:               1
   Number of memory bits:         1024
   Number of processes:              0
   Number of cells:                 12
     $dffe                         512
     $mux                          522

=== $paramod\dual_port_ram\DATA_WIDTH=4'0101\ADDR_WIDTH=4'0100 ===

   Number of wires:                 17
   Number of wire bits:             69
   Number of public wires:           9
   Number of public wire bits:      31
   Number of memories:               1
   Number of memory bits:           20
   Number of processes:              0
   Number of cells:                 12
     $dffe                          10
     $mux                           20

=== DataTransferUnit ===

   Number of wires:                149
   Number of wire bits:           2495
   Number of public wires:          69
   Number of public wire bits:    2057
   Number of memories:               0
   Number of memory bits:            0
   Number of processes:              0
   Number of cells:                113
     $add                           60
     $dff                            1
     $eq                             4
     $ge                             3
     $logic_and                     10
     $logic_not                     11
     $logic_or                       2
     $lt                            35
     $mux                          302
     $ne                            14
     $not                            4
     $pmux                           2
     $reduce_and                    13
     $reduce_bool                   13
     $reduce_or                     13
     $sdff                           7
     $sdffe                        183
     $sub                           39

=== addr_fifo ===

   Number of wires:                 28
   Number of wire bits:            107
   Number of public wires:          13
   Number of public wire bits:      43
   Number of memories:               0
   Number of memory bits:            0
   Number of processes:              0
   Number of cells:                 22
     $add                           40
     $dffe                          18
     $eq                             5
     $logic_and                      4
     $logic_not                      7
     $mux                           10
     $ne                             5
     $reduce_bool                    7
     $sub                            5

=== memcmd_fifo ===

   Number of wires:                 28
   Number of wire bits:            195
   Number of public wires:          13
   Number of public wire bits:     158
   Number of memories:               0
   Number of memory bits:            0
   Number of processes:              0
   Number of cells:                 22
     $add                           13
     $dffe                          41
     $eq                             5
     $logic_and                      4
     $logic_not                      7
     $mux                           10
     $ne                             5
     $reduce_bool                    7
     $sub                            5

=== rfifo ===

   Number of wires:                 37
   Number of wire bits:            578
   Number of public wires:          13
   Number of public wire bits:     531
   Number of memories:               0
   Number of memory bits:            0
   Number of processes:              0
   Number of cells:                 34
     $add                           15
     $dffe                         269
     $eq                             6
     $logic_and                      3
     $logic_not                      9
     $mux                           10
     $not                            3
     $reduce_and                     9
     $reduce_bool                    7
     $sdff                           2
     $sub                            5

=== wfifo ===

   Number of wires:                 39
   Number of wire bits:           1411
   Number of public wires:          14
   Number of public wire bits:    1111
   Number of memories:               0
   Number of memory bits:            0
   Number of processes:              0
   Number of cells:                 32
     $add                           15
     $dffe                          77
     $eq                             6
     $logic_and                      4
     $logic_not                      9
     $mux                          266
     $ne                             5
     $reduce_bool                   11
     $sdff                           2
     $sub                            5

=== design hierarchy ===

   DataTransferUnit                  1
     addr_fifo                       0
       $paramod\dual_port_ram\DATA_WIDTH=4'0101\ADDR_WIDTH=4'0100      0
     memcmd_fifo                     0
       $paramod$4fd442b091a108698966967405a6589cbf6b5b5d\dual_port_ram      0
     rfifo                           0
       $paramod$ef0515f863cb1da1c6fa3654d4ff4adbb9145d5b\dual_port_ram      0
     wfifo                           0
       $paramod\dual_port_ram\DATA_WIDTH=10'0100000000\ADDR_WIDTH=4'0100      0

   Number of wires:                149
   Number of wire bits:           2495
   Number of public wires:          69
   Number of public wire bits:    2057
   Number of memories:               0
   Number of memory bits:            0
   Number of processes:              0
   Number of cells:                113
     $add                           60
     $dff                            1
     $eq                             4
     $ge                             3
     $logic_and                     10
     $logic_not                     11
     $logic_or                       2
     $lt                            35
     $mux                          302
     $ne                            14
     $not                            4
     $pmux                           2
     $reduce_and                    13
     $reduce_bool                   13
     $reduce_or                     13
     $sdff                           7
     $sdffe                        183
     $sub                           39

