
5. Printing statistics.

=== counter_41_1 ===

   Number of wires:                  7
   Number of wire bits:             64
   Number of public wires:           4
   Number of public wire bits:      17
   Number of memories:               0
   Number of memory bits:            0
   Number of processes:              0
   Number of cells:                  4
     $add                           32
     $le                            32
     $mux                           14
     $sdffe                         14

=== counter_41_1_32 ===

   Number of wires:                  7
   Number of wire bits:             64
   Number of public wires:           4
   Number of public wire bits:      17
   Number of memories:               0
   Number of memory bits:            0
   Number of processes:              0
   Number of cells:                  4
     $add                           32
     $le                            32
     $mux                           14
     $sdffe                         14

=== counter_63_1 ===

   Number of wires:                  7
   Number of wire bits:             64
   Number of public wires:           4
   Number of public wire bits:      17
   Number of memories:               0
   Number of memory bits:            0
   Number of processes:              0
   Number of cells:                  4
     $add                           32
     $le                            32
     $mux                           14
     $sdffe                         14

=== dual_port_ram ===

   Number of wires:                 17
   Number of wire bits:           2907
   Number of public wires:           9
   Number of public wire bits:    1167
   Number of memories:               1
   Number of memory bits:         1728
   Number of processes:              0
   Number of cells:                 12
     $dffe                         576
     $mux                          590

=== ram_288_0_42 ===

   Number of wires:                  8
   Number of wire bits:           1166
   Number of public wires:           8
   Number of public wire bits:    1166
   Number of memories:               0
   Number of memory bits:            0
   Number of processes:              0
   Number of cells:                  1

=== shift_register_unit_1_2 ===

   Number of wires:                  7
   Number of wire bits:              7
   Number of public wires:           7
   Number of public wire bits:       7
   Number of memories:               0
   Number of memory bits:            0
   Number of processes:              0
   Number of cells:                  2
     $sdffe                          2

=== stage3_X_Y_buffer_18_16_1_10_32_64 ===

   Number of wires:                 98
   Number of wire bits:           1799
   Number of public wires:          82
   Number of public wire bits:    1783
   Number of memories:               0
   Number of memory bits:            0
   Number of processes:              0
   Number of cells:                 43
     $eq                            28
     $ge                            32
     $logic_and                      6
     $logic_not                     14
     $mux                          293
     $not                            2
     $reduce_bool                    4
     $sdff                           1
     $sdffe                          2

=== design hierarchy ===

   stage3_X_Y_buffer_18_16_1_10_32_64      1
     counter_41_1                    0
     counter_41_1_32                 0
     counter_63_1                    0
     ram_288_0_42                    0
       dual_port_ram                 0
     shift_register_unit_1_2         0

   Number of wires:                 98
   Number of wire bits:           1799
   Number of public wires:          82
   Number of public wire bits:    1783
   Number of memories:               0
   Number of memory bits:            0
   Number of processes:              0
   Number of cells:                 43
     $eq                            28
     $ge                            32
     $logic_and                      6
     $logic_not                     14
     $mux                          293
     $not                            2
     $reduce_bool                    4
     $sdff                           1
     $sdffe                          2

