
5. Printing statistics.

=== tanh ===

   Number of wires:                254
   Number of wire bits:            465
   Number of public wires:           5
   Number of public wire bits:      69
   Number of memories:               0
   Number of memory bits:            0
   Number of processes:              0
   Number of cells:                253
     $add                           32
     $and                          145
     $dlatch                         5
     $eq                           123
     $ge                           208
     $logic_and                     11
     $logic_not                      9
     $lt                           176
     $mux                          137
     $not                           45
     $pmux                          21
     $reduce_or                      5

