
5. Printing statistics.

=== FPAddSub_a ===

   Number of wires:                 56
   Number of wire bits:            658
   Number of public wires:          30
   Number of public wire bits:     446
   Number of memories:               0
   Number of memory bits:            0
   Number of processes:              0
   Number of cells:                 81
     $add                          128
     $and                            4
     $eq                            12
     $logic_not                      6
     $lt                            31
     $mux                           83
     $not                           64
     $or                             3
     $pmux                          48
     $reduce_and                    16
     $reduce_or                     56

