
5. Printing statistics.

=== fpu_mul ===

   Number of wires:                267
   Number of wire bits:           3587
   Number of public wires:          58
   Number of public wire bits:    1940
   Number of memories:               0
   Number of memory bits:            0
   Number of processes:              0
   Number of cells:                260
     $add                          355
     $and                           53
     $dlatch                         6
     $eq                          1430
     $gt                            44
     $logic_not                     92
     $mul                          342
     $mux                          354
     $not                           54
     $or                             1
     $pmux                           6
     $reduce_or                    200
     $sdffe                       1735
     $shl                          212
     $shr                          106
     $sub                           76
     $xor                            1

