
5. Printing statistics.

=== $paramod$4fd442b091a108698966967405a6589cbf6b5b5d\dual_port_ram ===

   Number of wires:                 17
   Number of wire bits:            299
   Number of public wires:           9
   Number of public wire bits:     123
   Number of memories:               1
   Number of memory bits:          112
   Number of processes:              0
   Number of cells:                 12
     $dffe                          56
     $mux                           66

=== $paramod$574338b2e1533e2e13d387bf5f7cae352f51ea95\dual_port_ram ===

   Number of wires:                 17
   Number of wire bits:          10271
   Number of public wires:           9
   Number of public wire bits:    4113
   Number of memories:               1
   Number of memory bits:         7168
   Number of processes:              0
   Number of cells:                 12
     $dffe                        2048
     $mux                         2064

=== $paramod$a3a4604214f38cbc11b6417a7ced6aedc2ba9f1f\dual_port_ram ===

   Number of wires:                 17
   Number of wire bits:            371
   Number of public wires:           9
   Number of public wire bits:     155
   Number of memories:               1
   Number of memory bits:          384
   Number of processes:              0
   Number of cells:                 12
     $dffe                          64
     $mux                           90

=== $paramod$ef0515f863cb1da1c6fa3654d4ff4adbb9145d5b\dual_port_ram ===

   Number of wires:                 17
   Number of wire bits:            659
   Number of public wires:           9
   Number of public wire bits:     267
   Number of memories:               1
   Number of memory bits:          256
   Number of processes:              0
   Number of cells:                 12
     $dffe                         128
     $mux                          138

=== $paramod\dual_port_ram\DATA_WIDTH=12'010000000000\ADDR_WIDTH=4'0100 ===

   Number of wires:                 17
   Number of wire bits:          10259
   Number of public wires:           9
   Number of public wire bits:    4107
   Number of memories:               1
   Number of memory bits:         4096
   Number of processes:              0
   Number of cells:                 12
     $dffe                        2048
     $mux                         2058

=== $paramod\dual_port_ram\DATA_WIDTH=4'0111\ADDR_WIDTH=4'0100 ===

   Number of wires:                 17
   Number of wire bits:             89
   Number of public wires:           9
   Number of public wire bits:      39
   Number of memories:               1
   Number of memory bits:           28
   Number of processes:              0
   Number of cells:                 12
     $dffe                          14
     $mux                           24

=== DataTransferUnit ===

   Number of wires:                149
   Number of wire bits:           7251
   Number of public wires:          69
   Number of public wire bits:    6779
   Number of memories:               0
   Number of memory bits:            0
   Number of processes:              0
   Number of cells:                113
     $add                           62
     $dff                            1
     $eq                             4
     $ge                             5
     $logic_and                     10
     $logic_not                     15
     $logic_or                       2
     $lt                            37
     $mux                          330
     $ne                            14
     $not                            4
     $pmux                           2
     $reduce_and                    13
     $reduce_bool                   13
     $reduce_or                     13
     $sdff                           7
     $sdffe                        191
     $sub                           43

=== LU ===

   Number of wires:                314
   Number of wire bits:          40347
   Number of public wires:         261
   Number of public wire bits:   35565
   Number of memories:               0
   Number of memory bits:            0
   Number of processes:              0
   Number of cells:                186
     $dff                        13621
     $dffe                          32
     $eq                           155
     $logic_not                      5
     $mux                         9838
     $pmux                          64
     $sdffe                         32

=== LU32PEEng ===

   Number of wires:                 50
   Number of wire bits:           5829
   Number of public wires:          49
   Number of public wire bits:    5828
   Number of memories:               0
   Number of memory bits:            0
   Number of processes:              0
   Number of cells:                  6
     $logic_and                      2
     $not                            1

=== LUControl ===

   Number of wires:                480
   Number of wire bits:           8077
   Number of public wires:         214
   Number of public wire bits:    5911
   Number of memories:               0
   Number of memory bits:            0
   Number of processes:              0
   Number of cells:                463
     $add                          831
     $dff                         5255
     $dffe                          35
     $eq                           533
     $ge                            96
     $gt                             7
     $logic_and                     23
     $logic_not                     18
     $logic_or                      11
     $lt                            96
     $mux                          710
     $ne                            20
     $not                            2
     $pmux                         135
     $reduce_and                     2
     $reduce_bool                   13
     $reduce_or                     37
     $sdff                         274
     $sdffe                         92
     $sub                          224

=== MarshallerController ===

   Number of wires:                232
   Number of wire bits:           1700
   Number of public wires:          49
   Number of public wire bits:     483
   Number of memories:               0
   Number of memory bits:            0
   Number of processes:              0
   Number of cells:                217
     $add                          270
     $dff                           33
     $dffe                         183
     $eq                           239
     $le                            20
     $logic_and                      5
     $logic_not                     13
     $logic_or                      28
     $lt                            40
     $mux                          681
     $ne                             7
     $not                            2
     $pmux                          11
     $reduce_and                     7
     $reduce_bool                   18
     $reduce_or                      6
     $sdff                          23
     $sdffe                        112
     $sub                          103

=== addr_fifo ===

   Number of wires:                 28
   Number of wire bits:            117
   Number of public wires:          13
   Number of public wire bits:      53
   Number of memories:               0
   Number of memory bits:            0
   Number of processes:              0
   Number of cells:                 22
     $add                           40
     $dffe                          20
     $eq                             5
     $logic_and                      4
     $logic_not                      7
     $mux                           10
     $ne                             5
     $reduce_bool                    7
     $sub                            5

=== assemble ===

   Number of wires:                 16
   Number of wire bits:            257
   Number of public wires:          12
   Number of public wire bits:     163
   Number of memories:               0
   Number of memory bits:            0
   Number of processes:              0
   Number of cells:                  7
     $mux                          156
     $xor                            1

=== div_24b ===

   Number of wires:                 75
   Number of wire bits:           2076
   Number of public wires:          28
   Number of public wire bits:    1247
   Number of memories:               0
   Number of memory bits:            0
   Number of processes:              0
   Number of cells:                 94
     $le                           852
     $mux                         1105
     $sub                          805

=== exponent ===

   Number of wires:                 10
   Number of wire bits:            130
   Number of public wires:           5
   Number of public wire bits:      32
   Number of memories:               0
   Number of memory bits:            0
   Number of processes:              0
   Number of cells:                  6
     $add                           64
     $logic_not                      1
     $or                             1
     $reduce_or                      9
     $sub                           32

=== flag ===

   Number of wires:                 10
   Number of wire bits:             14
   Number of public wires:           7
   Number of public wire bits:      11
   Number of memories:               0
   Number of memory bits:            0
   Number of processes:              0
   Number of cells:                  5
     $and                            2
     $not                            1
     $or                             2

=== fpmul ===

   Number of wires:                 42
   Number of wire bits:            502
   Number of public wires:          41
   Number of public wire bits:     501
   Number of memories:               0
   Number of memory bits:            0
   Number of processes:              0
   Number of cells:                 14
     $and                            1
     $dff                           32
     $or                             2

=== fpu_add ===

   Number of wires:                126
   Number of wire bits:           1419
   Number of public wires:          11
   Number of public wire bits:     243
   Number of memories:               0
   Number of memory bits:            0
   Number of processes:              0
   Number of cells:                148
     $add                           33
     $dff                           64
     $eq                           368
     $gt                             8
     $logic_and                      3
     $lt                            32
     $mux                          905
     $not                            2
     $pmux                          48
     $sub                          250

=== fpu_div ===

   Number of wires:                 62
   Number of wire bits:           1094
   Number of public wires:          12
   Number of public wire bits:     195
   Number of memories:               0
   Number of memory bits:            0
   Number of processes:              0
   Number of cells:                 83
     $add                            8
     $dff                           64
     $ge                             8
     $mux                          721
     $sub                          208
     $xor                            1

=== memcmd_fifo ===

   Number of wires:                 28
   Number of wire bits:            195
   Number of public wires:          13
   Number of public wire bits:     158
   Number of memories:               0
   Number of memory bits:            0
   Number of processes:              0
   Number of cells:                 22
     $add                           13
     $dffe                          41
     $eq                             5
     $logic_and                      4
     $logic_not                      7
     $mux                           10
     $ne                             5
     $reduce_bool                    7
     $sub                            5

=== mult_add ===

   Number of wires:                 10
   Number of wire bits:            262
   Number of public wires:          10
   Number of public wire bits:     262
   Number of memories:               0
   Number of memory bits:            0
   Number of processes:              0
   Number of cells:                  4
     $dff                           64

=== multiply_a ===

   Number of wires:                  4
   Number of wire bits:             97
   Number of public wires:           4
   Number of public wire bits:      97
   Number of memories:               0
   Number of memory bits:            0
   Number of processes:              0
   Number of cells:                  1
     $mul                           48

=== normalize ===

   Number of wires:                  7
   Number of wire bits:            148
   Number of public wires:           4
   Number of public wire bits:      98
   Number of memories:               0
   Number of memory bits:            0
   Number of processes:              0
   Number of cells:                  4
     $and                            1
     $mux                           96
     $xor                            1

=== prenorm ===

   Number of wires:                108
   Number of wire bits:           1792
   Number of public wires:          14
   Number of public wire bits:     210
   Number of memories:               0
   Number of memory bits:            0
   Number of processes:              0
   Number of cells:                 98
     $eq                           230
     $mux                         1520
     $pmux                          48
     $sub                           64

=== preprocess ===

   Number of wires:                 31
   Number of wire bits:            153
   Number of public wires:          23
   Number of public wire bits:     145
   Number of memories:               0
   Number of memory bits:            0
   Number of processes:              0
   Number of cells:                 21
     $and                            8
     $logic_not                      4
     $or                             2
     $reduce_and                    16
     $reduce_or                     62
     $xor                            1

=== ram ===

   Number of wires:                 11
   Number of wire bits:           6288
   Number of public wires:          11
   Number of public wire bits:    6288
   Number of memories:               0
   Number of memory bits:            0
   Number of processes:              0
   Number of cells:                  3
     $and                         1024
     $or                          1024

=== ram1 ===

   Number of wires:                 11
   Number of wire bits:           6288
   Number of public wires:          11
   Number of public wire bits:    6288
   Number of memories:               0
   Number of memory bits:            0
   Number of processes:              0
   Number of cells:                  3
     $and                         1024
     $or                          1024

=== ram2 ===

   Number of wires:                 11
   Number of wire bits:           6288
   Number of public wires:          11
   Number of public wire bits:    6288
   Number of memories:               0
   Number of memory bits:            0
   Number of processes:              0
   Number of cells:                  3
     $and                         1024
     $or                          1024

=== ram3 ===

   Number of wires:                 11
   Number of wire bits:           6288
   Number of public wires:          11
   Number of public wire bits:    6288
   Number of memories:               0
   Number of memory bits:            0
   Number of processes:              0
   Number of cells:                  3
     $and                         1024
     $or                          1024

=== rfifo ===

   Number of wires:                 73
   Number of wire bits:           1386
   Number of public wires:          13
   Number of public wire bits:    1301
   Number of memories:               0
   Number of memory bits:            0
   Number of processes:              0
   Number of cells:                 82
     $add                           17
     $dffe                        1037
     $eq                            60
     $logic_and                      3
     $logic_not                     11
     $mux                           10
     $not                           15
     $reduce_and                   135
     $reduce_bool                    7
     $sdff                           4
     $sub                            5

=== round ===

   Number of wires:                 45
   Number of wire bits:            327
   Number of public wires:          22
   Number of public wire bits:     211
   Number of memories:               0
   Number of memory bits:            0
   Number of processes:              0
   Number of cells:                 34
     $add                           42
     $and                           10
     $logic_not                      1
     $mux                           64
     $not                            4
     $or                             9
     $reduce_and                     8
     $reduce_or                    153
     $xor                            1

=== shift ===

   Number of wires:                 47
   Number of wire bits:            472
   Number of public wires:          11
   Number of public wire bits:     374
   Number of memories:               0
   Number of memory bits:            0
   Number of processes:              0
   Number of cells:                 42
     $and                            2
     $eq                           155
     $gt                            32
     $mux                          160
     $neg                           10
     $not                            1
     $or                             1
     $pmux                          96
     $reduce_or                     48

=== special ===

   Number of wires:                 24
   Number of wire bits:            206
   Number of public wires:          14
   Number of public wire bits:     136
   Number of memories:               0
   Number of memory bits:            0
   Number of processes:              0
   Number of cells:                 17
     $and                            2
     $ge                            23
     $mux                          126
     $not                            1
     $or                             7

=== top_ram ===

   Number of wires:                  9
   Number of wire bits:            186
   Number of public wires:           9
   Number of public wire bits:     186
   Number of memories:               0
   Number of memory bits:            0
   Number of processes:              0
   Number of cells:                  3
     $and                           32
     $or                            32

=== wfifo ===

   Number of wires:                 63
   Number of wire bits:           5267
   Number of public wires:          14
   Number of public wire bits:    4185
   Number of memories:               0
   Number of memory bits:            0
   Number of processes:              0
   Number of cells:                 56
     $add                           17
     $dffe                          77
     $eq                            60
     $logic_and                      4
     $logic_not                     11
     $mux                         1034
     $ne                             5
     $reduce_bool                   23
     $sdff                           4
     $sub                            5

=== design hierarchy ===

   LU32PEEng                         1
     DataTransferUnit                0
       addr_fifo                     0
         $paramod\dual_port_ram\DATA_WIDTH=4'0111\ADDR_WIDTH=4'0100      0
       memcmd_fifo                   0
         $paramod$4fd442b091a108698966967405a6589cbf6b5b5d\dual_port_ram      0
       rfifo                         0
         $paramod$ef0515f863cb1da1c6fa3654d4ff4adbb9145d5b\dual_port_ram      0
       wfifo                         0
         $paramod\dual_port_ram\DATA_WIDTH=12'010000000000\ADDR_WIDTH=4'0100      0
     LU                              0
       LUControl                     0
       fpu_div                       0
         div_24b                     0
       mult_add                      0
         fpmul                       0
           assemble                  0
           exponent                  0
           flag                      0
           multiply_a                0
           normalize                 0
           prenorm                   0
           preprocess                0
           round                     0
           shift                     0
           special                   0
         fpu_add                     0
       ram                           0
         $paramod$574338b2e1533e2e13d387bf5f7cae352f51ea95\dual_port_ram      0
       ram1                          0
         $paramod$574338b2e1533e2e13d387bf5f7cae352f51ea95\dual_port_ram      0
       ram2                          0
         $paramod$574338b2e1533e2e13d387bf5f7cae352f51ea95\dual_port_ram      0
       ram3                          0
         $paramod$574338b2e1533e2e13d387bf5f7cae352f51ea95\dual_port_ram      0
       top_ram                       0
         $paramod$a3a4604214f38cbc11b6417a7ced6aedc2ba9f1f\dual_port_ram      0
     MarshallerController            0

   Number of wires:                 50
   Number of wire bits:           5829
   Number of public wires:          49
   Number of public wire bits:    5828
   Number of memories:               0
   Number of memory bits:            0
   Number of processes:              0
   Number of cells:                  6
     $logic_and                      2
     $not                            1

