
5. Printing statistics.

=== $paramod$9b20c7c7990eeca2a248be4fd72c1393416d670c\dual_port_ram ===

   Number of wires:                 17
   Number of wire bits:            343
   Number of public wires:           9
   Number of public wire bits:     141
   Number of memories:               1
   Number of memory bits:          160
   Number of processes:              0
   Number of cells:                 12
     $dffe                          64
     $mux                           76

=== or1200_alu ===

   Number of wires:                109
   Number of wire bits:           1801
   Number of public wires:          28
   Number of public wire bits:     385
   Number of memories:               0
   Number of memory bits:            0
   Number of processes:              0
   Number of cells:                 95
     $add                           98
     $and                           64
     $eq                           122
     $logic_not                    107
     $lt                            32
     $mux                         1090
     $not                            3
     $or                            65
     $pmux                         131
     $reduce_or                      6
     $sub                           32
     $xor                          122

=== or1200_cfgr ===

   Number of wires:                 19
   Number of wire bits:            112
   Number of public wires:           2
   Number of public wire bits:      64
   Number of memories:               0
   Number of memory bits:            0
   Number of processes:              0
   Number of cells:                 27
     $dlatch                        20
     $eq                            24
     $logic_not                      4
     $mux                           17
     $reduce_or                     51

=== or1200_ctrl ===

   Number of wires:                147
   Number of wire bits:            455
   Number of public wires:          48
   Number of public wire bits:     323
   Number of memories:               0
   Number of memory bits:            0
   Number of processes:              0
   Number of cells:                129
     $and                            6
     $eq                           332
     $logic_and                      4
     $logic_not                     14
     $mux                           86
     $or                             4
     $pmux                          18
     $reduce_or                     70
     $sdff                           2
     $sdffe                        150

=== or1200_except ===

   Number of wires:                176
   Number of wire bits:           1194
   Number of public wires:          62
   Number of public wire bits:     494
   Number of memories:               0
   Number of memory bits:            0
   Number of processes:              0
   Number of cells:                162
     $and                           45
     $eq                            12
     $logic_and                      3
     $logic_not                      7
     $mux                          645
     $ne                            20
     $not                           20
     $or                             8
     $pmux                           8
     $reduce_and                    21
     $reduce_bool                   24
     $reduce_or                     27
     $sdff                           3
     $sdffe                        191

=== or1200_flat ===

   Number of wires:                143
   Number of wire bits:           1691
   Number of public wires:         143
   Number of public wire bits:    1691
   Number of memories:               0
   Number of memory bits:            0
   Number of processes:              0
   Number of cells:                 13

=== or1200_freeze ===

   Number of wires:                 41
   Number of wire bits:             46
   Number of public wires:          22
   Number of public wire bits:      24
   Number of memories:               0
   Number of memory bits:            0
   Number of processes:              0
   Number of cells:                 26
     $and                            2
     $logic_not                      1
     $mux                            6
     $ne                             2
     $not                            1
     $or                            11
     $reduce_bool                    2
     $reduce_or                      4
     $sdffe                          3
     $sub                            2

=== or1200_genpc ===

   Number of wires:                 69
   Number of wire bits:            649
   Number of public wires:          26
   Number of public wire bits:     310
   Number of memories:               0
   Number of memory bits:            0
   Number of processes:              0
   Number of cells:                 47
     $add                           60
     $and                            5
     $dffe                          30
     $eq                            70
     $logic_not                     11
     $mux                          208
     $or                             3
     $pmux                          33
     $reduce_bool                    3
     $reduce_or                     20
     $sub                           36

=== or1200_if ===

   Number of wires:                 46
   Number of wire bits:            421
   Number of public wires:          21
   Number of public wire bits:     210
   Number of memories:               0
   Number of memory bits:            0
   Number of processes:              0
   Number of cells:                 35
     $and                           11
     $eq                            12
     $logic_not                      4
     $mux                          258
     $ne                             2
     $or                             2
     $reduce_or                      2
     $sdffe                         65

=== or1200_lsu ===

   Number of wires:                 70
   Number of wire bits:            299
   Number of public wires:          23
   Number of public wire bits:     252
   Number of memories:               0
   Number of memory bits:            0
   Number of processes:              0
   Number of cells:                 58
     $add                           32
     $and                            6
     $eq                           162
     $mux                            5
     $or                             7
     $pmux                           4
     $reduce_or                     27

=== or1200_mem2reg ===

   Number of wires:                 57
   Number of wire bits:            178
   Number of public wires:          13
   Number of public wire bits:     127
   Number of memories:               0
   Number of memory bits:            0
   Number of processes:              0
   Number of cells:                 52
     $and                            5
     $dlatch                         8
     $eq                           104
     $logic_not                     16
     $not                            6
     $pmux                          48
     $reduce_or                      8

=== or1200_mult_mac ===

   Number of wires:                 94
   Number of wire bits:           1494
   Number of public wires:          31
   Number of public wire bits:     511
   Number of memories:               0
   Number of memory bits:            0
   Number of processes:              0
   Number of cells:                 82
     $add                          160
     $and                            7
     $eq                            16
     $logic_and                      1
     $logic_not                      2
     $mul                           64
     $mux                          718
     $ne                             2
     $not                           98
     $or                             7
     $pmux                          32
     $reduce_and                     6
     $reduce_bool                   16
     $reduce_or                     14
     $sdff                           7
     $sdffe                        135
     $sub                          102
     $xor                            1

=== or1200_operandmuxes ===

   Number of wires:                 49
   Number of wire bits:            454
   Number of public wires:          17
   Number of public wire bits:     298
   Number of memories:               0
   Number of memory bits:            0
   Number of processes:              0
   Number of cells:                 38
     $eq                            10
     $logic_and                      6
     $logic_not                      4
     $mux                          133
     $ne                             4
     $pmux                          64
     $reduce_and                     4
     $reduce_bool                   10
     $sdffe                         66

=== or1200_reg2mem ===

   Number of wires:                 12
   Number of wire bits:            106
   Number of public wires:           8
   Number of public wire bits:     102
   Number of memories:               0
   Number of memory bits:            0
   Number of processes:              0
   Number of cells:                  7
     $eq                            24
     $mux                           16
     $pmux                           8

=== or1200_rf ===

   Number of wires:                 55
   Number of wire bits:            607
   Number of public wires:          35
   Number of public wire bits:     491
   Number of memories:               0
   Number of memory bits:            0
   Number of processes:              0
   Number of cells:                 32
     $and                            8
     $eq                             6
     $logic_not                      3
     $mux                          205
     $ne                             4
     $not                            2
     $or                             2
     $reduce_or                      5
     $sdffe                         67

=== or1200_sprs ===

   Number of wires:                142
   Number of wire bits:           1496
   Number of public wires:          59
   Number of public wire bits:     871
   Number of memories:               0
   Number of memory bits:            0
   Number of processes:              0
   Number of cells:                114
     $and                          296
     $eq                           238
     $logic_and                     13
     $logic_not                     12
     $mux                          204
     $not                            1
     $or                           263
     $pmux                          64
     $reduce_and                     2
     $reduce_or                      2
     $sdffe                         16

=== or1200_wbmux ===

   Number of wires:                 16
   Number of wire bits:            235
   Number of public wires:          11
   Number of public wire bits:     199
   Number of memories:               0
   Number of memory bits:            0
   Number of processes:              0
   Number of cells:                  8
     $add                           32
     $eq                             6
     $logic_not                      2
     $pmux                          32
     $sdffe                         33

=== design hierarchy ===

   or1200_flat                       1
     or1200_alu                      0
     or1200_cfgr                     0
     or1200_ctrl                     0
     or1200_except                   0
     or1200_freeze                   0
     or1200_genpc                    0
     or1200_if                       0
     or1200_lsu                      0
       or1200_mem2reg                0
       or1200_reg2mem                0
     or1200_mult_mac                 0
     or1200_operandmuxes             0
     or1200_rf                       0
       $paramod$9b20c7c7990eeca2a248be4fd72c1393416d670c\dual_port_ram      0
     or1200_sprs                     0
     or1200_wbmux                    0

   Number of wires:                143
   Number of wire bits:           1691
   Number of public wires:         143
   Number of public wire bits:    1691
   Number of memories:               0
   Number of memory bits:            0
   Number of processes:              0
   Number of cells:                 13

