
 /----------------------------------------------------------------------------\
 |                                                                            |
 |  yosys -- Yosys Open SYnthesis Suite                                       |
 |                                                                            |
 |  Copyright (C) 2012 - 2020  Claire Xenia Wolf <claire@yosyshq.com>         |
 |                                                                            |
 |  Permission to use, copy, modify, and/or distribute this software for any  |
 |  purpose with or without fee is hereby granted, provided that the above    |
 |  copyright notice and this permission notice appear in all copies.         |
 |                                                                            |
 |  THE SOFTWARE IS PROVIDED "AS IS" AND THE AUTHOR DISCLAIMS ALL WARRANTIES  |
 |  WITH REGARD TO THIS SOFTWARE INCLUDING ALL IMPLIED WARRANTIES OF          |
 |  MERCHANTABILITY AND FITNESS. IN NO EVENT SHALL THE AUTHOR BE LIABLE FOR   |
 |  ANY SPECIAL, DIRECT, INDIRECT, OR CONSEQUENTIAL DAMAGES OR ANY DAMAGES    |
 |  WHATSOEVER RESULTING FROM LOSS OF USE, DATA OR PROFITS, WHETHER IN AN     |
 |  ACTION OF CONTRACT, NEGLIGENCE OR OTHER TORTIOUS ACTION, ARISING OUT OF   |
 |  OR IN CONNECTION WITH THE USE OR PERFORMANCE OF THIS SOFTWARE.            |
 |                                                                            |
 \----------------------------------------------------------------------------/

 Yosys 0.10+12 (git sha1 72fac04, gcc 7.4.0-1ubuntu1~16.04~ppa1 -fPIC -Os)


-- Executing script file `out.ys' --

1. Executing Verilog-2005 frontend: /home/zhigang/raw_data/raw_designs/opencores/arithmetic/cavlc_submodules/cavlc_fsm.v
Parsing SystemVerilog input from `/home/zhigang/raw_data/raw_designs/opencores/arithmetic/cavlc_submodules/cavlc_fsm.v' to AST representation.
Generating RTLIL representation for module `\cavlc_fsm'.
Successfully finished Verilog frontend.

2. Executing HIERARCHY pass (managing design hierarchy).

2.1. Finding top of design hierarchy..
root of   0 design levels: cavlc_fsm           
Automatically selected cavlc_fsm as design top module.

2.2. Analyzing design hierarchy..
Top module:  \cavlc_fsm

2.3. Analyzing design hierarchy..
Top module:  \cavlc_fsm
Removed 0 unused modules.

3. Executing PROC pass (convert processes to netlists).

3.1. Executing PROC_CLEAN pass (remove empty switches from decision trees).
Cleaned up 0 empty switches.

3.2. Executing PROC_RMDEAD pass (remove dead branches from decision trees).
Marked 8 switch rules as full_case in process $proc$/home/zhigang/raw_data/raw_designs/opencores/arithmetic/cavlc_submodules/cavlc_fsm.v:65$1 in module cavlc_fsm.
Removed a total of 0 dead cases.

3.3. Executing PROC_PRUNE pass (remove redundant assignments in processes).
Removed 0 redundant assignments.
Promoted 0 assignments to connections.

3.4. Executing PROC_INIT pass (extract init attributes).

3.5. Executing PROC_ARST pass (detect async resets in processes).
Found async reset \rst_n in `\cavlc_fsm.$proc$/home/zhigang/raw_data/raw_designs/opencores/arithmetic/cavlc_submodules/cavlc_fsm.v:65$1'.

3.6. Executing PROC_MUX pass (convert decision trees to multiplexers).
Creating decoders for process `\cavlc_fsm.$proc$/home/zhigang/raw_data/raw_designs/opencores/arithmetic/cavlc_submodules/cavlc_fsm.v:65$1'.
     1/3: $0\valid[0:0]
     2/3: $0\i[3:0]
     3/3: $0\state[7:0]

3.7. Executing PROC_DLATCH pass (convert process syncs to latches).

3.8. Executing PROC_DFF pass (convert process syncs to FFs).
Creating register for signal `\cavlc_fsm.\state' using process `\cavlc_fsm.$proc$/home/zhigang/raw_data/raw_designs/opencores/arithmetic/cavlc_submodules/cavlc_fsm.v:65$1'.
  created $adff cell `$procdff$91' with positive edge clock and negative level reset.
Creating register for signal `\cavlc_fsm.\i' using process `\cavlc_fsm.$proc$/home/zhigang/raw_data/raw_designs/opencores/arithmetic/cavlc_submodules/cavlc_fsm.v:65$1'.
  created $adff cell `$procdff$92' with positive edge clock and negative level reset.
Creating register for signal `\cavlc_fsm.\valid' using process `\cavlc_fsm.$proc$/home/zhigang/raw_data/raw_designs/opencores/arithmetic/cavlc_submodules/cavlc_fsm.v:65$1'.
  created $adff cell `$procdff$93' with positive edge clock and negative level reset.

3.9. Executing PROC_MEMWR pass (convert process memory writes to cells).

3.10. Executing PROC_CLEAN pass (remove empty switches from decision trees).
Found and cleaned up 9 empty switches in `\cavlc_fsm.$proc$/home/zhigang/raw_data/raw_designs/opencores/arithmetic/cavlc_submodules/cavlc_fsm.v:65$1'.
Removing empty process `cavlc_fsm.$proc$/home/zhigang/raw_data/raw_designs/opencores/arithmetic/cavlc_submodules/cavlc_fsm.v:65$1'.
Cleaned up 9 empty switches.

3.11. Executing OPT_EXPR pass (perform const folding).
Optimizing module cavlc_fsm.
<suppressed ~4 debug messages>

4. Executing OPT pass (performing simple optimizations).

4.1. Executing OPT_EXPR pass (perform const folding).
Optimizing module cavlc_fsm.

4.2. Executing OPT_MERGE pass (detect identical cells).
Finding identical cells in module `\cavlc_fsm'.
<suppressed ~39 debug messages>
Removed a total of 13 cells.

4.3. Executing OPT_MUXTREE pass (detect dead branches in mux trees).
Running muxtree optimizer on module \cavlc_fsm..
  Creating internal representation of mux trees.
  Evaluating internal representation of mux trees.
  Analyzing evaluation results.
Removed 0 multiplexer ports.
<suppressed ~3 debug messages>

4.4. Executing OPT_REDUCE pass (consolidate $*mux and $reduce_* inputs).
  Optimizing cells in module \cavlc_fsm.
Performed a total of 0 changes.

4.5. Executing OPT_MERGE pass (detect identical cells).
Finding identical cells in module `\cavlc_fsm'.
Removed a total of 0 cells.

4.6. Executing OPT_DFF pass (perform DFF optimizations).
Adding EN signal on $procdff$91 ($adff) from module cavlc_fsm (D = $procmux$62_Y, Q = \state).
Adding EN signal on $procdff$92 ($adff) from module cavlc_fsm (D = $procmux$42_Y, Q = \i).
Adding EN signal on $procdff$93 ($adff) from module cavlc_fsm (D = $procmux$24_Y, Q = \valid).

4.7. Executing OPT_CLEAN pass (remove unused cells and wires).
Finding unused cells or wires in module \cavlc_fsm..
Removed 4 unused cells and 38 unused wires.
<suppressed ~5 debug messages>

4.8. Executing OPT_EXPR pass (perform const folding).
Optimizing module cavlc_fsm.
<suppressed ~3 debug messages>

4.9. Rerunning OPT passes. (Maybe there is more to do..)

4.10. Executing OPT_MUXTREE pass (detect dead branches in mux trees).
Running muxtree optimizer on module \cavlc_fsm..
  Creating internal representation of mux trees.
  Evaluating internal representation of mux trees.
  Analyzing evaluation results.
Removed 0 multiplexer ports.
<suppressed ~3 debug messages>

4.11. Executing OPT_REDUCE pass (consolidate $*mux and $reduce_* inputs).
  Optimizing cells in module \cavlc_fsm.
Performed a total of 0 changes.

4.12. Executing OPT_MERGE pass (detect identical cells).
Finding identical cells in module `\cavlc_fsm'.
Removed a total of 0 cells.

4.13. Executing OPT_DFF pass (perform DFF optimizations).

4.14. Executing OPT_CLEAN pass (remove unused cells and wires).
Finding unused cells or wires in module \cavlc_fsm..

4.15. Executing OPT_EXPR pass (perform const folding).
Optimizing module cavlc_fsm.

4.16. Finished OPT passes. (There is nothing left to do.)

5. Printing statistics.

=== cavlc_fsm ===

   Number of wires:                 66
   Number of wire bits:            260
   Number of public wires:          14
   Number of public wire bits:      41
   Number of memories:               0
   Number of memory bits:            0
   Number of processes:              0
   Number of cells:                 55
     $adffe                         13
     $eq                            69
     $gt                            64
     $logic_and                      2
     $logic_not                      8
     $logic_or                       1
     $lt                             5
     $mux                           76
     $ne                            15
     $pmux                          13
     $reduce_and                    13
     $reduce_bool                   16
     $sub                          100

End of script. Logfile hash: 09ddeb0844, CPU: user 0.04s system 0.00s, MEM: 11.39 MB peak
Yosys 0.10+12 (git sha1 72fac04, gcc 7.4.0-1ubuntu1~16.04~ppa1 -fPIC -Os)
Time spent: 37% 4x opt_expr (0 sec), 12% 2x read_verilog (0 sec), ...
