
5. Printing statistics.

=== $paramod$3c0377098b222d6572752d08e873f7489758dceb\td_fused_top_hmul_16ns_16ns_16_5_max_dsp_1 ===

   Number of wires:                 19
   Number of wire bits:            169
   Number of public wires:          19
   Number of public wire bits:     169
   Number of memories:               0
   Number of memory bits:            0
   Number of processes:              0
   Number of cells:                  6
     $dff                           17
     $dffe                          32
     $mux                           16

=== $paramod$444f4f35aae1753c454375fdcc6a89a96e0bb6d9\td_fused_top_dataflow_in_loop_TOP_LOOP48545_accum1_out_0 ===

   Number of wires:                 99
   Number of wire bits:            349
   Number of public wires:          54
   Number of public wire bits:     285
   Number of memories:               0
   Number of memory bits:            0
   Number of processes:              0
   Number of cells:                 77
     $add                            4
     $and                            4
     $eq                             2
     $logic_and                     10
     $logic_not                      7
     $logic_or                       1
     $mux                          150
     $not                            1
     $reduce_bool                    6
     $reduce_or                      2
     $sdff                           2
     $sdffe                         23
     $sub                            2

=== $paramod$68fdee95fd7d91e09535cc4b3d209e7dbf47473a\td_fused_top_dataflow_in_loop_TOP_LOOP48545_ifmap_vec_0_0 ===

   Number of wires:                 99
   Number of wire bits:            381
   Number of public wires:          54
   Number of public wire bits:     317
   Number of memories:               0
   Number of memory bits:            0
   Number of processes:              0
   Number of cells:                 77
     $add                            4
     $and                            4
     $eq                             2
     $logic_and                     10
     $logic_not                      7
     $logic_or                       1
     $mux                          166
     $not                            1
     $reduce_bool                    6
     $reduce_or                      2
     $sdff                           2
     $sdffe                         23
     $sub                            2

=== $paramod$68fdee95fd7d91e09535cc4b3d209e7dbf47473a\td_fused_top_dataflow_in_loop_TOP_LOOP48545_products_0 ===

   Number of wires:                101
   Number of wire bits:            397
   Number of public wires:          51
   Number of public wire bits:     313
   Number of memories:               0
   Number of memory bits:            0
   Number of processes:              0
   Number of cells:                 82
     $add                            4
     $and                            4
     $eq                             2
     $logic_and                     11
     $logic_not                      9
     $logic_or                       1
     $mux                          180
     $not                            1
     $reduce_bool                    8
     $reduce_or                      2
     $sdff                           2
     $sdffe                         40
     $sub                            2

=== $paramod$68fdee95fd7d91e09535cc4b3d209e7dbf47473a\td_fused_top_dataflow_in_loop_TOP_LOOP48545_weight_vecs_0_0_0 ===

   Number of wires:                 55
   Number of wire bits:            146
   Number of public wires:          28
   Number of public wire bits:     115
   Number of memories:               0
   Number of memory bits:            0
   Number of processes:              0
   Number of cells:                 36
     $add                            4
     $and                            4
     $eq                             2
     $logic_and                      7
     $logic_not                      5
     $logic_or                       1
     $mux                            8
     $reduce_bool                    4
     $reduce_or                      2
     $sdffe                          6
     $sub                            2

=== $paramod$912b74f0497673b69e86cc7c82dae9d480ead345\td_fused_top_hsub_16ns_16ns_16_7_full_dsp_1 ===

   Number of wires:                 19
   Number of wire bits:            169
   Number of public wires:          19
   Number of public wire bits:     169
   Number of memories:               0
   Number of memory bits:            0
   Number of processes:              0
   Number of cells:                  6
     $dff                           17
     $dffe                          32
     $mux                           16

=== $paramod$bd98ea72159fe26174e7b3ed5baca9c91958ef6f\td_fused_top_hadd_16ns_16ns_16_8_full_dsp_1 ===

   Number of wires:                 19
   Number of wire bits:            169
   Number of public wires:          19
   Number of public wire bits:     169
   Number of memories:               0
   Number of memory bits:            0
   Number of processes:              0
   Number of cells:                  6
     $dff                           17
     $dffe                          32
     $mux                           16

=== FPAddSub ===

   Number of wires:                 45
   Number of wire bits:            591
   Number of public wires:          45
   Number of public wire bits:     591
   Number of memories:               0
   Number of memory bits:            0
   Number of processes:              0
   Number of cells:                 19
     $mux                          338

=== FPAddSub_AlignModule ===

   Number of wires:                  8
   Number of wire bits:             71
   Number of public wires:           8
   Number of public wire bits:      71
   Number of memories:               0
   Number of memory bits:            0
   Number of processes:              0
   Number of cells:                  5
     $lt                            15
     $mux                           30

=== FPAddSub_AlignShift1 ===

   Number of wires:                 12
   Number of wire bits:             74
   Number of public wires:           6
   Number of public wire bits:      68
   Number of memories:               0
   Number of memory bits:            0
   Number of processes:              0
   Number of cells:                 18
     $eq                             6
     $logic_not                      2
     $mux                           11
     $pmux                          11
     $reduce_or                      5

=== FPAddSub_AlignShift2 ===

   Number of wires:                 11
   Number of wire bits:             63
   Number of public wires:           5
   Number of public wire bits:      57
   Number of memories:               0
   Number of memory bits:            0
   Number of processes:              0
   Number of cells:                 17
     $eq                             6
     $logic_not                      2
     $pmux                          11
     $reduce_or                      5

=== FPAddSub_ExceptionModule ===

   Number of wires:                 23
   Number of wire bits:             61
   Number of public wires:          13
   Number of public wire bits:      51
   Number of memories:               0
   Number of memory bits:            0
   Number of processes:              0
   Number of cells:                 15
     $and                            4
     $logic_not                      1
     $not                            2
     $or                             5
     $reduce_and                     5
     $reduce_or                      8

=== FPAddSub_ExecutionModule ===

   Number of wires:                 12
   Number of wire bits:             79
   Number of public wires:           9
   Number of public wire bits:      44
   Number of memories:               0
   Number of memory bits:            0
   Number of processes:              0
   Number of cells:                  6
     $add                           17
     $mux                           18
     $sub                           17
     $xor                            2

=== FPAddSub_NormalizeModule ===

   Number of wires:                 16
   Number of wire bits:            116
   Number of public wires:           4
   Number of public wire bits:      56
   Number of memories:               0
   Number of memory bits:            0
   Number of processes:              0
   Number of cells:                 14
     $mux                           82

=== FPAddSub_NormalizeShift1 ===

   Number of wires:                 19
   Number of wire bits:            152
   Number of public wires:           7
   Number of public wire bits:     140
   Number of memories:               0
   Number of memory bits:            0
   Number of processes:              0
   Number of cells:                 20
     $eq                            12
     $logic_not                      4
     $pmux                          34
     $reduce_or                      8

=== FPAddSub_NormalizeShift2 ===

   Number of wires:                 14
   Number of wire bits:             62
   Number of public wires:          13
   Number of public wire bits:      61
   Number of memories:               0
   Number of memory bits:            0
   Number of processes:              0
   Number of cells:                  6
     $add                            6
     $logic_not                      1
     $mux                            6
     $reduce_or                     21
     $sub                            6

=== FPAddSub_PrealignModule ===

   Number of wires:                 30
   Number of wire bits:            295
   Number of public wires:          16
   Number of public wire bits:      95
   Number of memories:               0
   Number of memory bits:            0
   Number of processes:              0
   Number of cells:                 19
     $add                          128
     $and                            4
     $logic_not                      2
     $not                           64
     $or                             3
     $reduce_and                    10
     $reduce_or                     20

=== FPAddSub_RoundModule ===

   Number of wires:                 35
   Number of wire bits:            124
   Number of public wires:          19
   Number of public wire bits:      72
   Number of memories:               0
   Number of memory bits:            0
   Number of processes:              0
   Number of cells:                 22
     $add                           38
     $and                            7
     $mux                           18
     $not                            2
     $or                             5
     $xor                            2

=== FPMult_16 ===

   Number of wires:                 27
   Number of wire bits:            348
   Number of public wires:          27
   Number of public wire bits:     348
   Number of memories:               0
   Number of memory bits:            0
   Number of processes:              0
   Number of cells:                  9
     $mux                          165

=== FPMult_ExecuteModule ===

   Number of wires:                 15
   Number of wire bits:            103
   Number of public wires:          12
   Number of public wire bits:      95
   Number of memories:               0
   Number of memory bits:            0
   Number of processes:              0
   Number of cells:                  7
     $add                           12
     $and                            1
     $mux                           10
     $or                             1
     $reduce_or                     10
     $xor                            1

=== FPMult_NormalizeModule ===

   Number of wires:                  8
   Number of wire bits:            114
   Number of public wires:           6
   Number of public wire bits:      50
   Number of memories:               0
   Number of memory bits:            0
   Number of processes:              0
   Number of cells:                  2
     $sub                           64

=== FPMult_PrepModule ===

   Number of wires:                 23
   Number of wire bits:             86
   Number of public wires:          14
   Number of public wire bits:      77
   Number of memories:               0
   Number of memory bits:            0
   Number of processes:              0
   Number of cells:                 15
     $and                            4
     $logic_not                      2
     $mul                           22
     $or                             3
     $reduce_and                    10
     $reduce_or                     20

=== FPMult_RoundModule ===

   Number of wires:                 12
   Number of wire bits:             90
   Number of public wires:          12
   Number of public wire bits:      90
   Number of memories:               0
   Number of memory bits:            0
   Number of processes:              0
   Number of cells:                  3
     $mux                           28

=== td_fused_top_Block_entry_proc_proc528 ===

   Number of wires:                 16
   Number of wire bits:             61
   Number of public wires:          14
   Number of public wire bits:      59
   Number of memories:               0
   Number of memory bits:            0
   Number of processes:              0
   Number of cells:                  9
     $mux                           19
     $not                            1
     $or                             1
     $reduce_or                      2
     $sdff                          17

=== td_fused_top_ap_hadd_6_full_dsp_16 ===

   Number of wires:                 12
   Number of wire bits:            117
   Number of public wires:          12
   Number of public wire bits:     117
   Number of memories:               0
   Number of memory bits:            0
   Number of processes:              0
   Number of cells:                  4
     $dffe                          48

=== td_fused_top_ap_hmul_3_max_dsp_16 ===

   Number of wires:                 12
   Number of wire bits:            117
   Number of public wires:          12
   Number of public wire bits:     117
   Number of memories:               0
   Number of memory bits:            0
   Number of processes:              0
   Number of cells:                  4
     $dffe                          48

=== td_fused_top_dataflow_in_loop_TOP_LOOP48545 ===

   Number of wires:                278
   Number of wire bits:           1717
   Number of public wires:         253
   Number of public wire bits:    1692
   Number of memories:               0
   Number of memory bits:            0
   Number of processes:              0
   Number of cells:                 57
     $and                           20
     $not                            9
     $or                             2
     $reduce_or                      2
     $sdff                           2

=== td_fused_top_dataflow_in_loop_TOP_LOOP48545_accum1_out_0_memcore ===

   Number of wires:                 11
   Number of wire bits:             60
   Number of public wires:          11
   Number of public wire bits:      60
   Number of memories:               0
   Number of memory bits:            0
   Number of processes:              0
   Number of cells:                  1

=== td_fused_top_dataflow_in_loop_TOP_LOOP48545_accum1_out_0_memcore_ram ===

   Number of wires:                 23
   Number of wire bits:            215
   Number of public wires:          10
   Number of public wire bits:      59
   Number of memories:               1
   Number of memory bits:          128
   Number of processes:              0
   Number of cells:                 16
     $dffe                          16
     $mux                           80

=== td_fused_top_dataflow_in_loop_TOP_LOOP48545_ifmap_vec_0_0_memcore ===

   Number of wires:                 11
   Number of wire bits:             68
   Number of public wires:          11
   Number of public wire bits:      68
   Number of memories:               0
   Number of memory bits:            0
   Number of processes:              0
   Number of cells:                  1

=== td_fused_top_dataflow_in_loop_TOP_LOOP48545_ifmap_vec_0_0_memcore_ram ===

   Number of wires:                 23
   Number of wire bits:            239
   Number of public wires:          10
   Number of public wire bits:      67
   Number of memories:               1
   Number of memory bits:         2048
   Number of processes:              0
   Number of cells:                 16
     $dffe                          16
     $mux                           96

=== td_fused_top_dataflow_in_loop_TOP_LOOP48545_products_0_memcore ===

   Number of wires:                 10
   Number of wire bits:             67
   Number of public wires:          10
   Number of public wire bits:      67
   Number of memories:               0
   Number of memory bits:            0
   Number of processes:              0
   Number of cells:                  1

=== td_fused_top_dataflow_in_loop_TOP_LOOP48545_products_0_memcore_ram ===

   Number of wires:                 17
   Number of wire bits:            176
   Number of public wires:           9
   Number of public wire bits:      66
   Number of memories:               1
   Number of memory bits:         2048
   Number of processes:              0
   Number of cells:                 11
     $dffe                          32
     $mux                           48

=== td_fused_top_dataflow_in_loop_TOP_LOOP48545_weight_vecs_0_0_0_memcore ===

   Number of wires:                 12
   Number of wire bits:             86
   Number of public wires:          12
   Number of public wire bits:      86
   Number of memories:               0
   Number of memory bits:            0
   Number of processes:              0
   Number of cells:                  1

=== td_fused_top_dataflow_in_loop_TOP_LOOP48545_weight_vecs_0_0_0_memcore_ram ===

   Number of wires:                 25
   Number of wire bits:            277
   Number of public wires:          11
   Number of public wire bits:      85
   Number of memories:               1
   Number of memory bits:         4096
   Number of processes:              0
   Number of cells:                 18
     $dffe                          32
     $mux                          100

=== td_fused_top_fifo_w10_d7_S ===

   Number of wires:                 46
   Number of wire bits:            161
   Number of public wires:          17
   Number of public wire bits:      58
   Number of memories:               0
   Number of memory bits:            0
   Number of processes:              0
   Number of cells:                 35
     $add                            4
     $and                           68
     $eq                            68
     $logic_and                      2
     $logic_not                     68
     $mux                           14
     $ne                             2
     $not                            2
     $or                             2
     $reduce_and                     4
     $reduce_bool                    2
     $reduce_or                      2
     $sdffe                          6
     $sub                            4

=== td_fused_top_fifo_w10_d7_S_shiftReg ===

   Number of wires:                 18
   Number of wire bits:            101
   Number of public wires:          12
   Number of public wire bits:      95
   Number of memories:               0
   Number of memory bits:            0
   Number of processes:              0
   Number of cells:                 14
     $dffe                          70
     $eq                            15
     $logic_not                      3
     $pmux                          10

=== td_fused_top_fifo_w16_d2_S_x3 ===

   Number of wires:                 45
   Number of wire bits:            172
   Number of public wires:          17
   Number of public wire bits:      78
   Number of memories:               0
   Number of memory bits:            0
   Number of processes:              0
   Number of cells:                 34
     $add                            2
     $and                           68
     $eq                            64
     $logic_and                      2
     $logic_not                     66
     $mux                            8
     $ne                             2
     $not                            2
     $or                             2
     $reduce_and                     4
     $reduce_bool                    2
     $reduce_or                      2
     $sdffe                          4
     $sub                            2

=== td_fused_top_fifo_w16_d2_S_x3_shiftReg ===

   Number of wires:                  8
   Number of wire bits:             68
   Number of public wires:           7
   Number of public wire bits:      67
   Number of memories:               0
   Number of memory bits:            0
   Number of processes:              0
   Number of cells:                  4
     $dffe                          32
     $not                            1
     $pmux                          16

=== td_fused_top_fifo_w5_d2_S_x1 ===

   Number of wires:                 45
   Number of wire bits:            128
   Number of public wires:          17
   Number of public wire bits:      34
   Number of memories:               0
   Number of memory bits:            0
   Number of processes:              0
   Number of cells:                 34
     $add                            2
     $and                           68
     $eq                            64
     $logic_and                      2
     $logic_not                     66
     $mux                            8
     $ne                             2
     $not                            2
     $or                             2
     $reduce_and                     4
     $reduce_bool                    2
     $reduce_or                      2
     $sdffe                          4
     $sub                            2

=== td_fused_top_fifo_w5_d2_S_x1_shiftReg ===

   Number of wires:                  8
   Number of wire bits:             24
   Number of public wires:           7
   Number of public wire bits:      23
   Number of memories:               0
   Number of memory bits:            0
   Number of processes:              0
   Number of cells:                  4
     $dffe                          10
     $not                            1
     $pmux                           5

=== td_fused_top_fifo_w5_d7_S ===

   Number of wires:                 46
   Number of wire bits:            141
   Number of public wires:          17
   Number of public wire bits:      38
   Number of memories:               0
   Number of memory bits:            0
   Number of processes:              0
   Number of cells:                 35
     $add                            4
     $and                           68
     $eq                            68
     $logic_and                      2
     $logic_not                     68
     $mux                           14
     $ne                             2
     $not                            2
     $or                             2
     $reduce_and                     4
     $reduce_bool                    2
     $reduce_or                      2
     $sdffe                          6
     $sub                            4

=== td_fused_top_fifo_w5_d7_S_shiftReg ===

   Number of wires:                 18
   Number of wire bits:             56
   Number of public wires:          12
   Number of public wire bits:      50
   Number of memories:               0
   Number of memory bits:            0
   Number of processes:              0
   Number of cells:                 14
     $dffe                          35
     $eq                            15
     $logic_not                      3
     $pmux                           5

=== td_fused_top_start_for_tdf6_readFilters47_U0 ===

   Number of wires:                 45
   Number of wire bits:            112
   Number of public wires:          17
   Number of public wire bits:      18
   Number of memories:               0
   Number of memory bits:            0
   Number of processes:              0
   Number of cells:                 34
     $add                            2
     $and                           68
     $eq                            64
     $logic_and                      2
     $logic_not                     66
     $mux                            8
     $ne                             2
     $not                            2
     $or                             2
     $reduce_and                     4
     $reduce_bool                    2
     $reduce_or                      2
     $sdffe                          4
     $sub                            2

=== td_fused_top_start_for_tdf6_readFilters47_U0_shiftReg ===

   Number of wires:                  8
   Number of wire bits:              8
   Number of public wires:           7
   Number of public wire bits:       7
   Number of memories:               0
   Number of memory bits:            0
   Number of processes:              0
   Number of cells:                  4
     $dffe                           2
     $not                            1
     $pmux                           1

=== td_fused_top_tdf6_19 ===

   Number of wires:                125
   Number of wire bits:           1543
   Number of public wires:         100
   Number of public wire bits:    1434
   Number of memories:               0
   Number of memory bits:            0
   Number of processes:              0
   Number of cells:                 32
     $add                           30
     $and                           10
     $eq                            30
     $logic_not                     15
     $mux                           64
     $not                            3
     $or                             1
     $reduce_bool                    4
     $sdffe                         30

=== td_fused_top_tdf6_accum_1 ===

   Number of wires:                243
   Number of wire bits:           1928
   Number of public wires:         139
   Number of public wire bits:    1422
   Number of memories:               0
   Number of memory bits:            0
   Number of processes:              0
   Number of cells:                166
     $add                           12
     $and                           33
     $dffe                         281
     $eq                           136
     $logic_not                      3
     $mux                          598
     $not                           11
     $or                            57
     $pmux                          11
     $reduce_bool                    4
     $reduce_or                      4
     $sdff                          12
     $sdffe                          6

=== td_fused_top_tdf6_accum_2 ===

   Number of wires:                 50
   Number of wire bits:            254
   Number of public wires:          30
   Number of public wire bits:     214
   Number of memories:               0
   Number of memory bits:            0
   Number of processes:              0
   Number of cells:                 37
     $add                            4
     $and                            3
     $dffe                          20
     $eq                           125
     $mux                           43
     $not                            2
     $or                             1
     $pmux                          11
     $reduce_or                      2
     $sdff                          28
     $sdffe                         20

=== td_fused_top_tdf6_adjust ===

   Number of wires:                 75
   Number of wire bits:            499
   Number of public wires:          44
   Number of public wire bits:     446
   Number of memories:               0
   Number of memory bits:            0
   Number of processes:              0
   Number of cells:                 49
     $and                            2
     $dffe                          96
     $eq                           529
     $mux                           43
     $not                            3
     $or                             2
     $pmux                          23
     $reduce_or                      2
     $sdff                          24

=== td_fused_top_tdf6_dot_product ===

   Number of wires:                103
   Number of wire bits:            768
   Number of public wires:          66
   Number of public wire bits:     711
   Number of memories:               0
   Number of memory bits:            0
   Number of processes:              0
   Number of cells:                 77
     $add                            8
     $and                           13
     $dff                           45
     $dffe                          74
     $eq                            17
     $mux                           34
     $not                           10
     $or                             2
     $pmux                           3
     $reduce_bool                    2
     $reduce_or                      4
     $sdff                          11
     $sdffe                          1

=== td_fused_top_tdf6_get_next_ijk ===

   Number of wires:                 74
   Number of wire bits:            266
   Number of public wires:          42
   Number of public wire bits:     204
   Number of memories:               0
   Number of memory bits:            0
   Number of processes:              0
   Number of cells:                 52
     $add                           48
     $and                            8
     $dffe                          32
     $eq                            48
     $mux                           76
     $not                            9
     $or                             6
     $reduce_bool                    2
     $reduce_or                      2
     $sdff                           1
     $sdffce                        16
     $sdffe                          1

=== td_fused_top_tdf6_readFilters47 ===

   Number of wires:                 70
   Number of wire bits:            341
   Number of public wires:          44
   Number of public wire bits:     297
   Number of memories:               0
   Number of memory bits:            0
   Number of processes:              0
   Number of cells:                 48
     $add                           20
     $and                            8
     $dffe                          22
     $eq                            17
     $mux                           40
     $not                            5
     $or                             2
     $pmux                           3
     $reduce_bool                    2
     $reduce_or                      4
     $sdff                           5
     $sdffe                          1

=== td_fused_top_tdf6_readInputs ===

   Number of wires:                160
   Number of wire bits:           1137
   Number of public wires:         102
   Number of public wire bits:     969
   Number of memories:               0
   Number of memory bits:            0
   Number of processes:              0
   Number of cells:                102
     $add                           20
     $and                           15
     $dffe                          59
     $eq                            33
     $gt                            32
     $mux                          200
     $not                           10
     $or                            29
     $pmux                           5
     $reduce_bool                    4
     $reduce_or                      4
     $sdff                           6
     $sdffce                        64
     $sdffe                          2
     $sub                           11

=== td_fused_top_tdf6_writeOutputs_unaligned ===

   Number of wires:                 82
   Number of wire bits:            541
   Number of public wires:          52
   Number of public wire bits:     510
   Number of memories:               0
   Number of memory bits:            0
   Number of processes:              0
   Number of cells:                 55
     $add                           55
     $and                           13
     $dffe                          75
     $eq                            42
     $logic_not                      2
     $mux                            9
     $not                            5
     $or                             3
     $pmux                           2
     $reduce_or                      2
     $sdff                           3
     $sdffce                        32
     $sdffe                         16
     $sub                           10

=== design hierarchy ===

   td_fused_top_tdf6_19              1
     td_fused_top_dataflow_in_loop_TOP_LOOP48545      0
       $paramod$444f4f35aae1753c454375fdcc6a89a96e0bb6d9\td_fused_top_dataflow_in_loop_TOP_LOOP48545_accum1_out_0      0
         td_fused_top_dataflow_in_loop_TOP_LOOP48545_accum1_out_0_memcore      0
           td_fused_top_dataflow_in_loop_TOP_LOOP48545_accum1_out_0_memcore_ram      0
       $paramod$68fdee95fd7d91e09535cc4b3d209e7dbf47473a\td_fused_top_dataflow_in_loop_TOP_LOOP48545_ifmap_vec_0_0      0
         td_fused_top_dataflow_in_loop_TOP_LOOP48545_ifmap_vec_0_0_memcore      0
           td_fused_top_dataflow_in_loop_TOP_LOOP48545_ifmap_vec_0_0_memcore_ram      0
       $paramod$68fdee95fd7d91e09535cc4b3d209e7dbf47473a\td_fused_top_dataflow_in_loop_TOP_LOOP48545_products_0      0
         td_fused_top_dataflow_in_loop_TOP_LOOP48545_products_0_memcore      0
           td_fused_top_dataflow_in_loop_TOP_LOOP48545_products_0_memcore_ram      0
       $paramod$68fdee95fd7d91e09535cc4b3d209e7dbf47473a\td_fused_top_dataflow_in_loop_TOP_LOOP48545_weight_vecs_0_0_0      0
         td_fused_top_dataflow_in_loop_TOP_LOOP48545_weight_vecs_0_0_0_memcore      0
           td_fused_top_dataflow_in_loop_TOP_LOOP48545_weight_vecs_0_0_0_memcore_ram      0
       td_fused_top_Block_entry_proc_proc528      0
       td_fused_top_fifo_w10_d7_S      0
         td_fused_top_fifo_w10_d7_S_shiftReg      0
       td_fused_top_fifo_w16_d2_S_x3      0
         td_fused_top_fifo_w16_d2_S_x3_shiftReg      0
       td_fused_top_fifo_w5_d2_S_x1      0
         td_fused_top_fifo_w5_d2_S_x1_shiftReg      0
       td_fused_top_fifo_w5_d7_S      0
         td_fused_top_fifo_w5_d7_S_shiftReg      0
       td_fused_top_start_for_tdf6_readFilters47_U0      0
         td_fused_top_start_for_tdf6_readFilters47_U0_shiftReg      0
       td_fused_top_tdf6_accum_1      0
         $paramod$bd98ea72159fe26174e7b3ed5baca9c91958ef6f\td_fused_top_hadd_16ns_16ns_16_8_full_dsp_1      0
           td_fused_top_ap_hadd_6_full_dsp_16      0
             FPAddSub                0
               FPAddSub_AlignModule      0
               FPAddSub_AlignShift1      0
               FPAddSub_AlignShift2      0
               FPAddSub_ExceptionModule      0
               FPAddSub_ExecutionModule      0
               FPAddSub_NormalizeModule      0
               FPAddSub_NormalizeShift1      0
               FPAddSub_NormalizeShift2      0
               FPAddSub_PrealignModule      0
               FPAddSub_RoundModule      0
       td_fused_top_tdf6_accum_2      0
         $paramod$bd98ea72159fe26174e7b3ed5baca9c91958ef6f\td_fused_top_hadd_16ns_16ns_16_8_full_dsp_1      0
           td_fused_top_ap_hadd_6_full_dsp_16      0
             FPAddSub                0
               FPAddSub_AlignModule      0
               FPAddSub_AlignShift1      0
               FPAddSub_AlignShift2      0
               FPAddSub_ExceptionModule      0
               FPAddSub_ExecutionModule      0
               FPAddSub_NormalizeModule      0
               FPAddSub_NormalizeShift1      0
               FPAddSub_NormalizeShift2      0
               FPAddSub_PrealignModule      0
               FPAddSub_RoundModule      0
       td_fused_top_tdf6_adjust      0
         $paramod$3c0377098b222d6572752d08e873f7489758dceb\td_fused_top_hmul_16ns_16ns_16_5_max_dsp_1      0
           td_fused_top_ap_hmul_3_max_dsp_16      0
             FPMult_16               0
               FPMult_ExecuteModule      0
               FPMult_NormalizeModule      0
               FPMult_PrepModule      0
               FPMult_RoundModule      0
         $paramod$912b74f0497673b69e86cc7c82dae9d480ead345\td_fused_top_hsub_16ns_16ns_16_7_full_dsp_1      0
           td_fused_top_ap_hadd_6_full_dsp_16      0
             FPAddSub                0
               FPAddSub_AlignModule      0
               FPAddSub_AlignShift1      0
               FPAddSub_AlignShift2      0
               FPAddSub_ExceptionModule      0
               FPAddSub_ExecutionModule      0
               FPAddSub_NormalizeModule      0
               FPAddSub_NormalizeShift1      0
               FPAddSub_NormalizeShift2      0
               FPAddSub_PrealignModule      0
               FPAddSub_RoundModule      0
         $paramod$bd98ea72159fe26174e7b3ed5baca9c91958ef6f\td_fused_top_hadd_16ns_16ns_16_8_full_dsp_1      0
           td_fused_top_ap_hadd_6_full_dsp_16      0
             FPAddSub                0
               FPAddSub_AlignModule      0
               FPAddSub_AlignShift1      0
               FPAddSub_AlignShift2      0
               FPAddSub_ExceptionModule      0
               FPAddSub_ExecutionModule      0
               FPAddSub_NormalizeModule      0
               FPAddSub_NormalizeShift1      0
               FPAddSub_NormalizeShift2      0
               FPAddSub_PrealignModule      0
               FPAddSub_RoundModule      0
       td_fused_top_tdf6_dot_product      0
         $paramod$3c0377098b222d6572752d08e873f7489758dceb\td_fused_top_hmul_16ns_16ns_16_5_max_dsp_1      0
           td_fused_top_ap_hmul_3_max_dsp_16      0
             FPMult_16               0
               FPMult_ExecuteModule      0
               FPMult_NormalizeModule      0
               FPMult_PrepModule      0
               FPMult_RoundModule      0
       td_fused_top_tdf6_get_next_ijk      0
       td_fused_top_tdf6_readFilters47      0
       td_fused_top_tdf6_readInputs      0
       td_fused_top_tdf6_writeOutputs_unaligned      0

   Number of wires:                125
   Number of wire bits:           1543
   Number of public wires:         100
   Number of public wire bits:    1434
   Number of memories:               0
   Number of memory bits:            0
   Number of processes:              0
   Number of cells:                 32
     $add                           30
     $and                           10
     $eq                            30
     $logic_not                     15
     $mux                           64
     $not                            3
     $or                             1
     $reduce_bool                    4
     $sdffe                         30

