
5. Printing statistics.

=== td_fused_top_tdf6_readFilters47 ===

   Number of wires:                 70
   Number of wire bits:            341
   Number of public wires:          44
   Number of public wire bits:     297
   Number of memories:               0
   Number of memory bits:            0
   Number of processes:              0
   Number of cells:                 48
     $add                           20
     $and                            8
     $dffe                          22
     $eq                            17
     $mux                           40
     $not                            5
     $or                             2
     $pmux                           3
     $reduce_bool                    2
     $reduce_or                      4
     $sdff                           5
     $sdffe                          1

