
5. Printing statistics.

=== td_fused_top_tdf9_writeOutputs_unaligned ===

   Number of wires:                 82
   Number of wire bits:            524
   Number of public wires:          52
   Number of public wire bits:     493
   Number of memories:               0
   Number of memory bits:            0
   Number of processes:              0
   Number of cells:                 55
     $add                           52
     $and                           13
     $dffe                          73
     $eq                            42
     $logic_not                      2
     $mux                            9
     $not                            5
     $or                             3
     $pmux                           2
     $reduce_or                      2
     $sdff                           3
     $sdffce                        32
     $sdffe                         16
     $sub                            8

