
5. Printing statistics.

=== td_fused_top_tdf4_readInputs37 ===

   Number of wires:                266
   Number of wire bits:           1534
   Number of public wires:         201
   Number of public wire bits:    1435
   Number of memories:               0
   Number of memory bits:            0
   Number of processes:              0
   Number of cells:                185
     $add                          206
     $and                           19
     $dff                           10
     $dffe                         203
     $eq                            27
     $gt                            89
     $mux                          250
     $not                           15
     $or                            13
     $pmux                           4
     $reduce_bool                    4
     $reduce_or                      4
     $sdff                           8
     $sdffe                          1
     $sub                           18

