
5. Printing statistics.

=== $paramod$3c0377098b222d6572752d08e873f7489758dceb\td_fused_top_hmul_16ns_16ns_16_5_max_dsp_1 ===

   Number of wires:                 19
   Number of wire bits:            169
   Number of public wires:          19
   Number of public wire bits:     169
   Number of memories:               0
   Number of memory bits:            0
   Number of processes:              0
   Number of cells:                  6
     $dff                           17
     $dffe                          32
     $mux                           16

=== $paramod$444f4f35aae1753c454375fdcc6a89a96e0bb6d9\td_fused_top_dataflow_in_loop_TOP_LOOP48462_accum1_out_0 ===

   Number of wires:                 99
   Number of wire bits:            349
   Number of public wires:          54
   Number of public wire bits:     285
   Number of memories:               0
   Number of memory bits:            0
   Number of processes:              0
   Number of cells:                 77
     $add                            4
     $and                            4
     $eq                             2
     $logic_and                     10
     $logic_not                      7
     $logic_or                       1
     $mux                          150
     $not                            1
     $reduce_bool                    6
     $reduce_or                      2
     $sdff                           2
     $sdffe                         23
     $sub                            2

=== $paramod$4c9868ad2ae52de363997276094487ecc1ada20c\td_fused_top_dataflow_in_loop_TOP_LOOP48462_ifmap_vec_0_0 ===

   Number of wires:                 99
   Number of wire bits:            389
   Number of public wires:          54
   Number of public wire bits:     325
   Number of memories:               0
   Number of memory bits:            0
   Number of processes:              0
   Number of cells:                 77
     $add                            4
     $and                            4
     $eq                             2
     $logic_and                     10
     $logic_not                      7
     $logic_or                       1
     $mux                          170
     $not                            1
     $reduce_bool                    6
     $reduce_or                      2
     $sdff                           2
     $sdffe                         23
     $sub                            2

=== $paramod$4c9868ad2ae52de363997276094487ecc1ada20c\td_fused_top_dataflow_in_loop_TOP_LOOP48462_products_0 ===

   Number of wires:                101
   Number of wire bits:            405
   Number of public wires:          51
   Number of public wire bits:     321
   Number of memories:               0
   Number of memory bits:            0
   Number of processes:              0
   Number of cells:                 82
     $add                            4
     $and                            4
     $eq                             2
     $logic_and                     11
     $logic_not                      9
     $logic_or                       1
     $mux                          184
     $not                            1
     $reduce_bool                    8
     $reduce_or                      2
     $sdff                           2
     $sdffe                         40
     $sub                            2

=== $paramod$4c9868ad2ae52de363997276094487ecc1ada20c\td_fused_top_dataflow_in_loop_TOP_LOOP48462_weight_vecs_0_0_0 ===

   Number of wires:                 55
   Number of wire bits:            150
   Number of public wires:          28
   Number of public wire bits:     119
   Number of memories:               0
   Number of memory bits:            0
   Number of processes:              0
   Number of cells:                 36
     $add                            4
     $and                            4
     $eq                             2
     $logic_and                      7
     $logic_not                      5
     $logic_or                       1
     $mux                            8
     $reduce_bool                    4
     $reduce_or                      2
     $sdffe                          6
     $sub                            2

=== $paramod$912b74f0497673b69e86cc7c82dae9d480ead345\td_fused_top_hsub_16ns_16ns_16_7_full_dsp_1 ===

   Number of wires:                 19
   Number of wire bits:            169
   Number of public wires:          19
   Number of public wire bits:     169
   Number of memories:               0
   Number of memory bits:            0
   Number of processes:              0
   Number of cells:                  6
     $dff                           17
     $dffe                          32
     $mux                           16

=== $paramod$bd98ea72159fe26174e7b3ed5baca9c91958ef6f\td_fused_top_hadd_16ns_16ns_16_8_full_dsp_1 ===

   Number of wires:                 19
   Number of wire bits:            169
   Number of public wires:          19
   Number of public wire bits:     169
   Number of memories:               0
   Number of memory bits:            0
   Number of processes:              0
   Number of cells:                  6
     $dff                           17
     $dffe                          32
     $mux                           16

=== FPAddSub ===

   Number of wires:                 45
   Number of wire bits:            591
   Number of public wires:          45
   Number of public wire bits:     591
   Number of memories:               0
   Number of memory bits:            0
   Number of processes:              0
   Number of cells:                 19
     $mux                          338

=== FPAddSub_AlignModule ===

   Number of wires:                  8
   Number of wire bits:             71
   Number of public wires:           8
   Number of public wire bits:      71
   Number of memories:               0
   Number of memory bits:            0
   Number of processes:              0
   Number of cells:                  5
     $lt                            15
     $mux                           30

=== FPAddSub_AlignShift1 ===

   Number of wires:                 12
   Number of wire bits:             74
   Number of public wires:           6
   Number of public wire bits:      68
   Number of memories:               0
   Number of memory bits:            0
   Number of processes:              0
   Number of cells:                 18
     $eq                             6
     $logic_not                      2
     $mux                           11
     $pmux                          11
     $reduce_or                      5

=== FPAddSub_AlignShift2 ===

   Number of wires:                 11
   Number of wire bits:             63
   Number of public wires:           5
   Number of public wire bits:      57
   Number of memories:               0
   Number of memory bits:            0
   Number of processes:              0
   Number of cells:                 17
     $eq                             6
     $logic_not                      2
     $pmux                          11
     $reduce_or                      5

=== FPAddSub_ExceptionModule ===

   Number of wires:                 23
   Number of wire bits:             61
   Number of public wires:          13
   Number of public wire bits:      51
   Number of memories:               0
   Number of memory bits:            0
   Number of processes:              0
   Number of cells:                 15
     $and                            4
     $logic_not                      1
     $not                            2
     $or                             5
     $reduce_and                     5
     $reduce_or                      8

=== FPAddSub_ExecutionModule ===

   Number of wires:                 12
   Number of wire bits:             79
   Number of public wires:           9
   Number of public wire bits:      44
   Number of memories:               0
   Number of memory bits:            0
   Number of processes:              0
   Number of cells:                  6
     $add                           17
     $mux                           18
     $sub                           17
     $xor                            2

=== FPAddSub_NormalizeModule ===

   Number of wires:                 16
   Number of wire bits:            116
   Number of public wires:           4
   Number of public wire bits:      56
   Number of memories:               0
   Number of memory bits:            0
   Number of processes:              0
   Number of cells:                 14
     $mux                           82

=== FPAddSub_NormalizeShift1 ===

   Number of wires:                 19
   Number of wire bits:            152
   Number of public wires:           7
   Number of public wire bits:     140
   Number of memories:               0
   Number of memory bits:            0
   Number of processes:              0
   Number of cells:                 20
     $eq                            12
     $logic_not                      4
     $pmux                          34
     $reduce_or                      8

=== FPAddSub_NormalizeShift2 ===

   Number of wires:                 14
   Number of wire bits:             62
   Number of public wires:          13
   Number of public wire bits:      61
   Number of memories:               0
   Number of memory bits:            0
   Number of processes:              0
   Number of cells:                  6
     $add                            6
     $logic_not                      1
     $mux                            6
     $reduce_or                     21
     $sub                            6

=== FPAddSub_PrealignModule ===

   Number of wires:                 30
   Number of wire bits:            295
   Number of public wires:          16
   Number of public wire bits:      95
   Number of memories:               0
   Number of memory bits:            0
   Number of processes:              0
   Number of cells:                 19
     $add                          128
     $and                            4
     $logic_not                      2
     $not                           64
     $or                             3
     $reduce_and                    10
     $reduce_or                     20

=== FPAddSub_RoundModule ===

   Number of wires:                 35
   Number of wire bits:            124
   Number of public wires:          19
   Number of public wire bits:      72
   Number of memories:               0
   Number of memory bits:            0
   Number of processes:              0
   Number of cells:                 22
     $add                           38
     $and                            7
     $mux                           18
     $not                            2
     $or                             5
     $xor                            2

=== FPMult_16 ===

   Number of wires:                 27
   Number of wire bits:            348
   Number of public wires:          27
   Number of public wire bits:     348
   Number of memories:               0
   Number of memory bits:            0
   Number of processes:              0
   Number of cells:                  9
     $mux                          165

=== FPMult_ExecuteModule ===

   Number of wires:                 15
   Number of wire bits:            103
   Number of public wires:          12
   Number of public wire bits:      95
   Number of memories:               0
   Number of memory bits:            0
   Number of processes:              0
   Number of cells:                  7
     $add                           12
     $and                            1
     $mux                           10
     $or                             1
     $reduce_or                     10
     $xor                            1

=== FPMult_NormalizeModule ===

   Number of wires:                  8
   Number of wire bits:            114
   Number of public wires:           6
   Number of public wire bits:      50
   Number of memories:               0
   Number of memory bits:            0
   Number of processes:              0
   Number of cells:                  2
     $sub                           64

=== FPMult_PrepModule ===

   Number of wires:                 23
   Number of wire bits:             86
   Number of public wires:          14
   Number of public wire bits:      77
   Number of memories:               0
   Number of memory bits:            0
   Number of processes:              0
   Number of cells:                 15
     $and                            4
     $logic_not                      2
     $mul                           22
     $or                             3
     $reduce_and                    10
     $reduce_or                     20

=== FPMult_RoundModule ===

   Number of wires:                 12
   Number of wire bits:             90
   Number of public wires:          12
   Number of public wire bits:      90
   Number of memories:               0
   Number of memory bits:            0
   Number of processes:              0
   Number of cells:                  3
     $mux                           28

=== td_fused_top_Block_entry_proc_proc550 ===

   Number of wires:                 16
   Number of wire bits:             61
   Number of public wires:          14
   Number of public wire bits:      59
   Number of memories:               0
   Number of memory bits:            0
   Number of processes:              0
   Number of cells:                  9
     $mux                           19
     $not                            1
     $or                             1
     $reduce_or                      2
     $sdff                          17

=== td_fused_top_ap_hadd_6_full_dsp_16 ===

   Number of wires:                 12
   Number of wire bits:            117
   Number of public wires:          12
   Number of public wire bits:     117
   Number of memories:               0
   Number of memory bits:            0
   Number of processes:              0
   Number of cells:                  4
     $dffe                          48

=== td_fused_top_ap_hmul_3_max_dsp_16 ===

   Number of wires:                 12
   Number of wire bits:            117
   Number of public wires:          12
   Number of public wire bits:     117
   Number of memories:               0
   Number of memory bits:            0
   Number of processes:              0
   Number of cells:                  4
     $dffe                          48

=== td_fused_top_dataflow_in_loop_TOP_LOOP48462 ===

   Number of wires:                278
   Number of wire bits:           1726
   Number of public wires:         253
   Number of public wire bits:    1701
   Number of memories:               0
   Number of memory bits:            0
   Number of processes:              0
   Number of cells:                 57
     $and                           20
     $not                            9
     $or                             2
     $reduce_or                      2
     $sdff                           2

=== td_fused_top_dataflow_in_loop_TOP_LOOP48462_accum1_out_0_memcore ===

   Number of wires:                 11
   Number of wire bits:             60
   Number of public wires:          11
   Number of public wire bits:      60
   Number of memories:               0
   Number of memory bits:            0
   Number of processes:              0
   Number of cells:                  1

=== td_fused_top_dataflow_in_loop_TOP_LOOP48462_accum1_out_0_memcore_ram ===

   Number of wires:                 23
   Number of wire bits:            215
   Number of public wires:          10
   Number of public wire bits:      59
   Number of memories:               1
   Number of memory bits:          128
   Number of processes:              0
   Number of cells:                 16
     $dffe                          16
     $mux                           80

=== td_fused_top_dataflow_in_loop_TOP_LOOP48462_ifmap_vec_0_0_memcore ===

   Number of wires:                 11
   Number of wire bits:             70
   Number of public wires:          11
   Number of public wire bits:      70
   Number of memories:               0
   Number of memory bits:            0
   Number of processes:              0
   Number of cells:                  1

=== td_fused_top_dataflow_in_loop_TOP_LOOP48462_ifmap_vec_0_0_memcore_ram ===

   Number of wires:                 23
   Number of wire bits:            245
   Number of public wires:          10
   Number of public wire bits:      69
   Number of memories:               1
   Number of memory bits:         4096
   Number of processes:              0
   Number of cells:                 16
     $dffe                          16
     $mux                          100

=== td_fused_top_dataflow_in_loop_TOP_LOOP48462_products_0_memcore ===

   Number of wires:                 10
   Number of wire bits:             69
   Number of public wires:          10
   Number of public wire bits:      69
   Number of memories:               0
   Number of memory bits:            0
   Number of processes:              0
   Number of cells:                  1

=== td_fused_top_dataflow_in_loop_TOP_LOOP48462_products_0_memcore_ram ===

   Number of wires:                 17
   Number of wire bits:            180
   Number of public wires:           9
   Number of public wire bits:      68
   Number of memories:               1
   Number of memory bits:         4096
   Number of processes:              0
   Number of cells:                 11
     $dffe                          32
     $mux                           50

=== td_fused_top_dataflow_in_loop_TOP_LOOP48462_weight_vecs_0_0_0_memcore ===

   Number of wires:                 12
   Number of wire bits:             88
   Number of public wires:          12
   Number of public wire bits:      88
   Number of memories:               0
   Number of memory bits:            0
   Number of processes:              0
   Number of cells:                  1

=== td_fused_top_dataflow_in_loop_TOP_LOOP48462_weight_vecs_0_0_0_memcore_ram ===

   Number of wires:                 25
   Number of wire bits:            283
   Number of public wires:          11
   Number of public wire bits:      87
   Number of memories:               1
   Number of memory bits:         8192
   Number of processes:              0
   Number of cells:                 18
     $dffe                          32
     $mux                          104

=== td_fused_top_fifo_w16_d2_S_x6 ===

   Number of wires:                 45
   Number of wire bits:            172
   Number of public wires:          17
   Number of public wire bits:      78
   Number of memories:               0
   Number of memory bits:            0
   Number of processes:              0
   Number of cells:                 34
     $add                            2
     $and                           68
     $eq                            64
     $logic_and                      2
     $logic_not                     66
     $mux                            8
     $ne                             2
     $not                            2
     $or                             2
     $reduce_and                     4
     $reduce_bool                    2
     $reduce_or                      2
     $sdffe                          4
     $sub                            2

=== td_fused_top_fifo_w16_d2_S_x6_shiftReg ===

   Number of wires:                  8
   Number of wire bits:             68
   Number of public wires:           7
   Number of public wire bits:      67
   Number of memories:               0
   Number of memory bits:            0
   Number of processes:              0
   Number of cells:                  4
     $dffe                          32
     $not                            1
     $pmux                          16

=== td_fused_top_fifo_w4_d7_S ===

   Number of wires:                 46
   Number of wire bits:            137
   Number of public wires:          17
   Number of public wire bits:      34
   Number of memories:               0
   Number of memory bits:            0
   Number of processes:              0
   Number of cells:                 35
     $add                            4
     $and                           68
     $eq                            68
     $logic_and                      2
     $logic_not                     68
     $mux                           14
     $ne                             2
     $not                            2
     $or                             2
     $reduce_and                     4
     $reduce_bool                    2
     $reduce_or                      2
     $sdffe                          6
     $sub                            4

=== td_fused_top_fifo_w4_d7_S_shiftReg ===

   Number of wires:                 18
   Number of wire bits:             47
   Number of public wires:          12
   Number of public wire bits:      41
   Number of memories:               0
   Number of memory bits:            0
   Number of processes:              0
   Number of cells:                 14
     $dffe                          28
     $eq                            15
     $logic_not                      3
     $pmux                           4

=== td_fused_top_fifo_w6_d2_S_x0 ===

   Number of wires:                 45
   Number of wire bits:            132
   Number of public wires:          17
   Number of public wire bits:      38
   Number of memories:               0
   Number of memory bits:            0
   Number of processes:              0
   Number of cells:                 34
     $add                            2
     $and                           68
     $eq                            64
     $logic_and                      2
     $logic_not                     66
     $mux                            8
     $ne                             2
     $not                            2
     $or                             2
     $reduce_and                     4
     $reduce_bool                    2
     $reduce_or                      2
     $sdffe                          4
     $sub                            2

=== td_fused_top_fifo_w6_d2_S_x0_shiftReg ===

   Number of wires:                  8
   Number of wire bits:             28
   Number of public wires:           7
   Number of public wire bits:      27
   Number of memories:               0
   Number of memory bits:            0
   Number of processes:              0
   Number of cells:                  4
     $dffe                          12
     $not                            1
     $pmux                           6

=== td_fused_top_fifo_w6_d7_S ===

   Number of wires:                 46
   Number of wire bits:            145
   Number of public wires:          17
   Number of public wire bits:      42
   Number of memories:               0
   Number of memory bits:            0
   Number of processes:              0
   Number of cells:                 35
     $add                            4
     $and                           68
     $eq                            68
     $logic_and                      2
     $logic_not                     68
     $mux                           14
     $ne                             2
     $not                            2
     $or                             2
     $reduce_and                     4
     $reduce_bool                    2
     $reduce_or                      2
     $sdffe                          6
     $sub                            4

=== td_fused_top_fifo_w6_d7_S_shiftReg ===

   Number of wires:                 18
   Number of wire bits:             65
   Number of public wires:          12
   Number of public wire bits:      59
   Number of memories:               0
   Number of memory bits:            0
   Number of processes:              0
   Number of cells:                 14
     $dffe                          42
     $eq                            15
     $logic_not                      3
     $pmux                           6

=== td_fused_top_fifo_w8_d7_S_x ===

   Number of wires:                 46
   Number of wire bits:            153
   Number of public wires:          17
   Number of public wire bits:      50
   Number of memories:               0
   Number of memory bits:            0
   Number of processes:              0
   Number of cells:                 35
     $add                            4
     $and                           68
     $eq                            68
     $logic_and                      2
     $logic_not                     68
     $mux                           14
     $ne                             2
     $not                            2
     $or                             2
     $reduce_and                     4
     $reduce_bool                    2
     $reduce_or                      2
     $sdffe                          6
     $sub                            4

=== td_fused_top_fifo_w8_d7_S_x_shiftReg ===

   Number of wires:                 18
   Number of wire bits:             83
   Number of public wires:          12
   Number of public wire bits:      77
   Number of memories:               0
   Number of memory bits:            0
   Number of processes:              0
   Number of cells:                 14
     $dffe                          56
     $eq                            15
     $logic_not                      3
     $pmux                           8

=== td_fused_top_start_for_tdf9_readFilters64_U0 ===

   Number of wires:                 45
   Number of wire bits:            112
   Number of public wires:          17
   Number of public wire bits:      18
   Number of memories:               0
   Number of memory bits:            0
   Number of processes:              0
   Number of cells:                 34
     $add                            2
     $and                           68
     $eq                            64
     $logic_and                      2
     $logic_not                     66
     $mux                            8
     $ne                             2
     $not                            2
     $or                             2
     $reduce_and                     4
     $reduce_bool                    2
     $reduce_or                      2
     $sdffe                          4
     $sub                            2

=== td_fused_top_start_for_tdf9_readFilters64_U0_shiftReg ===

   Number of wires:                  8
   Number of wire bits:              8
   Number of public wires:           7
   Number of public wire bits:       7
   Number of memories:               0
   Number of memory bits:            0
   Number of processes:              0
   Number of cells:                  4
     $dffe                           2
     $not                            1
     $pmux                           1

=== td_fused_top_tdf9_16 ===

   Number of wires:                126
   Number of wire bits:           1539
   Number of public wires:         100
   Number of public wire bits:    1435
   Number of memories:               0
   Number of memory bits:            0
   Number of processes:              0
   Number of cells:                 33
     $add                           28
     $and                           11
     $eq                            28
     $logic_not                     14
     $mux                           60
     $not                            3
     $or                             1
     $reduce_bool                    4
     $sdffe                         28

=== td_fused_top_tdf9_accum_1 ===

   Number of wires:                243
   Number of wire bits:           1953
   Number of public wires:         139
   Number of public wire bits:    1437
   Number of memories:               0
   Number of memory bits:            0
   Number of processes:              0
   Number of cells:                166
     $add                           13
     $and                           33
     $dffe                         284
     $eq                           136
     $logic_not                      3
     $mux                          611
     $not                           11
     $or                            64
     $pmux                          11
     $reduce_bool                    4
     $reduce_or                      4
     $sdff                          12
     $sdffe                          6

=== td_fused_top_tdf9_accum_2 ===

   Number of wires:                 50
   Number of wire bits:            254
   Number of public wires:          30
   Number of public wire bits:     214
   Number of memories:               0
   Number of memory bits:            0
   Number of processes:              0
   Number of cells:                 37
     $add                            4
     $and                            3
     $dffe                          20
     $eq                           125
     $mux                           43
     $not                            2
     $or                             1
     $pmux                          11
     $reduce_or                      2
     $sdff                          28
     $sdffe                         20

=== td_fused_top_tdf9_adjust ===

   Number of wires:                 75
   Number of wire bits:            501
   Number of public wires:          44
   Number of public wire bits:     448
   Number of memories:               0
   Number of memory bits:            0
   Number of processes:              0
   Number of cells:                 49
     $and                            2
     $dffe                          96
     $eq                           529
     $mux                           43
     $not                            3
     $or                             2
     $pmux                          23
     $reduce_or                      2
     $sdff                          24

=== td_fused_top_tdf9_dot_product ===

   Number of wires:                103
   Number of wire bits:            775
   Number of public wires:          66
   Number of public wire bits:     716
   Number of memories:               0
   Number of memory bits:            0
   Number of processes:              0
   Number of cells:                 77
     $add                            9
     $and                           13
     $dff                           50
     $dffe                          77
     $eq                            18
     $mux                           36
     $not                           10
     $or                             2
     $pmux                           3
     $reduce_bool                    2
     $reduce_or                      4
     $sdff                          11
     $sdffe                          1

=== td_fused_top_tdf9_get_next_ijk ===

   Number of wires:                 74
   Number of wire bits:            269
   Number of public wires:          42
   Number of public wire bits:     207
   Number of memories:               0
   Number of memory bits:            0
   Number of processes:              0
   Number of cells:                 52
     $add                           48
     $and                            8
     $dffe                          32
     $eq                            48
     $mux                           76
     $not                            9
     $or                             6
     $reduce_bool                    2
     $reduce_or                      2
     $sdff                           1
     $sdffce                        16
     $sdffe                          1

=== td_fused_top_tdf9_readFilters64 ===

   Number of wires:                 70
   Number of wire bits:            359
   Number of public wires:          44
   Number of public wire bits:     313
   Number of memories:               0
   Number of memory bits:            0
   Number of processes:              0
   Number of cells:                 48
     $add                           23
     $and                            8
     $dffe                          25
     $eq                            18
     $mux                           43
     $not                            5
     $or                             2
     $pmux                           3
     $reduce_bool                    2
     $reduce_or                      4
     $sdff                           5
     $sdffe                          1

=== td_fused_top_tdf9_readInputs ===

   Number of wires:                160
   Number of wire bits:           1127
   Number of public wires:         102
   Number of public wire bits:     953
   Number of memories:               0
   Number of memory bits:            0
   Number of processes:              0
   Number of cells:                102
     $add                           19
     $and                           15
     $dffe                          59
     $eq                            34
     $gt                            32
     $mux                          207
     $not                           10
     $or                            32
     $pmux                           5
     $reduce_bool                    4
     $reduce_or                      4
     $sdff                           6
     $sdffce                        64
     $sdffe                          2
     $sub                            9

=== td_fused_top_tdf9_writeOutputs_unaligned ===

   Number of wires:                 82
   Number of wire bits:            524
   Number of public wires:          52
   Number of public wire bits:     493
   Number of memories:               0
   Number of memory bits:            0
   Number of processes:              0
   Number of cells:                 55
     $add                           52
     $and                           13
     $dffe                          73
     $eq                            42
     $logic_not                      2
     $mux                            9
     $not                            5
     $or                             3
     $pmux                           2
     $reduce_or                      2
     $sdff                           3
     $sdffce                        32
     $sdffe                         16
     $sub                            8

=== design hierarchy ===

   td_fused_top_tdf9_16              1
     td_fused_top_dataflow_in_loop_TOP_LOOP48462      0
       $paramod$444f4f35aae1753c454375fdcc6a89a96e0bb6d9\td_fused_top_dataflow_in_loop_TOP_LOOP48462_accum1_out_0      0
         td_fused_top_dataflow_in_loop_TOP_LOOP48462_accum1_out_0_memcore      0
           td_fused_top_dataflow_in_loop_TOP_LOOP48462_accum1_out_0_memcore_ram      0
       $paramod$4c9868ad2ae52de363997276094487ecc1ada20c\td_fused_top_dataflow_in_loop_TOP_LOOP48462_ifmap_vec_0_0      0
         td_fused_top_dataflow_in_loop_TOP_LOOP48462_ifmap_vec_0_0_memcore      0
           td_fused_top_dataflow_in_loop_TOP_LOOP48462_ifmap_vec_0_0_memcore_ram      0
       $paramod$4c9868ad2ae52de363997276094487ecc1ada20c\td_fused_top_dataflow_in_loop_TOP_LOOP48462_products_0      0
         td_fused_top_dataflow_in_loop_TOP_LOOP48462_products_0_memcore      0
           td_fused_top_dataflow_in_loop_TOP_LOOP48462_products_0_memcore_ram      0
       $paramod$4c9868ad2ae52de363997276094487ecc1ada20c\td_fused_top_dataflow_in_loop_TOP_LOOP48462_weight_vecs_0_0_0      0
         td_fused_top_dataflow_in_loop_TOP_LOOP48462_weight_vecs_0_0_0_memcore      0
           td_fused_top_dataflow_in_loop_TOP_LOOP48462_weight_vecs_0_0_0_memcore_ram      0
       td_fused_top_Block_entry_proc_proc550      0
       td_fused_top_fifo_w16_d2_S_x6      0
         td_fused_top_fifo_w16_d2_S_x6_shiftReg      0
       td_fused_top_fifo_w4_d7_S      0
         td_fused_top_fifo_w4_d7_S_shiftReg      0
       td_fused_top_fifo_w6_d2_S_x0      0
         td_fused_top_fifo_w6_d2_S_x0_shiftReg      0
       td_fused_top_fifo_w6_d7_S      0
         td_fused_top_fifo_w6_d7_S_shiftReg      0
       td_fused_top_fifo_w8_d7_S_x      0
         td_fused_top_fifo_w8_d7_S_x_shiftReg      0
       td_fused_top_start_for_tdf9_readFilters64_U0      0
         td_fused_top_start_for_tdf9_readFilters64_U0_shiftReg      0
       td_fused_top_tdf9_accum_1      0
         $paramod$bd98ea72159fe26174e7b3ed5baca9c91958ef6f\td_fused_top_hadd_16ns_16ns_16_8_full_dsp_1      0
           td_fused_top_ap_hadd_6_full_dsp_16      0
             FPAddSub                0
               FPAddSub_AlignModule      0
               FPAddSub_AlignShift1      0
               FPAddSub_AlignShift2      0
               FPAddSub_ExceptionModule      0
               FPAddSub_ExecutionModule      0
               FPAddSub_NormalizeModule      0
               FPAddSub_NormalizeShift1      0
               FPAddSub_NormalizeShift2      0
               FPAddSub_PrealignModule      0
               FPAddSub_RoundModule      0
       td_fused_top_tdf9_accum_2      0
         $paramod$bd98ea72159fe26174e7b3ed5baca9c91958ef6f\td_fused_top_hadd_16ns_16ns_16_8_full_dsp_1      0
           td_fused_top_ap_hadd_6_full_dsp_16      0
             FPAddSub                0
               FPAddSub_AlignModule      0
               FPAddSub_AlignShift1      0
               FPAddSub_AlignShift2      0
               FPAddSub_ExceptionModule      0
               FPAddSub_ExecutionModule      0
               FPAddSub_NormalizeModule      0
               FPAddSub_NormalizeShift1      0
               FPAddSub_NormalizeShift2      0
               FPAddSub_PrealignModule      0
               FPAddSub_RoundModule      0
       td_fused_top_tdf9_adjust      0
         $paramod$3c0377098b222d6572752d08e873f7489758dceb\td_fused_top_hmul_16ns_16ns_16_5_max_dsp_1      0
           td_fused_top_ap_hmul_3_max_dsp_16      0
             FPMult_16               0
               FPMult_ExecuteModule      0
               FPMult_NormalizeModule      0
               FPMult_PrepModule      0
               FPMult_RoundModule      0
         $paramod$912b74f0497673b69e86cc7c82dae9d480ead345\td_fused_top_hsub_16ns_16ns_16_7_full_dsp_1      0
           td_fused_top_ap_hadd_6_full_dsp_16      0
             FPAddSub                0
               FPAddSub_AlignModule      0
               FPAddSub_AlignShift1      0
               FPAddSub_AlignShift2      0
               FPAddSub_ExceptionModule      0
               FPAddSub_ExecutionModule      0
               FPAddSub_NormalizeModule      0
               FPAddSub_NormalizeShift1      0
               FPAddSub_NormalizeShift2      0
               FPAddSub_PrealignModule      0
               FPAddSub_RoundModule      0
         $paramod$bd98ea72159fe26174e7b3ed5baca9c91958ef6f\td_fused_top_hadd_16ns_16ns_16_8_full_dsp_1      0
           td_fused_top_ap_hadd_6_full_dsp_16      0
             FPAddSub                0
               FPAddSub_AlignModule      0
               FPAddSub_AlignShift1      0
               FPAddSub_AlignShift2      0
               FPAddSub_ExceptionModule      0
               FPAddSub_ExecutionModule      0
               FPAddSub_NormalizeModule      0
               FPAddSub_NormalizeShift1      0
               FPAddSub_NormalizeShift2      0
               FPAddSub_PrealignModule      0
               FPAddSub_RoundModule      0
       td_fused_top_tdf9_dot_product      0
         $paramod$3c0377098b222d6572752d08e873f7489758dceb\td_fused_top_hmul_16ns_16ns_16_5_max_dsp_1      0
           td_fused_top_ap_hmul_3_max_dsp_16      0
             FPMult_16               0
               FPMult_ExecuteModule      0
               FPMult_NormalizeModule      0
               FPMult_PrepModule      0
               FPMult_RoundModule      0
       td_fused_top_tdf9_get_next_ijk      0
       td_fused_top_tdf9_readFilters64      0
       td_fused_top_tdf9_readInputs      0
       td_fused_top_tdf9_writeOutputs_unaligned      0

   Number of wires:                126
   Number of wire bits:           1539
   Number of public wires:         100
   Number of public wire bits:    1435
   Number of memories:               0
   Number of memory bits:            0
   Number of processes:              0
   Number of cells:                 33
     $add                           28
     $and                           11
     $eq                            28
     $logic_not                     14
     $mux                           60
     $not                            3
     $or                             1
     $reduce_bool                    4
     $sdffe                         28

