
5. Printing statistics.

=== td_fused_top_tdf5_writeOutputs_aligned ===

   Number of wires:                 42
   Number of wire bits:            417
   Number of public wires:          35
   Number of public wire bits:     409
   Number of memories:               0
   Number of memory bits:            0
   Number of processes:              0
   Number of cells:                 16
     $add                           25
     $and                            2
     $dffe                          10
     $eq                             4
     $mux                            5
     $not                            1
     $or                             1
     $pmux                           2
     $sdff                           2
     $sub                           10

