
5. Printing statistics.

=== td_fused_top_tdf12_readFilters82 ===

   Number of wires:                 91
   Number of wire bits:            523
   Number of public wires:          61
   Number of public wire bits:     475
   Number of memories:               0
   Number of memory bits:            0
   Number of processes:              0
   Number of cells:                 50
     $add                            8
     $and                           11
     $dffe                          24
     $eq                            17
     $mux                           32
     $not                            6
     $or                             2
     $pmux                           3
     $reduce_bool                    2
     $reduce_or                      4
     $sdff                           5
     $sdffe                          1

