
5. Printing statistics.

=== td_fused_top_tdf3_readInputs ===

   Number of wires:                150
   Number of wire bits:           1075
   Number of public wires:         100
   Number of public wire bits:     969
   Number of memories:               0
   Number of memory bits:            0
   Number of processes:              0
   Number of cells:                 93
     $add                           20
     $and                           12
     $dffe                          55
     $eq                            31
     $gt                            32
     $mux                          169
     $not                            8
     $or                            24
     $pmux                           5
     $reduce_bool                    4
     $reduce_or                      6
     $sdff                           6
     $sdffce                        32
     $sdffe                          2
     $sub                           13

