
 /----------------------------------------------------------------------------\
 |                                                                            |
 |  yosys -- Yosys Open SYnthesis Suite                                       |
 |                                                                            |
 |  Copyright (C) 2012 - 2020  Claire Xenia Wolf <claire@yosyshq.com>         |
 |                                                                            |
 |  Permission to use, copy, modify, and/or distribute this software for any  |
 |  purpose with or without fee is hereby granted, provided that the above    |
 |  copyright notice and this permission notice appear in all copies.         |
 |                                                                            |
 |  THE SOFTWARE IS PROVIDED "AS IS" AND THE AUTHOR DISCLAIMS ALL WARRANTIES  |
 |  WITH REGARD TO THIS SOFTWARE INCLUDING ALL IMPLIED WARRANTIES OF          |
 |  MERCHANTABILITY AND FITNESS. IN NO EVENT SHALL THE AUTHOR BE LIABLE FOR   |
 |  ANY SPECIAL, DIRECT, INDIRECT, OR CONSEQUENTIAL DAMAGES OR ANY DAMAGES    |
 |  WHATSOEVER RESULTING FROM LOSS OF USE, DATA OR PROFITS, WHETHER IN AN     |
 |  ACTION OF CONTRACT, NEGLIGENCE OR OTHER TORTIOUS ACTION, ARISING OUT OF   |
 |  OR IN CONNECTION WITH THE USE OR PERFORMANCE OF THIS SOFTWARE.            |
 |                                                                            |
 \----------------------------------------------------------------------------/

 Yosys 0.10+12 (git sha1 72fac04, gcc 7.4.0-1ubuntu1~16.04~ppa1 -fPIC -Os)


-- Executing script file `out.ys' --

1. Executing Verilog-2005 frontend: /home/zhigang/raw_data/raw_designs/vtr_designs/verilog/koios/tiny_darknet_like.medium_submodules/td_fused_top_tdf10_l2_filters_1_rom.v
Parsing SystemVerilog input from `/home/zhigang/raw_data/raw_designs/vtr_designs/verilog/koios/tiny_darknet_like.medium_submodules/td_fused_top_tdf10_l2_filters_1_rom.v' to AST representation.
Generating RTLIL representation for module `\td_fused_top_tdf10_l2_filters_1_rom'.
Successfully finished Verilog frontend.

2. Executing HIERARCHY pass (managing design hierarchy).

2.1. Finding top of design hierarchy..
root of   0 design levels: td_fused_top_tdf10_l2_filters_1_rom
Automatically selected td_fused_top_tdf10_l2_filters_1_rom as design top module.

2.2. Analyzing design hierarchy..
Top module:  \td_fused_top_tdf10_l2_filters_1_rom

2.3. Analyzing design hierarchy..
Top module:  \td_fused_top_tdf10_l2_filters_1_rom
Removed 0 unused modules.

3. Executing PROC pass (convert processes to netlists).

3.1. Executing PROC_CLEAN pass (remove empty switches from decision trees).
Cleaned up 0 empty switches.

3.2. Executing PROC_RMDEAD pass (remove dead branches from decision trees).
Removed a total of 0 dead cases.

3.3. Executing PROC_PRUNE pass (remove redundant assignments in processes).
Removed 0 redundant assignments.
Promoted 0 assignments to connections.

3.4. Executing PROC_INIT pass (extract init attributes).

3.5. Executing PROC_ARST pass (detect async resets in processes).

3.6. Executing PROC_MUX pass (convert decision trees to multiplexers).
Creating decoders for process `\td_fused_top_tdf10_l2_filters_1_rom.$proc$/home/zhigang/raw_data/raw_designs/vtr_designs/verilog/koios/tiny_darknet_like.medium_submodules/td_fused_top_tdf10_l2_filters_1_rom.v:48$3'.
     1/1: $0\q1[15:0]
Creating decoders for process `\td_fused_top_tdf10_l2_filters_1_rom.$proc$/home/zhigang/raw_data/raw_designs/vtr_designs/verilog/koios/tiny_darknet_like.medium_submodules/td_fused_top_tdf10_l2_filters_1_rom.v:38$1'.
     1/1: $0\q0[15:0]

3.7. Executing PROC_DLATCH pass (convert process syncs to latches).

3.8. Executing PROC_DFF pass (convert process syncs to FFs).
Creating register for signal `\td_fused_top_tdf10_l2_filters_1_rom.\q1' using process `\td_fused_top_tdf10_l2_filters_1_rom.$proc$/home/zhigang/raw_data/raw_designs/vtr_designs/verilog/koios/tiny_darknet_like.medium_submodules/td_fused_top_tdf10_l2_filters_1_rom.v:48$3'.
  created $dff cell `$procdff$9' with positive edge clock.
Creating register for signal `\td_fused_top_tdf10_l2_filters_1_rom.\q0' using process `\td_fused_top_tdf10_l2_filters_1_rom.$proc$/home/zhigang/raw_data/raw_designs/vtr_designs/verilog/koios/tiny_darknet_like.medium_submodules/td_fused_top_tdf10_l2_filters_1_rom.v:38$1'.
  created $dff cell `$procdff$10' with positive edge clock.

3.9. Executing PROC_MEMWR pass (convert process memory writes to cells).

3.10. Executing PROC_CLEAN pass (remove empty switches from decision trees).
Found and cleaned up 1 empty switch in `\td_fused_top_tdf10_l2_filters_1_rom.$proc$/home/zhigang/raw_data/raw_designs/vtr_designs/verilog/koios/tiny_darknet_like.medium_submodules/td_fused_top_tdf10_l2_filters_1_rom.v:48$3'.
Removing empty process `td_fused_top_tdf10_l2_filters_1_rom.$proc$/home/zhigang/raw_data/raw_designs/vtr_designs/verilog/koios/tiny_darknet_like.medium_submodules/td_fused_top_tdf10_l2_filters_1_rom.v:48$3'.
Found and cleaned up 1 empty switch in `\td_fused_top_tdf10_l2_filters_1_rom.$proc$/home/zhigang/raw_data/raw_designs/vtr_designs/verilog/koios/tiny_darknet_like.medium_submodules/td_fused_top_tdf10_l2_filters_1_rom.v:38$1'.
Removing empty process `td_fused_top_tdf10_l2_filters_1_rom.$proc$/home/zhigang/raw_data/raw_designs/vtr_designs/verilog/koios/tiny_darknet_like.medium_submodules/td_fused_top_tdf10_l2_filters_1_rom.v:38$1'.
Cleaned up 2 empty switches.

3.11. Executing OPT_EXPR pass (perform const folding).
Optimizing module td_fused_top_tdf10_l2_filters_1_rom.

4. Executing OPT pass (performing simple optimizations).

4.1. Executing OPT_EXPR pass (perform const folding).
Optimizing module td_fused_top_tdf10_l2_filters_1_rom.

4.2. Executing OPT_MERGE pass (detect identical cells).
Finding identical cells in module `\td_fused_top_tdf10_l2_filters_1_rom'.
Removed a total of 0 cells.

4.3. Executing OPT_MUXTREE pass (detect dead branches in mux trees).
Running muxtree optimizer on module \td_fused_top_tdf10_l2_filters_1_rom..
  Creating internal representation of mux trees.
  Evaluating internal representation of mux trees.
  Analyzing evaluation results.
Removed 0 multiplexer ports.
<suppressed ~2 debug messages>

4.4. Executing OPT_REDUCE pass (consolidate $*mux and $reduce_* inputs).
  Optimizing cells in module \td_fused_top_tdf10_l2_filters_1_rom.
Performed a total of 0 changes.

4.5. Executing OPT_MERGE pass (detect identical cells).
Finding identical cells in module `\td_fused_top_tdf10_l2_filters_1_rom'.
Removed a total of 0 cells.

4.6. Executing OPT_DFF pass (perform DFF optimizations).
Adding EN signal on $procdff$9 ($dff) from module td_fused_top_tdf10_l2_filters_1_rom (D = $memrd$\ram$/home/zhigang/raw_data/raw_designs/vtr_designs/verilog/koios/tiny_darknet_like.medium_submodules/td_fused_top_tdf10_l2_filters_1_rom.v:52$4_DATA, Q = \q1).
Adding EN signal on $procdff$10 ($dff) from module td_fused_top_tdf10_l2_filters_1_rom (D = $memrd$\ram$/home/zhigang/raw_data/raw_designs/vtr_designs/verilog/koios/tiny_darknet_like.medium_submodules/td_fused_top_tdf10_l2_filters_1_rom.v:42$2_DATA, Q = \q0).

4.7. Executing OPT_CLEAN pass (remove unused cells and wires).
Finding unused cells or wires in module \td_fused_top_tdf10_l2_filters_1_rom..
Removed 2 unused cells and 6 unused wires.
<suppressed ~3 debug messages>

4.8. Executing OPT_EXPR pass (perform const folding).
Optimizing module td_fused_top_tdf10_l2_filters_1_rom.

4.9. Rerunning OPT passes. (Maybe there is more to do..)

4.10. Executing OPT_MUXTREE pass (detect dead branches in mux trees).
Running muxtree optimizer on module \td_fused_top_tdf10_l2_filters_1_rom..
  Creating internal representation of mux trees.
  No muxes found in this module.
Removed 0 multiplexer ports.

4.11. Executing OPT_REDUCE pass (consolidate $*mux and $reduce_* inputs).
  Optimizing cells in module \td_fused_top_tdf10_l2_filters_1_rom.
Performed a total of 0 changes.

4.12. Executing OPT_MERGE pass (detect identical cells).
Finding identical cells in module `\td_fused_top_tdf10_l2_filters_1_rom'.
Removed a total of 0 cells.

4.13. Executing OPT_DFF pass (perform DFF optimizations).

4.14. Executing OPT_CLEAN pass (remove unused cells and wires).
Finding unused cells or wires in module \td_fused_top_tdf10_l2_filters_1_rom..

4.15. Executing OPT_EXPR pass (perform const folding).
Optimizing module td_fused_top_tdf10_l2_filters_1_rom.

4.16. Finished OPT passes. (There is nothing left to do.)

5. Printing statistics.

=== td_fused_top_tdf10_l2_filters_1_rom ===

   Number of wires:                  9
   Number of wire bits:             95
   Number of public wires:           7
   Number of public wire bits:      63
   Number of memories:               1
   Number of memory bits:       262144
   Number of processes:              0
   Number of cells:                  4
     $dffe                          32

End of script. Logfile hash: 0a1d4dd7b7, CPU: user 0.02s system 0.00s, MEM: 11.18 MB peak
Yosys 0.10+12 (git sha1 72fac04, gcc 7.4.0-1ubuntu1~16.04~ppa1 -fPIC -Os)
Time spent: 39% 4x opt_expr (0 sec), 19% 3x opt_merge (0 sec), ...
