
 /----------------------------------------------------------------------------\
 |                                                                            |
 |  yosys -- Yosys Open SYnthesis Suite                                       |
 |                                                                            |
 |  Copyright (C) 2012 - 2020  Claire Xenia Wolf <claire@yosyshq.com>         |
 |                                                                            |
 |  Permission to use, copy, modify, and/or distribute this software for any  |
 |  purpose with or without fee is hereby granted, provided that the above    |
 |  copyright notice and this permission notice appear in all copies.         |
 |                                                                            |
 |  THE SOFTWARE IS PROVIDED "AS IS" AND THE AUTHOR DISCLAIMS ALL WARRANTIES  |
 |  WITH REGARD TO THIS SOFTWARE INCLUDING ALL IMPLIED WARRANTIES OF          |
 |  MERCHANTABILITY AND FITNESS. IN NO EVENT SHALL THE AUTHOR BE LIABLE FOR   |
 |  ANY SPECIAL, DIRECT, INDIRECT, OR CONSEQUENTIAL DAMAGES OR ANY DAMAGES    |
 |  WHATSOEVER RESULTING FROM LOSS OF USE, DATA OR PROFITS, WHETHER IN AN     |
 |  ACTION OF CONTRACT, NEGLIGENCE OR OTHER TORTIOUS ACTION, ARISING OUT OF   |
 |  OR IN CONNECTION WITH THE USE OR PERFORMANCE OF THIS SOFTWARE.            |
 |                                                                            |
 \----------------------------------------------------------------------------/

 Yosys 0.10+12 (git sha1 72fac04, gcc 7.4.0-1ubuntu1~16.04~ppa1 -fPIC -Os)


-- Executing script file `out.ys' --

1. Executing Verilog-2005 frontend: /home/zhigang/raw_data/raw_designs/vtr_designs/verilog/koios/tiny_darknet_like.medium_submodules/td_fused_top_fifo_w6_d2_S_x_shiftReg.v
Parsing SystemVerilog input from `/home/zhigang/raw_data/raw_designs/vtr_designs/verilog/koios/tiny_darknet_like.medium_submodules/td_fused_top_fifo_w6_d2_S_x_shiftReg.v' to AST representation.
Generating RTLIL representation for module `\td_fused_top_fifo_w6_d2_S_x_shiftReg'.
Warning: wire '\q' is assigned in a block at /home/zhigang/raw_data/raw_designs/vtr_designs/verilog/koios/tiny_darknet_like.medium_submodules/td_fused_top_fifo_w6_d2_S_x_shiftReg.v:48.13-48.21.
Warning: wire '\q' is assigned in a block at /home/zhigang/raw_data/raw_designs/vtr_designs/verilog/koios/tiny_darknet_like.medium_submodules/td_fused_top_fifo_w6_d2_S_x_shiftReg.v:49.13-49.21.
Warning: wire '\q' is assigned in a block at /home/zhigang/raw_data/raw_designs/vtr_designs/verilog/koios/tiny_darknet_like.medium_submodules/td_fused_top_fifo_w6_d2_S_x_shiftReg.v:50.16-50.24.
Note: Assuming pure combinatorial block at /home/zhigang/raw_data/raw_designs/vtr_designs/verilog/koios/tiny_darknet_like.medium_submodules/td_fused_top_fifo_w6_d2_S_x_shiftReg.v:46.1-52.4 in
compliance with IEC 62142(E):2005 / IEEE Std. 1364.1(E):2002. Recommending
use of @* instead of @(...) for better match of synthesis and simulation.
Successfully finished Verilog frontend.

2. Executing HIERARCHY pass (managing design hierarchy).

2.1. Finding top of design hierarchy..
root of   0 design levels: td_fused_top_fifo_w6_d2_S_x_shiftReg
Automatically selected td_fused_top_fifo_w6_d2_S_x_shiftReg as design top module.

2.2. Analyzing design hierarchy..
Top module:  \td_fused_top_fifo_w6_d2_S_x_shiftReg

2.3. Analyzing design hierarchy..
Top module:  \td_fused_top_fifo_w6_d2_S_x_shiftReg
Removed 0 unused modules.

3. Executing PROC pass (convert processes to netlists).

3.1. Executing PROC_CLEAN pass (remove empty switches from decision trees).
Cleaned up 0 empty switches.

3.2. Executing PROC_RMDEAD pass (remove dead branches from decision trees).
Removed 1 dead cases from process $proc$/home/zhigang/raw_data/raw_designs/vtr_designs/verilog/koios/tiny_darknet_like.medium_submodules/td_fused_top_fifo_w6_d2_S_x_shiftReg.v:46$2 in module td_fused_top_fifo_w6_d2_S_x_shiftReg.
Marked 1 switch rules as full_case in process $proc$/home/zhigang/raw_data/raw_designs/vtr_designs/verilog/koios/tiny_darknet_like.medium_submodules/td_fused_top_fifo_w6_d2_S_x_shiftReg.v:46$2 in module td_fused_top_fifo_w6_d2_S_x_shiftReg.
Removed a total of 1 dead cases.

3.3. Executing PROC_PRUNE pass (remove redundant assignments in processes).
Removed 0 redundant assignments.
Promoted 1 assignment to connection.

3.4. Executing PROC_INIT pass (extract init attributes).

3.5. Executing PROC_ARST pass (detect async resets in processes).

3.6. Executing PROC_MUX pass (convert decision trees to multiplexers).
Creating decoders for process `\td_fused_top_fifo_w6_d2_S_x_shiftReg.$proc$/home/zhigang/raw_data/raw_designs/vtr_designs/verilog/koios/tiny_darknet_like.medium_submodules/td_fused_top_fifo_w6_d2_S_x_shiftReg.v:46$2'.
     1/1: $1\q[5:0]
Creating decoders for process `\td_fused_top_fifo_w6_d2_S_x_shiftReg.$proc$/home/zhigang/raw_data/raw_designs/vtr_designs/verilog/koios/tiny_darknet_like.medium_submodules/td_fused_top_fifo_w6_d2_S_x_shiftReg.v:35$1'.
     1/2: $0\sr_1[5:0]
     2/2: $0\sr_0[5:0]

3.7. Executing PROC_DLATCH pass (convert process syncs to latches).
No latch inferred for signal `\td_fused_top_fifo_w6_d2_S_x_shiftReg.\q' from process `\td_fused_top_fifo_w6_d2_S_x_shiftReg.$proc$/home/zhigang/raw_data/raw_designs/vtr_designs/verilog/koios/tiny_darknet_like.medium_submodules/td_fused_top_fifo_w6_d2_S_x_shiftReg.v:46$2'.

3.8. Executing PROC_DFF pass (convert process syncs to FFs).
Creating register for signal `\td_fused_top_fifo_w6_d2_S_x_shiftReg.\sr_0' using process `\td_fused_top_fifo_w6_d2_S_x_shiftReg.$proc$/home/zhigang/raw_data/raw_designs/vtr_designs/verilog/koios/tiny_darknet_like.medium_submodules/td_fused_top_fifo_w6_d2_S_x_shiftReg.v:35$1'.
  created $dff cell `$procdff$10' with positive edge clock.
Creating register for signal `\td_fused_top_fifo_w6_d2_S_x_shiftReg.\sr_1' using process `\td_fused_top_fifo_w6_d2_S_x_shiftReg.$proc$/home/zhigang/raw_data/raw_designs/vtr_designs/verilog/koios/tiny_darknet_like.medium_submodules/td_fused_top_fifo_w6_d2_S_x_shiftReg.v:35$1'.
  created $dff cell `$procdff$11' with positive edge clock.

3.9. Executing PROC_MEMWR pass (convert process memory writes to cells).

3.10. Executing PROC_CLEAN pass (remove empty switches from decision trees).
Found and cleaned up 1 empty switch in `\td_fused_top_fifo_w6_d2_S_x_shiftReg.$proc$/home/zhigang/raw_data/raw_designs/vtr_designs/verilog/koios/tiny_darknet_like.medium_submodules/td_fused_top_fifo_w6_d2_S_x_shiftReg.v:46$2'.
Removing empty process `td_fused_top_fifo_w6_d2_S_x_shiftReg.$proc$/home/zhigang/raw_data/raw_designs/vtr_designs/verilog/koios/tiny_darknet_like.medium_submodules/td_fused_top_fifo_w6_d2_S_x_shiftReg.v:46$2'.
Found and cleaned up 1 empty switch in `\td_fused_top_fifo_w6_d2_S_x_shiftReg.$proc$/home/zhigang/raw_data/raw_designs/vtr_designs/verilog/koios/tiny_darknet_like.medium_submodules/td_fused_top_fifo_w6_d2_S_x_shiftReg.v:35$1'.
Removing empty process `td_fused_top_fifo_w6_d2_S_x_shiftReg.$proc$/home/zhigang/raw_data/raw_designs/vtr_designs/verilog/koios/tiny_darknet_like.medium_submodules/td_fused_top_fifo_w6_d2_S_x_shiftReg.v:35$1'.
Cleaned up 2 empty switches.

3.11. Executing OPT_EXPR pass (perform const folding).
Optimizing module td_fused_top_fifo_w6_d2_S_x_shiftReg.
<suppressed ~1 debug messages>

4. Executing OPT pass (performing simple optimizations).

4.1. Executing OPT_EXPR pass (perform const folding).
Optimizing module td_fused_top_fifo_w6_d2_S_x_shiftReg.

4.2. Executing OPT_MERGE pass (detect identical cells).
Finding identical cells in module `\td_fused_top_fifo_w6_d2_S_x_shiftReg'.
Removed a total of 0 cells.

4.3. Executing OPT_MUXTREE pass (detect dead branches in mux trees).
Running muxtree optimizer on module \td_fused_top_fifo_w6_d2_S_x_shiftReg..
  Creating internal representation of mux trees.
  Evaluating internal representation of mux trees.
  Analyzing evaluation results.
Removed 0 multiplexer ports.
<suppressed ~3 debug messages>

4.4. Executing OPT_REDUCE pass (consolidate $*mux and $reduce_* inputs).
  Optimizing cells in module \td_fused_top_fifo_w6_d2_S_x_shiftReg.
Performed a total of 0 changes.

4.5. Executing OPT_MERGE pass (detect identical cells).
Finding identical cells in module `\td_fused_top_fifo_w6_d2_S_x_shiftReg'.
Removed a total of 0 cells.

4.6. Executing OPT_DFF pass (perform DFF optimizations).
Adding EN signal on $procdff$10 ($dff) from module td_fused_top_fifo_w6_d2_S_x_shiftReg (D = \data, Q = \sr_0).
Adding EN signal on $procdff$11 ($dff) from module td_fused_top_fifo_w6_d2_S_x_shiftReg (D = \sr_0, Q = \sr_1).

4.7. Executing OPT_CLEAN pass (remove unused cells and wires).
Finding unused cells or wires in module \td_fused_top_fifo_w6_d2_S_x_shiftReg..
Removed 2 unused cells and 11 unused wires.
<suppressed ~4 debug messages>

4.8. Executing OPT_EXPR pass (perform const folding).
Optimizing module td_fused_top_fifo_w6_d2_S_x_shiftReg.

4.9. Rerunning OPT passes. (Maybe there is more to do..)

4.10. Executing OPT_MUXTREE pass (detect dead branches in mux trees).
Running muxtree optimizer on module \td_fused_top_fifo_w6_d2_S_x_shiftReg..
  Creating internal representation of mux trees.
  Evaluating internal representation of mux trees.
  Analyzing evaluation results.
Removed 0 multiplexer ports.
<suppressed ~1 debug messages>

4.11. Executing OPT_REDUCE pass (consolidate $*mux and $reduce_* inputs).
  Optimizing cells in module \td_fused_top_fifo_w6_d2_S_x_shiftReg.
Performed a total of 0 changes.

4.12. Executing OPT_MERGE pass (detect identical cells).
Finding identical cells in module `\td_fused_top_fifo_w6_d2_S_x_shiftReg'.
Removed a total of 0 cells.

4.13. Executing OPT_DFF pass (perform DFF optimizations).

4.14. Executing OPT_CLEAN pass (remove unused cells and wires).
Finding unused cells or wires in module \td_fused_top_fifo_w6_d2_S_x_shiftReg..

4.15. Executing OPT_EXPR pass (perform const folding).
Optimizing module td_fused_top_fifo_w6_d2_S_x_shiftReg.

4.16. Finished OPT passes. (There is nothing left to do.)

5. Printing statistics.

=== td_fused_top_fifo_w6_d2_S_x_shiftReg ===

   Number of wires:                  8
   Number of wire bits:             28
   Number of public wires:           7
   Number of public wire bits:      27
   Number of memories:               0
   Number of memory bits:            0
   Number of processes:              0
   Number of cells:                  4
     $dffe                          12
     $not                            1
     $pmux                           6

Warnings: 3 unique messages, 3 total
End of script. Logfile hash: c81921e7d9, CPU: user 0.02s system 0.00s, MEM: 11.27 MB peak
Yosys 0.10+12 (git sha1 72fac04, gcc 7.4.0-1ubuntu1~16.04~ppa1 -fPIC -Os)
Time spent: 49% 4x opt_expr (0 sec), 24% 3x opt_merge (0 sec), ...
