
5. Printing statistics.

=== $paramod$2cc697b95dae621c23ec527898048e96d6aad65a\td_fused_top_mul_10s_9ns_16_1_1 ===

   Number of wires:                  3
   Number of wire bits:             35
   Number of public wires:           3
   Number of public wire bits:      35
   Number of memories:               0
   Number of memory bits:            0
   Number of processes:              0
   Number of cells:                  1

=== $paramod$3c0377098b222d6572752d08e873f7489758dceb\td_fused_top_hmul_16ns_16ns_16_5_max_dsp_1 ===

   Number of wires:                 19
   Number of wire bits:            169
   Number of public wires:          19
   Number of public wire bits:     169
   Number of memories:               0
   Number of memory bits:            0
   Number of processes:              0
   Number of cells:                  6
     $dff                           17
     $dffe                          32
     $mux                           16

=== $paramod$444f4f35aae1753c454375fdcc6a89a96e0bb6d9\td_fused_top_dataflow_in_loop_TOP_LOOP47680_accum2_out_0 ===

   Number of wires:                 55
   Number of wire bits:            130
   Number of public wires:          28
   Number of public wire bits:      99
   Number of memories:               0
   Number of memory bits:            0
   Number of processes:              0
   Number of cells:                 36
     $add                            4
     $and                            4
     $eq                             2
     $logic_and                      7
     $logic_not                      5
     $logic_or                       1
     $mux                            8
     $reduce_bool                    4
     $reduce_or                      2
     $sdffe                          6
     $sub                            2

=== $paramod$912b74f0497673b69e86cc7c82dae9d480ead345\td_fused_top_hsub_16ns_16ns_16_7_full_dsp_1 ===

   Number of wires:                 19
   Number of wire bits:            169
   Number of public wires:          19
   Number of public wire bits:     169
   Number of memories:               0
   Number of memory bits:            0
   Number of processes:              0
   Number of cells:                  6
     $dff                           17
     $dffe                          32
     $mux                           16

=== $paramod$b62304d151914b25092b5cb636c35cea58e8e633\td_fused_top_dataflow_in_loop_TOP_LOOP47680_ifmap_vec_0_0_0 ===

   Number of wires:                 55
   Number of wire bits:            142
   Number of public wires:          28
   Number of public wire bits:     111
   Number of memories:               0
   Number of memory bits:            0
   Number of processes:              0
   Number of cells:                 36
     $add                            4
     $and                            4
     $eq                             2
     $logic_and                      7
     $logic_not                      5
     $logic_or                       1
     $mux                            8
     $reduce_bool                    4
     $reduce_or                      2
     $sdffe                          6
     $sub                            2

=== $paramod$b62304d151914b25092b5cb636c35cea58e8e633\td_fused_top_dataflow_in_loop_TOP_LOOP47680_products_0_0 ===

   Number of wires:                101
   Number of wire bits:            389
   Number of public wires:          51
   Number of public wire bits:     305
   Number of memories:               0
   Number of memory bits:            0
   Number of processes:              0
   Number of cells:                 82
     $add                            4
     $and                            4
     $eq                             2
     $logic_and                     11
     $logic_not                      9
     $logic_or                       1
     $mux                          176
     $not                            1
     $reduce_bool                    8
     $reduce_or                      2
     $sdff                           2
     $sdffe                         40
     $sub                            2

=== $paramod$bd98ea72159fe26174e7b3ed5baca9c91958ef6f\td_fused_top_hadd_16ns_16ns_16_8_full_dsp_1 ===

   Number of wires:                 19
   Number of wire bits:            169
   Number of public wires:          19
   Number of public wire bits:     169
   Number of memories:               0
   Number of memory bits:            0
   Number of processes:              0
   Number of cells:                  6
     $dff                           17
     $dffe                          32
     $mux                           16

=== $paramod$e36eaf216809172bdd5f22425c51e5fbd0273c5d\td_fused_top_dataflow_in_loop_TOP_LOOP47680_accum1_out_0 ===

   Number of wires:                110
   Number of wire bits:            443
   Number of public wires:          58
   Number of public wire bits:     357
   Number of memories:               0
   Number of memory bits:            0
   Number of processes:              0
   Number of cells:                 88
     $add                            4
     $and                            4
     $eq                             2
     $logic_and                     11
     $logic_not                      9
     $logic_or                       1
     $mux                          204
     $not                            1
     $reduce_bool                    8
     $reduce_or                      2
     $sdff                           2
     $sdffe                         40
     $sub                            2

=== FPAddSub ===

   Number of wires:                 45
   Number of wire bits:            591
   Number of public wires:          45
   Number of public wire bits:     591
   Number of memories:               0
   Number of memory bits:            0
   Number of processes:              0
   Number of cells:                 19
     $mux                          338

=== FPAddSub_AlignModule ===

   Number of wires:                  8
   Number of wire bits:             71
   Number of public wires:           8
   Number of public wire bits:      71
   Number of memories:               0
   Number of memory bits:            0
   Number of processes:              0
   Number of cells:                  5
     $lt                            15
     $mux                           30

=== FPAddSub_AlignShift1 ===

   Number of wires:                 12
   Number of wire bits:             74
   Number of public wires:           6
   Number of public wire bits:      68
   Number of memories:               0
   Number of memory bits:            0
   Number of processes:              0
   Number of cells:                 18
     $eq                             6
     $logic_not                      2
     $mux                           11
     $pmux                          11
     $reduce_or                      5

=== FPAddSub_AlignShift2 ===

   Number of wires:                 11
   Number of wire bits:             63
   Number of public wires:           5
   Number of public wire bits:      57
   Number of memories:               0
   Number of memory bits:            0
   Number of processes:              0
   Number of cells:                 17
     $eq                             6
     $logic_not                      2
     $pmux                          11
     $reduce_or                      5

=== FPAddSub_ExceptionModule ===

   Number of wires:                 23
   Number of wire bits:             61
   Number of public wires:          13
   Number of public wire bits:      51
   Number of memories:               0
   Number of memory bits:            0
   Number of processes:              0
   Number of cells:                 15
     $and                            4
     $logic_not                      1
     $not                            2
     $or                             5
     $reduce_and                     5
     $reduce_or                      8

=== FPAddSub_ExecutionModule ===

   Number of wires:                 12
   Number of wire bits:             79
   Number of public wires:           9
   Number of public wire bits:      44
   Number of memories:               0
   Number of memory bits:            0
   Number of processes:              0
   Number of cells:                  6
     $add                           17
     $mux                           18
     $sub                           17
     $xor                            2

=== FPAddSub_NormalizeModule ===

   Number of wires:                 16
   Number of wire bits:            116
   Number of public wires:           4
   Number of public wire bits:      56
   Number of memories:               0
   Number of memory bits:            0
   Number of processes:              0
   Number of cells:                 14
     $mux                           82

=== FPAddSub_NormalizeShift1 ===

   Number of wires:                 19
   Number of wire bits:            152
   Number of public wires:           7
   Number of public wire bits:     140
   Number of memories:               0
   Number of memory bits:            0
   Number of processes:              0
   Number of cells:                 20
     $eq                            12
     $logic_not                      4
     $pmux                          34
     $reduce_or                      8

=== FPAddSub_NormalizeShift2 ===

   Number of wires:                 14
   Number of wire bits:             62
   Number of public wires:          13
   Number of public wire bits:      61
   Number of memories:               0
   Number of memory bits:            0
   Number of processes:              0
   Number of cells:                  6
     $add                            6
     $logic_not                      1
     $mux                            6
     $reduce_or                     21
     $sub                            6

=== FPAddSub_PrealignModule ===

   Number of wires:                 30
   Number of wire bits:            295
   Number of public wires:          16
   Number of public wire bits:      95
   Number of memories:               0
   Number of memory bits:            0
   Number of processes:              0
   Number of cells:                 19
     $add                          128
     $and                            4
     $logic_not                      2
     $not                           64
     $or                             3
     $reduce_and                    10
     $reduce_or                     20

=== FPAddSub_RoundModule ===

   Number of wires:                 35
   Number of wire bits:            124
   Number of public wires:          19
   Number of public wire bits:      72
   Number of memories:               0
   Number of memory bits:            0
   Number of processes:              0
   Number of cells:                 22
     $add                           38
     $and                            7
     $mux                           18
     $not                            2
     $or                             5
     $xor                            2

=== FPMult_16 ===

   Number of wires:                 27
   Number of wire bits:            348
   Number of public wires:          27
   Number of public wire bits:     348
   Number of memories:               0
   Number of memory bits:            0
   Number of processes:              0
   Number of cells:                  9
     $mux                          165

=== FPMult_ExecuteModule ===

   Number of wires:                 15
   Number of wire bits:            103
   Number of public wires:          12
   Number of public wire bits:      95
   Number of memories:               0
   Number of memory bits:            0
   Number of processes:              0
   Number of cells:                  7
     $add                           12
     $and                            1
     $mux                           10
     $or                             1
     $reduce_or                     10
     $xor                            1

=== FPMult_NormalizeModule ===

   Number of wires:                  8
   Number of wire bits:            114
   Number of public wires:           6
   Number of public wire bits:      50
   Number of memories:               0
   Number of memory bits:            0
   Number of processes:              0
   Number of cells:                  2
     $sub                           64

=== FPMult_PrepModule ===

   Number of wires:                 23
   Number of wire bits:             86
   Number of public wires:          14
   Number of public wire bits:      77
   Number of memories:               0
   Number of memory bits:            0
   Number of processes:              0
   Number of cells:                 15
     $and                            4
     $logic_not                      2
     $mul                           22
     $or                             3
     $reduce_and                    10
     $reduce_or                     20

=== FPMult_RoundModule ===

   Number of wires:                 12
   Number of wire bits:             90
   Number of public wires:          12
   Number of public wire bits:      90
   Number of memories:               0
   Number of memory bits:            0
   Number of processes:              0
   Number of cells:                  3
     $mux                           28

=== td_fused_top_Block_entry_proc_proc573 ===

   Number of wires:                 16
   Number of wire bits:             61
   Number of public wires:          14
   Number of public wire bits:      59
   Number of memories:               0
   Number of memory bits:            0
   Number of processes:              0
   Number of cells:                  9
     $mux                           19
     $not                            1
     $or                             1
     $reduce_or                      2
     $sdff                          17

=== td_fused_top_Block_entry_proc_proc574 ===

   Number of wires:                 16
   Number of wire bits:             61
   Number of public wires:          14
   Number of public wire bits:      59
   Number of memories:               0
   Number of memory bits:            0
   Number of processes:              0
   Number of cells:                  9
     $mux                           19
     $not                            1
     $or                             1
     $reduce_or                      2
     $sdff                          17

=== td_fused_top_ap_hadd_6_full_dsp_16 ===

   Number of wires:                 12
   Number of wire bits:            117
   Number of public wires:          12
   Number of public wire bits:     117
   Number of memories:               0
   Number of memory bits:            0
   Number of processes:              0
   Number of cells:                  4
     $dffe                          48

=== td_fused_top_ap_hmul_3_max_dsp_16 ===

   Number of wires:                 12
   Number of wire bits:            117
   Number of public wires:          12
   Number of public wire bits:     117
   Number of memories:               0
   Number of memory bits:            0
   Number of processes:              0
   Number of cells:                  4
     $dffe                          48

=== td_fused_top_dataflow_in_loop_TOP_LOOP47680 ===

   Number of wires:                582
   Number of wire bits:           3121
   Number of public wires:         486
   Number of public wire bits:    3025
   Number of memories:               0
   Number of memory bits:            0
   Number of processes:              0
   Number of cells:                190
     $and                           82
     $not                           34
     $or                            14
     $reduce_or                     10
     $sdff                          14

=== td_fused_top_dataflow_in_loop_TOP_LOOP47680_accum1_out_0_memcore ===

   Number of wires:                 12
   Number of wire bits:             78
   Number of public wires:          12
   Number of public wire bits:      78
   Number of memories:               0
   Number of memory bits:            0
   Number of processes:              0
   Number of cells:                  1

=== td_fused_top_dataflow_in_loop_TOP_LOOP47680_accum1_out_0_memcore_ram ===

   Number of wires:                 25
   Number of wire bits:            253
   Number of public wires:          11
   Number of public wire bits:      77
   Number of memories:               1
   Number of memory bits:          256
   Number of processes:              0
   Number of cells:                 18
     $dffe                          32
     $mux                           84

=== td_fused_top_dataflow_in_loop_TOP_LOOP47680_accum2_out_0_memcore ===

   Number of wires:                 12
   Number of wire bits:             78
   Number of public wires:          12
   Number of public wire bits:      78
   Number of memories:               0
   Number of memory bits:            0
   Number of processes:              0
   Number of cells:                  1

=== td_fused_top_dataflow_in_loop_TOP_LOOP47680_accum2_out_0_memcore_ram ===

   Number of wires:                 25
   Number of wire bits:            253
   Number of public wires:          11
   Number of public wire bits:      77
   Number of memories:               1
   Number of memory bits:          256
   Number of processes:              0
   Number of cells:                 18
     $dffe                          32
     $mux                           84

=== td_fused_top_dataflow_in_loop_TOP_LOOP47680_ifmap_vec_0_0_0_memcore ===

   Number of wires:                 12
   Number of wire bits:             84
   Number of public wires:          12
   Number of public wire bits:      84
   Number of memories:               0
   Number of memory bits:            0
   Number of processes:              0
   Number of cells:                  1

=== td_fused_top_dataflow_in_loop_TOP_LOOP47680_ifmap_vec_0_0_0_memcore_ram ===

   Number of wires:                 25
   Number of wire bits:            271
   Number of public wires:          11
   Number of public wire bits:      83
   Number of memories:               1
   Number of memory bits:         2048
   Number of processes:              0
   Number of cells:                 18
     $dffe                          32
     $mux                           96

=== td_fused_top_dataflow_in_loop_TOP_LOOP47680_products_0_0_memcore ===

   Number of wires:                 10
   Number of wire bits:             65
   Number of public wires:          10
   Number of public wire bits:      65
   Number of memories:               0
   Number of memory bits:            0
   Number of processes:              0
   Number of cells:                  1

=== td_fused_top_dataflow_in_loop_TOP_LOOP47680_products_0_0_memcore_ram ===

   Number of wires:                 17
   Number of wire bits:            172
   Number of public wires:           9
   Number of public wire bits:      64
   Number of memories:               1
   Number of memory bits:         1024
   Number of processes:              0
   Number of cells:                 11
     $dffe                          32
     $mux                           46

=== td_fused_top_fifo_w16_d2_S_x9 ===

   Number of wires:                 45
   Number of wire bits:            172
   Number of public wires:          17
   Number of public wire bits:      78
   Number of memories:               0
   Number of memory bits:            0
   Number of processes:              0
   Number of cells:                 34
     $add                            2
     $and                           68
     $eq                            64
     $logic_and                      2
     $logic_not                     66
     $mux                            8
     $ne                             2
     $not                            2
     $or                             2
     $reduce_and                     4
     $reduce_bool                    2
     $reduce_or                      2
     $sdffe                          4
     $sub                            2

=== td_fused_top_fifo_w16_d2_S_x9_shiftReg ===

   Number of wires:                  8
   Number of wire bits:             68
   Number of public wires:           7
   Number of public wire bits:      67
   Number of memories:               0
   Number of memory bits:            0
   Number of processes:              0
   Number of cells:                  4
     $dffe                          32
     $not                            1
     $pmux                          16

=== td_fused_top_fifo_w4_d8_S_x0 ===

   Number of wires:                 46
   Number of wire bits:            137
   Number of public wires:          17
   Number of public wire bits:      34
   Number of memories:               0
   Number of memory bits:            0
   Number of processes:              0
   Number of cells:                 35
     $add                            4
     $and                           68
     $eq                            68
     $logic_and                      2
     $logic_not                     68
     $mux                           14
     $ne                             2
     $not                            2
     $or                             2
     $reduce_and                     4
     $reduce_bool                    2
     $reduce_or                      2
     $sdffe                          6
     $sub                            4

=== td_fused_top_fifo_w4_d8_S_x0_shiftReg ===

   Number of wires:                 21
   Number of wire bits:             53
   Number of public wires:          13
   Number of public wire bits:      45
   Number of memories:               0
   Number of memory bits:            0
   Number of processes:              0
   Number of cells:                 17
     $dffe                          32
     $eq                            21
     $logic_not                      3
     $pmux                           4

=== td_fused_top_fifo_w8_d8_S_x ===

   Number of wires:                 46
   Number of wire bits:            153
   Number of public wires:          17
   Number of public wire bits:      50
   Number of memories:               0
   Number of memory bits:            0
   Number of processes:              0
   Number of cells:                 35
     $add                            4
     $and                           68
     $eq                            68
     $logic_and                      2
     $logic_not                     68
     $mux                           14
     $ne                             2
     $not                            2
     $or                             2
     $reduce_and                     4
     $reduce_bool                    2
     $reduce_or                      2
     $sdffe                          6
     $sub                            4

=== td_fused_top_fifo_w8_d8_S_x_shiftReg ===

   Number of wires:                 21
   Number of wire bits:             93
   Number of public wires:          13
   Number of public wire bits:      85
   Number of memories:               0
   Number of memory bits:            0
   Number of processes:              0
   Number of cells:                 17
     $dffe                          64
     $eq                            21
     $logic_not                      3
     $pmux                           8

=== td_fused_top_fifo_w9_d2_S ===

   Number of wires:                 45
   Number of wire bits:            144
   Number of public wires:          17
   Number of public wire bits:      50
   Number of memories:               0
   Number of memory bits:            0
   Number of processes:              0
   Number of cells:                 34
     $add                            2
     $and                           68
     $eq                            64
     $logic_and                      2
     $logic_not                     66
     $mux                            8
     $ne                             2
     $not                            2
     $or                             2
     $reduce_and                     4
     $reduce_bool                    2
     $reduce_or                      2
     $sdffe                          4
     $sub                            2

=== td_fused_top_fifo_w9_d2_S_shiftReg ===

   Number of wires:                  8
   Number of wire bits:             40
   Number of public wires:           7
   Number of public wire bits:      39
   Number of memories:               0
   Number of memory bits:            0
   Number of processes:              0
   Number of cells:                  4
     $dffe                          18
     $not                            1
     $pmux                           9

=== td_fused_top_fifo_w9_d8_S ===

   Number of wires:                 46
   Number of wire bits:            157
   Number of public wires:          17
   Number of public wire bits:      54
   Number of memories:               0
   Number of memory bits:            0
   Number of processes:              0
   Number of cells:                 35
     $add                            4
     $and                           68
     $eq                            68
     $logic_and                      2
     $logic_not                     68
     $mux                           14
     $ne                             2
     $not                            2
     $or                             2
     $reduce_and                     4
     $reduce_bool                    2
     $reduce_or                      2
     $sdffe                          6
     $sub                            4

=== td_fused_top_fifo_w9_d8_S_shiftReg ===

   Number of wires:                 21
   Number of wire bits:            103
   Number of public wires:          13
   Number of public wire bits:      95
   Number of memories:               0
   Number of memory bits:            0
   Number of processes:              0
   Number of cells:                 17
     $dffe                          72
     $eq                            21
     $logic_not                      3
     $pmux                           9

=== td_fused_top_mul_10s_9ns_16_1_1_Multiplier_0 ===

   Number of wires:                  3
   Number of wire bits:             35
   Number of public wires:           3
   Number of public wire bits:      35
   Number of memories:               0
   Number of memory bits:            0
   Number of processes:              0
   Number of cells:                  1
     $mul                           16

=== td_fused_top_start_for_tdf12_readFilters82_U0 ===

   Number of wires:                 45
   Number of wire bits:            112
   Number of public wires:          17
   Number of public wire bits:      18
   Number of memories:               0
   Number of memory bits:            0
   Number of processes:              0
   Number of cells:                 34
     $add                            2
     $and                           68
     $eq                            64
     $logic_and                      2
     $logic_not                     66
     $mux                            8
     $ne                             2
     $not                            2
     $or                             2
     $reduce_and                     4
     $reduce_bool                    2
     $reduce_or                      2
     $sdffe                          4
     $sub                            2

=== td_fused_top_start_for_tdf12_readFilters82_U0_shiftReg ===

   Number of wires:                  8
   Number of wire bits:              8
   Number of public wires:           7
   Number of public wire bits:       7
   Number of memories:               0
   Number of memory bits:            0
   Number of processes:              0
   Number of cells:                  4
     $dffe                           2
     $not                            1
     $pmux                           1

=== td_fused_top_tdf12_13 ===

   Number of wires:                144
   Number of wire bits:           1954
   Number of public wires:         118
   Number of public wire bits:    1832
   Number of memories:               0
   Number of memory bits:            0
   Number of processes:              0
   Number of cells:                 33
     $add                           34
     $and                           11
     $eq                            34
     $logic_not                     17
     $mux                           72
     $not                            3
     $or                             1
     $reduce_bool                    4
     $sdffe                         34

=== td_fused_top_tdf12_accum_1 ===

   Number of wires:                329
   Number of wire bits:           2761
   Number of public wires:         182
   Number of public wire bits:    1950
   Number of memories:               0
   Number of memory bits:            0
   Number of processes:              0
   Number of cells:                237
     $add                           13
     $and                           47
     $dffe                         536
     $eq                           173
     $logic_not                      4
     $mux                          976
     $not                           14
     $or                            51
     $pmux                          11
     $reduce_bool                    4
     $reduce_or                      4
     $sdff                          12
     $sdffe                          8

=== td_fused_top_tdf12_accum_2 ===

   Number of wires:                114
   Number of wire bits:            471
   Number of public wires:          83
   Number of public wire bits:     434
   Number of memories:               0
   Number of memory bits:            0
   Number of processes:              0
   Number of cells:                 82
     $add                            4
     $and                           11
     $dff                           40
     $dffe                          58
     $eq                            13
     $mux                           22
     $not                            9
     $or                             6
     $pmux                           3
     $reduce_or                      4
     $sdff                          18
     $sdffe                          1

=== td_fused_top_tdf12_accum_3 ===

   Number of wires:                 50
   Number of wire bits:            254
   Number of public wires:          30
   Number of public wire bits:     214
   Number of memories:               0
   Number of memory bits:            0
   Number of processes:              0
   Number of cells:                 37
     $add                            4
     $and                            3
     $dffe                          20
     $eq                           125
     $mux                           43
     $not                            2
     $or                             1
     $pmux                          11
     $reduce_or                      2
     $sdff                          28
     $sdffe                         20

=== td_fused_top_tdf12_accum_3_1 ===

   Number of wires:                 50
   Number of wire bits:            254
   Number of public wires:          30
   Number of public wire bits:     214
   Number of memories:               0
   Number of memory bits:            0
   Number of processes:              0
   Number of cells:                 37
     $add                            4
     $and                            3
     $dffe                          20
     $eq                           125
     $mux                           43
     $not                            2
     $or                             1
     $pmux                          11
     $reduce_or                      2
     $sdff                          28
     $sdffe                         20

=== td_fused_top_tdf12_adjust ===

   Number of wires:                198
   Number of wire bits:            984
   Number of public wires:         165
   Number of public wire bits:     945
   Number of memories:               0
   Number of memory bits:            0
   Number of processes:              0
   Number of cells:                148
     $add                            2
     $and                           10
     $dff                          344
     $dffe                         159
     $eq                            11
     $mux                           51
     $not                            8
     $or                             2
     $pmux                           3
     $reduce_and                     4
     $reduce_bool                    2
     $reduce_or                      4
     $sdff                          26
     $sdffe                          1

=== td_fused_top_tdf12_dot_product ===

   Number of wires:                137
   Number of wire bits:           1094
   Number of public wires:         101
   Number of public wire bits:    1038
   Number of memories:               0
   Number of memory bits:            0
   Number of processes:              0
   Number of cells:                 86
     $add                            8
     $and                           12
     $dff                           35
     $dffe                         182
     $eq                            17
     $mux                           34
     $not                           10
     $or                             2
     $pmux                           3
     $reduce_bool                    2
     $reduce_or                      4
     $sdff                          11
     $sdffe                          1

=== td_fused_top_tdf12_get_next_ijk ===

   Number of wires:                 74
   Number of wire bits:            278
   Number of public wires:          42
   Number of public wire bits:     216
   Number of memories:               0
   Number of memory bits:            0
   Number of processes:              0
   Number of cells:                 52
     $add                           48
     $and                            8
     $dffe                          32
     $eq                            48
     $mux                           76
     $not                            9
     $or                             6
     $reduce_bool                    2
     $reduce_or                      2
     $sdff                           1
     $sdffce                        16
     $sdffe                          1

=== td_fused_top_tdf12_readFilters82 ===

   Number of wires:                 91
   Number of wire bits:            523
   Number of public wires:          61
   Number of public wire bits:     475
   Number of memories:               0
   Number of memory bits:            0
   Number of processes:              0
   Number of cells:                 50
     $add                            8
     $and                           11
     $dffe                          24
     $eq                            17
     $mux                           32
     $not                            6
     $or                             2
     $pmux                           3
     $reduce_bool                    2
     $reduce_or                      4
     $sdff                           5
     $sdffe                          1

=== td_fused_top_tdf12_readInputs ===

   Number of wires:                176
   Number of wire bits:           1889
   Number of public wires:         126
   Number of public wire bits:    1816
   Number of memories:               0
   Number of memory bits:            0
   Number of processes:              0
   Number of cells:                115
     $add                           18
     $and                          141
     $dffe                         195
     $eq                            24
     $gt                            44
     $mux                          238
     $not                           14
     $or                            25
     $pmux                           4
     $reduce_bool                    2
     $reduce_or                      4
     $sdff                           7
     $sdffe                          1
     $shr                          256
     $sub                           51
     $xor                           14

=== td_fused_top_tdf12_writeOutputs_unaligned ===

   Number of wires:                111
   Number of wire bits:            726
   Number of public wires:          69
   Number of public wire bits:     629
   Number of memories:               0
   Number of memory bits:            0
   Number of processes:              0
   Number of cells:                 77
     $add                           60
     $and                           11
     $dffe                         139
     $eq                            65
     $logic_not                      2
     $mux                           87
     $not                            6
     $or                             3
     $pmux                           5
     $reduce_bool                    5
     $reduce_or                      4
     $sdff                           6
     $sdffce                        16
     $sub                            9

=== design hierarchy ===

   td_fused_top_tdf12_13             1
     td_fused_top_dataflow_in_loop_TOP_LOOP47680      0
       $paramod$444f4f35aae1753c454375fdcc6a89a96e0bb6d9\td_fused_top_dataflow_in_loop_TOP_LOOP47680_accum2_out_0      0
         td_fused_top_dataflow_in_loop_TOP_LOOP47680_accum2_out_0_memcore      0
           td_fused_top_dataflow_in_loop_TOP_LOOP47680_accum2_out_0_memcore_ram      0
       $paramod$b62304d151914b25092b5cb636c35cea58e8e633\td_fused_top_dataflow_in_loop_TOP_LOOP47680_ifmap_vec_0_0_0      0
         td_fused_top_dataflow_in_loop_TOP_LOOP47680_ifmap_vec_0_0_0_memcore      0
           td_fused_top_dataflow_in_loop_TOP_LOOP47680_ifmap_vec_0_0_0_memcore_ram      0
       $paramod$b62304d151914b25092b5cb636c35cea58e8e633\td_fused_top_dataflow_in_loop_TOP_LOOP47680_products_0_0      0
         td_fused_top_dataflow_in_loop_TOP_LOOP47680_products_0_0_memcore      0
           td_fused_top_dataflow_in_loop_TOP_LOOP47680_products_0_0_memcore_ram      0
       $paramod$e36eaf216809172bdd5f22425c51e5fbd0273c5d\td_fused_top_dataflow_in_loop_TOP_LOOP47680_accum1_out_0      0
         td_fused_top_dataflow_in_loop_TOP_LOOP47680_accum1_out_0_memcore      0
           td_fused_top_dataflow_in_loop_TOP_LOOP47680_accum1_out_0_memcore_ram      0
       td_fused_top_Block_entry_proc_proc573      0
       td_fused_top_Block_entry_proc_proc574      0
       td_fused_top_fifo_w16_d2_S_x9      0
         td_fused_top_fifo_w16_d2_S_x9_shiftReg      0
       td_fused_top_fifo_w4_d8_S_x0      0
         td_fused_top_fifo_w4_d8_S_x0_shiftReg      0
       td_fused_top_fifo_w8_d8_S_x      0
         td_fused_top_fifo_w8_d8_S_x_shiftReg      0
       td_fused_top_fifo_w9_d2_S      0
         td_fused_top_fifo_w9_d2_S_shiftReg      0
       td_fused_top_fifo_w9_d8_S      0
         td_fused_top_fifo_w9_d8_S_shiftReg      0
       td_fused_top_start_for_tdf12_readFilters82_U0      0
         td_fused_top_start_for_tdf12_readFilters82_U0_shiftReg      0
       td_fused_top_tdf12_accum_1      0
         $paramod$bd98ea72159fe26174e7b3ed5baca9c91958ef6f\td_fused_top_hadd_16ns_16ns_16_8_full_dsp_1      0
           td_fused_top_ap_hadd_6_full_dsp_16      0
             FPAddSub                0
               FPAddSub_AlignModule      0
               FPAddSub_AlignShift1      0
               FPAddSub_AlignShift2      0
               FPAddSub_ExceptionModule      0
               FPAddSub_ExecutionModule      0
               FPAddSub_NormalizeModule      0
               FPAddSub_NormalizeShift1      0
               FPAddSub_NormalizeShift2      0
               FPAddSub_PrealignModule      0
               FPAddSub_RoundModule      0
       td_fused_top_tdf12_accum_2      0
         $paramod$bd98ea72159fe26174e7b3ed5baca9c91958ef6f\td_fused_top_hadd_16ns_16ns_16_8_full_dsp_1      0
           td_fused_top_ap_hadd_6_full_dsp_16      0
             FPAddSub                0
               FPAddSub_AlignModule      0
               FPAddSub_AlignShift1      0
               FPAddSub_AlignShift2      0
               FPAddSub_ExceptionModule      0
               FPAddSub_ExecutionModule      0
               FPAddSub_NormalizeModule      0
               FPAddSub_NormalizeShift1      0
               FPAddSub_NormalizeShift2      0
               FPAddSub_PrealignModule      0
               FPAddSub_RoundModule      0
       td_fused_top_tdf12_accum_3      0
         $paramod$bd98ea72159fe26174e7b3ed5baca9c91958ef6f\td_fused_top_hadd_16ns_16ns_16_8_full_dsp_1      0
           td_fused_top_ap_hadd_6_full_dsp_16      0
             FPAddSub                0
               FPAddSub_AlignModule      0
               FPAddSub_AlignShift1      0
               FPAddSub_AlignShift2      0
               FPAddSub_ExceptionModule      0
               FPAddSub_ExecutionModule      0
               FPAddSub_NormalizeModule      0
               FPAddSub_NormalizeShift1      0
               FPAddSub_NormalizeShift2      0
               FPAddSub_PrealignModule      0
               FPAddSub_RoundModule      0
       td_fused_top_tdf12_accum_3_1      0
         $paramod$bd98ea72159fe26174e7b3ed5baca9c91958ef6f\td_fused_top_hadd_16ns_16ns_16_8_full_dsp_1      0
           td_fused_top_ap_hadd_6_full_dsp_16      0
             FPAddSub                0
               FPAddSub_AlignModule      0
               FPAddSub_AlignShift1      0
               FPAddSub_AlignShift2      0
               FPAddSub_ExceptionModule      0
               FPAddSub_ExecutionModule      0
               FPAddSub_NormalizeModule      0
               FPAddSub_NormalizeShift1      0
               FPAddSub_NormalizeShift2      0
               FPAddSub_PrealignModule      0
               FPAddSub_RoundModule      0
       td_fused_top_tdf12_adjust      0
         $paramod$3c0377098b222d6572752d08e873f7489758dceb\td_fused_top_hmul_16ns_16ns_16_5_max_dsp_1      0
           td_fused_top_ap_hmul_3_max_dsp_16      0
             FPMult_16               0
               FPMult_ExecuteModule      0
               FPMult_NormalizeModule      0
               FPMult_PrepModule      0
               FPMult_RoundModule      0
         $paramod$912b74f0497673b69e86cc7c82dae9d480ead345\td_fused_top_hsub_16ns_16ns_16_7_full_dsp_1      0
           td_fused_top_ap_hadd_6_full_dsp_16      0
             FPAddSub                0
               FPAddSub_AlignModule      0
               FPAddSub_AlignShift1      0
               FPAddSub_AlignShift2      0
               FPAddSub_ExceptionModule      0
               FPAddSub_ExecutionModule      0
               FPAddSub_NormalizeModule      0
               FPAddSub_NormalizeShift1      0
               FPAddSub_NormalizeShift2      0
               FPAddSub_PrealignModule      0
               FPAddSub_RoundModule      0
         $paramod$bd98ea72159fe26174e7b3ed5baca9c91958ef6f\td_fused_top_hadd_16ns_16ns_16_8_full_dsp_1      0
           td_fused_top_ap_hadd_6_full_dsp_16      0
             FPAddSub                0
               FPAddSub_AlignModule      0
               FPAddSub_AlignShift1      0
               FPAddSub_AlignShift2      0
               FPAddSub_ExceptionModule      0
               FPAddSub_ExecutionModule      0
               FPAddSub_NormalizeModule      0
               FPAddSub_NormalizeShift1      0
               FPAddSub_NormalizeShift2      0
               FPAddSub_PrealignModule      0
               FPAddSub_RoundModule      0
       td_fused_top_tdf12_dot_product      0
         $paramod$3c0377098b222d6572752d08e873f7489758dceb\td_fused_top_hmul_16ns_16ns_16_5_max_dsp_1      0
           td_fused_top_ap_hmul_3_max_dsp_16      0
             FPMult_16               0
               FPMult_ExecuteModule      0
               FPMult_NormalizeModule      0
               FPMult_PrepModule      0
               FPMult_RoundModule      0
       td_fused_top_tdf12_get_next_ijk      0
       td_fused_top_tdf12_readFilters82      0
       td_fused_top_tdf12_readInputs      0
       td_fused_top_tdf12_writeOutputs_unaligned      0
         $paramod$2cc697b95dae621c23ec527898048e96d6aad65a\td_fused_top_mul_10s_9ns_16_1_1      0
           td_fused_top_mul_10s_9ns_16_1_1_Multiplier_0      0

   Number of wires:                144
   Number of wire bits:           1954
   Number of public wires:         118
   Number of public wire bits:    1832
   Number of memories:               0
   Number of memory bits:            0
   Number of processes:              0
   Number of cells:                 33
     $add                           34
     $and                           11
     $eq                            34
     $logic_not                     17
     $mux                           72
     $not                            3
     $or                             1
     $reduce_bool                    4
     $sdffe                         34

