
5. Printing statistics.

=== td_fused_top_tdf12_filters_0 ===

   Number of wires:                  9
   Number of wire bits:             99
   Number of public wires:           9
   Number of public wire bits:      99
   Number of memories:               0
   Number of memory bits:            0
   Number of processes:              0
   Number of cells:                  1

=== td_fused_top_tdf12_filters_0_ram ===

   Number of wires:                 15
   Number of wire bits:            288
   Number of public wires:           8
   Number of public wire bits:      98
   Number of memories:               1
   Number of memory bits:       1024000
   Number of processes:              0
   Number of cells:                  9
     $dffe                          32
     $mux                           96

=== design hierarchy ===

   td_fused_top_tdf12_filters_0      1
     td_fused_top_tdf12_filters_0_ram      0

   Number of wires:                  9
   Number of wire bits:             99
   Number of public wires:           9
   Number of public wire bits:      99
   Number of memories:               0
   Number of memory bits:            0
   Number of processes:              0
   Number of cells:                  1

