
5. Printing statistics.

=== td_fused_top_tdf12_readInputs ===

   Number of wires:                176
   Number of wire bits:           1889
   Number of public wires:         126
   Number of public wire bits:    1816
   Number of memories:               0
   Number of memory bits:            0
   Number of processes:              0
   Number of cells:                115
     $add                           18
     $and                          141
     $dffe                         195
     $eq                            24
     $gt                            44
     $mux                          238
     $not                           14
     $or                            25
     $pmux                           4
     $reduce_bool                    2
     $reduce_or                      4
     $sdff                           7
     $sdffe                          1
     $shr                          256
     $sub                           51
     $xor                           14

