
5. Printing statistics.

=== td_fused_top_tdf6_readInputs ===

   Number of wires:                160
   Number of wire bits:           1137
   Number of public wires:         102
   Number of public wire bits:     969
   Number of memories:               0
   Number of memory bits:            0
   Number of processes:              0
   Number of cells:                102
     $add                           20
     $and                           15
     $dffe                          59
     $eq                            33
     $gt                            32
     $mux                          200
     $not                           10
     $or                            29
     $pmux                           5
     $reduce_bool                    4
     $reduce_or                      4
     $sdff                           6
     $sdffce                        64
     $sdffe                          2
     $sub                           11

