
5. Printing statistics.

=== myproject_mul_16s_8ns_24_2_0 ===

   Number of wires:                  7
   Number of wire bits:             29
   Number of public wires:           6
   Number of public wire bits:       6
   Number of memories:               0
   Number of memory bits:            0
   Number of processes:              0
   Number of cells:                  1

=== myproject_mul_16s_8ns_24_2_0_MulnS_5 ===

   Number of wires:                  6
   Number of wire bits:             74
   Number of public wires:           6
   Number of public wire bits:      74
   Number of memories:               0
   Number of memory bits:            0
   Number of processes:              0
   Number of cells:                  2
     $dffe                          24
     $mul                           24

=== design hierarchy ===

   myproject_mul_16s_8ns_24_2_0      1
     myproject_mul_16s_8ns_24_2_0_MulnS_5      0

   Number of wires:                  7
   Number of wire bits:             29
   Number of public wires:           6
   Number of public wire bits:       6
   Number of memories:               0
   Number of memory bits:            0
   Number of processes:              0
   Number of cells:                  1

