
5. Printing statistics.

=== apb ===

   Number of wires:                 45
   Number of wire bits:            226
   Number of public wires:          21
   Number of public wire bits:     202
   Number of memories:               0
   Number of memory bits:            0
   Number of processes:              0
   Number of cells:                 29
     $and                            8
     $eq                             3
     $logic_and                      6
     $logic_not                      1
     $mux                            3
     $not                            2
     $or                             3
     $reduce_and                     1
     $sdffe                          2

=== fifo ===

   Number of wires:                 35
   Number of wire bits:            257
   Number of public wires:          14
   Number of public wire bits:      94
   Number of memories:               1
   Number of memory bits:          512
   Number of processes:              0
   Number of cells:                 31
     $add                            3
     $eq                             1
     $logic_and                      4
     $logic_not                      5
     $memrd                          1
     $memwr_v2                       1
     $mux                           11
     $reduce_bool                    1
     $sdffe                          3
     $sub                            1

=== i2c ===

   Number of wires:                 35
   Number of wire bits:            278
   Number of public wires:          35
   Number of public wire bits:     278
   Number of memories:               0
   Number of memory bits:            0
   Number of processes:              0
   Number of cells:                  5
     $mux                            1
     apb                             1
     fifo                            2
     module_i2c                      1

=== module_i2c ===

   Number of wires:                489
   Number of wire bits:           1338
   Number of public wires:          33
   Number of public wire bits:     176
   Number of memories:               0
   Number of memory bits:            0
   Number of processes:              0
   Number of cells:                510
     $add                            5
     $and                            6
     $dffe                          32
     $eq                            87
     $ge                             2
     $gt                             1
     $le                             1
     $logic_and                     24
     $logic_not                      4
     $logic_or                       9
     $lt                            11
     $mul                            1
     $mux                          196
     $ne                            33
     $not                           14
     $pmux                          10
     $reduce_and                    42
     $reduce_bool                    7
     $reduce_or                      7
     $sdffe                         13
     $sub                            5

=== design hierarchy ===

   i2c                               1
     apb                             1
     fifo                            2
     module_i2c                      1

   Number of wires:                639
   Number of wire bits:           2356
   Number of public wires:         117
   Number of public wire bits:     844
   Number of memories:               2
   Number of memory bits:         1024
   Number of processes:              0
   Number of cells:                602
     $add                           11
     $and                           14
     $dffe                          32
     $eq                            92
     $ge                             2
     $gt                             1
     $le                             1
     $logic_and                     38
     $logic_not                     15
     $logic_or                       9
     $lt                            11
     $memrd                          2
     $memwr_v2                       2
     $mul                            1
     $mux                          222
     $ne                            33
     $not                           16
     $or                             3
     $pmux                          10
     $reduce_and                    43
     $reduce_bool                    9
     $reduce_or                      7
     $sdffe                         21
     $sub                            7

