
5. Printing statistics.

=== $paramod$a6bb0a4edb988afd58ba32a584a6be99c2cc4c33\dpram ===

   Number of wires:                 17
   Number of wire bits:            183
   Number of public wires:           9
   Number of public wire bits:      77
   Number of memories:               1
   Number of memory bits:          512
   Number of processes:              0
   Number of cells:                 12
     $dffe                          32
     $mux                           44

=== td_fused_top_dataflow_in_loop_TOP_LOOP49028_ifmap_vec_0_0 ===

   Number of wires:                 99
   Number of wire bits:            365
   Number of public wires:          55
   Number of public wire bits:     317
   Number of memories:               0
   Number of memory bits:            0
   Number of processes:              0
   Number of cells:                 77
     $add                            4
     $and                            4
     $eq                             2
     $logic_and                     10
     $logic_not                      7
     $logic_or                       1
     $mux                          158
     $not                            1
     $reduce_bool                    6
     $reduce_or                      2
     $sdff                           2
     $sdffe                         23
     $sub                            2

=== td_fused_top_dataflow_in_loop_TOP_LOOP49028_ifmap_vec_0_0_memcore ===

   Number of wires:                 14
   Number of wire bits:             82
   Number of public wires:          14
   Number of public wire bits:      82
   Number of memories:               0
   Number of memory bits:            0
   Number of processes:              0
   Number of cells:                  3
     $and                            2

=== design hierarchy ===

   td_fused_top_dataflow_in_loop_TOP_LOOP49028_ifmap_vec_0_0      1
     td_fused_top_dataflow_in_loop_TOP_LOOP49028_ifmap_vec_0_0_memcore      0
       $paramod$a6bb0a4edb988afd58ba32a584a6be99c2cc4c33\dpram      0

   Number of wires:                 99
   Number of wire bits:            365
   Number of public wires:          55
   Number of public wire bits:     317
   Number of memories:               0
   Number of memory bits:            0
   Number of processes:              0
   Number of cells:                 77
     $add                            4
     $and                            4
     $eq                             2
     $logic_and                     10
     $logic_not                      7
     $logic_or                       1
     $mux                          158
     $not                            1
     $reduce_bool                    6
     $reduce_or                      2
     $sdff                           2
     $sdffe                         23
     $sub                            2

