
 /----------------------------------------------------------------------------\
 |                                                                            |
 |  yosys -- Yosys Open SYnthesis Suite                                       |
 |                                                                            |
 |  Copyright (C) 2012 - 2020  Claire Xenia Wolf <claire@yosyshq.com>         |
 |                                                                            |
 |  Permission to use, copy, modify, and/or distribute this software for any  |
 |  purpose with or without fee is hereby granted, provided that the above    |
 |  copyright notice and this permission notice appear in all copies.         |
 |                                                                            |
 |  THE SOFTWARE IS PROVIDED "AS IS" AND THE AUTHOR DISCLAIMS ALL WARRANTIES  |
 |  WITH REGARD TO THIS SOFTWARE INCLUDING ALL IMPLIED WARRANTIES OF          |
 |  MERCHANTABILITY AND FITNESS. IN NO EVENT SHALL THE AUTHOR BE LIABLE FOR   |
 |  ANY SPECIAL, DIRECT, INDIRECT, OR CONSEQUENTIAL DAMAGES OR ANY DAMAGES    |
 |  WHATSOEVER RESULTING FROM LOSS OF USE, DATA OR PROFITS, WHETHER IN AN     |
 |  ACTION OF CONTRACT, NEGLIGENCE OR OTHER TORTIOUS ACTION, ARISING OUT OF   |
 |  OR IN CONNECTION WITH THE USE OR PERFORMANCE OF THIS SOFTWARE.            |
 |                                                                            |
 \----------------------------------------------------------------------------/

 Yosys 0.10+12 (git sha1 72fac04, gcc 7.4.0-1ubuntu1~16.04~ppa1 -fPIC -Os)


-- Executing script file `out.ys' --

1. Executing Verilog-2005 frontend: /home/zhigang/raw_data/raw_designs/vtr_designs/verilog/koios/conv_layer_hls_submodules/td_fused_top_tdf3_writeOutputs_unaligned.v
Parsing SystemVerilog input from `/home/zhigang/raw_data/raw_designs/vtr_designs/verilog/koios/conv_layer_hls_submodules/td_fused_top_tdf3_writeOutputs_unaligned.v' to AST representation.
Generating RTLIL representation for module `\td_fused_top_tdf3_writeOutputs_unaligned'.
Note: Assuming pure combinatorial block at /home/zhigang/raw_data/raw_designs/vtr_designs/verilog/koios/conv_layer_hls_submodules/td_fused_top_tdf3_writeOutputs_unaligned.v:553.1-562.4 in
compliance with IEC 62142(E):2005 / IEEE Std. 1364.1(E):2002. Recommending
use of @* instead of @(...) for better match of synthesis and simulation.
Note: Assuming pure combinatorial block at /home/zhigang/raw_data/raw_designs/vtr_designs/verilog/koios/conv_layer_hls_submodules/td_fused_top_tdf3_writeOutputs_unaligned.v:566.1-575.4 in
compliance with IEC 62142(E):2005 / IEEE Std. 1364.1(E):2002. Recommending
use of @* instead of @(...) for better match of synthesis and simulation.
Note: Assuming pure combinatorial block at /home/zhigang/raw_data/raw_designs/vtr_designs/verilog/koios/conv_layer_hls_submodules/td_fused_top_tdf3_writeOutputs_unaligned.v:579.1-588.4 in
compliance with IEC 62142(E):2005 / IEEE Std. 1364.1(E):2002. Recommending
use of @* instead of @(...) for better match of synthesis and simulation.
Note: Assuming pure combinatorial block at /home/zhigang/raw_data/raw_designs/vtr_designs/verilog/koios/conv_layer_hls_submodules/td_fused_top_tdf3_writeOutputs_unaligned.v:592.1-601.4 in
compliance with IEC 62142(E):2005 / IEEE Std. 1364.1(E):2002. Recommending
use of @* instead of @(...) for better match of synthesis and simulation.
Successfully finished Verilog frontend.

2. Executing HIERARCHY pass (managing design hierarchy).

2.1. Finding top of design hierarchy..
root of   0 design levels: td_fused_top_tdf3_writeOutputs_unaligned
Automatically selected td_fused_top_tdf3_writeOutputs_unaligned as design top module.

2.2. Analyzing design hierarchy..
Top module:  \td_fused_top_tdf3_writeOutputs_unaligned

2.3. Analyzing design hierarchy..
Top module:  \td_fused_top_tdf3_writeOutputs_unaligned
Removed 0 unused modules.

3. Executing PROC pass (convert processes to netlists).

3.1. Executing PROC_CLEAN pass (remove empty switches from decision trees).
Found and cleaned up 256 empty switches in `\td_fused_top_tdf3_writeOutputs_unaligned.$proc$/home/zhigang/raw_data/raw_designs/vtr_designs/verilog/koios/conv_layer_hls_submodules/td_fused_top_tdf3_writeOutputs_unaligned.v:592$259'.
Found and cleaned up 256 empty switches in `\td_fused_top_tdf3_writeOutputs_unaligned.$proc$/home/zhigang/raw_data/raw_designs/vtr_designs/verilog/koios/conv_layer_hls_submodules/td_fused_top_tdf3_writeOutputs_unaligned.v:579$258'.
Found and cleaned up 256 empty switches in `\td_fused_top_tdf3_writeOutputs_unaligned.$proc$/home/zhigang/raw_data/raw_designs/vtr_designs/verilog/koios/conv_layer_hls_submodules/td_fused_top_tdf3_writeOutputs_unaligned.v:566$257'.
Found and cleaned up 256 empty switches in `\td_fused_top_tdf3_writeOutputs_unaligned.$proc$/home/zhigang/raw_data/raw_designs/vtr_designs/verilog/koios/conv_layer_hls_submodules/td_fused_top_tdf3_writeOutputs_unaligned.v:553$256'.
Cleaned up 1024 empty switches.

3.2. Executing PROC_RMDEAD pass (remove dead branches from decision trees).
Marked 2 switch rules as full_case in process $proc$/home/zhigang/raw_data/raw_designs/vtr_designs/verilog/koios/conv_layer_hls_submodules/td_fused_top_tdf3_writeOutputs_unaligned.v:381$152 in module td_fused_top_tdf3_writeOutputs_unaligned.
Marked 1 switch rules as full_case in process $proc$/home/zhigang/raw_data/raw_designs/vtr_designs/verilog/koios/conv_layer_hls_submodules/td_fused_top_tdf3_writeOutputs_unaligned.v:373$148 in module td_fused_top_tdf3_writeOutputs_unaligned.
Marked 1 switch rules as full_case in process $proc$/home/zhigang/raw_data/raw_designs/vtr_designs/verilog/koios/conv_layer_hls_submodules/td_fused_top_tdf3_writeOutputs_unaligned.v:365$146 in module td_fused_top_tdf3_writeOutputs_unaligned.
Marked 1 switch rules as full_case in process $proc$/home/zhigang/raw_data/raw_designs/vtr_designs/verilog/koios/conv_layer_hls_submodules/td_fused_top_tdf3_writeOutputs_unaligned.v:357$135 in module td_fused_top_tdf3_writeOutputs_unaligned.
Marked 1 switch rules as full_case in process $proc$/home/zhigang/raw_data/raw_designs/vtr_designs/verilog/koios/conv_layer_hls_submodules/td_fused_top_tdf3_writeOutputs_unaligned.v:349$124 in module td_fused_top_tdf3_writeOutputs_unaligned.
Marked 1 switch rules as full_case in process $proc$/home/zhigang/raw_data/raw_designs/vtr_designs/verilog/koios/conv_layer_hls_submodules/td_fused_top_tdf3_writeOutputs_unaligned.v:341$117 in module td_fused_top_tdf3_writeOutputs_unaligned.
Marked 1 switch rules as full_case in process $proc$/home/zhigang/raw_data/raw_designs/vtr_designs/verilog/koios/conv_layer_hls_submodules/td_fused_top_tdf3_writeOutputs_unaligned.v:333$106 in module td_fused_top_tdf3_writeOutputs_unaligned.
Marked 1 switch rules as full_case in process $proc$/home/zhigang/raw_data/raw_designs/vtr_designs/verilog/koios/conv_layer_hls_submodules/td_fused_top_tdf3_writeOutputs_unaligned.v:325$99 in module td_fused_top_tdf3_writeOutputs_unaligned.
Marked 1 switch rules as full_case in process $proc$/home/zhigang/raw_data/raw_designs/vtr_designs/verilog/koios/conv_layer_hls_submodules/td_fused_top_tdf3_writeOutputs_unaligned.v:317$97 in module td_fused_top_tdf3_writeOutputs_unaligned.
Marked 1 switch rules as full_case in process $proc$/home/zhigang/raw_data/raw_designs/vtr_designs/verilog/koios/conv_layer_hls_submodules/td_fused_top_tdf3_writeOutputs_unaligned.v:309$93 in module td_fused_top_tdf3_writeOutputs_unaligned.
Marked 1 switch rules as full_case in process $proc$/home/zhigang/raw_data/raw_designs/vtr_designs/verilog/koios/conv_layer_hls_submodules/td_fused_top_tdf3_writeOutputs_unaligned.v:301$89 in module td_fused_top_tdf3_writeOutputs_unaligned.
Marked 1 switch rules as full_case in process $proc$/home/zhigang/raw_data/raw_designs/vtr_designs/verilog/koios/conv_layer_hls_submodules/td_fused_top_tdf3_writeOutputs_unaligned.v:293$87 in module td_fused_top_tdf3_writeOutputs_unaligned.
Marked 1 switch rules as full_case in process $proc$/home/zhigang/raw_data/raw_designs/vtr_designs/verilog/koios/conv_layer_hls_submodules/td_fused_top_tdf3_writeOutputs_unaligned.v:242$11 in module td_fused_top_tdf3_writeOutputs_unaligned.
Marked 2 switch rules as full_case in process $proc$/home/zhigang/raw_data/raw_designs/vtr_designs/verilog/koios/conv_layer_hls_submodules/td_fused_top_tdf3_writeOutputs_unaligned.v:230$7 in module td_fused_top_tdf3_writeOutputs_unaligned.
Marked 1 switch rules as full_case in process $proc$/home/zhigang/raw_data/raw_designs/vtr_designs/verilog/koios/conv_layer_hls_submodules/td_fused_top_tdf3_writeOutputs_unaligned.v:222$5 in module td_fused_top_tdf3_writeOutputs_unaligned.
Removed a total of 0 dead cases.

3.3. Executing PROC_PRUNE pass (remove redundant assignments in processes).
Removed 1 redundant assignment.
Promoted 2073 assignments to connections.

3.4. Executing PROC_INIT pass (extract init attributes).
Found init rule in `\td_fused_top_tdf3_writeOutputs_unaligned.$proc$/home/zhigang/raw_data/raw_designs/vtr_designs/verilog/koios/conv_layer_hls_submodules/td_fused_top_tdf3_writeOutputs_unaligned.v:0$272'.
  Set init value: \ap_done_reg = 1'0
  Set init value: \ap_CS_fsm = 2'01
  Set init value: \outputCount_4 = 16'0000000000000000
  Set init value: \outputChanIdx_4 = 16'0000000000000000
  Set init value: \outputRow_8_0 = 16'0000000000000000
  Set init value: \outputRow_8_1 = 16'0000000000000000
  Set init value: \outputRow_8_2 = 16'0000000000000000
  Set init value: \outputRow_8_3 = 16'0000000000000000

3.5. Executing PROC_ARST pass (detect async resets in processes).

3.6. Executing PROC_MUX pass (convert decision trees to multiplexers).
Creating decoders for process `\td_fused_top_tdf3_writeOutputs_unaligned.$proc$/home/zhigang/raw_data/raw_designs/vtr_designs/verilog/koios/conv_layer_hls_submodules/td_fused_top_tdf3_writeOutputs_unaligned.v:0$272'.
Creating decoders for process `\td_fused_top_tdf3_writeOutputs_unaligned.$proc$/home/zhigang/raw_data/raw_designs/vtr_designs/verilog/koios/conv_layer_hls_submodules/td_fused_top_tdf3_writeOutputs_unaligned.v:592$259'.
Creating decoders for process `\td_fused_top_tdf3_writeOutputs_unaligned.$proc$/home/zhigang/raw_data/raw_designs/vtr_designs/verilog/koios/conv_layer_hls_submodules/td_fused_top_tdf3_writeOutputs_unaligned.v:579$258'.
Creating decoders for process `\td_fused_top_tdf3_writeOutputs_unaligned.$proc$/home/zhigang/raw_data/raw_designs/vtr_designs/verilog/koios/conv_layer_hls_submodules/td_fused_top_tdf3_writeOutputs_unaligned.v:566$257'.
Creating decoders for process `\td_fused_top_tdf3_writeOutputs_unaligned.$proc$/home/zhigang/raw_data/raw_designs/vtr_designs/verilog/koios/conv_layer_hls_submodules/td_fused_top_tdf3_writeOutputs_unaligned.v:553$256'.
Creating decoders for process `\td_fused_top_tdf3_writeOutputs_unaligned.$proc$/home/zhigang/raw_data/raw_designs/vtr_designs/verilog/koios/conv_layer_hls_submodules/td_fused_top_tdf3_writeOutputs_unaligned.v:433$178'.
Creating decoders for process `\td_fused_top_tdf3_writeOutputs_unaligned.$proc$/home/zhigang/raw_data/raw_designs/vtr_designs/verilog/koios/conv_layer_hls_submodules/td_fused_top_tdf3_writeOutputs_unaligned.v:381$152'.
     1/2: $2\ap_NS_fsm[1:0]
     2/2: $1\ap_NS_fsm[1:0]
Creating decoders for process `\td_fused_top_tdf3_writeOutputs_unaligned.$proc$/home/zhigang/raw_data/raw_designs/vtr_designs/verilog/koios/conv_layer_hls_submodules/td_fused_top_tdf3_writeOutputs_unaligned.v:373$148'.
     1/1: $1\out_data_we1[0:0]
Creating decoders for process `\td_fused_top_tdf3_writeOutputs_unaligned.$proc$/home/zhigang/raw_data/raw_designs/vtr_designs/verilog/koios/conv_layer_hls_submodules/td_fused_top_tdf3_writeOutputs_unaligned.v:365$146'.
     1/1: $1\out_data_ce1[0:0]
Creating decoders for process `\td_fused_top_tdf3_writeOutputs_unaligned.$proc$/home/zhigang/raw_data/raw_designs/vtr_designs/verilog/koios/conv_layer_hls_submodules/td_fused_top_tdf3_writeOutputs_unaligned.v:357$135'.
     1/1: $1\out_data_ce0[0:0]
Creating decoders for process `\td_fused_top_tdf3_writeOutputs_unaligned.$proc$/home/zhigang/raw_data/raw_designs/vtr_designs/verilog/koios/conv_layer_hls_submodules/td_fused_top_tdf3_writeOutputs_unaligned.v:349$124'.
     1/1: $1\indices_12_read[0:0]
Creating decoders for process `\td_fused_top_tdf3_writeOutputs_unaligned.$proc$/home/zhigang/raw_data/raw_designs/vtr_designs/verilog/koios/conv_layer_hls_submodules/td_fused_top_tdf3_writeOutputs_unaligned.v:341$117'.
     1/1: $1\indices_12_blk_n[0:0]
Creating decoders for process `\td_fused_top_tdf3_writeOutputs_unaligned.$proc$/home/zhigang/raw_data/raw_designs/vtr_designs/verilog/koios/conv_layer_hls_submodules/td_fused_top_tdf3_writeOutputs_unaligned.v:333$106'.
     1/1: $1\indices_01_read[0:0]
Creating decoders for process `\td_fused_top_tdf3_writeOutputs_unaligned.$proc$/home/zhigang/raw_data/raw_designs/vtr_designs/verilog/koios/conv_layer_hls_submodules/td_fused_top_tdf3_writeOutputs_unaligned.v:325$99'.
     1/1: $1\indices_01_blk_n[0:0]
Creating decoders for process `\td_fused_top_tdf3_writeOutputs_unaligned.$proc$/home/zhigang/raw_data/raw_designs/vtr_designs/verilog/koios/conv_layer_hls_submodules/td_fused_top_tdf3_writeOutputs_unaligned.v:317$97'.
     1/1: $1\ap_ready[0:0]
Creating decoders for process `\td_fused_top_tdf3_writeOutputs_unaligned.$proc$/home/zhigang/raw_data/raw_designs/vtr_designs/verilog/koios/conv_layer_hls_submodules/td_fused_top_tdf3_writeOutputs_unaligned.v:309$93'.
     1/1: $1\ap_phi_mux_empty_139_phi_fu_132_p4[15:0]
Creating decoders for process `\td_fused_top_tdf3_writeOutputs_unaligned.$proc$/home/zhigang/raw_data/raw_designs/vtr_designs/verilog/koios/conv_layer_hls_submodules/td_fused_top_tdf3_writeOutputs_unaligned.v:301$89'.
     1/1: $1\ap_idle[0:0]
Creating decoders for process `\td_fused_top_tdf3_writeOutputs_unaligned.$proc$/home/zhigang/raw_data/raw_designs/vtr_designs/verilog/koios/conv_layer_hls_submodules/td_fused_top_tdf3_writeOutputs_unaligned.v:293$87'.
     1/1: $1\ap_done[0:0]
Creating decoders for process `\td_fused_top_tdf3_writeOutputs_unaligned.$proc$/home/zhigang/raw_data/raw_designs/vtr_designs/verilog/koios/conv_layer_hls_submodules/td_fused_top_tdf3_writeOutputs_unaligned.v:287$74'.
     1/1: $0\outputRow_8_3[15:0]
Creating decoders for process `\td_fused_top_tdf3_writeOutputs_unaligned.$proc$/home/zhigang/raw_data/raw_designs/vtr_designs/verilog/koios/conv_layer_hls_submodules/td_fused_top_tdf3_writeOutputs_unaligned.v:281$61'.
     1/1: $0\outputRow_8_2[15:0]
Creating decoders for process `\td_fused_top_tdf3_writeOutputs_unaligned.$proc$/home/zhigang/raw_data/raw_designs/vtr_designs/verilog/koios/conv_layer_hls_submodules/td_fused_top_tdf3_writeOutputs_unaligned.v:275$48'.
     1/1: $0\outputRow_8_1[15:0]
Creating decoders for process `\td_fused_top_tdf3_writeOutputs_unaligned.$proc$/home/zhigang/raw_data/raw_designs/vtr_designs/verilog/koios/conv_layer_hls_submodules/td_fused_top_tdf3_writeOutputs_unaligned.v:269$35'.
     1/1: $0\outputRow_8_0[15:0]
Creating decoders for process `\td_fused_top_tdf3_writeOutputs_unaligned.$proc$/home/zhigang/raw_data/raw_designs/vtr_designs/verilog/koios/conv_layer_hls_submodules/td_fused_top_tdf3_writeOutputs_unaligned.v:263$33'.
     1/1: $0\outputCount_4[15:0]
Creating decoders for process `\td_fused_top_tdf3_writeOutputs_unaligned.$proc$/home/zhigang/raw_data/raw_designs/vtr_designs/verilog/koios/conv_layer_hls_submodules/td_fused_top_tdf3_writeOutputs_unaligned.v:257$29'.
     1/1: $0\outputChanIdx_4[15:0]
Creating decoders for process `\td_fused_top_tdf3_writeOutputs_unaligned.$proc$/home/zhigang/raw_data/raw_designs/vtr_designs/verilog/koios/conv_layer_hls_submodules/td_fused_top_tdf3_writeOutputs_unaligned.v:250$27'.
     1/2: $0\icmp_ln87_reg_917[0:0]
     2/2: $0\out_data_addr_reg_903[11:0]
Creating decoders for process `\td_fused_top_tdf3_writeOutputs_unaligned.$proc$/home/zhigang/raw_data/raw_designs/vtr_designs/verilog/koios/conv_layer_hls_submodules/td_fused_top_tdf3_writeOutputs_unaligned.v:242$11'.
     1/1: $0\empty_139_reg_129[15:0]
Creating decoders for process `\td_fused_top_tdf3_writeOutputs_unaligned.$proc$/home/zhigang/raw_data/raw_designs/vtr_designs/verilog/koios/conv_layer_hls_submodules/td_fused_top_tdf3_writeOutputs_unaligned.v:230$7'.
     1/1: $0\ap_done_reg[0:0]
Creating decoders for process `\td_fused_top_tdf3_writeOutputs_unaligned.$proc$/home/zhigang/raw_data/raw_designs/vtr_designs/verilog/koios/conv_layer_hls_submodules/td_fused_top_tdf3_writeOutputs_unaligned.v:222$5'.
     1/1: $0\ap_CS_fsm[1:0]

3.7. Executing PROC_DLATCH pass (convert process syncs to latches).
No latch inferred for signal `\td_fused_top_tdf3_writeOutputs_unaligned.\tmp_78_fu_810_p4' from process `\td_fused_top_tdf3_writeOutputs_unaligned.$proc$/home/zhigang/raw_data/raw_designs/vtr_designs/verilog/koios/conv_layer_hls_submodules/td_fused_top_tdf3_writeOutputs_unaligned.v:592$259'.
No latch inferred for signal `\td_fused_top_tdf3_writeOutputs_unaligned.\ap_tvar_int_3' from process `\td_fused_top_tdf3_writeOutputs_unaligned.$proc$/home/zhigang/raw_data/raw_designs/vtr_designs/verilog/koios/conv_layer_hls_submodules/td_fused_top_tdf3_writeOutputs_unaligned.v:592$259'.
No latch inferred for signal `\td_fused_top_tdf3_writeOutputs_unaligned.\tmp_77_fu_650_p4' from process `\td_fused_top_tdf3_writeOutputs_unaligned.$proc$/home/zhigang/raw_data/raw_designs/vtr_designs/verilog/koios/conv_layer_hls_submodules/td_fused_top_tdf3_writeOutputs_unaligned.v:579$258'.
No latch inferred for signal `\td_fused_top_tdf3_writeOutputs_unaligned.\ap_tvar_int_2' from process `\td_fused_top_tdf3_writeOutputs_unaligned.$proc$/home/zhigang/raw_data/raw_designs/vtr_designs/verilog/koios/conv_layer_hls_submodules/td_fused_top_tdf3_writeOutputs_unaligned.v:579$258'.
No latch inferred for signal `\td_fused_top_tdf3_writeOutputs_unaligned.\tmp_76_fu_490_p4' from process `\td_fused_top_tdf3_writeOutputs_unaligned.$proc$/home/zhigang/raw_data/raw_designs/vtr_designs/verilog/koios/conv_layer_hls_submodules/td_fused_top_tdf3_writeOutputs_unaligned.v:566$257'.
No latch inferred for signal `\td_fused_top_tdf3_writeOutputs_unaligned.\ap_tvar_int_1' from process `\td_fused_top_tdf3_writeOutputs_unaligned.$proc$/home/zhigang/raw_data/raw_designs/vtr_designs/verilog/koios/conv_layer_hls_submodules/td_fused_top_tdf3_writeOutputs_unaligned.v:566$257'.
No latch inferred for signal `\td_fused_top_tdf3_writeOutputs_unaligned.\tmp_75_fu_330_p4' from process `\td_fused_top_tdf3_writeOutputs_unaligned.$proc$/home/zhigang/raw_data/raw_designs/vtr_designs/verilog/koios/conv_layer_hls_submodules/td_fused_top_tdf3_writeOutputs_unaligned.v:553$256'.
No latch inferred for signal `\td_fused_top_tdf3_writeOutputs_unaligned.\ap_tvar_int_0' from process `\td_fused_top_tdf3_writeOutputs_unaligned.$proc$/home/zhigang/raw_data/raw_designs/vtr_designs/verilog/koios/conv_layer_hls_submodules/td_fused_top_tdf3_writeOutputs_unaligned.v:553$256'.
No latch inferred for signal `\td_fused_top_tdf3_writeOutputs_unaligned.\ap_block_state1' from process `\td_fused_top_tdf3_writeOutputs_unaligned.$proc$/home/zhigang/raw_data/raw_designs/vtr_designs/verilog/koios/conv_layer_hls_submodules/td_fused_top_tdf3_writeOutputs_unaligned.v:433$178'.
No latch inferred for signal `\td_fused_top_tdf3_writeOutputs_unaligned.\ap_NS_fsm' from process `\td_fused_top_tdf3_writeOutputs_unaligned.$proc$/home/zhigang/raw_data/raw_designs/vtr_designs/verilog/koios/conv_layer_hls_submodules/td_fused_top_tdf3_writeOutputs_unaligned.v:381$152'.
No latch inferred for signal `\td_fused_top_tdf3_writeOutputs_unaligned.\out_data_we1' from process `\td_fused_top_tdf3_writeOutputs_unaligned.$proc$/home/zhigang/raw_data/raw_designs/vtr_designs/verilog/koios/conv_layer_hls_submodules/td_fused_top_tdf3_writeOutputs_unaligned.v:373$148'.
No latch inferred for signal `\td_fused_top_tdf3_writeOutputs_unaligned.\out_data_ce1' from process `\td_fused_top_tdf3_writeOutputs_unaligned.$proc$/home/zhigang/raw_data/raw_designs/vtr_designs/verilog/koios/conv_layer_hls_submodules/td_fused_top_tdf3_writeOutputs_unaligned.v:365$146'.
No latch inferred for signal `\td_fused_top_tdf3_writeOutputs_unaligned.\out_data_ce0' from process `\td_fused_top_tdf3_writeOutputs_unaligned.$proc$/home/zhigang/raw_data/raw_designs/vtr_designs/verilog/koios/conv_layer_hls_submodules/td_fused_top_tdf3_writeOutputs_unaligned.v:357$135'.
No latch inferred for signal `\td_fused_top_tdf3_writeOutputs_unaligned.\indices_12_read' from process `\td_fused_top_tdf3_writeOutputs_unaligned.$proc$/home/zhigang/raw_data/raw_designs/vtr_designs/verilog/koios/conv_layer_hls_submodules/td_fused_top_tdf3_writeOutputs_unaligned.v:349$124'.
No latch inferred for signal `\td_fused_top_tdf3_writeOutputs_unaligned.\indices_12_blk_n' from process `\td_fused_top_tdf3_writeOutputs_unaligned.$proc$/home/zhigang/raw_data/raw_designs/vtr_designs/verilog/koios/conv_layer_hls_submodules/td_fused_top_tdf3_writeOutputs_unaligned.v:341$117'.
No latch inferred for signal `\td_fused_top_tdf3_writeOutputs_unaligned.\indices_01_read' from process `\td_fused_top_tdf3_writeOutputs_unaligned.$proc$/home/zhigang/raw_data/raw_designs/vtr_designs/verilog/koios/conv_layer_hls_submodules/td_fused_top_tdf3_writeOutputs_unaligned.v:333$106'.
No latch inferred for signal `\td_fused_top_tdf3_writeOutputs_unaligned.\indices_01_blk_n' from process `\td_fused_top_tdf3_writeOutputs_unaligned.$proc$/home/zhigang/raw_data/raw_designs/vtr_designs/verilog/koios/conv_layer_hls_submodules/td_fused_top_tdf3_writeOutputs_unaligned.v:325$99'.
No latch inferred for signal `\td_fused_top_tdf3_writeOutputs_unaligned.\ap_ready' from process `\td_fused_top_tdf3_writeOutputs_unaligned.$proc$/home/zhigang/raw_data/raw_designs/vtr_designs/verilog/koios/conv_layer_hls_submodules/td_fused_top_tdf3_writeOutputs_unaligned.v:317$97'.
No latch inferred for signal `\td_fused_top_tdf3_writeOutputs_unaligned.\ap_phi_mux_empty_139_phi_fu_132_p4' from process `\td_fused_top_tdf3_writeOutputs_unaligned.$proc$/home/zhigang/raw_data/raw_designs/vtr_designs/verilog/koios/conv_layer_hls_submodules/td_fused_top_tdf3_writeOutputs_unaligned.v:309$93'.
No latch inferred for signal `\td_fused_top_tdf3_writeOutputs_unaligned.\ap_idle' from process `\td_fused_top_tdf3_writeOutputs_unaligned.$proc$/home/zhigang/raw_data/raw_designs/vtr_designs/verilog/koios/conv_layer_hls_submodules/td_fused_top_tdf3_writeOutputs_unaligned.v:301$89'.
No latch inferred for signal `\td_fused_top_tdf3_writeOutputs_unaligned.\ap_done' from process `\td_fused_top_tdf3_writeOutputs_unaligned.$proc$/home/zhigang/raw_data/raw_designs/vtr_designs/verilog/koios/conv_layer_hls_submodules/td_fused_top_tdf3_writeOutputs_unaligned.v:293$87'.

3.8. Executing PROC_DFF pass (convert process syncs to FFs).
Creating register for signal `\td_fused_top_tdf3_writeOutputs_unaligned.\outputRow_8_3' using process `\td_fused_top_tdf3_writeOutputs_unaligned.$proc$/home/zhigang/raw_data/raw_designs/vtr_designs/verilog/koios/conv_layer_hls_submodules/td_fused_top_tdf3_writeOutputs_unaligned.v:287$74'.
  created $dff cell `$procdff$349' with positive edge clock.
Creating register for signal `\td_fused_top_tdf3_writeOutputs_unaligned.\outputRow_8_2' using process `\td_fused_top_tdf3_writeOutputs_unaligned.$proc$/home/zhigang/raw_data/raw_designs/vtr_designs/verilog/koios/conv_layer_hls_submodules/td_fused_top_tdf3_writeOutputs_unaligned.v:281$61'.
  created $dff cell `$procdff$350' with positive edge clock.
Creating register for signal `\td_fused_top_tdf3_writeOutputs_unaligned.\outputRow_8_1' using process `\td_fused_top_tdf3_writeOutputs_unaligned.$proc$/home/zhigang/raw_data/raw_designs/vtr_designs/verilog/koios/conv_layer_hls_submodules/td_fused_top_tdf3_writeOutputs_unaligned.v:275$48'.
  created $dff cell `$procdff$351' with positive edge clock.
Creating register for signal `\td_fused_top_tdf3_writeOutputs_unaligned.\outputRow_8_0' using process `\td_fused_top_tdf3_writeOutputs_unaligned.$proc$/home/zhigang/raw_data/raw_designs/vtr_designs/verilog/koios/conv_layer_hls_submodules/td_fused_top_tdf3_writeOutputs_unaligned.v:269$35'.
  created $dff cell `$procdff$352' with positive edge clock.
Creating register for signal `\td_fused_top_tdf3_writeOutputs_unaligned.\outputCount_4' using process `\td_fused_top_tdf3_writeOutputs_unaligned.$proc$/home/zhigang/raw_data/raw_designs/vtr_designs/verilog/koios/conv_layer_hls_submodules/td_fused_top_tdf3_writeOutputs_unaligned.v:263$33'.
  created $dff cell `$procdff$353' with positive edge clock.
Creating register for signal `\td_fused_top_tdf3_writeOutputs_unaligned.\outputChanIdx_4' using process `\td_fused_top_tdf3_writeOutputs_unaligned.$proc$/home/zhigang/raw_data/raw_designs/vtr_designs/verilog/koios/conv_layer_hls_submodules/td_fused_top_tdf3_writeOutputs_unaligned.v:257$29'.
  created $dff cell `$procdff$354' with positive edge clock.
Creating register for signal `\td_fused_top_tdf3_writeOutputs_unaligned.\out_data_addr_reg_903' using process `\td_fused_top_tdf3_writeOutputs_unaligned.$proc$/home/zhigang/raw_data/raw_designs/vtr_designs/verilog/koios/conv_layer_hls_submodules/td_fused_top_tdf3_writeOutputs_unaligned.v:250$27'.
  created $dff cell `$procdff$355' with positive edge clock.
Creating register for signal `\td_fused_top_tdf3_writeOutputs_unaligned.\icmp_ln87_reg_917' using process `\td_fused_top_tdf3_writeOutputs_unaligned.$proc$/home/zhigang/raw_data/raw_designs/vtr_designs/verilog/koios/conv_layer_hls_submodules/td_fused_top_tdf3_writeOutputs_unaligned.v:250$27'.
  created $dff cell `$procdff$356' with positive edge clock.
Creating register for signal `\td_fused_top_tdf3_writeOutputs_unaligned.\empty_139_reg_129' using process `\td_fused_top_tdf3_writeOutputs_unaligned.$proc$/home/zhigang/raw_data/raw_designs/vtr_designs/verilog/koios/conv_layer_hls_submodules/td_fused_top_tdf3_writeOutputs_unaligned.v:242$11'.
  created $dff cell `$procdff$357' with positive edge clock.
Creating register for signal `\td_fused_top_tdf3_writeOutputs_unaligned.\ap_done_reg' using process `\td_fused_top_tdf3_writeOutputs_unaligned.$proc$/home/zhigang/raw_data/raw_designs/vtr_designs/verilog/koios/conv_layer_hls_submodules/td_fused_top_tdf3_writeOutputs_unaligned.v:230$7'.
  created $dff cell `$procdff$358' with positive edge clock.
Creating register for signal `\td_fused_top_tdf3_writeOutputs_unaligned.\ap_CS_fsm' using process `\td_fused_top_tdf3_writeOutputs_unaligned.$proc$/home/zhigang/raw_data/raw_designs/vtr_designs/verilog/koios/conv_layer_hls_submodules/td_fused_top_tdf3_writeOutputs_unaligned.v:222$5'.
  created $dff cell `$procdff$359' with positive edge clock.

3.9. Executing PROC_MEMWR pass (convert process memory writes to cells).

3.10. Executing PROC_CLEAN pass (remove empty switches from decision trees).
Removing empty process `td_fused_top_tdf3_writeOutputs_unaligned.$proc$/home/zhigang/raw_data/raw_designs/vtr_designs/verilog/koios/conv_layer_hls_submodules/td_fused_top_tdf3_writeOutputs_unaligned.v:0$272'.
Removing empty process `td_fused_top_tdf3_writeOutputs_unaligned.$proc$/home/zhigang/raw_data/raw_designs/vtr_designs/verilog/koios/conv_layer_hls_submodules/td_fused_top_tdf3_writeOutputs_unaligned.v:592$259'.
Removing empty process `td_fused_top_tdf3_writeOutputs_unaligned.$proc$/home/zhigang/raw_data/raw_designs/vtr_designs/verilog/koios/conv_layer_hls_submodules/td_fused_top_tdf3_writeOutputs_unaligned.v:579$258'.
Removing empty process `td_fused_top_tdf3_writeOutputs_unaligned.$proc$/home/zhigang/raw_data/raw_designs/vtr_designs/verilog/koios/conv_layer_hls_submodules/td_fused_top_tdf3_writeOutputs_unaligned.v:566$257'.
Removing empty process `td_fused_top_tdf3_writeOutputs_unaligned.$proc$/home/zhigang/raw_data/raw_designs/vtr_designs/verilog/koios/conv_layer_hls_submodules/td_fused_top_tdf3_writeOutputs_unaligned.v:553$256'.
Removing empty process `td_fused_top_tdf3_writeOutputs_unaligned.$proc$/home/zhigang/raw_data/raw_designs/vtr_designs/verilog/koios/conv_layer_hls_submodules/td_fused_top_tdf3_writeOutputs_unaligned.v:433$178'.
Found and cleaned up 2 empty switches in `\td_fused_top_tdf3_writeOutputs_unaligned.$proc$/home/zhigang/raw_data/raw_designs/vtr_designs/verilog/koios/conv_layer_hls_submodules/td_fused_top_tdf3_writeOutputs_unaligned.v:381$152'.
Removing empty process `td_fused_top_tdf3_writeOutputs_unaligned.$proc$/home/zhigang/raw_data/raw_designs/vtr_designs/verilog/koios/conv_layer_hls_submodules/td_fused_top_tdf3_writeOutputs_unaligned.v:381$152'.
Found and cleaned up 1 empty switch in `\td_fused_top_tdf3_writeOutputs_unaligned.$proc$/home/zhigang/raw_data/raw_designs/vtr_designs/verilog/koios/conv_layer_hls_submodules/td_fused_top_tdf3_writeOutputs_unaligned.v:373$148'.
Removing empty process `td_fused_top_tdf3_writeOutputs_unaligned.$proc$/home/zhigang/raw_data/raw_designs/vtr_designs/verilog/koios/conv_layer_hls_submodules/td_fused_top_tdf3_writeOutputs_unaligned.v:373$148'.
Found and cleaned up 1 empty switch in `\td_fused_top_tdf3_writeOutputs_unaligned.$proc$/home/zhigang/raw_data/raw_designs/vtr_designs/verilog/koios/conv_layer_hls_submodules/td_fused_top_tdf3_writeOutputs_unaligned.v:365$146'.
Removing empty process `td_fused_top_tdf3_writeOutputs_unaligned.$proc$/home/zhigang/raw_data/raw_designs/vtr_designs/verilog/koios/conv_layer_hls_submodules/td_fused_top_tdf3_writeOutputs_unaligned.v:365$146'.
Found and cleaned up 1 empty switch in `\td_fused_top_tdf3_writeOutputs_unaligned.$proc$/home/zhigang/raw_data/raw_designs/vtr_designs/verilog/koios/conv_layer_hls_submodules/td_fused_top_tdf3_writeOutputs_unaligned.v:357$135'.
Removing empty process `td_fused_top_tdf3_writeOutputs_unaligned.$proc$/home/zhigang/raw_data/raw_designs/vtr_designs/verilog/koios/conv_layer_hls_submodules/td_fused_top_tdf3_writeOutputs_unaligned.v:357$135'.
Found and cleaned up 1 empty switch in `\td_fused_top_tdf3_writeOutputs_unaligned.$proc$/home/zhigang/raw_data/raw_designs/vtr_designs/verilog/koios/conv_layer_hls_submodules/td_fused_top_tdf3_writeOutputs_unaligned.v:349$124'.
Removing empty process `td_fused_top_tdf3_writeOutputs_unaligned.$proc$/home/zhigang/raw_data/raw_designs/vtr_designs/verilog/koios/conv_layer_hls_submodules/td_fused_top_tdf3_writeOutputs_unaligned.v:349$124'.
Found and cleaned up 1 empty switch in `\td_fused_top_tdf3_writeOutputs_unaligned.$proc$/home/zhigang/raw_data/raw_designs/vtr_designs/verilog/koios/conv_layer_hls_submodules/td_fused_top_tdf3_writeOutputs_unaligned.v:341$117'.
Removing empty process `td_fused_top_tdf3_writeOutputs_unaligned.$proc$/home/zhigang/raw_data/raw_designs/vtr_designs/verilog/koios/conv_layer_hls_submodules/td_fused_top_tdf3_writeOutputs_unaligned.v:341$117'.
Found and cleaned up 1 empty switch in `\td_fused_top_tdf3_writeOutputs_unaligned.$proc$/home/zhigang/raw_data/raw_designs/vtr_designs/verilog/koios/conv_layer_hls_submodules/td_fused_top_tdf3_writeOutputs_unaligned.v:333$106'.
Removing empty process `td_fused_top_tdf3_writeOutputs_unaligned.$proc$/home/zhigang/raw_data/raw_designs/vtr_designs/verilog/koios/conv_layer_hls_submodules/td_fused_top_tdf3_writeOutputs_unaligned.v:333$106'.
Found and cleaned up 1 empty switch in `\td_fused_top_tdf3_writeOutputs_unaligned.$proc$/home/zhigang/raw_data/raw_designs/vtr_designs/verilog/koios/conv_layer_hls_submodules/td_fused_top_tdf3_writeOutputs_unaligned.v:325$99'.
Removing empty process `td_fused_top_tdf3_writeOutputs_unaligned.$proc$/home/zhigang/raw_data/raw_designs/vtr_designs/verilog/koios/conv_layer_hls_submodules/td_fused_top_tdf3_writeOutputs_unaligned.v:325$99'.
Found and cleaned up 1 empty switch in `\td_fused_top_tdf3_writeOutputs_unaligned.$proc$/home/zhigang/raw_data/raw_designs/vtr_designs/verilog/koios/conv_layer_hls_submodules/td_fused_top_tdf3_writeOutputs_unaligned.v:317$97'.
Removing empty process `td_fused_top_tdf3_writeOutputs_unaligned.$proc$/home/zhigang/raw_data/raw_designs/vtr_designs/verilog/koios/conv_layer_hls_submodules/td_fused_top_tdf3_writeOutputs_unaligned.v:317$97'.
Found and cleaned up 1 empty switch in `\td_fused_top_tdf3_writeOutputs_unaligned.$proc$/home/zhigang/raw_data/raw_designs/vtr_designs/verilog/koios/conv_layer_hls_submodules/td_fused_top_tdf3_writeOutputs_unaligned.v:309$93'.
Removing empty process `td_fused_top_tdf3_writeOutputs_unaligned.$proc$/home/zhigang/raw_data/raw_designs/vtr_designs/verilog/koios/conv_layer_hls_submodules/td_fused_top_tdf3_writeOutputs_unaligned.v:309$93'.
Found and cleaned up 1 empty switch in `\td_fused_top_tdf3_writeOutputs_unaligned.$proc$/home/zhigang/raw_data/raw_designs/vtr_designs/verilog/koios/conv_layer_hls_submodules/td_fused_top_tdf3_writeOutputs_unaligned.v:301$89'.
Removing empty process `td_fused_top_tdf3_writeOutputs_unaligned.$proc$/home/zhigang/raw_data/raw_designs/vtr_designs/verilog/koios/conv_layer_hls_submodules/td_fused_top_tdf3_writeOutputs_unaligned.v:301$89'.
Found and cleaned up 1 empty switch in `\td_fused_top_tdf3_writeOutputs_unaligned.$proc$/home/zhigang/raw_data/raw_designs/vtr_designs/verilog/koios/conv_layer_hls_submodules/td_fused_top_tdf3_writeOutputs_unaligned.v:293$87'.
Removing empty process `td_fused_top_tdf3_writeOutputs_unaligned.$proc$/home/zhigang/raw_data/raw_designs/vtr_designs/verilog/koios/conv_layer_hls_submodules/td_fused_top_tdf3_writeOutputs_unaligned.v:293$87'.
Found and cleaned up 1 empty switch in `\td_fused_top_tdf3_writeOutputs_unaligned.$proc$/home/zhigang/raw_data/raw_designs/vtr_designs/verilog/koios/conv_layer_hls_submodules/td_fused_top_tdf3_writeOutputs_unaligned.v:287$74'.
Removing empty process `td_fused_top_tdf3_writeOutputs_unaligned.$proc$/home/zhigang/raw_data/raw_designs/vtr_designs/verilog/koios/conv_layer_hls_submodules/td_fused_top_tdf3_writeOutputs_unaligned.v:287$74'.
Found and cleaned up 1 empty switch in `\td_fused_top_tdf3_writeOutputs_unaligned.$proc$/home/zhigang/raw_data/raw_designs/vtr_designs/verilog/koios/conv_layer_hls_submodules/td_fused_top_tdf3_writeOutputs_unaligned.v:281$61'.
Removing empty process `td_fused_top_tdf3_writeOutputs_unaligned.$proc$/home/zhigang/raw_data/raw_designs/vtr_designs/verilog/koios/conv_layer_hls_submodules/td_fused_top_tdf3_writeOutputs_unaligned.v:281$61'.
Found and cleaned up 1 empty switch in `\td_fused_top_tdf3_writeOutputs_unaligned.$proc$/home/zhigang/raw_data/raw_designs/vtr_designs/verilog/koios/conv_layer_hls_submodules/td_fused_top_tdf3_writeOutputs_unaligned.v:275$48'.
Removing empty process `td_fused_top_tdf3_writeOutputs_unaligned.$proc$/home/zhigang/raw_data/raw_designs/vtr_designs/verilog/koios/conv_layer_hls_submodules/td_fused_top_tdf3_writeOutputs_unaligned.v:275$48'.
Found and cleaned up 1 empty switch in `\td_fused_top_tdf3_writeOutputs_unaligned.$proc$/home/zhigang/raw_data/raw_designs/vtr_designs/verilog/koios/conv_layer_hls_submodules/td_fused_top_tdf3_writeOutputs_unaligned.v:269$35'.
Removing empty process `td_fused_top_tdf3_writeOutputs_unaligned.$proc$/home/zhigang/raw_data/raw_designs/vtr_designs/verilog/koios/conv_layer_hls_submodules/td_fused_top_tdf3_writeOutputs_unaligned.v:269$35'.
Found and cleaned up 1 empty switch in `\td_fused_top_tdf3_writeOutputs_unaligned.$proc$/home/zhigang/raw_data/raw_designs/vtr_designs/verilog/koios/conv_layer_hls_submodules/td_fused_top_tdf3_writeOutputs_unaligned.v:263$33'.
Removing empty process `td_fused_top_tdf3_writeOutputs_unaligned.$proc$/home/zhigang/raw_data/raw_designs/vtr_designs/verilog/koios/conv_layer_hls_submodules/td_fused_top_tdf3_writeOutputs_unaligned.v:263$33'.
Found and cleaned up 1 empty switch in `\td_fused_top_tdf3_writeOutputs_unaligned.$proc$/home/zhigang/raw_data/raw_designs/vtr_designs/verilog/koios/conv_layer_hls_submodules/td_fused_top_tdf3_writeOutputs_unaligned.v:257$29'.
Removing empty process `td_fused_top_tdf3_writeOutputs_unaligned.$proc$/home/zhigang/raw_data/raw_designs/vtr_designs/verilog/koios/conv_layer_hls_submodules/td_fused_top_tdf3_writeOutputs_unaligned.v:257$29'.
Found and cleaned up 1 empty switch in `\td_fused_top_tdf3_writeOutputs_unaligned.$proc$/home/zhigang/raw_data/raw_designs/vtr_designs/verilog/koios/conv_layer_hls_submodules/td_fused_top_tdf3_writeOutputs_unaligned.v:250$27'.
Removing empty process `td_fused_top_tdf3_writeOutputs_unaligned.$proc$/home/zhigang/raw_data/raw_designs/vtr_designs/verilog/koios/conv_layer_hls_submodules/td_fused_top_tdf3_writeOutputs_unaligned.v:250$27'.
Found and cleaned up 2 empty switches in `\td_fused_top_tdf3_writeOutputs_unaligned.$proc$/home/zhigang/raw_data/raw_designs/vtr_designs/verilog/koios/conv_layer_hls_submodules/td_fused_top_tdf3_writeOutputs_unaligned.v:242$11'.
Removing empty process `td_fused_top_tdf3_writeOutputs_unaligned.$proc$/home/zhigang/raw_data/raw_designs/vtr_designs/verilog/koios/conv_layer_hls_submodules/td_fused_top_tdf3_writeOutputs_unaligned.v:242$11'.
Found and cleaned up 3 empty switches in `\td_fused_top_tdf3_writeOutputs_unaligned.$proc$/home/zhigang/raw_data/raw_designs/vtr_designs/verilog/koios/conv_layer_hls_submodules/td_fused_top_tdf3_writeOutputs_unaligned.v:230$7'.
Removing empty process `td_fused_top_tdf3_writeOutputs_unaligned.$proc$/home/zhigang/raw_data/raw_designs/vtr_designs/verilog/koios/conv_layer_hls_submodules/td_fused_top_tdf3_writeOutputs_unaligned.v:230$7'.
Found and cleaned up 1 empty switch in `\td_fused_top_tdf3_writeOutputs_unaligned.$proc$/home/zhigang/raw_data/raw_designs/vtr_designs/verilog/koios/conv_layer_hls_submodules/td_fused_top_tdf3_writeOutputs_unaligned.v:222$5'.
Removing empty process `td_fused_top_tdf3_writeOutputs_unaligned.$proc$/home/zhigang/raw_data/raw_designs/vtr_designs/verilog/koios/conv_layer_hls_submodules/td_fused_top_tdf3_writeOutputs_unaligned.v:222$5'.
Cleaned up 26 empty switches.

3.11. Executing OPT_EXPR pass (perform const folding).
Optimizing module td_fused_top_tdf3_writeOutputs_unaligned.
<suppressed ~93 debug messages>

4. Executing OPT pass (performing simple optimizations).

4.1. Executing OPT_EXPR pass (perform const folding).
Optimizing module td_fused_top_tdf3_writeOutputs_unaligned.

4.2. Executing OPT_MERGE pass (detect identical cells).
Finding identical cells in module `\td_fused_top_tdf3_writeOutputs_unaligned'.
<suppressed ~225 debug messages>
Removed a total of 75 cells.

4.3. Executing OPT_MUXTREE pass (detect dead branches in mux trees).
Running muxtree optimizer on module \td_fused_top_tdf3_writeOutputs_unaligned..
  Creating internal representation of mux trees.
  Evaluating internal representation of mux trees.
  Analyzing evaluation results.
    dead port 2/2 on $mux $procmux$278.
    dead port 1/2 on $mux $procmux$297.
    dead port 2/2 on $mux $procmux$297.
    dead port 1/2 on $mux $procmux$303.
    dead port 2/2 on $mux $procmux$303.
Removed 5 multiplexer ports.
<suppressed ~41 debug messages>

4.4. Executing OPT_REDUCE pass (consolidate $*mux and $reduce_* inputs).
  Optimizing cells in module \td_fused_top_tdf3_writeOutputs_unaligned.
Performed a total of 0 changes.

4.5. Executing OPT_MERGE pass (detect identical cells).
Finding identical cells in module `\td_fused_top_tdf3_writeOutputs_unaligned'.
<suppressed ~12 debug messages>
Removed a total of 4 cells.

4.6. Executing OPT_DFF pass (perform DFF optimizations).
Adding SRST signal on $procdff$359 ($dff) from module td_fused_top_tdf3_writeOutputs_unaligned (D = \ap_NS_fsm, Q = \ap_CS_fsm, rval = 2'01).
Adding SRST signal on $procdff$358 ($dff) from module td_fused_top_tdf3_writeOutputs_unaligned (D = $procmux$338_Y, Q = \ap_done_reg, rval = 1'0).
Adding SRST signal on $procdff$357 ($dff) from module td_fused_top_tdf3_writeOutputs_unaligned (D = $procmux$333_Y, Q = \empty_139_reg_129, rval = 16'0000000000000000).
Adding EN signal on $auto$ff.cc:262:slice$364 ($sdff) from module td_fused_top_tdf3_writeOutputs_unaligned (D = $add$/home/zhigang/raw_data/raw_designs/vtr_designs/verilog/koios/conv_layer_hls_submodules/td_fused_top_tdf3_writeOutputs_unaligned.v:399$163_Y, Q = \empty_139_reg_129).
Adding EN signal on $procdff$356 ($dff) from module td_fused_top_tdf3_writeOutputs_unaligned (D = $ternary$/home/zhigang/raw_data/raw_designs/vtr_designs/verilog/koios/conv_layer_hls_submodules/td_fused_top_tdf3_writeOutputs_unaligned.v:453$191_Y, Q = \icmp_ln87_reg_917).
Adding EN signal on $procdff$355 ($dff) from module td_fused_top_tdf3_writeOutputs_unaligned (D = $add$/home/zhigang/raw_data/raw_designs/vtr_designs/verilog/koios/conv_layer_hls_submodules/td_fused_top_tdf3_writeOutputs_unaligned.v:401$164_Y, Q = \out_data_addr_reg_903).
Adding EN signal on $procdff$354 ($dff) from module td_fused_top_tdf3_writeOutputs_unaligned (D = $ternary$/home/zhigang/raw_data/raw_designs/vtr_designs/verilog/koios/conv_layer_hls_submodules/td_fused_top_tdf3_writeOutputs_unaligned.v:523$246_Y, Q = \outputChanIdx_4).
Adding SRST signal on $auto$ff.cc:262:slice$368 ($dffe) from module td_fused_top_tdf3_writeOutputs_unaligned (D = \add_ln95_fu_871_p2, Q = \outputChanIdx_4, rval = 16'0000000000000000).
Adding EN signal on $procdff$353 ($dff) from module td_fused_top_tdf3_writeOutputs_unaligned (D = $procmux$309_Y, Q = \outputCount_4).
Adding SRST signal on $auto$ff.cc:262:slice$370 ($dffe) from module td_fused_top_tdf3_writeOutputs_unaligned (D = \empty_139_reg_129, Q = \outputCount_4, rval = 16'0000000000000000).
Adding EN signal on $procdff$352 ($dff) from module td_fused_top_tdf3_writeOutputs_unaligned (D = \p_read, Q = \outputRow_8_0).
Adding EN signal on $procdff$351 ($dff) from module td_fused_top_tdf3_writeOutputs_unaligned (D = \p_read, Q = \outputRow_8_1).
Adding EN signal on $procdff$350 ($dff) from module td_fused_top_tdf3_writeOutputs_unaligned (D = \p_read, Q = \outputRow_8_2).
Adding EN signal on $procdff$349 ($dff) from module td_fused_top_tdf3_writeOutputs_unaligned (D = \p_read, Q = \outputRow_8_3).

4.7. Executing OPT_CLEAN pass (remove unused cells and wires).
Finding unused cells or wires in module \td_fused_top_tdf3_writeOutputs_unaligned..
Removed 18 unused cells and 1346 unused wires.
<suppressed ~24 debug messages>

4.8. Executing OPT_EXPR pass (perform const folding).
Optimizing module td_fused_top_tdf3_writeOutputs_unaligned.

4.9. Rerunning OPT passes. (Maybe there is more to do..)

4.10. Executing OPT_MUXTREE pass (detect dead branches in mux trees).
Running muxtree optimizer on module \td_fused_top_tdf3_writeOutputs_unaligned..
  Creating internal representation of mux trees.
  Evaluating internal representation of mux trees.
  Analyzing evaluation results.
Removed 0 multiplexer ports.
<suppressed ~28 debug messages>

4.11. Executing OPT_REDUCE pass (consolidate $*mux and $reduce_* inputs).
  Optimizing cells in module \td_fused_top_tdf3_writeOutputs_unaligned.
Performed a total of 0 changes.

4.12. Executing OPT_MERGE pass (detect identical cells).
Finding identical cells in module `\td_fused_top_tdf3_writeOutputs_unaligned'.
Removed a total of 0 cells.

4.13. Executing OPT_DFF pass (perform DFF optimizations).

4.14. Executing OPT_CLEAN pass (remove unused cells and wires).
Finding unused cells or wires in module \td_fused_top_tdf3_writeOutputs_unaligned..

4.15. Executing OPT_EXPR pass (perform const folding).
Optimizing module td_fused_top_tdf3_writeOutputs_unaligned.

4.16. Finished OPT passes. (There is nothing left to do.)

5. Printing statistics.

=== td_fused_top_tdf3_writeOutputs_unaligned ===

   Number of wires:                189
   Number of wire bits:          15519
   Number of public wires:         155
   Number of public wire bits:   15484
   Number of memories:               0
   Number of memory bits:            0
   Number of processes:              0
   Number of cells:                125
     $add                           44
     $and                         3085
     $dffe                          77
     $eq                            42
     $gt                            32
     $logic_not                      2
     $mux                         1145
     $not                            5
     $or                          1071
     $pmux                           2
     $reduce_or                      2
     $sdff                           3
     $sdffce                        32
     $sdffe                         16
     $shl                         2048
     $shr                         1024
     $sub                           12
     $xor                         1096

End of script. Logfile hash: 3dfde5fb45, CPU: user 0.61s system 0.02s, MEM: 34.03 MB peak
Yosys 0.10+12 (git sha1 72fac04, gcc 7.4.0-1ubuntu1~16.04~ppa1 -fPIC -Os)
Time spent: 41% 2x read_verilog (0 sec), 20% 2x opt_clean (0 sec), ...
