
5. Printing statistics.

=== $paramod$d469e4afe47aade94905ad9cf27ab37f760587d2\dpram ===

   Number of wires:                 17
   Number of wire bits:            187
   Number of public wires:           9
   Number of public wire bits:      79
   Number of memories:               1
   Number of memory bits:         1024
   Number of processes:              0
   Number of cells:                 12
     $dffe                          32
     $mux                           46

=== td_fused_top_dataflow_in_loop_TOP_LOOP49028_weight_vecs_0_0_0 ===

   Number of wires:                 55
   Number of wire bits:            138
   Number of public wires:          28
   Number of public wire bits:     107
   Number of memories:               0
   Number of memory bits:            0
   Number of processes:              0
   Number of cells:                 36
     $add                            4
     $and                            4
     $eq                             2
     $logic_and                      7
     $logic_not                      5
     $logic_or                       1
     $mux                            8
     $reduce_bool                    4
     $reduce_or                      2
     $sdffe                          6
     $sub                            2

=== td_fused_top_dataflow_in_loop_TOP_LOOP49028_weight_vecs_0_0_0_memcore ===

   Number of wires:                 14
   Number of wire bits:             84
   Number of public wires:          14
   Number of public wire bits:      84
   Number of memories:               0
   Number of memory bits:            0
   Number of processes:              0
   Number of cells:                  3
     $and                            2

=== design hierarchy ===

   td_fused_top_dataflow_in_loop_TOP_LOOP49028_weight_vecs_0_0_0      1
     td_fused_top_dataflow_in_loop_TOP_LOOP49028_weight_vecs_0_0_0_memcore      0
       $paramod$d469e4afe47aade94905ad9cf27ab37f760587d2\dpram      0

   Number of wires:                 55
   Number of wire bits:            138
   Number of public wires:          28
   Number of public wire bits:     107
   Number of memories:               0
   Number of memory bits:            0
   Number of processes:              0
   Number of cells:                 36
     $add                            4
     $and                            4
     $eq                             2
     $logic_and                      7
     $logic_not                      5
     $logic_or                       1
     $mux                            8
     $reduce_bool                    4
     $reduce_or                      2
     $sdffe                          6
     $sub                            2

