
5. Printing statistics.

=== td_fused_top_tdf3_get_next_ijk ===

   Number of wires:                 50
   Number of wire bits:            233
   Number of public wires:          30
   Number of public wire bits:     183
   Number of memories:               0
   Number of memory bits:            0
   Number of processes:              0
   Number of cells:                 37
     $add                           48
     $and                            5
     $dffe                          32
     $eq                            48
     $mux                           72
     $not                            5
     $or                             4
     $reduce_or                      2
     $sdff                           1
     $sdffce                        16

