
5. Printing statistics.

=== td_fused_top_tdf3_readInputs ===

   Number of wires:                146
   Number of wire bits:           1047
   Number of public wires:          97
   Number of public wire bits:     944
   Number of memories:               0
   Number of memory bits:            0
   Number of processes:              0
   Number of cells:                 90
     $add                           20
     $and                           13
     $dffe                          33
     $eq                            22
     $gt                            32
     $mux                          167
     $not                            8
     $or                            24
     $pmux                           4
     $reduce_bool                    4
     $reduce_or                      4
     $sdff                           5
     $sdffce                        32
     $sdffe                          2
     $sub                           13

