
5. Printing statistics.

=== $paramod$a6bb0a4edb988afd58ba32a584a6be99c2cc4c33\dpram ===

   Number of wires:                 17
   Number of wire bits:            183
   Number of public wires:           9
   Number of public wire bits:      77
   Number of memories:               1
   Number of memory bits:          512
   Number of processes:              0
   Number of cells:                 12
     $dffe                          32
     $mux                           44

=== td_fused_top_dataflow_in_loop_TOP_LOOP49028_ifmap_vec_0_0_memcore ===

   Number of wires:                 14
   Number of wire bits:             82
   Number of public wires:          14
   Number of public wire bits:      82
   Number of memories:               0
   Number of memory bits:            0
   Number of processes:              0
   Number of cells:                  3
     $and                            2

=== design hierarchy ===

   td_fused_top_dataflow_in_loop_TOP_LOOP49028_ifmap_vec_0_0_memcore      1
     $paramod$a6bb0a4edb988afd58ba32a584a6be99c2cc4c33\dpram      0

   Number of wires:                 14
   Number of wire bits:             82
   Number of public wires:          14
   Number of public wire bits:      82
   Number of memories:               0
   Number of memory bits:            0
   Number of processes:              0
   Number of cells:                  3
     $and                            2

