
5. Printing statistics.

=== fpu_add ===

   Number of wires:                126
   Number of wire bits:           1419
   Number of public wires:          11
   Number of public wire bits:     243
   Number of memories:               0
   Number of memory bits:            0
   Number of processes:              0
   Number of cells:                148
     $add                           33
     $dff                           64
     $eq                           368
     $gt                             8
     $logic_and                      3
     $lt                            32
     $mux                          905
     $not                            2
     $pmux                          48
     $sub                          250

