
 /----------------------------------------------------------------------------\
 |                                                                            |
 |  yosys -- Yosys Open SYnthesis Suite                                       |
 |                                                                            |
 |  Copyright (C) 2012 - 2020  Claire Xenia Wolf <claire@yosyshq.com>         |
 |                                                                            |
 |  Permission to use, copy, modify, and/or distribute this software for any  |
 |  purpose with or without fee is hereby granted, provided that the above    |
 |  copyright notice and this permission notice appear in all copies.         |
 |                                                                            |
 |  THE SOFTWARE IS PROVIDED "AS IS" AND THE AUTHOR DISCLAIMS ALL WARRANTIES  |
 |  WITH REGARD TO THIS SOFTWARE INCLUDING ALL IMPLIED WARRANTIES OF          |
 |  MERCHANTABILITY AND FITNESS. IN NO EVENT SHALL THE AUTHOR BE LIABLE FOR   |
 |  ANY SPECIAL, DIRECT, INDIRECT, OR CONSEQUENTIAL DAMAGES OR ANY DAMAGES    |
 |  WHATSOEVER RESULTING FROM LOSS OF USE, DATA OR PROFITS, WHETHER IN AN     |
 |  ACTION OF CONTRACT, NEGLIGENCE OR OTHER TORTIOUS ACTION, ARISING OUT OF   |
 |  OR IN CONNECTION WITH THE USE OR PERFORMANCE OF THIS SOFTWARE.            |
 |                                                                            |
 \----------------------------------------------------------------------------/

 Yosys 0.10+12 (git sha1 72fac04, gcc 7.4.0-1ubuntu1~16.04~ppa1 -fPIC -Os)


-- Executing script file `out.ys' --

1. Executing Verilog-2005 frontend: /home/zhigang/raw_data/raw_designs/vtr_designs/verilog/LU8PEEng_submodules/mult_add.v
Parsing SystemVerilog input from `/home/zhigang/raw_data/raw_designs/vtr_designs/verilog/LU8PEEng_submodules/mult_add.v' to AST representation.
Generating RTLIL representation for module `\mult_add'.
Generating RTLIL representation for module `\fpu_add'.
Note: Assuming pure combinatorial block at /home/zhigang/raw_data/raw_designs/vtr_designs/verilog/LU8PEEng_submodules/mult_add.v:239.2-421.5 in
compliance with IEC 62142(E):2005 / IEEE Std. 1364.1(E):2002. Recommending
use of @* instead of @(...) for better match of synthesis and simulation.
Note: Assuming pure combinatorial block at /home/zhigang/raw_data/raw_designs/vtr_designs/verilog/LU8PEEng_submodules/mult_add.v:424.2-464.5 in
compliance with IEC 62142(E):2005 / IEEE Std. 1364.1(E):2002. Recommending
use of @* instead of @(...) for better match of synthesis and simulation.
Note: Assuming pure combinatorial block at /home/zhigang/raw_data/raw_designs/vtr_designs/verilog/LU8PEEng_submodules/mult_add.v:469.2-571.5 in
compliance with IEC 62142(E):2005 / IEEE Std. 1364.1(E):2002. Recommending
use of @* instead of @(...) for better match of synthesis and simulation.
Generating RTLIL representation for module `\fpmul'.
/home/zhigang/raw_data/raw_designs/vtr_designs/verilog/LU8PEEng_submodules/mult_add.v:631: Warning: Identifier `\sign' is implicitly declared.
/home/zhigang/raw_data/raw_designs/vtr_designs/verilog/LU8PEEng_submodules/mult_add.v:674: Warning: Identifier `\stilltiny_or_tiny_and_denormround' is implicitly declared.
Generating RTLIL representation for module `\assemble'.
Generating RTLIL representation for module `\flag'.
Generating RTLIL representation for module `\round'.
Generating RTLIL representation for module `\shift'.
Note: Assuming pure combinatorial block at /home/zhigang/raw_data/raw_designs/vtr_designs/verilog/LU8PEEng_submodules/mult_add.v:903.3-1033.5 in
compliance with IEC 62142(E):2005 / IEEE Std. 1364.1(E):2002. Recommending
use of @* instead of @(...) for better match of synthesis and simulation.
Generating RTLIL representation for module `\normalize'.
Generating RTLIL representation for module `\exponent'.
Generating RTLIL representation for module `\multiply_a'.
Generating RTLIL representation for module `\prenorm'.
Note: Assuming pure combinatorial block at /home/zhigang/raw_data/raw_designs/vtr_designs/verilog/LU8PEEng_submodules/mult_add.v:1188.2-1286.5 in
compliance with IEC 62142(E):2005 / IEEE Std. 1364.1(E):2002. Recommending
use of @* instead of @(...) for better match of synthesis and simulation.
Note: Assuming pure combinatorial block at /home/zhigang/raw_data/raw_designs/vtr_designs/verilog/LU8PEEng_submodules/mult_add.v:1291.2-1389.5 in
compliance with IEC 62142(E):2005 / IEEE Std. 1364.1(E):2002. Recommending
use of @* instead of @(...) for better match of synthesis and simulation.
Generating RTLIL representation for module `\special'.
Generating RTLIL representation for module `\preprocess'.
Successfully finished Verilog frontend.

2. Executing HIERARCHY pass (managing design hierarchy).

2.1. Finding top of design hierarchy..
root of   0 design levels: preprocess          
root of   0 design levels: special             
root of   0 design levels: prenorm             
root of   0 design levels: multiply_a          
root of   0 design levels: exponent            
root of   0 design levels: normalize           
root of   0 design levels: shift               
root of   0 design levels: round               
root of   0 design levels: flag                
root of   0 design levels: assemble            
root of   1 design levels: fpmul               
root of   0 design levels: fpu_add             
root of   2 design levels: mult_add            
Automatically selected mult_add as design top module.

2.2. Analyzing design hierarchy..
Top module:  \mult_add
Used module:     \fpu_add
Used module:     \fpmul
Used module:         \assemble
Used module:         \flag
Used module:         \round
Used module:         \shift
Used module:         \normalize
Used module:         \exponent
Used module:         \multiply_a
Used module:         \prenorm
Used module:         \special
Used module:         \preprocess

2.3. Analyzing design hierarchy..
Top module:  \mult_add
Used module:     \fpu_add
Used module:     \fpmul
Used module:         \assemble
Used module:         \flag
Used module:         \round
Used module:         \shift
Used module:         \normalize
Used module:         \exponent
Used module:         \multiply_a
Used module:         \prenorm
Used module:         \special
Used module:         \preprocess
Removed 0 unused modules.
Mapping positional arguments of cell fpmul.assembler (assemble).
Mapping positional arguments of cell fpmul.flager (flag).
Mapping positional arguments of cell fpmul.rounder (round).
Mapping positional arguments of cell fpmul.shifter (shift).
Mapping positional arguments of cell fpmul.normalizer (normalize).
Mapping positional arguments of cell fpmul.exponenter (exponent).
Mapping positional arguments of cell fpmul.multiplier (multiply_a).
Mapping positional arguments of cell fpmul.prenormer (prenorm).
Mapping positional arguments of cell fpmul.specialer (special).
Mapping positional arguments of cell fpmul.preprocesser (preprocess).

3. Executing PROC pass (convert processes to netlists).

3.1. Executing PROC_CLEAN pass (remove empty switches from decision trees).
Cleaned up 0 empty switches.

3.2. Executing PROC_RMDEAD pass (remove dead branches from decision trees).
Marked 1 switch rules as full_case in process $proc$/home/zhigang/raw_data/raw_designs/vtr_designs/verilog/LU8PEEng_submodules/mult_add.v:1291$283 in module prenorm.
Marked 1 switch rules as full_case in process $proc$/home/zhigang/raw_data/raw_designs/vtr_designs/verilog/LU8PEEng_submodules/mult_add.v:1188$258 in module prenorm.
Marked 1 switch rules as full_case in process $proc$/home/zhigang/raw_data/raw_designs/vtr_designs/verilog/LU8PEEng_submodules/mult_add.v:903$159 in module shift.
Marked 24 switch rules as full_case in process $proc$/home/zhigang/raw_data/raw_designs/vtr_designs/verilog/LU8PEEng_submodules/mult_add.v:469$73 in module fpu_add.
Marked 6 switch rules as full_case in process $proc$/home/zhigang/raw_data/raw_designs/vtr_designs/verilog/LU8PEEng_submodules/mult_add.v:424$59 in module fpu_add.
Marked 4 switch rules as full_case in process $proc$/home/zhigang/raw_data/raw_designs/vtr_designs/verilog/LU8PEEng_submodules/mult_add.v:239$4 in module fpu_add.
Removed a total of 0 dead cases.

3.3. Executing PROC_PRUNE pass (remove redundant assignments in processes).
Removed 0 redundant assignments.
Promoted 16 assignments to connections.

3.4. Executing PROC_INIT pass (extract init attributes).

3.5. Executing PROC_ARST pass (detect async resets in processes).

3.6. Executing PROC_MUX pass (convert decision trees to multiplexers).
Creating decoders for process `\prenorm.$proc$/home/zhigang/raw_data/raw_designs/vtr_designs/verilog/LU8PEEng_submodules/mult_add.v:1291$283'.
     1/1: $1\shiftedb[23:0]
Creating decoders for process `\prenorm.$proc$/home/zhigang/raw_data/raw_designs/vtr_designs/verilog/LU8PEEng_submodules/mult_add.v:1188$258'.
     1/1: $1\shifteda[23:0]
Creating decoders for process `\shift.$proc$/home/zhigang/raw_data/raw_designs/vtr_designs/verilog/LU8PEEng_submodules/mult_add.v:903$159'.
     1/1: $1\postshift[95:0]
Creating decoders for process `\fpmul.$proc$/home/zhigang/raw_data/raw_designs/vtr_designs/verilog/LU8PEEng_submodules/mult_add.v:683$102'.
Creating decoders for process `\fpu_add.$proc$/home/zhigang/raw_data/raw_designs/vtr_designs/verilog/LU8PEEng_submodules/mult_add.v:469$73'.
     1/48: $24\sum[30:0] [30:23]
     2/48: $24\sum[30:0] [22:0]
     3/48: $23\sum[30:0] [30:23]
     4/48: $23\sum[30:0] [22:0]
     5/48: $22\sum[30:0] [30:23]
     6/48: $22\sum[30:0] [22:0]
     7/48: $21\sum[30:0] [30:23]
     8/48: $21\sum[30:0] [22:0]
     9/48: $20\sum[30:0] [30:23]
    10/48: $20\sum[30:0] [22:0]
    11/48: $19\sum[30:0] [30:23]
    12/48: $19\sum[30:0] [22:0]
    13/48: $18\sum[30:0] [30:23]
    14/48: $18\sum[30:0] [22:0]
    15/48: $17\sum[30:0] [30:23]
    16/48: $17\sum[30:0] [22:0]
    17/48: $16\sum[30:0] [30:23]
    18/48: $16\sum[30:0] [22:0]
    19/48: $15\sum[30:0] [30:23]
    20/48: $15\sum[30:0] [22:0]
    21/48: $14\sum[30:0] [30:23]
    22/48: $14\sum[30:0] [22:0]
    23/48: $13\sum[30:0] [30:23]
    24/48: $13\sum[30:0] [22:0]
    25/48: $12\sum[30:0] [30:23]
    26/48: $12\sum[30:0] [22:0]
    27/48: $11\sum[30:0] [30:23]
    28/48: $11\sum[30:0] [22:0]
    29/48: $10\sum[30:0] [30:23]
    30/48: $10\sum[30:0] [22:0]
    31/48: $9\sum[30:0] [30:23]
    32/48: $9\sum[30:0] [22:0]
    33/48: $8\sum[30:0] [30:23]
    34/48: $8\sum[30:0] [22:0]
    35/48: $7\sum[30:0] [30:23]
    36/48: $7\sum[30:0] [22:0]
    37/48: $6\sum[30:0] [30:23]
    38/48: $6\sum[30:0] [22:0]
    39/48: $5\sum[30:0] [30:23]
    40/48: $5\sum[30:0] [22:0]
    41/48: $4\sum[30:0] [30:23]
    42/48: $4\sum[30:0] [22:0]
    43/48: $3\sum[30:0] [30:23]
    44/48: $3\sum[30:0] [22:0]
    45/48: $2\sum[30:0] [30:23]
    46/48: $2\sum[30:0] [22:0]
    47/48: $1\sum[30:0] [30:23]
    48/48: $1\sum[30:0] [22:0]
Creating decoders for process `\fpu_add.$proc$/home/zhigang/raw_data/raw_designs/vtr_designs/verilog/LU8PEEng_submodules/mult_add.v:424$59'.
     1/11: $5\sum[31:31]
     2/11: $5\sum_man[24:0]
     3/11: $4\sum[31:31]
     4/11: $4\sum_man[24:0]
     5/11: $3\sum_man[24:0]
     6/11: $3\sum[31:31]
     7/11: $2\sum[31:31]
     8/11: $2\sum_man[24:0]
     9/11: $1\sum[31:31]
    10/11: $1\sum_man[24:0]
    11/11: $1\smaller[0:0]
Creating decoders for process `\fpu_add.$proc$/home/zhigang/raw_data/raw_designs/vtr_designs/verilog/LU8PEEng_submodules/mult_add.v:239$4'.
     1/10: $3\b_man[23:0]
     2/10: $2\a_exp[7:0]
     3/10: $2\b_man[23:0]
     4/10: $3\a_man[23:0]
     5/10: $2\temp[7:0]
     6/10: $2\a_man[23:0]
     7/10: $1\a_exp[7:0]
     8/10: $1\b_man[23:0]
     9/10: $1\a_man[23:0]
    10/10: $1\temp[7:0]
Creating decoders for process `\fpu_add.$proc$/home/zhigang/raw_data/raw_designs/vtr_designs/verilog/LU8PEEng_submodules/mult_add.v:231$3'.
Creating decoders for process `\mult_add.$proc$/home/zhigang/raw_data/raw_designs/vtr_designs/verilog/LU8PEEng_submodules/mult_add.v:203$2'.

3.7. Executing PROC_DLATCH pass (convert process syncs to latches).
No latch inferred for signal `\prenorm.\shiftedb' from process `\prenorm.$proc$/home/zhigang/raw_data/raw_designs/vtr_designs/verilog/LU8PEEng_submodules/mult_add.v:1291$283'.
No latch inferred for signal `\prenorm.\shifteda' from process `\prenorm.$proc$/home/zhigang/raw_data/raw_designs/vtr_designs/verilog/LU8PEEng_submodules/mult_add.v:1188$258'.
No latch inferred for signal `\shift.\postshift' from process `\shift.$proc$/home/zhigang/raw_data/raw_designs/vtr_designs/verilog/LU8PEEng_submodules/mult_add.v:903$159'.
No latch inferred for signal `\fpu_add.\sum [30:0]' from process `\fpu_add.$proc$/home/zhigang/raw_data/raw_designs/vtr_designs/verilog/LU8PEEng_submodules/mult_add.v:469$73'.
No latch inferred for signal `\fpu_add.\sum [31]' from process `\fpu_add.$proc$/home/zhigang/raw_data/raw_designs/vtr_designs/verilog/LU8PEEng_submodules/mult_add.v:424$59'.
No latch inferred for signal `\fpu_add.\sum_man' from process `\fpu_add.$proc$/home/zhigang/raw_data/raw_designs/vtr_designs/verilog/LU8PEEng_submodules/mult_add.v:424$59'.
No latch inferred for signal `\fpu_add.\smaller' from process `\fpu_add.$proc$/home/zhigang/raw_data/raw_designs/vtr_designs/verilog/LU8PEEng_submodules/mult_add.v:424$59'.
No latch inferred for signal `\fpu_add.\a_exp' from process `\fpu_add.$proc$/home/zhigang/raw_data/raw_designs/vtr_designs/verilog/LU8PEEng_submodules/mult_add.v:239$4'.
No latch inferred for signal `\fpu_add.\a_man' from process `\fpu_add.$proc$/home/zhigang/raw_data/raw_designs/vtr_designs/verilog/LU8PEEng_submodules/mult_add.v:239$4'.
No latch inferred for signal `\fpu_add.\b_man' from process `\fpu_add.$proc$/home/zhigang/raw_data/raw_designs/vtr_designs/verilog/LU8PEEng_submodules/mult_add.v:239$4'.
No latch inferred for signal `\fpu_add.\temp' from process `\fpu_add.$proc$/home/zhigang/raw_data/raw_designs/vtr_designs/verilog/LU8PEEng_submodules/mult_add.v:239$4'.

3.8. Executing PROC_DFF pass (convert process syncs to FFs).
Creating register for signal `\fpmul.\y_out' using process `\fpmul.$proc$/home/zhigang/raw_data/raw_designs/vtr_designs/verilog/LU8PEEng_submodules/mult_add.v:683$102'.
  created $dff cell `$procdff$2415' with positive edge clock.
Creating register for signal `\fpu_add.\a' using process `\fpu_add.$proc$/home/zhigang/raw_data/raw_designs/vtr_designs/verilog/LU8PEEng_submodules/mult_add.v:231$3'.
  created $dff cell `$procdff$2416' with positive edge clock.
Creating register for signal `\fpu_add.\b' using process `\fpu_add.$proc$/home/zhigang/raw_data/raw_designs/vtr_designs/verilog/LU8PEEng_submodules/mult_add.v:231$3'.
  created $dff cell `$procdff$2417' with positive edge clock.
Creating register for signal `\mult_add.\mult_result' using process `\mult_add.$proc$/home/zhigang/raw_data/raw_designs/vtr_designs/verilog/LU8PEEng_submodules/mult_add.v:203$2'.
  created $dff cell `$procdff$2418' with positive edge clock.
Creating register for signal `\mult_add.\add_result' using process `\mult_add.$proc$/home/zhigang/raw_data/raw_designs/vtr_designs/verilog/LU8PEEng_submodules/mult_add.v:203$2'.
  created $dff cell `$procdff$2419' with positive edge clock.

3.9. Executing PROC_MEMWR pass (convert process memory writes to cells).

3.10. Executing PROC_CLEAN pass (remove empty switches from decision trees).
Found and cleaned up 1 empty switch in `\prenorm.$proc$/home/zhigang/raw_data/raw_designs/vtr_designs/verilog/LU8PEEng_submodules/mult_add.v:1291$283'.
Removing empty process `prenorm.$proc$/home/zhigang/raw_data/raw_designs/vtr_designs/verilog/LU8PEEng_submodules/mult_add.v:1291$283'.
Found and cleaned up 1 empty switch in `\prenorm.$proc$/home/zhigang/raw_data/raw_designs/vtr_designs/verilog/LU8PEEng_submodules/mult_add.v:1188$258'.
Removing empty process `prenorm.$proc$/home/zhigang/raw_data/raw_designs/vtr_designs/verilog/LU8PEEng_submodules/mult_add.v:1188$258'.
Found and cleaned up 1 empty switch in `\shift.$proc$/home/zhigang/raw_data/raw_designs/vtr_designs/verilog/LU8PEEng_submodules/mult_add.v:903$159'.
Removing empty process `shift.$proc$/home/zhigang/raw_data/raw_designs/vtr_designs/verilog/LU8PEEng_submodules/mult_add.v:903$159'.
Removing empty process `fpmul.$proc$/home/zhigang/raw_data/raw_designs/vtr_designs/verilog/LU8PEEng_submodules/mult_add.v:683$102'.
Found and cleaned up 24 empty switches in `\fpu_add.$proc$/home/zhigang/raw_data/raw_designs/vtr_designs/verilog/LU8PEEng_submodules/mult_add.v:469$73'.
Removing empty process `fpu_add.$proc$/home/zhigang/raw_data/raw_designs/vtr_designs/verilog/LU8PEEng_submodules/mult_add.v:469$73'.
Found and cleaned up 6 empty switches in `\fpu_add.$proc$/home/zhigang/raw_data/raw_designs/vtr_designs/verilog/LU8PEEng_submodules/mult_add.v:424$59'.
Removing empty process `fpu_add.$proc$/home/zhigang/raw_data/raw_designs/vtr_designs/verilog/LU8PEEng_submodules/mult_add.v:424$59'.
Found and cleaned up 4 empty switches in `\fpu_add.$proc$/home/zhigang/raw_data/raw_designs/vtr_designs/verilog/LU8PEEng_submodules/mult_add.v:239$4'.
Removing empty process `fpu_add.$proc$/home/zhigang/raw_data/raw_designs/vtr_designs/verilog/LU8PEEng_submodules/mult_add.v:239$4'.
Removing empty process `fpu_add.$proc$/home/zhigang/raw_data/raw_designs/vtr_designs/verilog/LU8PEEng_submodules/mult_add.v:231$3'.
Removing empty process `mult_add.$proc$/home/zhigang/raw_data/raw_designs/vtr_designs/verilog/LU8PEEng_submodules/mult_add.v:203$2'.
Cleaned up 37 empty switches.

3.11. Executing OPT_EXPR pass (perform const folding).
Optimizing module preprocess.
<suppressed ~4 debug messages>
Optimizing module special.
Optimizing module prenorm.
<suppressed ~46 debug messages>
Optimizing module multiply_a.
Optimizing module exponent.
Optimizing module normalize.
Optimizing module shift.
<suppressed ~33 debug messages>
Optimizing module round.
Optimizing module flag.
Optimizing module assemble.
Optimizing module fpmul.
Optimizing module fpu_add.
<suppressed ~50 debug messages>
Optimizing module mult_add.
<suppressed ~1 debug messages>

4. Executing OPT pass (performing simple optimizations).

4.1. Executing OPT_EXPR pass (perform const folding).
Optimizing module preprocess.
Optimizing module special.
Optimizing module prenorm.
Optimizing module multiply_a.
Optimizing module exponent.
Optimizing module normalize.
Optimizing module shift.
Optimizing module round.
Optimizing module flag.
Optimizing module assemble.
Optimizing module fpmul.
Optimizing module fpu_add.
Optimizing module mult_add.

4.2. Executing OPT_MERGE pass (detect identical cells).
Finding identical cells in module `\preprocess'.
Finding identical cells in module `\special'.
Finding identical cells in module `\prenorm'.
Finding identical cells in module `\multiply_a'.
Finding identical cells in module `\exponent'.
Finding identical cells in module `\normalize'.
Finding identical cells in module `\shift'.
Finding identical cells in module `\round'.
<suppressed ~3 debug messages>
Finding identical cells in module `\flag'.
<suppressed ~3 debug messages>
Finding identical cells in module `\assemble'.
Finding identical cells in module `\fpmul'.
<suppressed ~3 debug messages>
Finding identical cells in module `\fpu_add'.
<suppressed ~12 debug messages>
Finding identical cells in module `\mult_add'.
Removed a total of 7 cells.

4.3. Executing OPT_MUXTREE pass (detect dead branches in mux trees).
Running muxtree optimizer on module \preprocess..
  Creating internal representation of mux trees.
  No muxes found in this module.
Running muxtree optimizer on module \special..
  Creating internal representation of mux trees.
  Evaluating internal representation of mux trees.
  Analyzing evaluation results.
Running muxtree optimizer on module \prenorm..
  Creating internal representation of mux trees.
  Evaluating internal representation of mux trees.
  Analyzing evaluation results.
Running muxtree optimizer on module \multiply_a..
  Creating internal representation of mux trees.
  No muxes found in this module.
Running muxtree optimizer on module \exponent..
  Creating internal representation of mux trees.
  No muxes found in this module.
Running muxtree optimizer on module \normalize..
  Creating internal representation of mux trees.
  Evaluating internal representation of mux trees.
  Analyzing evaluation results.
Running muxtree optimizer on module \shift..
  Creating internal representation of mux trees.
  Evaluating internal representation of mux trees.
  Analyzing evaluation results.
Running muxtree optimizer on module \round..
  Creating internal representation of mux trees.
  Evaluating internal representation of mux trees.
  Analyzing evaluation results.
Running muxtree optimizer on module \flag..
  Creating internal representation of mux trees.
  No muxes found in this module.
Running muxtree optimizer on module \assemble..
  Creating internal representation of mux trees.
  Evaluating internal representation of mux trees.
  Analyzing evaluation results.
Running muxtree optimizer on module \fpmul..
  Creating internal representation of mux trees.
  No muxes found in this module.
Running muxtree optimizer on module \fpu_add..
  Creating internal representation of mux trees.
  Evaluating internal representation of mux trees.
  Analyzing evaluation results.
    dead port 1/2 on $mux $procmux$2309.
    dead port 1/2 on $mux $procmux$2303.
    dead port 1/2 on $mux $procmux$2297.
    dead port 1/2 on $mux $procmux$2294.
    dead port 1/2 on $mux $procmux$2288.
    dead port 1/2 on $mux $procmux$2285.
    dead port 1/2 on $mux $procmux$2279.
    dead port 1/2 on $mux $procmux$2276.
    dead port 2/2 on $mux $procmux$2273.
    dead port 1/2 on $mux $procmux$2267.
    dead port 1/2 on $mux $procmux$2264.
    dead port 2/2 on $mux $procmux$2261.
    dead port 1/2 on $mux $procmux$2255.
    dead port 1/2 on $mux $procmux$2252.
    dead port 1/2 on $mux $procmux$2249.
    dead port 1/2 on $mux $procmux$2243.
    dead port 1/2 on $mux $procmux$2240.
    dead port 1/2 on $mux $procmux$2237.
    dead port 1/2 on $mux $procmux$2225.
    dead port 1/2 on $mux $procmux$2219.
    dead port 1/2 on $mux $procmux$2213.
    dead port 1/2 on $mux $procmux$2210.
    dead port 1/2 on $mux $procmux$2204.
    dead port 1/2 on $mux $procmux$2201.
    dead port 1/2 on $mux $procmux$2195.
    dead port 1/2 on $mux $procmux$2192.
    dead port 1/2 on $mux $procmux$2189.
    dead port 1/2 on $mux $procmux$2183.
    dead port 1/2 on $mux $procmux$2180.
    dead port 1/2 on $mux $procmux$2177.
    dead port 1/2 on $mux $procmux$2171.
    dead port 1/2 on $mux $procmux$2168.
    dead port 1/2 on $mux $procmux$2165.
    dead port 1/2 on $mux $procmux$2162.
    dead port 1/2 on $mux $procmux$2156.
    dead port 1/2 on $mux $procmux$2153.
    dead port 1/2 on $mux $procmux$2150.
    dead port 1/2 on $mux $procmux$2147.
    dead port 1/2 on $mux $procmux$2141.
    dead port 1/2 on $mux $procmux$2138.
    dead port 1/2 on $mux $procmux$2135.
    dead port 1/2 on $mux $procmux$2132.
    dead port 1/2 on $mux $procmux$2129.
    dead port 1/2 on $mux $procmux$2123.
    dead port 1/2 on $mux $procmux$2120.
    dead port 1/2 on $mux $procmux$2117.
    dead port 1/2 on $mux $procmux$2114.
    dead port 1/2 on $mux $procmux$2111.
    dead port 1/2 on $mux $procmux$2105.
    dead port 1/2 on $mux $procmux$2102.
    dead port 1/2 on $mux $procmux$2099.
    dead port 1/2 on $mux $procmux$2096.
    dead port 1/2 on $mux $procmux$2093.
    dead port 1/2 on $mux $procmux$2090.
    dead port 1/2 on $mux $procmux$2084.
    dead port 1/2 on $mux $procmux$2081.
    dead port 1/2 on $mux $procmux$2078.
    dead port 1/2 on $mux $procmux$2075.
    dead port 1/2 on $mux $procmux$2072.
    dead port 1/2 on $mux $procmux$2069.
    dead port 1/2 on $mux $procmux$2063.
    dead port 1/2 on $mux $procmux$2060.
    dead port 1/2 on $mux $procmux$2057.
    dead port 1/2 on $mux $procmux$2054.
    dead port 1/2 on $mux $procmux$2051.
    dead port 1/2 on $mux $procmux$2048.
    dead port 1/2 on $mux $procmux$2045.
    dead port 1/2 on $mux $procmux$2039.
    dead port 1/2 on $mux $procmux$2036.
    dead port 1/2 on $mux $procmux$2033.
    dead port 1/2 on $mux $procmux$2030.
    dead port 1/2 on $mux $procmux$2027.
    dead port 1/2 on $mux $procmux$2024.
    dead port 1/2 on $mux $procmux$2021.
    dead port 1/2 on $mux $procmux$2015.
    dead port 1/2 on $mux $procmux$2012.
    dead port 1/2 on $mux $procmux$2009.
    dead port 1/2 on $mux $procmux$2006.
    dead port 1/2 on $mux $procmux$2003.
    dead port 1/2 on $mux $procmux$2000.
    dead port 1/2 on $mux $procmux$1997.
    dead port 1/2 on $mux $procmux$1994.
    dead port 1/2 on $mux $procmux$1988.
    dead port 1/2 on $mux $procmux$1985.
    dead port 1/2 on $mux $procmux$1982.
    dead port 1/2 on $mux $procmux$1979.
    dead port 1/2 on $mux $procmux$1976.
    dead port 1/2 on $mux $procmux$1973.
    dead port 1/2 on $mux $procmux$1970.
    dead port 1/2 on $mux $procmux$1967.
    dead port 1/2 on $mux $procmux$1961.
    dead port 1/2 on $mux $procmux$1958.
    dead port 1/2 on $mux $procmux$1955.
    dead port 1/2 on $mux $procmux$1952.
    dead port 1/2 on $mux $procmux$1949.
    dead port 1/2 on $mux $procmux$1946.
    dead port 1/2 on $mux $procmux$1943.
    dead port 1/2 on $mux $procmux$1940.
    dead port 1/2 on $mux $procmux$1937.
    dead port 1/2 on $mux $procmux$1931.
    dead port 1/2 on $mux $procmux$1928.
    dead port 1/2 on $mux $procmux$1925.
    dead port 1/2 on $mux $procmux$1922.
    dead port 1/2 on $mux $procmux$1919.
    dead port 1/2 on $mux $procmux$1916.
    dead port 1/2 on $mux $procmux$1913.
    dead port 1/2 on $mux $procmux$1910.
    dead port 1/2 on $mux $procmux$1907.
    dead port 1/2 on $mux $procmux$1901.
    dead port 1/2 on $mux $procmux$1898.
    dead port 1/2 on $mux $procmux$1895.
    dead port 1/2 on $mux $procmux$1892.
    dead port 1/2 on $mux $procmux$1889.
    dead port 1/2 on $mux $procmux$1886.
    dead port 1/2 on $mux $procmux$1883.
    dead port 1/2 on $mux $procmux$1880.
    dead port 1/2 on $mux $procmux$1877.
    dead port 1/2 on $mux $procmux$1874.
    dead port 1/2 on $mux $procmux$1868.
    dead port 1/2 on $mux $procmux$1865.
    dead port 1/2 on $mux $procmux$1862.
    dead port 1/2 on $mux $procmux$1859.
    dead port 1/2 on $mux $procmux$1856.
    dead port 1/2 on $mux $procmux$1853.
    dead port 1/2 on $mux $procmux$1850.
    dead port 1/2 on $mux $procmux$1847.
    dead port 1/2 on $mux $procmux$1844.
    dead port 1/2 on $mux $procmux$1841.
    dead port 1/2 on $mux $procmux$1835.
    dead port 1/2 on $mux $procmux$1832.
    dead port 1/2 on $mux $procmux$1829.
    dead port 1/2 on $mux $procmux$1826.
    dead port 1/2 on $mux $procmux$1823.
    dead port 1/2 on $mux $procmux$1820.
    dead port 1/2 on $mux $procmux$1817.
    dead port 1/2 on $mux $procmux$1814.
    dead port 1/2 on $mux $procmux$1811.
    dead port 1/2 on $mux $procmux$1808.
    dead port 1/2 on $mux $procmux$1805.
    dead port 1/2 on $mux $procmux$1799.
    dead port 1/2 on $mux $procmux$1796.
    dead port 1/2 on $mux $procmux$1793.
    dead port 1/2 on $mux $procmux$1790.
    dead port 1/2 on $mux $procmux$1787.
    dead port 1/2 on $mux $procmux$1784.
    dead port 1/2 on $mux $procmux$1781.
    dead port 1/2 on $mux $procmux$1778.
    dead port 1/2 on $mux $procmux$1775.
    dead port 1/2 on $mux $procmux$1772.
    dead port 1/2 on $mux $procmux$1769.
    dead port 1/2 on $mux $procmux$1763.
    dead port 1/2 on $mux $procmux$1760.
    dead port 1/2 on $mux $procmux$1757.
    dead port 1/2 on $mux $procmux$1754.
    dead port 1/2 on $mux $procmux$1751.
    dead port 1/2 on $mux $procmux$1748.
    dead port 1/2 on $mux $procmux$1745.
    dead port 1/2 on $mux $procmux$1742.
    dead port 1/2 on $mux $procmux$1739.
    dead port 1/2 on $mux $procmux$1736.
    dead port 1/2 on $mux $procmux$1733.
    dead port 1/2 on $mux $procmux$1730.
    dead port 1/2 on $mux $procmux$1724.
    dead port 1/2 on $mux $procmux$1721.
    dead port 1/2 on $mux $procmux$1718.
    dead port 1/2 on $mux $procmux$1715.
    dead port 1/2 on $mux $procmux$1712.
    dead port 1/2 on $mux $procmux$1709.
    dead port 1/2 on $mux $procmux$1706.
    dead port 1/2 on $mux $procmux$1703.
    dead port 1/2 on $mux $procmux$1700.
    dead port 1/2 on $mux $procmux$1697.
    dead port 1/2 on $mux $procmux$1694.
    dead port 1/2 on $mux $procmux$1691.
    dead port 1/2 on $mux $procmux$1685.
    dead port 1/2 on $mux $procmux$1682.
    dead port 1/2 on $mux $procmux$1679.
    dead port 1/2 on $mux $procmux$1676.
    dead port 1/2 on $mux $procmux$1673.
    dead port 1/2 on $mux $procmux$1670.
    dead port 1/2 on $mux $procmux$1667.
    dead port 1/2 on $mux $procmux$1664.
    dead port 1/2 on $mux $procmux$1661.
    dead port 1/2 on $mux $procmux$1658.
    dead port 1/2 on $mux $procmux$1655.
    dead port 1/2 on $mux $procmux$1652.
    dead port 1/2 on $mux $procmux$1649.
    dead port 1/2 on $mux $procmux$1643.
    dead port 1/2 on $mux $procmux$1640.
    dead port 1/2 on $mux $procmux$1637.
    dead port 1/2 on $mux $procmux$1634.
    dead port 1/2 on $mux $procmux$1631.
    dead port 1/2 on $mux $procmux$1628.
    dead port 1/2 on $mux $procmux$1625.
    dead port 1/2 on $mux $procmux$1622.
    dead port 1/2 on $mux $procmux$1619.
    dead port 1/2 on $mux $procmux$1616.
    dead port 1/2 on $mux $procmux$1613.
    dead port 1/2 on $mux $procmux$1610.
    dead port 1/2 on $mux $procmux$1607.
    dead port 1/2 on $mux $procmux$1601.
    dead port 1/2 on $mux $procmux$1598.
    dead port 1/2 on $mux $procmux$1595.
    dead port 1/2 on $mux $procmux$1592.
    dead port 1/2 on $mux $procmux$1589.
    dead port 1/2 on $mux $procmux$1586.
    dead port 1/2 on $mux $procmux$1583.
    dead port 1/2 on $mux $procmux$1580.
    dead port 1/2 on $mux $procmux$1577.
    dead port 1/2 on $mux $procmux$1574.
    dead port 1/2 on $mux $procmux$1571.
    dead port 1/2 on $mux $procmux$1568.
    dead port 1/2 on $mux $procmux$1565.
    dead port 1/2 on $mux $procmux$1562.
    dead port 1/2 on $mux $procmux$1556.
    dead port 1/2 on $mux $procmux$1553.
    dead port 1/2 on $mux $procmux$1550.
    dead port 1/2 on $mux $procmux$1547.
    dead port 1/2 on $mux $procmux$1544.
    dead port 1/2 on $mux $procmux$1541.
    dead port 1/2 on $mux $procmux$1538.
    dead port 1/2 on $mux $procmux$1535.
    dead port 1/2 on $mux $procmux$1532.
    dead port 1/2 on $mux $procmux$1529.
    dead port 1/2 on $mux $procmux$1526.
    dead port 1/2 on $mux $procmux$1523.
    dead port 1/2 on $mux $procmux$1520.
    dead port 1/2 on $mux $procmux$1517.
    dead port 1/2 on $mux $procmux$1511.
    dead port 1/2 on $mux $procmux$1508.
    dead port 1/2 on $mux $procmux$1505.
    dead port 1/2 on $mux $procmux$1502.
    dead port 1/2 on $mux $procmux$1499.
    dead port 1/2 on $mux $procmux$1496.
    dead port 1/2 on $mux $procmux$1493.
    dead port 1/2 on $mux $procmux$1490.
    dead port 1/2 on $mux $procmux$1487.
    dead port 1/2 on $mux $procmux$1484.
    dead port 1/2 on $mux $procmux$1481.
    dead port 1/2 on $mux $procmux$1478.
    dead port 1/2 on $mux $procmux$1475.
    dead port 1/2 on $mux $procmux$1472.
    dead port 1/2 on $mux $procmux$1469.
    dead port 1/2 on $mux $procmux$1463.
    dead port 1/2 on $mux $procmux$1460.
    dead port 1/2 on $mux $procmux$1457.
    dead port 1/2 on $mux $procmux$1454.
    dead port 1/2 on $mux $procmux$1451.
    dead port 1/2 on $mux $procmux$1448.
    dead port 1/2 on $mux $procmux$1445.
    dead port 1/2 on $mux $procmux$1442.
    dead port 1/2 on $mux $procmux$1439.
    dead port 1/2 on $mux $procmux$1436.
    dead port 1/2 on $mux $procmux$1433.
    dead port 1/2 on $mux $procmux$1430.
    dead port 1/2 on $mux $procmux$1427.
    dead port 1/2 on $mux $procmux$1424.
    dead port 1/2 on $mux $procmux$1421.
    dead port 1/2 on $mux $procmux$1415.
    dead port 1/2 on $mux $procmux$1412.
    dead port 1/2 on $mux $procmux$1409.
    dead port 1/2 on $mux $procmux$1406.
    dead port 1/2 on $mux $procmux$1403.
    dead port 1/2 on $mux $procmux$1400.
    dead port 1/2 on $mux $procmux$1397.
    dead port 1/2 on $mux $procmux$1394.
    dead port 1/2 on $mux $procmux$1391.
    dead port 1/2 on $mux $procmux$1388.
    dead port 1/2 on $mux $procmux$1385.
    dead port 1/2 on $mux $procmux$1382.
    dead port 1/2 on $mux $procmux$1379.
    dead port 1/2 on $mux $procmux$1376.
    dead port 1/2 on $mux $procmux$1373.
    dead port 1/2 on $mux $procmux$1370.
    dead port 1/2 on $mux $procmux$1364.
    dead port 1/2 on $mux $procmux$1361.
    dead port 1/2 on $mux $procmux$1358.
    dead port 1/2 on $mux $procmux$1355.
    dead port 1/2 on $mux $procmux$1352.
    dead port 1/2 on $mux $procmux$1349.
    dead port 1/2 on $mux $procmux$1346.
    dead port 1/2 on $mux $procmux$1343.
    dead port 1/2 on $mux $procmux$1340.
    dead port 1/2 on $mux $procmux$1337.
    dead port 1/2 on $mux $procmux$1334.
    dead port 1/2 on $mux $procmux$1331.
    dead port 1/2 on $mux $procmux$1328.
    dead port 1/2 on $mux $procmux$1325.
    dead port 1/2 on $mux $procmux$1322.
    dead port 1/2 on $mux $procmux$1319.
    dead port 1/2 on $mux $procmux$1313.
    dead port 1/2 on $mux $procmux$1310.
    dead port 1/2 on $mux $procmux$1307.
    dead port 1/2 on $mux $procmux$1304.
    dead port 1/2 on $mux $procmux$1301.
    dead port 1/2 on $mux $procmux$1298.
    dead port 1/2 on $mux $procmux$1295.
    dead port 1/2 on $mux $procmux$1292.
    dead port 1/2 on $mux $procmux$1289.
    dead port 1/2 on $mux $procmux$1286.
    dead port 1/2 on $mux $procmux$1283.
    dead port 1/2 on $mux $procmux$1280.
    dead port 1/2 on $mux $procmux$1277.
    dead port 1/2 on $mux $procmux$1274.
    dead port 1/2 on $mux $procmux$1271.
    dead port 1/2 on $mux $procmux$1268.
    dead port 1/2 on $mux $procmux$1265.
    dead port 1/2 on $mux $procmux$1259.
    dead port 1/2 on $mux $procmux$1256.
    dead port 1/2 on $mux $procmux$1253.
    dead port 1/2 on $mux $procmux$1250.
    dead port 1/2 on $mux $procmux$1247.
    dead port 1/2 on $mux $procmux$1244.
    dead port 1/2 on $mux $procmux$1241.
    dead port 1/2 on $mux $procmux$1238.
    dead port 1/2 on $mux $procmux$1235.
    dead port 1/2 on $mux $procmux$1232.
    dead port 1/2 on $mux $procmux$1229.
    dead port 1/2 on $mux $procmux$1226.
    dead port 1/2 on $mux $procmux$1223.
    dead port 1/2 on $mux $procmux$1220.
    dead port 1/2 on $mux $procmux$1217.
    dead port 1/2 on $mux $procmux$1214.
    dead port 1/2 on $mux $procmux$1211.
    dead port 1/2 on $mux $procmux$1205.
    dead port 1/2 on $mux $procmux$1202.
    dead port 1/2 on $mux $procmux$1199.
    dead port 1/2 on $mux $procmux$1196.
    dead port 1/2 on $mux $procmux$1193.
    dead port 1/2 on $mux $procmux$1190.
    dead port 1/2 on $mux $procmux$1187.
    dead port 1/2 on $mux $procmux$1184.
    dead port 1/2 on $mux $procmux$1181.
    dead port 1/2 on $mux $procmux$1178.
    dead port 1/2 on $mux $procmux$1175.
    dead port 1/2 on $mux $procmux$1172.
    dead port 1/2 on $mux $procmux$1169.
    dead port 1/2 on $mux $procmux$1166.
    dead port 1/2 on $mux $procmux$1163.
    dead port 1/2 on $mux $procmux$1160.
    dead port 1/2 on $mux $procmux$1157.
    dead port 1/2 on $mux $procmux$1154.
    dead port 1/2 on $mux $procmux$1148.
    dead port 1/2 on $mux $procmux$1145.
    dead port 1/2 on $mux $procmux$1142.
    dead port 1/2 on $mux $procmux$1139.
    dead port 1/2 on $mux $procmux$1136.
    dead port 1/2 on $mux $procmux$1133.
    dead port 1/2 on $mux $procmux$1130.
    dead port 1/2 on $mux $procmux$1127.
    dead port 1/2 on $mux $procmux$1124.
    dead port 1/2 on $mux $procmux$1121.
    dead port 1/2 on $mux $procmux$1118.
    dead port 1/2 on $mux $procmux$1115.
    dead port 1/2 on $mux $procmux$1112.
    dead port 1/2 on $mux $procmux$1109.
    dead port 1/2 on $mux $procmux$1106.
    dead port 1/2 on $mux $procmux$1103.
    dead port 1/2 on $mux $procmux$1100.
    dead port 1/2 on $mux $procmux$1097.
    dead port 1/2 on $mux $procmux$1091.
    dead port 1/2 on $mux $procmux$1088.
    dead port 1/2 on $mux $procmux$1085.
    dead port 1/2 on $mux $procmux$1082.
    dead port 1/2 on $mux $procmux$1079.
    dead port 1/2 on $mux $procmux$1076.
    dead port 1/2 on $mux $procmux$1073.
    dead port 1/2 on $mux $procmux$1070.
    dead port 1/2 on $mux $procmux$1067.
    dead port 1/2 on $mux $procmux$1064.
    dead port 1/2 on $mux $procmux$1061.
    dead port 1/2 on $mux $procmux$1058.
    dead port 1/2 on $mux $procmux$1055.
    dead port 1/2 on $mux $procmux$1052.
    dead port 1/2 on $mux $procmux$1049.
    dead port 1/2 on $mux $procmux$1046.
    dead port 1/2 on $mux $procmux$1043.
    dead port 1/2 on $mux $procmux$1040.
    dead port 1/2 on $mux $procmux$1037.
    dead port 1/2 on $mux $procmux$1031.
    dead port 1/2 on $mux $procmux$1028.
    dead port 1/2 on $mux $procmux$1025.
    dead port 1/2 on $mux $procmux$1022.
    dead port 1/2 on $mux $procmux$1019.
    dead port 1/2 on $mux $procmux$1016.
    dead port 1/2 on $mux $procmux$1013.
    dead port 1/2 on $mux $procmux$1010.
    dead port 1/2 on $mux $procmux$1007.
    dead port 1/2 on $mux $procmux$1004.
    dead port 1/2 on $mux $procmux$1001.
    dead port 1/2 on $mux $procmux$998.
    dead port 1/2 on $mux $procmux$995.
    dead port 1/2 on $mux $procmux$992.
    dead port 1/2 on $mux $procmux$989.
    dead port 1/2 on $mux $procmux$986.
    dead port 1/2 on $mux $procmux$983.
    dead port 1/2 on $mux $procmux$980.
    dead port 1/2 on $mux $procmux$977.
    dead port 1/2 on $mux $procmux$971.
    dead port 1/2 on $mux $procmux$968.
    dead port 1/2 on $mux $procmux$965.
    dead port 1/2 on $mux $procmux$962.
    dead port 1/2 on $mux $procmux$959.
    dead port 1/2 on $mux $procmux$956.
    dead port 1/2 on $mux $procmux$953.
    dead port 1/2 on $mux $procmux$950.
    dead port 1/2 on $mux $procmux$947.
    dead port 1/2 on $mux $procmux$944.
    dead port 1/2 on $mux $procmux$941.
    dead port 1/2 on $mux $procmux$938.
    dead port 1/2 on $mux $procmux$935.
    dead port 1/2 on $mux $procmux$932.
    dead port 1/2 on $mux $procmux$929.
    dead port 1/2 on $mux $procmux$926.
    dead port 1/2 on $mux $procmux$923.
    dead port 1/2 on $mux $procmux$920.
    dead port 1/2 on $mux $procmux$917.
    dead port 1/2 on $mux $procmux$914.
    dead port 1/2 on $mux $procmux$908.
    dead port 1/2 on $mux $procmux$905.
    dead port 1/2 on $mux $procmux$902.
    dead port 1/2 on $mux $procmux$899.
    dead port 1/2 on $mux $procmux$896.
    dead port 1/2 on $mux $procmux$893.
    dead port 1/2 on $mux $procmux$890.
    dead port 1/2 on $mux $procmux$887.
    dead port 1/2 on $mux $procmux$884.
    dead port 1/2 on $mux $procmux$881.
    dead port 1/2 on $mux $procmux$878.
    dead port 1/2 on $mux $procmux$875.
    dead port 1/2 on $mux $procmux$872.
    dead port 1/2 on $mux $procmux$869.
    dead port 1/2 on $mux $procmux$866.
    dead port 1/2 on $mux $procmux$863.
    dead port 1/2 on $mux $procmux$860.
    dead port 1/2 on $mux $procmux$857.
    dead port 1/2 on $mux $procmux$854.
    dead port 1/2 on $mux $procmux$851.
    dead port 1/2 on $mux $procmux$845.
    dead port 1/2 on $mux $procmux$842.
    dead port 1/2 on $mux $procmux$839.
    dead port 1/2 on $mux $procmux$836.
    dead port 1/2 on $mux $procmux$833.
    dead port 1/2 on $mux $procmux$830.
    dead port 1/2 on $mux $procmux$827.
    dead port 1/2 on $mux $procmux$824.
    dead port 1/2 on $mux $procmux$821.
    dead port 1/2 on $mux $procmux$818.
    dead port 1/2 on $mux $procmux$815.
    dead port 1/2 on $mux $procmux$812.
    dead port 1/2 on $mux $procmux$809.
    dead port 1/2 on $mux $procmux$806.
    dead port 1/2 on $mux $procmux$803.
    dead port 1/2 on $mux $procmux$800.
    dead port 1/2 on $mux $procmux$797.
    dead port 1/2 on $mux $procmux$794.
    dead port 1/2 on $mux $procmux$791.
    dead port 1/2 on $mux $procmux$788.
    dead port 1/2 on $mux $procmux$785.
    dead port 1/2 on $mux $procmux$779.
    dead port 1/2 on $mux $procmux$776.
    dead port 1/2 on $mux $procmux$773.
    dead port 1/2 on $mux $procmux$770.
    dead port 1/2 on $mux $procmux$767.
    dead port 1/2 on $mux $procmux$764.
    dead port 1/2 on $mux $procmux$761.
    dead port 1/2 on $mux $procmux$758.
    dead port 1/2 on $mux $procmux$755.
    dead port 1/2 on $mux $procmux$752.
    dead port 1/2 on $mux $procmux$749.
    dead port 1/2 on $mux $procmux$746.
    dead port 1/2 on $mux $procmux$743.
    dead port 1/2 on $mux $procmux$740.
    dead port 1/2 on $mux $procmux$737.
    dead port 1/2 on $mux $procmux$734.
    dead port 1/2 on $mux $procmux$731.
    dead port 1/2 on $mux $procmux$728.
    dead port 1/2 on $mux $procmux$725.
    dead port 1/2 on $mux $procmux$722.
    dead port 1/2 on $mux $procmux$719.
    dead port 1/2 on $mux $procmux$713.
    dead port 1/2 on $mux $procmux$710.
    dead port 1/2 on $mux $procmux$707.
    dead port 1/2 on $mux $procmux$704.
    dead port 1/2 on $mux $procmux$701.
    dead port 1/2 on $mux $procmux$698.
    dead port 1/2 on $mux $procmux$695.
    dead port 1/2 on $mux $procmux$692.
    dead port 1/2 on $mux $procmux$689.
    dead port 1/2 on $mux $procmux$686.
    dead port 1/2 on $mux $procmux$683.
    dead port 1/2 on $mux $procmux$680.
    dead port 1/2 on $mux $procmux$677.
    dead port 1/2 on $mux $procmux$674.
    dead port 1/2 on $mux $procmux$671.
    dead port 1/2 on $mux $procmux$668.
    dead port 1/2 on $mux $procmux$665.
    dead port 1/2 on $mux $procmux$662.
    dead port 1/2 on $mux $procmux$659.
    dead port 1/2 on $mux $procmux$656.
    dead port 1/2 on $mux $procmux$653.
    dead port 1/2 on $mux $procmux$650.
    dead port 1/2 on $mux $procmux$644.
    dead port 1/2 on $mux $procmux$641.
    dead port 1/2 on $mux $procmux$638.
    dead port 1/2 on $mux $procmux$635.
    dead port 1/2 on $mux $procmux$632.
    dead port 1/2 on $mux $procmux$629.
    dead port 1/2 on $mux $procmux$626.
    dead port 1/2 on $mux $procmux$623.
    dead port 1/2 on $mux $procmux$620.
    dead port 1/2 on $mux $procmux$617.
    dead port 1/2 on $mux $procmux$614.
    dead port 1/2 on $mux $procmux$611.
    dead port 1/2 on $mux $procmux$608.
    dead port 1/2 on $mux $procmux$605.
    dead port 1/2 on $mux $procmux$602.
    dead port 1/2 on $mux $procmux$599.
    dead port 1/2 on $mux $procmux$596.
    dead port 1/2 on $mux $procmux$593.
    dead port 1/2 on $mux $procmux$590.
    dead port 1/2 on $mux $procmux$587.
    dead port 1/2 on $mux $procmux$584.
    dead port 1/2 on $mux $procmux$581.
    dead port 1/2 on $mux $procmux$575.
    dead port 1/2 on $mux $procmux$572.
    dead port 1/2 on $mux $procmux$569.
    dead port 1/2 on $mux $procmux$566.
    dead port 1/2 on $mux $procmux$563.
    dead port 1/2 on $mux $procmux$560.
    dead port 1/2 on $mux $procmux$557.
    dead port 1/2 on $mux $procmux$554.
    dead port 1/2 on $mux $procmux$551.
    dead port 1/2 on $mux $procmux$548.
    dead port 1/2 on $mux $procmux$545.
    dead port 1/2 on $mux $procmux$542.
    dead port 1/2 on $mux $procmux$539.
    dead port 1/2 on $mux $procmux$536.
    dead port 1/2 on $mux $procmux$533.
    dead port 1/2 on $mux $procmux$530.
    dead port 1/2 on $mux $procmux$527.
    dead port 1/2 on $mux $procmux$524.
    dead port 1/2 on $mux $procmux$521.
    dead port 1/2 on $mux $procmux$518.
    dead port 1/2 on $mux $procmux$515.
    dead port 1/2 on $mux $procmux$512.
    dead port 1/2 on $mux $procmux$509.
    dead port 1/2 on $mux $procmux$503.
    dead port 1/2 on $mux $procmux$500.
    dead port 1/2 on $mux $procmux$497.
    dead port 1/2 on $mux $procmux$494.
    dead port 1/2 on $mux $procmux$491.
    dead port 1/2 on $mux $procmux$488.
    dead port 1/2 on $mux $procmux$485.
    dead port 1/2 on $mux $procmux$482.
    dead port 1/2 on $mux $procmux$479.
    dead port 1/2 on $mux $procmux$476.
    dead port 1/2 on $mux $procmux$473.
    dead port 1/2 on $mux $procmux$470.
    dead port 1/2 on $mux $procmux$467.
    dead port 1/2 on $mux $procmux$464.
    dead port 1/2 on $mux $procmux$461.
    dead port 1/2 on $mux $procmux$458.
    dead port 1/2 on $mux $procmux$455.
    dead port 1/2 on $mux $procmux$452.
    dead port 1/2 on $mux $procmux$449.
    dead port 1/2 on $mux $procmux$446.
    dead port 1/2 on $mux $procmux$443.
    dead port 1/2 on $mux $procmux$440.
    dead port 1/2 on $mux $procmux$437.
    dead port 2/2 on $mux $procmux$2347.
    dead port 1/2 on $mux $procmux$2350.
    dead port 1/2 on $mux $procmux$2355.
    dead port 1/2 on $mux $procmux$2361.
    dead port 1/2 on $mux $procmux$2366.
    dead port 1/2 on $mux $procmux$2369.
    dead port 2/2 on $mux $procmux$2369.
    dead port 1/2 on $mux $procmux$2372.
    dead port 2/2 on $mux $procmux$2372.
    dead port 2/2 on $mux $procmux$2401.
    dead port 1/2 on $mux $procmux$2413.
    dead port 2/2 on $mux $procmux$2413.
Running muxtree optimizer on module \mult_add..
  Creating internal representation of mux trees.
  No muxes found in this module.
Removed 582 multiplexer ports.
<suppressed ~24 debug messages>

4.4. Executing OPT_REDUCE pass (consolidate $*mux and $reduce_* inputs).
  Optimizing cells in module \preprocess.
  Optimizing cells in module \special.
  Optimizing cells in module \prenorm.
  Optimizing cells in module \multiply_a.
  Optimizing cells in module \exponent.
  Optimizing cells in module \normalize.
  Optimizing cells in module \shift.
  Optimizing cells in module \round.
  Optimizing cells in module \flag.
  Optimizing cells in module \assemble.
  Optimizing cells in module \fpmul.
  Optimizing cells in module \fpu_add.
    New ctrl vector for $pmux cell $procmux$2322: { $procmux$2346_CMP $procmux$2345_CMP $procmux$2344_CMP $procmux$2343_CMP $procmux$2342_CMP $procmux$2341_CMP $procmux$2340_CMP $procmux$2339_CMP $procmux$2338_CMP $procmux$2337_CMP $procmux$2336_CMP $procmux$2335_CMP $procmux$2334_CMP $procmux$2333_CMP $procmux$2332_CMP $procmux$2331_CMP $procmux$2330_CMP $procmux$2329_CMP $procmux$2328_CMP $procmux$2327_CMP $procmux$2326_CMP $procmux$2325_CMP $procmux$2324_CMP }
    New ctrl vector for $pmux cell $procmux$2376: { $procmux$2400_CMP $procmux$2399_CMP $procmux$2398_CMP $procmux$2397_CMP $procmux$2396_CMP $procmux$2395_CMP $procmux$2394_CMP $procmux$2393_CMP $procmux$2392_CMP $procmux$2391_CMP $procmux$2390_CMP $procmux$2389_CMP $procmux$2388_CMP $procmux$2387_CMP $procmux$2386_CMP $procmux$2385_CMP $procmux$2384_CMP $procmux$2383_CMP $procmux$2382_CMP $procmux$2381_CMP $procmux$2380_CMP $procmux$2379_CMP $procmux$2378_CMP }
  Optimizing cells in module \fpu_add.
  Optimizing cells in module \mult_add.
Performed a total of 2 changes.

4.5. Executing OPT_MERGE pass (detect identical cells).
Finding identical cells in module `\preprocess'.
Finding identical cells in module `\special'.
Finding identical cells in module `\prenorm'.
Finding identical cells in module `\multiply_a'.
Finding identical cells in module `\exponent'.
Finding identical cells in module `\normalize'.
Finding identical cells in module `\shift'.
Finding identical cells in module `\round'.
Finding identical cells in module `\flag'.
Finding identical cells in module `\assemble'.
Finding identical cells in module `\fpmul'.
Finding identical cells in module `\fpu_add'.
<suppressed ~3 debug messages>
Finding identical cells in module `\mult_add'.
Removed a total of 1 cells.

4.6. Executing OPT_DFF pass (perform DFF optimizations).

4.7. Executing OPT_CLEAN pass (remove unused cells and wires).
Finding unused cells or wires in module \preprocess..
Finding unused cells or wires in module \special..
Finding unused cells or wires in module \prenorm..
Finding unused cells or wires in module \multiply_a..
Finding unused cells or wires in module \exponent..
Finding unused cells or wires in module \normalize..
Finding unused cells or wires in module \shift..
Finding unused cells or wires in module \round..
Finding unused cells or wires in module \flag..
Finding unused cells or wires in module \assemble..
Finding unused cells or wires in module \fpmul..
Finding unused cells or wires in module \fpu_add..
Finding unused cells or wires in module \mult_add..
Removed 4 unused cells and 1524 unused wires.
<suppressed ~31 debug messages>

4.8. Executing OPT_EXPR pass (perform const folding).
Optimizing module assemble.
Optimizing module exponent.
Optimizing module flag.
Optimizing module fpmul.
Optimizing module fpu_add.
<suppressed ~1 debug messages>
Optimizing module mult_add.
Optimizing module multiply_a.
Optimizing module normalize.
Optimizing module prenorm.
Optimizing module preprocess.
Optimizing module round.
Optimizing module shift.
Optimizing module special.

4.9. Rerunning OPT passes. (Maybe there is more to do..)

4.10. Executing OPT_MUXTREE pass (detect dead branches in mux trees).
Running muxtree optimizer on module \assemble..
  Creating internal representation of mux trees.
  Evaluating internal representation of mux trees.
  Analyzing evaluation results.
Running muxtree optimizer on module \exponent..
  Creating internal representation of mux trees.
  No muxes found in this module.
Running muxtree optimizer on module \flag..
  Creating internal representation of mux trees.
  No muxes found in this module.
Running muxtree optimizer on module \fpmul..
  Creating internal representation of mux trees.
  No muxes found in this module.
Running muxtree optimizer on module \fpu_add..
  Creating internal representation of mux trees.
  Evaluating internal representation of mux trees.
  Analyzing evaluation results.
Running muxtree optimizer on module \mult_add..
  Creating internal representation of mux trees.
  No muxes found in this module.
Running muxtree optimizer on module \multiply_a..
  Creating internal representation of mux trees.
  No muxes found in this module.
Running muxtree optimizer on module \normalize..
  Creating internal representation of mux trees.
  Evaluating internal representation of mux trees.
  Analyzing evaluation results.
Running muxtree optimizer on module \prenorm..
  Creating internal representation of mux trees.
  Evaluating internal representation of mux trees.
  Analyzing evaluation results.
Running muxtree optimizer on module \preprocess..
  Creating internal representation of mux trees.
  No muxes found in this module.
Running muxtree optimizer on module \round..
  Creating internal representation of mux trees.
  Evaluating internal representation of mux trees.
  Analyzing evaluation results.
Running muxtree optimizer on module \shift..
  Creating internal representation of mux trees.
  Evaluating internal representation of mux trees.
  Analyzing evaluation results.
Running muxtree optimizer on module \special..
  Creating internal representation of mux trees.
  Evaluating internal representation of mux trees.
  Analyzing evaluation results.
Removed 0 multiplexer ports.
<suppressed ~24 debug messages>

4.11. Executing OPT_REDUCE pass (consolidate $*mux and $reduce_* inputs).
  Optimizing cells in module \assemble.
  Optimizing cells in module \exponent.
  Optimizing cells in module \flag.
  Optimizing cells in module \fpmul.
  Optimizing cells in module \fpu_add.
  Optimizing cells in module \mult_add.
  Optimizing cells in module \multiply_a.
  Optimizing cells in module \normalize.
  Optimizing cells in module \prenorm.
  Optimizing cells in module \preprocess.
  Optimizing cells in module \round.
  Optimizing cells in module \shift.
  Optimizing cells in module \special.
Performed a total of 0 changes.

4.12. Executing OPT_MERGE pass (detect identical cells).
Finding identical cells in module `\assemble'.
Finding identical cells in module `\exponent'.
Finding identical cells in module `\flag'.
Finding identical cells in module `\fpmul'.
Finding identical cells in module `\fpu_add'.
Finding identical cells in module `\mult_add'.
Finding identical cells in module `\multiply_a'.
Finding identical cells in module `\normalize'.
Finding identical cells in module `\prenorm'.
Finding identical cells in module `\preprocess'.
Finding identical cells in module `\round'.
Finding identical cells in module `\shift'.
Finding identical cells in module `\special'.
Removed a total of 0 cells.

4.13. Executing OPT_DFF pass (perform DFF optimizations).

4.14. Executing OPT_CLEAN pass (remove unused cells and wires).
Finding unused cells or wires in module \assemble..
Finding unused cells or wires in module \exponent..
Finding unused cells or wires in module \flag..
Finding unused cells or wires in module \fpmul..
Finding unused cells or wires in module \fpu_add..
Finding unused cells or wires in module \mult_add..
Finding unused cells or wires in module \multiply_a..
Finding unused cells or wires in module \normalize..
Finding unused cells or wires in module \prenorm..
Finding unused cells or wires in module \preprocess..
Finding unused cells or wires in module \round..
Finding unused cells or wires in module \shift..
Finding unused cells or wires in module \special..
Removed 0 unused cells and 1 unused wires.
<suppressed ~1 debug messages>

4.15. Executing OPT_EXPR pass (perform const folding).
Optimizing module assemble.
Optimizing module exponent.
Optimizing module flag.
Optimizing module fpmul.
Optimizing module fpu_add.
Optimizing module mult_add.
Optimizing module multiply_a.
Optimizing module normalize.
Optimizing module prenorm.
Optimizing module preprocess.
Optimizing module round.
Optimizing module shift.
Optimizing module special.

4.16. Rerunning OPT passes. (Maybe there is more to do..)

4.17. Executing OPT_MUXTREE pass (detect dead branches in mux trees).
Running muxtree optimizer on module \assemble..
  Creating internal representation of mux trees.
  Evaluating internal representation of mux trees.
  Analyzing evaluation results.
Running muxtree optimizer on module \exponent..
  Creating internal representation of mux trees.
  No muxes found in this module.
Running muxtree optimizer on module \flag..
  Creating internal representation of mux trees.
  No muxes found in this module.
Running muxtree optimizer on module \fpmul..
  Creating internal representation of mux trees.
  No muxes found in this module.
Running muxtree optimizer on module \fpu_add..
  Creating internal representation of mux trees.
  Evaluating internal representation of mux trees.
  Analyzing evaluation results.
Running muxtree optimizer on module \mult_add..
  Creating internal representation of mux trees.
  No muxes found in this module.
Running muxtree optimizer on module \multiply_a..
  Creating internal representation of mux trees.
  No muxes found in this module.
Running muxtree optimizer on module \normalize..
  Creating internal representation of mux trees.
  Evaluating internal representation of mux trees.
  Analyzing evaluation results.
Running muxtree optimizer on module \prenorm..
  Creating internal representation of mux trees.
  Evaluating internal representation of mux trees.
  Analyzing evaluation results.
Running muxtree optimizer on module \preprocess..
  Creating internal representation of mux trees.
  No muxes found in this module.
Running muxtree optimizer on module \round..
  Creating internal representation of mux trees.
  Evaluating internal representation of mux trees.
  Analyzing evaluation results.
Running muxtree optimizer on module \shift..
  Creating internal representation of mux trees.
  Evaluating internal representation of mux trees.
  Analyzing evaluation results.
Running muxtree optimizer on module \special..
  Creating internal representation of mux trees.
  Evaluating internal representation of mux trees.
  Analyzing evaluation results.
Removed 0 multiplexer ports.
<suppressed ~24 debug messages>

4.18. Executing OPT_REDUCE pass (consolidate $*mux and $reduce_* inputs).
  Optimizing cells in module \assemble.
  Optimizing cells in module \exponent.
  Optimizing cells in module \flag.
  Optimizing cells in module \fpmul.
  Optimizing cells in module \fpu_add.
  Optimizing cells in module \mult_add.
  Optimizing cells in module \multiply_a.
  Optimizing cells in module \normalize.
  Optimizing cells in module \prenorm.
  Optimizing cells in module \preprocess.
  Optimizing cells in module \round.
  Optimizing cells in module \shift.
  Optimizing cells in module \special.
Performed a total of 0 changes.

4.19. Executing OPT_MERGE pass (detect identical cells).
Finding identical cells in module `\assemble'.
Finding identical cells in module `\exponent'.
Finding identical cells in module `\flag'.
Finding identical cells in module `\fpmul'.
Finding identical cells in module `\fpu_add'.
Finding identical cells in module `\mult_add'.
Finding identical cells in module `\multiply_a'.
Finding identical cells in module `\normalize'.
Finding identical cells in module `\prenorm'.
Finding identical cells in module `\preprocess'.
Finding identical cells in module `\round'.
Finding identical cells in module `\shift'.
Finding identical cells in module `\special'.
Removed a total of 0 cells.

4.20. Executing OPT_DFF pass (perform DFF optimizations).

4.21. Executing OPT_CLEAN pass (remove unused cells and wires).
Finding unused cells or wires in module \assemble..
Finding unused cells or wires in module \exponent..
Finding unused cells or wires in module \flag..
Finding unused cells or wires in module \fpmul..
Finding unused cells or wires in module \fpu_add..
Finding unused cells or wires in module \mult_add..
Finding unused cells or wires in module \multiply_a..
Finding unused cells or wires in module \normalize..
Finding unused cells or wires in module \prenorm..
Finding unused cells or wires in module \preprocess..
Finding unused cells or wires in module \round..
Finding unused cells or wires in module \shift..
Finding unused cells or wires in module \special..

4.22. Executing OPT_EXPR pass (perform const folding).
Optimizing module assemble.
Optimizing module exponent.
Optimizing module flag.
Optimizing module fpmul.
Optimizing module fpu_add.
Optimizing module mult_add.
Optimizing module multiply_a.
Optimizing module normalize.
Optimizing module prenorm.
Optimizing module preprocess.
Optimizing module round.
Optimizing module shift.
Optimizing module special.

4.23. Finished OPT passes. (There is nothing left to do.)

5. Printing statistics.

=== assemble ===

   Number of wires:                 16
   Number of wire bits:            257
   Number of public wires:          12
   Number of public wire bits:     163
   Number of memories:               0
   Number of memory bits:            0
   Number of processes:              0
   Number of cells:                  7
     $mux                          156
     $xor                            1

=== exponent ===

   Number of wires:                 10
   Number of wire bits:            130
   Number of public wires:           5
   Number of public wire bits:      32
   Number of memories:               0
   Number of memory bits:            0
   Number of processes:              0
   Number of cells:                  6
     $add                           64
     $logic_not                      1
     $or                             1
     $reduce_or                      9
     $sub                           32

=== flag ===

   Number of wires:                 10
   Number of wire bits:             14
   Number of public wires:           7
   Number of public wire bits:      11
   Number of memories:               0
   Number of memory bits:            0
   Number of processes:              0
   Number of cells:                  5
     $and                            2
     $not                            1
     $or                             2

=== fpmul ===

   Number of wires:                 41
   Number of wire bits:            501
   Number of public wires:          41
   Number of public wire bits:     501
   Number of memories:               0
   Number of memory bits:            0
   Number of processes:              0
   Number of cells:                 12
     $dff                           32
     $or                             1

=== fpu_add ===

   Number of wires:                126
   Number of wire bits:           1419
   Number of public wires:          11
   Number of public wire bits:     243
   Number of memories:               0
   Number of memory bits:            0
   Number of processes:              0
   Number of cells:                148
     $add                           33
     $dff                           64
     $eq                           368
     $gt                             8
     $logic_and                      3
     $lt                            32
     $mux                          905
     $not                            2
     $pmux                          48
     $sub                          250

=== mult_add ===

   Number of wires:                 10
   Number of wire bits:            262
   Number of public wires:          10
   Number of public wire bits:     262
   Number of memories:               0
   Number of memory bits:            0
   Number of processes:              0
   Number of cells:                  4
     $dff                           64

=== multiply_a ===

   Number of wires:                  4
   Number of wire bits:             97
   Number of public wires:           4
   Number of public wire bits:      97
   Number of memories:               0
   Number of memory bits:            0
   Number of processes:              0
   Number of cells:                  1
     $mul                           48

=== normalize ===

   Number of wires:                  7
   Number of wire bits:            148
   Number of public wires:           4
   Number of public wire bits:      98
   Number of memories:               0
   Number of memory bits:            0
   Number of processes:              0
   Number of cells:                  4
     $and                            1
     $mux                           96
     $xor                            1

=== prenorm ===

   Number of wires:                108
   Number of wire bits:           1792
   Number of public wires:          14
   Number of public wire bits:     210
   Number of memories:               0
   Number of memory bits:            0
   Number of processes:              0
   Number of cells:                 98
     $eq                           230
     $mux                         1520
     $pmux                          48
     $sub                           64

=== preprocess ===

   Number of wires:                 31
   Number of wire bits:            153
   Number of public wires:          23
   Number of public wire bits:     145
   Number of memories:               0
   Number of memory bits:            0
   Number of processes:              0
   Number of cells:                 21
     $and                            8
     $logic_not                      4
     $or                             2
     $reduce_and                    16
     $reduce_or                     62
     $xor                            1

=== round ===

   Number of wires:                 45
   Number of wire bits:            327
   Number of public wires:          22
   Number of public wire bits:     211
   Number of memories:               0
   Number of memory bits:            0
   Number of processes:              0
   Number of cells:                 34
     $add                           42
     $and                           10
     $logic_not                      1
     $mux                           64
     $not                            4
     $or                             9
     $reduce_and                     8
     $reduce_or                    153
     $xor                            1

=== shift ===

   Number of wires:                 47
   Number of wire bits:            472
   Number of public wires:          11
   Number of public wire bits:     374
   Number of memories:               0
   Number of memory bits:            0
   Number of processes:              0
   Number of cells:                 42
     $and                            2
     $eq                           155
     $gt                            32
     $mux                          160
     $neg                           10
     $not                            1
     $or                             1
     $pmux                          96
     $reduce_or                     48

=== special ===

   Number of wires:                 24
   Number of wire bits:            206
   Number of public wires:          14
   Number of public wire bits:     136
   Number of memories:               0
   Number of memory bits:            0
   Number of processes:              0
   Number of cells:                 17
     $and                            2
     $ge                            23
     $mux                          126
     $not                            1
     $or                             7

=== design hierarchy ===

   mult_add                          1
     fpmul                           0
       assemble                      0
       exponent                      0
       flag                          0
       multiply_a                    0
       normalize                     0
       prenorm                       0
       preprocess                    0
       round                         0
       shift                         0
       special                       0
     fpu_add                         0

   Number of wires:                 10
   Number of wire bits:            262
   Number of public wires:          10
   Number of public wire bits:     262
   Number of memories:               0
   Number of memory bits:            0
   Number of processes:              0
   Number of cells:                  4
     $dff                           64

Warnings: 2 unique messages, 2 total
End of script. Logfile hash: ede38e604c, CPU: user 0.62s system 0.01s, MEM: 25.18 MB peak
Yosys 0.10+12 (git sha1 72fac04, gcc 7.4.0-1ubuntu1~16.04~ppa1 -fPIC -Os)
Time spent: 25% 5x opt_expr (0 sec), 16% 2x read_verilog (0 sec), ...
