
 /----------------------------------------------------------------------------\
 |                                                                            |
 |  yosys -- Yosys Open SYnthesis Suite                                       |
 |                                                                            |
 |  Copyright (C) 2012 - 2020  Claire Xenia Wolf <claire@yosyshq.com>         |
 |                                                                            |
 |  Permission to use, copy, modify, and/or distribute this software for any  |
 |  purpose with or without fee is hereby granted, provided that the above    |
 |  copyright notice and this permission notice appear in all copies.         |
 |                                                                            |
 |  THE SOFTWARE IS PROVIDED "AS IS" AND THE AUTHOR DISCLAIMS ALL WARRANTIES  |
 |  WITH REGARD TO THIS SOFTWARE INCLUDING ALL IMPLIED WARRANTIES OF          |
 |  MERCHANTABILITY AND FITNESS. IN NO EVENT SHALL THE AUTHOR BE LIABLE FOR   |
 |  ANY SPECIAL, DIRECT, INDIRECT, OR CONSEQUENTIAL DAMAGES OR ANY DAMAGES    |
 |  WHATSOEVER RESULTING FROM LOSS OF USE, DATA OR PROFITS, WHETHER IN AN     |
 |  ACTION OF CONTRACT, NEGLIGENCE OR OTHER TORTIOUS ACTION, ARISING OUT OF   |
 |  OR IN CONNECTION WITH THE USE OR PERFORMANCE OF THIS SOFTWARE.            |
 |                                                                            |
 \----------------------------------------------------------------------------/

 Yosys 0.10+12 (git sha1 72fac04, gcc 7.4.0-1ubuntu1~16.04~ppa1 -fPIC -Os)


-- Executing script file `out.ys' --

1. Executing Verilog-2005 frontend: /home/zhigang/raw_data/raw_designs/vtr_designs/verilog/koios/attention_layer_submodules/dpram_t.v
Parsing SystemVerilog input from `/home/zhigang/raw_data/raw_designs/vtr_designs/verilog/koios/attention_layer_submodules/dpram_t.v' to AST representation.
Generating RTLIL representation for module `\dpram_t'.
Successfully finished Verilog frontend.

2. Executing HIERARCHY pass (managing design hierarchy).

2.1. Finding top of design hierarchy..
root of   0 design levels: dpram_t             
Automatically selected dpram_t as design top module.

2.2. Analyzing design hierarchy..
Top module:  \dpram_t

2.3. Analyzing design hierarchy..
Top module:  \dpram_t
Removed 0 unused modules.

3. Executing PROC pass (convert processes to netlists).

3.1. Executing PROC_CLEAN pass (remove empty switches from decision trees).
Cleaned up 0 empty switches.

3.2. Executing PROC_RMDEAD pass (remove dead branches from decision trees).
Marked 1 switch rules as full_case in process $proc$/home/zhigang/raw_data/raw_designs/vtr_designs/verilog/koios/attention_layer_submodules/dpram_t.v:48$11 in module dpram_t.
Marked 1 switch rules as full_case in process $proc$/home/zhigang/raw_data/raw_designs/vtr_designs/verilog/koios/attention_layer_submodules/dpram_t.v:39$3 in module dpram_t.
Removed a total of 0 dead cases.

3.3. Executing PROC_PRUNE pass (remove redundant assignments in processes).
Removed 0 redundant assignments.
Promoted 6 assignments to connections.

3.4. Executing PROC_INIT pass (extract init attributes).

3.5. Executing PROC_ARST pass (detect async resets in processes).

3.6. Executing PROC_MUX pass (convert decision trees to multiplexers).
Creating decoders for process `\dpram_t.$proc$/home/zhigang/raw_data/raw_designs/vtr_designs/verilog/koios/attention_layer_submodules/dpram_t.v:48$11'.
     1/4: $1$memwr$\ram$/home/zhigang/raw_data/raw_designs/vtr_designs/verilog/koios/attention_layer_submodules/dpram_t.v:50$2_EN[511:0]$17
     2/4: $1$memwr$\ram$/home/zhigang/raw_data/raw_designs/vtr_designs/verilog/koios/attention_layer_submodules/dpram_t.v:50$2_DATA[511:0]$16
     3/4: $1$memwr$\ram$/home/zhigang/raw_data/raw_designs/vtr_designs/verilog/koios/attention_layer_submodules/dpram_t.v:50$2_ADDR[5:0]$15
     4/4: $0\out_b[511:0]
Creating decoders for process `\dpram_t.$proc$/home/zhigang/raw_data/raw_designs/vtr_designs/verilog/koios/attention_layer_submodules/dpram_t.v:39$3'.
     1/4: $1$memwr$\ram$/home/zhigang/raw_data/raw_designs/vtr_designs/verilog/koios/attention_layer_submodules/dpram_t.v:41$1_EN[511:0]$9
     2/4: $1$memwr$\ram$/home/zhigang/raw_data/raw_designs/vtr_designs/verilog/koios/attention_layer_submodules/dpram_t.v:41$1_DATA[511:0]$8
     3/4: $1$memwr$\ram$/home/zhigang/raw_data/raw_designs/vtr_designs/verilog/koios/attention_layer_submodules/dpram_t.v:41$1_ADDR[5:0]$7
     4/4: $0\out_a[511:0]

3.7. Executing PROC_DLATCH pass (convert process syncs to latches).

3.8. Executing PROC_DFF pass (convert process syncs to FFs).
Creating register for signal `\dpram_t.\out_b' using process `\dpram_t.$proc$/home/zhigang/raw_data/raw_designs/vtr_designs/verilog/koios/attention_layer_submodules/dpram_t.v:48$11'.
  created $dff cell `$procdff$43' with positive edge clock.
Creating register for signal `\dpram_t.$memwr$\ram$/home/zhigang/raw_data/raw_designs/vtr_designs/verilog/koios/attention_layer_submodules/dpram_t.v:50$2_ADDR' using process `\dpram_t.$proc$/home/zhigang/raw_data/raw_designs/vtr_designs/verilog/koios/attention_layer_submodules/dpram_t.v:48$11'.
  created $dff cell `$procdff$44' with positive edge clock.
Creating register for signal `\dpram_t.$memwr$\ram$/home/zhigang/raw_data/raw_designs/vtr_designs/verilog/koios/attention_layer_submodules/dpram_t.v:50$2_DATA' using process `\dpram_t.$proc$/home/zhigang/raw_data/raw_designs/vtr_designs/verilog/koios/attention_layer_submodules/dpram_t.v:48$11'.
  created $dff cell `$procdff$45' with positive edge clock.
Creating register for signal `\dpram_t.$memwr$\ram$/home/zhigang/raw_data/raw_designs/vtr_designs/verilog/koios/attention_layer_submodules/dpram_t.v:50$2_EN' using process `\dpram_t.$proc$/home/zhigang/raw_data/raw_designs/vtr_designs/verilog/koios/attention_layer_submodules/dpram_t.v:48$11'.
  created $dff cell `$procdff$46' with positive edge clock.
Creating register for signal `\dpram_t.\out_a' using process `\dpram_t.$proc$/home/zhigang/raw_data/raw_designs/vtr_designs/verilog/koios/attention_layer_submodules/dpram_t.v:39$3'.
  created $dff cell `$procdff$47' with positive edge clock.
Creating register for signal `\dpram_t.$memwr$\ram$/home/zhigang/raw_data/raw_designs/vtr_designs/verilog/koios/attention_layer_submodules/dpram_t.v:41$1_ADDR' using process `\dpram_t.$proc$/home/zhigang/raw_data/raw_designs/vtr_designs/verilog/koios/attention_layer_submodules/dpram_t.v:39$3'.
  created $dff cell `$procdff$48' with positive edge clock.
Creating register for signal `\dpram_t.$memwr$\ram$/home/zhigang/raw_data/raw_designs/vtr_designs/verilog/koios/attention_layer_submodules/dpram_t.v:41$1_DATA' using process `\dpram_t.$proc$/home/zhigang/raw_data/raw_designs/vtr_designs/verilog/koios/attention_layer_submodules/dpram_t.v:39$3'.
  created $dff cell `$procdff$49' with positive edge clock.
Creating register for signal `\dpram_t.$memwr$\ram$/home/zhigang/raw_data/raw_designs/vtr_designs/verilog/koios/attention_layer_submodules/dpram_t.v:41$1_EN' using process `\dpram_t.$proc$/home/zhigang/raw_data/raw_designs/vtr_designs/verilog/koios/attention_layer_submodules/dpram_t.v:39$3'.
  created $dff cell `$procdff$50' with positive edge clock.

3.9. Executing PROC_MEMWR pass (convert process memory writes to cells).

3.10. Executing PROC_CLEAN pass (remove empty switches from decision trees).
Found and cleaned up 1 empty switch in `\dpram_t.$proc$/home/zhigang/raw_data/raw_designs/vtr_designs/verilog/koios/attention_layer_submodules/dpram_t.v:48$11'.
Removing empty process `dpram_t.$proc$/home/zhigang/raw_data/raw_designs/vtr_designs/verilog/koios/attention_layer_submodules/dpram_t.v:48$11'.
Found and cleaned up 1 empty switch in `\dpram_t.$proc$/home/zhigang/raw_data/raw_designs/vtr_designs/verilog/koios/attention_layer_submodules/dpram_t.v:39$3'.
Removing empty process `dpram_t.$proc$/home/zhigang/raw_data/raw_designs/vtr_designs/verilog/koios/attention_layer_submodules/dpram_t.v:39$3'.
Cleaned up 2 empty switches.

3.11. Executing OPT_EXPR pass (perform const folding).
Optimizing module dpram_t.

4. Executing OPT pass (performing simple optimizations).

4.1. Executing OPT_EXPR pass (perform const folding).
Optimizing module dpram_t.

4.2. Executing OPT_MERGE pass (detect identical cells).
Finding identical cells in module `\dpram_t'.
Removed a total of 0 cells.

4.3. Executing OPT_MUXTREE pass (detect dead branches in mux trees).
Running muxtree optimizer on module \dpram_t..
  Creating internal representation of mux trees.
  Evaluating internal representation of mux trees.
  Analyzing evaluation results.
Removed 0 multiplexer ports.
<suppressed ~8 debug messages>

4.4. Executing OPT_REDUCE pass (consolidate $*mux and $reduce_* inputs).
  Optimizing cells in module \dpram_t.
    Consolidated identical input bits for $mux cell $procmux$32:
      Old ports: A=512'00000000000000000000000000000000000000000000000000000000000000000000000000000000000000000000000000000000000000000000000000000000000000000000000000000000000000000000000000000000000000000000000000000000000000000000000000000000000000000000000000000000000000000000000000000000000000000000000000000000000000000000000000000000000000000000000000000000000000000000000000000000000000000000000000000000000000000000000000000000000000000000000000000000000000000000000000000000000000000000000000000000000000000000000000000000, B=512'11111111111111111111111111111111111111111111111111111111111111111111111111111111111111111111111111111111111111111111111111111111111111111111111111111111111111111111111111111111111111111111111111111111111111111111111111111111111111111111111111111111111111111111111111111111111111111111111111111111111111111111111111111111111111111111111111111111111111111111111111111111111111111111111111111111111111111111111111111111111111111111111111111111111111111111111111111111111111111111111111111111111111111111111111111111, Y=$procmux$32_Y
      New ports: A=1'0, B=1'1, Y=$procmux$32_Y [0]
      New connections: $procmux$32_Y [511:1] = { $procmux$32_Y [0] $procmux$32_Y [0] $procmux$32_Y [0] $procmux$32_Y [0] $procmux$32_Y [0] $procmux$32_Y [0] $procmux$32_Y [0] $procmux$32_Y [0] $procmux$32_Y [0] $procmux$32_Y [0] $procmux$32_Y [0] $procmux$32_Y [0] $procmux$32_Y [0] $procmux$32_Y [0] $procmux$32_Y [0] $procmux$32_Y [0] $procmux$32_Y [0] $procmux$32_Y [0] $procmux$32_Y [0] $procmux$32_Y [0] $procmux$32_Y [0] $procmux$32_Y [0] $procmux$32_Y [0] $procmux$32_Y [0] $procmux$32_Y [0] $procmux$32_Y [0] $procmux$32_Y [0] $procmux$32_Y [0] $procmux$32_Y [0] $procmux$32_Y [0] $procmux$32_Y [0] $procmux$32_Y [0] $procmux$32_Y [0] $procmux$32_Y [0] $procmux$32_Y [0] $procmux$32_Y [0] $procmux$32_Y [0] $procmux$32_Y [0] $procmux$32_Y [0] $procmux$32_Y [0] $procmux$32_Y [0] $procmux$32_Y [0] $procmux$32_Y [0] $procmux$32_Y [0] $procmux$32_Y [0] $procmux$32_Y [0] $procmux$32_Y [0] $procmux$32_Y [0] $procmux$32_Y [0] $procmux$32_Y [0] $procmux$32_Y [0] $procmux$32_Y [0] $procmux$32_Y [0] $procmux$32_Y [0] $procmux$32_Y [0] $procmux$32_Y [0] $procmux$32_Y [0] $procmux$32_Y [0] $procmux$32_Y [0] $procmux$32_Y [0] $procmux$32_Y [0] $procmux$32_Y [0] $procmux$32_Y [0] $procmux$32_Y [0] $procmux$32_Y [0] $procmux$32_Y [0] $procmux$32_Y [0] $procmux$32_Y [0] $procmux$32_Y [0] $procmux$32_Y [0] $procmux$32_Y [0] $procmux$32_Y [0] $procmux$32_Y [0] $procmux$32_Y [0] $procmux$32_Y [0] $procmux$32_Y [0] $procmux$32_Y [0] $procmux$32_Y [0] $procmux$32_Y [0] $procmux$32_Y [0] $procmux$32_Y [0] $procmux$32_Y [0] $procmux$32_Y [0] $procmux$32_Y [0] $procmux$32_Y [0] $procmux$32_Y [0] $procmux$32_Y [0] $procmux$32_Y [0] $procmux$32_Y [0] $procmux$32_Y [0] $procmux$32_Y [0] $procmux$32_Y [0] $procmux$32_Y [0] $procmux$32_Y [0] $procmux$32_Y [0] $procmux$32_Y [0] $procmux$32_Y [0] $procmux$32_Y [0] $procmux$32_Y [0] $procmux$32_Y [0] $procmux$32_Y [0] $procmux$32_Y [0] $procmux$32_Y [0] $procmux$32_Y [0] $procmux$32_Y [0] $procmux$32_Y [0] $procmux$32_Y [0] $procmux$32_Y [0] $procmux$32_Y [0] $procmux$32_Y [0] $procmux$32_Y [0] $procmux$32_Y [0] $procmux$32_Y [0] $procmux$32_Y [0] $procmux$32_Y [0] $procmux$32_Y [0] $procmux$32_Y [0] $procmux$32_Y [0] $procmux$32_Y [0] $procmux$32_Y [0] $procmux$32_Y [0] $procmux$32_Y [0] $procmux$32_Y [0] $procmux$32_Y [0] $procmux$32_Y [0] $procmux$32_Y [0] $procmux$32_Y [0] $procmux$32_Y [0] $procmux$32_Y [0] $procmux$32_Y [0] $procmux$32_Y [0] $procmux$32_Y [0] $procmux$32_Y [0] $procmux$32_Y [0] $procmux$32_Y [0] $procmux$32_Y [0] $procmux$32_Y [0] $procmux$32_Y [0] $procmux$32_Y [0] $procmux$32_Y [0] $procmux$32_Y [0] $procmux$32_Y [0] $procmux$32_Y [0] $procmux$32_Y [0] $procmux$32_Y [0] $procmux$32_Y [0] $procmux$32_Y [0] $procmux$32_Y [0] $procmux$32_Y [0] $procmux$32_Y [0] $procmux$32_Y [0] $procmux$32_Y [0] $procmux$32_Y [0] $procmux$32_Y [0] $procmux$32_Y [0] $procmux$32_Y [0] $procmux$32_Y [0] $procmux$32_Y [0] $procmux$32_Y [0] $procmux$32_Y [0] $procmux$32_Y [0] $procmux$32_Y [0] $procmux$32_Y [0] $procmux$32_Y [0] $procmux$32_Y [0] $procmux$32_Y [0] $procmux$32_Y [0] $procmux$32_Y [0] $procmux$32_Y [0] $procmux$32_Y [0] $procmux$32_Y [0] $procmux$32_Y [0] $procmux$32_Y [0] $procmux$32_Y [0] $procmux$32_Y [0] $procmux$32_Y [0] $procmux$32_Y [0] $procmux$32_Y [0] $procmux$32_Y [0] $procmux$32_Y [0] $procmux$32_Y [0] $procmux$32_Y [0] $procmux$32_Y [0] $procmux$32_Y [0] $procmux$32_Y [0] $procmux$32_Y [0] $procmux$32_Y [0] $procmux$32_Y [0] $procmux$32_Y [0] $procmux$32_Y [0] $procmux$32_Y [0] $procmux$32_Y [0] $procmux$32_Y [0] $procmux$32_Y [0] $procmux$32_Y [0] $procmux$32_Y [0] $procmux$32_Y [0] $procmux$32_Y [0] $procmux$32_Y [0] $procmux$32_Y [0] $procmux$32_Y [0] $procmux$32_Y [0] $procmux$32_Y [0] $procmux$32_Y [0] $procmux$32_Y [0] $procmux$32_Y [0] $procmux$32_Y [0] $procmux$32_Y [0] $procmux$32_Y [0] $procmux$32_Y [0] $procmux$32_Y [0] $procmux$32_Y [0] $procmux$32_Y [0] $procmux$32_Y [0] $procmux$32_Y [0] $procmux$32_Y [0] $procmux$32_Y [0] $procmux$32_Y [0] $procmux$32_Y [0] $procmux$32_Y [0] $procmux$32_Y [0] $procmux$32_Y [0] $procmux$32_Y [0] $procmux$32_Y [0] $procmux$32_Y [0] $procmux$32_Y [0] $procmux$32_Y [0] $procmux$32_Y [0] $procmux$32_Y [0] $procmux$32_Y [0] $procmux$32_Y [0] $procmux$32_Y [0] $procmux$32_Y [0] $procmux$32_Y [0] $procmux$32_Y [0] $procmux$32_Y [0] $procmux$32_Y [0] $procmux$32_Y [0] $procmux$32_Y [0] $procmux$32_Y [0] $procmux$32_Y [0] $procmux$32_Y [0] $procmux$32_Y [0] $procmux$32_Y [0] $procmux$32_Y [0] $procmux$32_Y [0] $procmux$32_Y [0] $procmux$32_Y [0] $procmux$32_Y [0] $procmux$32_Y [0] $procmux$32_Y [0] $procmux$32_Y [0] $procmux$32_Y [0] $procmux$32_Y [0] $procmux$32_Y [0] $procmux$32_Y [0] $procmux$32_Y [0] $procmux$32_Y [0] $procmux$32_Y [0] $procmux$32_Y [0] $procmux$32_Y [0] $procmux$32_Y [0] $procmux$32_Y [0] $procmux$32_Y [0] $procmux$32_Y [0] $procmux$32_Y [0] $procmux$32_Y [0] $procmux$32_Y [0] $procmux$32_Y [0] $procmux$32_Y [0] $procmux$32_Y [0] $procmux$32_Y [0] $procmux$32_Y [0] $procmux$32_Y [0] $procmux$32_Y [0] $procmux$32_Y [0] $procmux$32_Y [0] $procmux$32_Y [0] $procmux$32_Y [0] $procmux$32_Y [0] $procmux$32_Y [0] $procmux$32_Y [0] $procmux$32_Y [0] $procmux$32_Y [0] $procmux$32_Y [0] $procmux$32_Y [0] $procmux$32_Y [0] $procmux$32_Y [0] $procmux$32_Y [0] $procmux$32_Y [0] $procmux$32_Y [0] $procmux$32_Y [0] $procmux$32_Y [0] $procmux$32_Y [0] $procmux$32_Y [0] $procmux$32_Y [0] $procmux$32_Y [0] $procmux$32_Y [0] $procmux$32_Y [0] $procmux$32_Y [0] $procmux$32_Y [0] $procmux$32_Y [0] $procmux$32_Y [0] $procmux$32_Y [0] $procmux$32_Y [0] $procmux$32_Y [0] $procmux$32_Y [0] $procmux$32_Y [0] $procmux$32_Y [0] $procmux$32_Y [0] $procmux$32_Y [0] $procmux$32_Y [0] $procmux$32_Y [0] $procmux$32_Y [0] $procmux$32_Y [0] $procmux$32_Y [0] $procmux$32_Y [0] $procmux$32_Y [0] $procmux$32_Y [0] $procmux$32_Y [0] $procmux$32_Y [0] $procmux$32_Y [0] $procmux$32_Y [0] $procmux$32_Y [0] $procmux$32_Y [0] $procmux$32_Y [0] $procmux$32_Y [0] $procmux$32_Y [0] $procmux$32_Y [0] $procmux$32_Y [0] $procmux$32_Y [0] $procmux$32_Y [0] $procmux$32_Y [0] $procmux$32_Y [0] $procmux$32_Y [0] $procmux$32_Y [0] $procmux$32_Y [0] $procmux$32_Y [0] $procmux$32_Y [0] $procmux$32_Y [0] $procmux$32_Y [0] $procmux$32_Y [0] $procmux$32_Y [0] $procmux$32_Y [0] $procmux$32_Y [0] $procmux$32_Y [0] $procmux$32_Y [0] $procmux$32_Y [0] $procmux$32_Y [0] $procmux$32_Y [0] $procmux$32_Y [0] $procmux$32_Y [0] $procmux$32_Y [0] $procmux$32_Y [0] $procmux$32_Y [0] $procmux$32_Y [0] $procmux$32_Y [0] $procmux$32_Y [0] $procmux$32_Y [0] $procmux$32_Y [0] $procmux$32_Y [0] $procmux$32_Y [0] $procmux$32_Y [0] $procmux$32_Y [0] $procmux$32_Y [0] $procmux$32_Y [0] $procmux$32_Y [0] $procmux$32_Y [0] $procmux$32_Y [0] $procmux$32_Y [0] $procmux$32_Y [0] $procmux$32_Y [0] $procmux$32_Y [0] $procmux$32_Y [0] $procmux$32_Y [0] $procmux$32_Y [0] $procmux$32_Y [0] $procmux$32_Y [0] $procmux$32_Y [0] $procmux$32_Y [0] $procmux$32_Y [0] $procmux$32_Y [0] $procmux$32_Y [0] $procmux$32_Y [0] $procmux$32_Y [0] $procmux$32_Y [0] $procmux$32_Y [0] $procmux$32_Y [0] $procmux$32_Y [0] $procmux$32_Y [0] $procmux$32_Y [0] $procmux$32_Y [0] $procmux$32_Y [0] $procmux$32_Y [0] $procmux$32_Y [0] $procmux$32_Y [0] $procmux$32_Y [0] $procmux$32_Y [0] $procmux$32_Y [0] $procmux$32_Y [0] $procmux$32_Y [0] $procmux$32_Y [0] $procmux$32_Y [0] $procmux$32_Y [0] $procmux$32_Y [0] $procmux$32_Y [0] $procmux$32_Y [0] $procmux$32_Y [0] $procmux$32_Y [0] $procmux$32_Y [0] $procmux$32_Y [0] $procmux$32_Y [0] $procmux$32_Y [0] $procmux$32_Y [0] $procmux$32_Y [0] $procmux$32_Y [0] $procmux$32_Y [0] $procmux$32_Y [0] $procmux$32_Y [0] $procmux$32_Y [0] $procmux$32_Y [0] $procmux$32_Y [0] $procmux$32_Y [0] $procmux$32_Y [0] $procmux$32_Y [0] $procmux$32_Y [0] $procmux$32_Y [0] $procmux$32_Y [0] $procmux$32_Y [0] $procmux$32_Y [0] $procmux$32_Y [0] $procmux$32_Y [0] $procmux$32_Y [0] $procmux$32_Y [0] $procmux$32_Y [0] $procmux$32_Y [0] $procmux$32_Y [0] $procmux$32_Y [0] $procmux$32_Y [0] $procmux$32_Y [0] $procmux$32_Y [0] $procmux$32_Y [0] $procmux$32_Y [0] $procmux$32_Y [0] $procmux$32_Y [0] $procmux$32_Y [0] $procmux$32_Y [0] $procmux$32_Y [0] $procmux$32_Y [0] $procmux$32_Y [0] $procmux$32_Y [0] $procmux$32_Y [0] $procmux$32_Y [0] $procmux$32_Y [0] $procmux$32_Y [0] $procmux$32_Y [0] $procmux$32_Y [0] $procmux$32_Y [0] $procmux$32_Y [0] $procmux$32_Y [0] $procmux$32_Y [0] $procmux$32_Y [0] $procmux$32_Y [0] $procmux$32_Y [0] $procmux$32_Y [0] $procmux$32_Y [0] $procmux$32_Y [0] $procmux$32_Y [0] $procmux$32_Y [0] $procmux$32_Y [0] $procmux$32_Y [0] $procmux$32_Y [0] $procmux$32_Y [0] $procmux$32_Y [0] $procmux$32_Y [0] $procmux$32_Y [0] $procmux$32_Y [0] $procmux$32_Y [0] $procmux$32_Y [0] $procmux$32_Y [0] $procmux$32_Y [0] $procmux$32_Y [0] $procmux$32_Y [0] $procmux$32_Y [0] $procmux$32_Y [0] $procmux$32_Y [0] $procmux$32_Y [0] $procmux$32_Y [0] $procmux$32_Y [0] $procmux$32_Y [0] $procmux$32_Y [0] $procmux$32_Y [0] $procmux$32_Y [0] $procmux$32_Y [0] $procmux$32_Y [0] $procmux$32_Y [0] $procmux$32_Y [0] $procmux$32_Y [0] $procmux$32_Y [0] $procmux$32_Y [0] $procmux$32_Y [0] $procmux$32_Y [0] $procmux$32_Y [0] $procmux$32_Y [0] $procmux$32_Y [0] $procmux$32_Y [0] $procmux$32_Y [0] $procmux$32_Y [0] $procmux$32_Y [0] $procmux$32_Y [0] $procmux$32_Y [0] }
    Consolidated identical input bits for $mux cell $procmux$20:
      Old ports: A=512'00000000000000000000000000000000000000000000000000000000000000000000000000000000000000000000000000000000000000000000000000000000000000000000000000000000000000000000000000000000000000000000000000000000000000000000000000000000000000000000000000000000000000000000000000000000000000000000000000000000000000000000000000000000000000000000000000000000000000000000000000000000000000000000000000000000000000000000000000000000000000000000000000000000000000000000000000000000000000000000000000000000000000000000000000000000, B=512'11111111111111111111111111111111111111111111111111111111111111111111111111111111111111111111111111111111111111111111111111111111111111111111111111111111111111111111111111111111111111111111111111111111111111111111111111111111111111111111111111111111111111111111111111111111111111111111111111111111111111111111111111111111111111111111111111111111111111111111111111111111111111111111111111111111111111111111111111111111111111111111111111111111111111111111111111111111111111111111111111111111111111111111111111111111, Y=$procmux$20_Y
      New ports: A=1'0, B=1'1, Y=$procmux$20_Y [0]
      New connections: $procmux$20_Y [511:1] = { $procmux$20_Y [0] $procmux$20_Y [0] $procmux$20_Y [0] $procmux$20_Y [0] $procmux$20_Y [0] $procmux$20_Y [0] $procmux$20_Y [0] $procmux$20_Y [0] $procmux$20_Y [0] $procmux$20_Y [0] $procmux$20_Y [0] $procmux$20_Y [0] $procmux$20_Y [0] $procmux$20_Y [0] $procmux$20_Y [0] $procmux$20_Y [0] $procmux$20_Y [0] $procmux$20_Y [0] $procmux$20_Y [0] $procmux$20_Y [0] $procmux$20_Y [0] $procmux$20_Y [0] $procmux$20_Y [0] $procmux$20_Y [0] $procmux$20_Y [0] $procmux$20_Y [0] $procmux$20_Y [0] $procmux$20_Y [0] $procmux$20_Y [0] $procmux$20_Y [0] $procmux$20_Y [0] $procmux$20_Y [0] $procmux$20_Y [0] $procmux$20_Y [0] $procmux$20_Y [0] $procmux$20_Y [0] $procmux$20_Y [0] $procmux$20_Y [0] $procmux$20_Y [0] $procmux$20_Y [0] $procmux$20_Y [0] $procmux$20_Y [0] $procmux$20_Y [0] $procmux$20_Y [0] $procmux$20_Y [0] $procmux$20_Y [0] $procmux$20_Y [0] $procmux$20_Y [0] $procmux$20_Y [0] $procmux$20_Y [0] $procmux$20_Y [0] $procmux$20_Y [0] $procmux$20_Y [0] $procmux$20_Y [0] $procmux$20_Y [0] $procmux$20_Y [0] $procmux$20_Y [0] $procmux$20_Y [0] $procmux$20_Y [0] $procmux$20_Y [0] $procmux$20_Y [0] $procmux$20_Y [0] $procmux$20_Y [0] $procmux$20_Y [0] $procmux$20_Y [0] $procmux$20_Y [0] $procmux$20_Y [0] $procmux$20_Y [0] $procmux$20_Y [0] $procmux$20_Y [0] $procmux$20_Y [0] $procmux$20_Y [0] $procmux$20_Y [0] $procmux$20_Y [0] $procmux$20_Y [0] $procmux$20_Y [0] $procmux$20_Y [0] $procmux$20_Y [0] $procmux$20_Y [0] $procmux$20_Y [0] $procmux$20_Y [0] $procmux$20_Y [0] $procmux$20_Y [0] $procmux$20_Y [0] $procmux$20_Y [0] $procmux$20_Y [0] $procmux$20_Y [0] $procmux$20_Y [0] $procmux$20_Y [0] $procmux$20_Y [0] $procmux$20_Y [0] $procmux$20_Y [0] $procmux$20_Y [0] $procmux$20_Y [0] $procmux$20_Y [0] $procmux$20_Y [0] $procmux$20_Y [0] $procmux$20_Y [0] $procmux$20_Y [0] $procmux$20_Y [0] $procmux$20_Y [0] $procmux$20_Y [0] $procmux$20_Y [0] $procmux$20_Y [0] $procmux$20_Y [0] $procmux$20_Y [0] $procmux$20_Y [0] $procmux$20_Y [0] $procmux$20_Y [0] $procmux$20_Y [0] $procmux$20_Y [0] $procmux$20_Y [0] $procmux$20_Y [0] $procmux$20_Y [0] $procmux$20_Y [0] $procmux$20_Y [0] $procmux$20_Y [0] $procmux$20_Y [0] $procmux$20_Y [0] $procmux$20_Y [0] $procmux$20_Y [0] $procmux$20_Y [0] $procmux$20_Y [0] $procmux$20_Y [0] $procmux$20_Y [0] $procmux$20_Y [0] $procmux$20_Y [0] $procmux$20_Y [0] $procmux$20_Y [0] $procmux$20_Y [0] $procmux$20_Y [0] $procmux$20_Y [0] $procmux$20_Y [0] $procmux$20_Y [0] $procmux$20_Y [0] $procmux$20_Y [0] $procmux$20_Y [0] $procmux$20_Y [0] $procmux$20_Y [0] $procmux$20_Y [0] $procmux$20_Y [0] $procmux$20_Y [0] $procmux$20_Y [0] $procmux$20_Y [0] $procmux$20_Y [0] $procmux$20_Y [0] $procmux$20_Y [0] $procmux$20_Y [0] $procmux$20_Y [0] $procmux$20_Y [0] $procmux$20_Y [0] $procmux$20_Y [0] $procmux$20_Y [0] $procmux$20_Y [0] $procmux$20_Y [0] $procmux$20_Y [0] $procmux$20_Y [0] $procmux$20_Y [0] $procmux$20_Y [0] $procmux$20_Y [0] $procmux$20_Y [0] $procmux$20_Y [0] $procmux$20_Y [0] $procmux$20_Y [0] $procmux$20_Y [0] $procmux$20_Y [0] $procmux$20_Y [0] $procmux$20_Y [0] $procmux$20_Y [0] $procmux$20_Y [0] $procmux$20_Y [0] $procmux$20_Y [0] $procmux$20_Y [0] $procmux$20_Y [0] $procmux$20_Y [0] $procmux$20_Y [0] $procmux$20_Y [0] $procmux$20_Y [0] $procmux$20_Y [0] $procmux$20_Y [0] $procmux$20_Y [0] $procmux$20_Y [0] $procmux$20_Y [0] $procmux$20_Y [0] $procmux$20_Y [0] $procmux$20_Y [0] $procmux$20_Y [0] $procmux$20_Y [0] $procmux$20_Y [0] $procmux$20_Y [0] $procmux$20_Y [0] $procmux$20_Y [0] $procmux$20_Y [0] $procmux$20_Y [0] $procmux$20_Y [0] $procmux$20_Y [0] $procmux$20_Y [0] $procmux$20_Y [0] $procmux$20_Y [0] $procmux$20_Y [0] $procmux$20_Y [0] $procmux$20_Y [0] $procmux$20_Y [0] $procmux$20_Y [0] $procmux$20_Y [0] $procmux$20_Y [0] $procmux$20_Y [0] $procmux$20_Y [0] $procmux$20_Y [0] $procmux$20_Y [0] $procmux$20_Y [0] $procmux$20_Y [0] $procmux$20_Y [0] $procmux$20_Y [0] $procmux$20_Y [0] $procmux$20_Y [0] $procmux$20_Y [0] $procmux$20_Y [0] $procmux$20_Y [0] $procmux$20_Y [0] $procmux$20_Y [0] $procmux$20_Y [0] $procmux$20_Y [0] $procmux$20_Y [0] $procmux$20_Y [0] $procmux$20_Y [0] $procmux$20_Y [0] $procmux$20_Y [0] $procmux$20_Y [0] $procmux$20_Y [0] $procmux$20_Y [0] $procmux$20_Y [0] $procmux$20_Y [0] $procmux$20_Y [0] $procmux$20_Y [0] $procmux$20_Y [0] $procmux$20_Y [0] $procmux$20_Y [0] $procmux$20_Y [0] $procmux$20_Y [0] $procmux$20_Y [0] $procmux$20_Y [0] $procmux$20_Y [0] $procmux$20_Y [0] $procmux$20_Y [0] $procmux$20_Y [0] $procmux$20_Y [0] $procmux$20_Y [0] $procmux$20_Y [0] $procmux$20_Y [0] $procmux$20_Y [0] $procmux$20_Y [0] $procmux$20_Y [0] $procmux$20_Y [0] $procmux$20_Y [0] $procmux$20_Y [0] $procmux$20_Y [0] $procmux$20_Y [0] $procmux$20_Y [0] $procmux$20_Y [0] $procmux$20_Y [0] $procmux$20_Y [0] $procmux$20_Y [0] $procmux$20_Y [0] $procmux$20_Y [0] $procmux$20_Y [0] $procmux$20_Y [0] $procmux$20_Y [0] $procmux$20_Y [0] $procmux$20_Y [0] $procmux$20_Y [0] $procmux$20_Y [0] $procmux$20_Y [0] $procmux$20_Y [0] $procmux$20_Y [0] $procmux$20_Y [0] $procmux$20_Y [0] $procmux$20_Y [0] $procmux$20_Y [0] $procmux$20_Y [0] $procmux$20_Y [0] $procmux$20_Y [0] $procmux$20_Y [0] $procmux$20_Y [0] $procmux$20_Y [0] $procmux$20_Y [0] $procmux$20_Y [0] $procmux$20_Y [0] $procmux$20_Y [0] $procmux$20_Y [0] $procmux$20_Y [0] $procmux$20_Y [0] $procmux$20_Y [0] $procmux$20_Y [0] $procmux$20_Y [0] $procmux$20_Y [0] $procmux$20_Y [0] $procmux$20_Y [0] $procmux$20_Y [0] $procmux$20_Y [0] $procmux$20_Y [0] $procmux$20_Y [0] $procmux$20_Y [0] $procmux$20_Y [0] $procmux$20_Y [0] $procmux$20_Y [0] $procmux$20_Y [0] $procmux$20_Y [0] $procmux$20_Y [0] $procmux$20_Y [0] $procmux$20_Y [0] $procmux$20_Y [0] $procmux$20_Y [0] $procmux$20_Y [0] $procmux$20_Y [0] $procmux$20_Y [0] $procmux$20_Y [0] $procmux$20_Y [0] $procmux$20_Y [0] $procmux$20_Y [0] $procmux$20_Y [0] $procmux$20_Y [0] $procmux$20_Y [0] $procmux$20_Y [0] $procmux$20_Y [0] $procmux$20_Y [0] $procmux$20_Y [0] $procmux$20_Y [0] $procmux$20_Y [0] $procmux$20_Y [0] $procmux$20_Y [0] $procmux$20_Y [0] $procmux$20_Y [0] $procmux$20_Y [0] $procmux$20_Y [0] $procmux$20_Y [0] $procmux$20_Y [0] $procmux$20_Y [0] $procmux$20_Y [0] $procmux$20_Y [0] $procmux$20_Y [0] $procmux$20_Y [0] $procmux$20_Y [0] $procmux$20_Y [0] $procmux$20_Y [0] $procmux$20_Y [0] $procmux$20_Y [0] $procmux$20_Y [0] $procmux$20_Y [0] $procmux$20_Y [0] $procmux$20_Y [0] $procmux$20_Y [0] $procmux$20_Y [0] $procmux$20_Y [0] $procmux$20_Y [0] $procmux$20_Y [0] $procmux$20_Y [0] $procmux$20_Y [0] $procmux$20_Y [0] $procmux$20_Y [0] $procmux$20_Y [0] $procmux$20_Y [0] $procmux$20_Y [0] $procmux$20_Y [0] $procmux$20_Y [0] $procmux$20_Y [0] $procmux$20_Y [0] $procmux$20_Y [0] $procmux$20_Y [0] $procmux$20_Y [0] $procmux$20_Y [0] $procmux$20_Y [0] $procmux$20_Y [0] $procmux$20_Y [0] $procmux$20_Y [0] $procmux$20_Y [0] $procmux$20_Y [0] $procmux$20_Y [0] $procmux$20_Y [0] $procmux$20_Y [0] $procmux$20_Y [0] $procmux$20_Y [0] $procmux$20_Y [0] $procmux$20_Y [0] $procmux$20_Y [0] $procmux$20_Y [0] $procmux$20_Y [0] $procmux$20_Y [0] $procmux$20_Y [0] $procmux$20_Y [0] $procmux$20_Y [0] $procmux$20_Y [0] $procmux$20_Y [0] $procmux$20_Y [0] $procmux$20_Y [0] $procmux$20_Y [0] $procmux$20_Y [0] $procmux$20_Y [0] $procmux$20_Y [0] $procmux$20_Y [0] $procmux$20_Y [0] $procmux$20_Y [0] $procmux$20_Y [0] $procmux$20_Y [0] $procmux$20_Y [0] $procmux$20_Y [0] $procmux$20_Y [0] $procmux$20_Y [0] $procmux$20_Y [0] $procmux$20_Y [0] $procmux$20_Y [0] $procmux$20_Y [0] $procmux$20_Y [0] $procmux$20_Y [0] $procmux$20_Y [0] $procmux$20_Y [0] $procmux$20_Y [0] $procmux$20_Y [0] $procmux$20_Y [0] $procmux$20_Y [0] $procmux$20_Y [0] $procmux$20_Y [0] $procmux$20_Y [0] $procmux$20_Y [0] $procmux$20_Y [0] $procmux$20_Y [0] $procmux$20_Y [0] $procmux$20_Y [0] $procmux$20_Y [0] $procmux$20_Y [0] $procmux$20_Y [0] $procmux$20_Y [0] $procmux$20_Y [0] $procmux$20_Y [0] $procmux$20_Y [0] $procmux$20_Y [0] $procmux$20_Y [0] $procmux$20_Y [0] $procmux$20_Y [0] $procmux$20_Y [0] $procmux$20_Y [0] $procmux$20_Y [0] $procmux$20_Y [0] $procmux$20_Y [0] $procmux$20_Y [0] $procmux$20_Y [0] $procmux$20_Y [0] $procmux$20_Y [0] $procmux$20_Y [0] $procmux$20_Y [0] $procmux$20_Y [0] $procmux$20_Y [0] $procmux$20_Y [0] $procmux$20_Y [0] $procmux$20_Y [0] $procmux$20_Y [0] $procmux$20_Y [0] $procmux$20_Y [0] $procmux$20_Y [0] $procmux$20_Y [0] $procmux$20_Y [0] $procmux$20_Y [0] $procmux$20_Y [0] $procmux$20_Y [0] $procmux$20_Y [0] $procmux$20_Y [0] $procmux$20_Y [0] $procmux$20_Y [0] $procmux$20_Y [0] $procmux$20_Y [0] $procmux$20_Y [0] $procmux$20_Y [0] $procmux$20_Y [0] $procmux$20_Y [0] $procmux$20_Y [0] $procmux$20_Y [0] $procmux$20_Y [0] $procmux$20_Y [0] $procmux$20_Y [0] $procmux$20_Y [0] $procmux$20_Y [0] $procmux$20_Y [0] $procmux$20_Y [0] $procmux$20_Y [0] $procmux$20_Y [0] $procmux$20_Y [0] $procmux$20_Y [0] $procmux$20_Y [0] $procmux$20_Y [0] $procmux$20_Y [0] $procmux$20_Y [0] $procmux$20_Y [0] $procmux$20_Y [0] $procmux$20_Y [0] $procmux$20_Y [0] $procmux$20_Y [0] $procmux$20_Y [0] $procmux$20_Y [0] $procmux$20_Y [0] $procmux$20_Y [0] $procmux$20_Y [0] $procmux$20_Y [0] $procmux$20_Y [0] $procmux$20_Y [0] $procmux$20_Y [0] $procmux$20_Y [0] $procmux$20_Y [0] $procmux$20_Y [0] $procmux$20_Y [0] $procmux$20_Y [0] $procmux$20_Y [0] }
  Optimizing cells in module \dpram_t.
Performed a total of 2 changes.

4.5. Executing OPT_MERGE pass (detect identical cells).
Finding identical cells in module `\dpram_t'.
Removed a total of 0 cells.

4.6. Executing OPT_DFF pass (perform DFF optimizations).
Adding EN signal on $procdff$43 ($dff) from module dpram_t (D = $memrd$\ram$/home/zhigang/raw_data/raw_designs/vtr_designs/verilog/koios/attention_layer_submodules/dpram_t.v:53$18_DATA, Q = \out_b).
Adding EN signal on $procdff$47 ($dff) from module dpram_t (D = $memrd$\ram$/home/zhigang/raw_data/raw_designs/vtr_designs/verilog/koios/attention_layer_submodules/dpram_t.v:44$10_DATA, Q = \out_a).

4.7. Executing OPT_CLEAN pass (remove unused cells and wires).
Finding unused cells or wires in module \dpram_t..
Removed 8 unused cells and 30 unused wires.
<suppressed ~9 debug messages>

4.8. Executing OPT_EXPR pass (perform const folding).
Optimizing module dpram_t.

4.9. Rerunning OPT passes. (Maybe there is more to do..)

4.10. Executing OPT_MUXTREE pass (detect dead branches in mux trees).
Running muxtree optimizer on module \dpram_t..
  Creating internal representation of mux trees.
  Evaluating internal representation of mux trees.
  Analyzing evaluation results.
Removed 0 multiplexer ports.
<suppressed ~6 debug messages>

4.11. Executing OPT_REDUCE pass (consolidate $*mux and $reduce_* inputs).
  Optimizing cells in module \dpram_t.
Performed a total of 0 changes.

4.12. Executing OPT_MERGE pass (detect identical cells).
Finding identical cells in module `\dpram_t'.
Removed a total of 0 cells.

4.13. Executing OPT_DFF pass (perform DFF optimizations).

4.14. Executing OPT_CLEAN pass (remove unused cells and wires).
Finding unused cells or wires in module \dpram_t..

4.15. Executing OPT_EXPR pass (perform const folding).
Optimizing module dpram_t.

4.16. Finished OPT passes. (There is nothing left to do.)

5. Printing statistics.

=== dpram_t ===

   Number of wires:                 17
   Number of wire bits:           5147
   Number of public wires:           9
   Number of public wire bits:    2063
   Number of memories:               1
   Number of memory bits:        32768
   Number of processes:              0
   Number of cells:                 12
     $dffe                        1024
     $mux                         1038

End of script. Logfile hash: 2637eac0e3, CPU: user 0.17s system 0.00s, MEM: 16.38 MB peak
Yosys 0.10+12 (git sha1 72fac04, gcc 7.4.0-1ubuntu1~16.04~ppa1 -fPIC -Os)
Time spent: 19% 2x opt_clean (0 sec), 19% 1x proc_mux (0 sec), ...
