
 /----------------------------------------------------------------------------\
 |                                                                            |
 |  yosys -- Yosys Open SYnthesis Suite                                       |
 |                                                                            |
 |  Copyright (C) 2012 - 2020  Claire Xenia Wolf <claire@yosyshq.com>         |
 |                                                                            |
 |  Permission to use, copy, modify, and/or distribute this software for any  |
 |  purpose with or without fee is hereby granted, provided that the above    |
 |  copyright notice and this permission notice appear in all copies.         |
 |                                                                            |
 |  THE SOFTWARE IS PROVIDED "AS IS" AND THE AUTHOR DISCLAIMS ALL WARRANTIES  |
 |  WITH REGARD TO THIS SOFTWARE INCLUDING ALL IMPLIED WARRANTIES OF          |
 |  MERCHANTABILITY AND FITNESS. IN NO EVENT SHALL THE AUTHOR BE LIABLE FOR   |
 |  ANY SPECIAL, DIRECT, INDIRECT, OR CONSEQUENTIAL DAMAGES OR ANY DAMAGES    |
 |  WHATSOEVER RESULTING FROM LOSS OF USE, DATA OR PROFITS, WHETHER IN AN     |
 |  ACTION OF CONTRACT, NEGLIGENCE OR OTHER TORTIOUS ACTION, ARISING OUT OF   |
 |  OR IN CONNECTION WITH THE USE OR PERFORMANCE OF THIS SOFTWARE.            |
 |                                                                            |
 \----------------------------------------------------------------------------/

 Yosys 0.10+12 (git sha1 72fac04, gcc 7.4.0-1ubuntu1~16.04~ppa1 -fPIC -Os)


-- Executing script file `out.ys' --

1. Executing Verilog-2005 frontend: /home/zhigang/raw_data/raw_designs/opencores/arithmetic/cr_div.v
Parsing SystemVerilog input from `/home/zhigang/raw_data/raw_designs/opencores/arithmetic/cr_div.v' to AST representation.
Generating RTLIL representation for module `\cr_div'.
/home/zhigang/raw_data/raw_designs/opencores/arithmetic/cr_div.v:0: Warning: System task `$display' outside initial block is unsupported.
/home/zhigang/raw_data/raw_designs/opencores/arithmetic/cr_div.v:0: Warning: System task `$display' outside initial block is unsupported.
/home/zhigang/raw_data/raw_designs/opencores/arithmetic/cr_div.v:0: Warning: System task `$display' outside initial block is unsupported.
/home/zhigang/raw_data/raw_designs/opencores/arithmetic/cr_div.v:0: Warning: System task `$display' outside initial block is unsupported.
/home/zhigang/raw_data/raw_designs/opencores/arithmetic/cr_div.v:0: Warning: System task `$display' outside initial block is unsupported.
Generating RTLIL representation for module `\cr_div_tb'.
/home/zhigang/raw_data/raw_designs/opencores/arithmetic/cr_div.v:0: Warning: System task `$display' outside initial block is unsupported.
Successfully finished Verilog frontend.

2. Executing HIERARCHY pass (managing design hierarchy).

2.1. Finding top of design hierarchy..
root of   1 design levels: cr_div_tb           
root of   0 design levels: cr_div              
Automatically selected cr_div_tb as design top module.

2.2. Analyzing design hierarchy..
Top module:  \cr_div_tb
Used module:     \cr_div

2.3. Analyzing design hierarchy..
Top module:  \cr_div_tb
Used module:     \cr_div
Removed 0 unused modules.

3. Executing PROC pass (convert processes to netlists).

3.1. Executing PROC_CLEAN pass (remove empty switches from decision trees).
Cleaned up 0 empty switches.

3.2. Executing PROC_RMDEAD pass (remove dead branches from decision trees).
Marked 2 switch rules as full_case in process $proc$/home/zhigang/raw_data/raw_designs/opencores/arithmetic/cr_div.v:160$45 in module cr_div_tb.
Marked 5 switch rules as full_case in process $proc$/home/zhigang/raw_data/raw_designs/opencores/arithmetic/cr_div.v:56$10 in module cr_div.
Removed a total of 0 dead cases.

3.3. Executing PROC_PRUNE pass (remove redundant assignments in processes).
Removed 1 redundant assignment.
Promoted 12 assignments to connections.

3.4. Executing PROC_INIT pass (extract init attributes).
Found init rule in `\cr_div_tb.$proc$/home/zhigang/raw_data/raw_designs/opencores/arithmetic/cr_div.v:0$49'.
  Set init value: \clk = 1'1
  Set init value: \start = 1'0

3.5. Executing PROC_ARST pass (detect async resets in processes).

3.6. Executing PROC_MUX pass (convert decision trees to multiplexers).
Creating decoders for process `\cr_div_tb.$proc$/home/zhigang/raw_data/raw_designs/opencores/arithmetic/cr_div.v:0$49'.
Creating decoders for process `\cr_div_tb.$proc$/home/zhigang/raw_data/raw_designs/opencores/arithmetic/cr_div.v:160$45'.
     1/8: $2\b[31:0]
     2/8: $2\a[31:0]
     3/8: $0\cycles[7:0]
     4/8: $1\b[31:0]
     5/8: $1\a[31:0]
     6/8: $0\oaddr[31:0]
     7/8: $0\start[0:0]
     8/8: $0\addr[31:0]
Creating decoders for process `\cr_div_tb.$proc$/home/zhigang/raw_data/raw_designs/opencores/arithmetic/cr_div.v:145$43'.
Creating decoders for process `\cr_div.$proc$/home/zhigang/raw_data/raw_designs/opencores/arithmetic/cr_div.v:56$10'.
     1/22: $3$memwr$\recip_cache$/home/zhigang/raw_data/raw_designs/opencores/arithmetic/cr_div.v:97$2_EN[31:0]$40
     2/22: $3$memwr$\recip_cache$/home/zhigang/raw_data/raw_designs/opencores/arithmetic/cr_div.v:97$2_DATA[31:0]$39
     3/22: $3$memwr$\recip_cache$/home/zhigang/raw_data/raw_designs/opencores/arithmetic/cr_div.v:97$2_ADDR[5:0]$38
     4/22: $3$memwr$\bcache$/home/zhigang/raw_data/raw_designs/opencores/arithmetic/cr_div.v:96$1_EN[31:0]$37
     5/22: $3$memwr$\bcache$/home/zhigang/raw_data/raw_designs/opencores/arithmetic/cr_div.v:96$1_DATA[31:0]$36
     6/22: $3$memwr$\bcache$/home/zhigang/raw_data/raw_designs/opencores/arithmetic/cr_div.v:96$1_ADDR[5:0]$35
     7/22: $2$memwr$\recip_cache$/home/zhigang/raw_data/raw_designs/opencores/arithmetic/cr_div.v:97$2_EN[31:0]$30
     8/22: $2$memwr$\recip_cache$/home/zhigang/raw_data/raw_designs/opencores/arithmetic/cr_div.v:97$2_DATA[31:0]$29
     9/22: $2$memwr$\recip_cache$/home/zhigang/raw_data/raw_designs/opencores/arithmetic/cr_div.v:97$2_ADDR[5:0]$28
    10/22: $2$memwr$\bcache$/home/zhigang/raw_data/raw_designs/opencores/arithmetic/cr_div.v:96$1_EN[31:0]$27
    11/22: $2$memwr$\bcache$/home/zhigang/raw_data/raw_designs/opencores/arithmetic/cr_div.v:96$1_DATA[31:0]$26
    12/22: $2$memwr$\bcache$/home/zhigang/raw_data/raw_designs/opencores/arithmetic/cr_div.v:96$1_ADDR[5:0]$25
    13/22: $1$memwr$\recip_cache$/home/zhigang/raw_data/raw_designs/opencores/arithmetic/cr_div.v:97$2_EN[31:0]$22
    14/22: $1$memwr$\recip_cache$/home/zhigang/raw_data/raw_designs/opencores/arithmetic/cr_div.v:97$2_DATA[31:0]$21
    15/22: $1$memwr$\recip_cache$/home/zhigang/raw_data/raw_designs/opencores/arithmetic/cr_div.v:97$2_ADDR[5:0]$20
    16/22: $1$memwr$\bcache$/home/zhigang/raw_data/raw_designs/opencores/arithmetic/cr_div.v:96$1_EN[31:0]$19
    17/22: $1$memwr$\bcache$/home/zhigang/raw_data/raw_designs/opencores/arithmetic/cr_div.v:96$1_DATA[31:0]$18
    18/22: $1$memwr$\bcache$/home/zhigang/raw_data/raw_designs/opencores/arithmetic/cr_div.v:96$1_ADDR[5:0]$17
    19/22: $0\cnt[7:0]
    20/22: $0\state[2:0]
    21/22: $0\r[31:0]
    22/22: $0\q[31:0]

3.7. Executing PROC_DLATCH pass (convert process syncs to latches).
No latch inferred for signal `\cr_div_tb.\rst' from process `\cr_div_tb.$proc$/home/zhigang/raw_data/raw_designs/opencores/arithmetic/cr_div.v:0$49'.
No latch inferred for signal `\cr_div_tb.\clk' from process `\cr_div_tb.$proc$/home/zhigang/raw_data/raw_designs/opencores/arithmetic/cr_div.v:145$43'.
Removing init bit 1'1 for non-memory siginal `\cr_div_tb.\clk` in process `\cr_div_tb.$proc$/home/zhigang/raw_data/raw_designs/opencores/arithmetic/cr_div.v:145$43`.

3.8. Executing PROC_DFF pass (convert process syncs to FFs).
Creating register for signal `\cr_div_tb.\addr' using process `\cr_div_tb.$proc$/home/zhigang/raw_data/raw_designs/opencores/arithmetic/cr_div.v:160$45'.
  created $dff cell `$procdff$303' with positive edge clock.
Creating register for signal `\cr_div_tb.\start' using process `\cr_div_tb.$proc$/home/zhigang/raw_data/raw_designs/opencores/arithmetic/cr_div.v:160$45'.
  created $dff cell `$procdff$304' with positive edge clock.
Creating register for signal `\cr_div_tb.\a' using process `\cr_div_tb.$proc$/home/zhigang/raw_data/raw_designs/opencores/arithmetic/cr_div.v:160$45'.
  created $dff cell `$procdff$305' with positive edge clock.
Creating register for signal `\cr_div_tb.\b' using process `\cr_div_tb.$proc$/home/zhigang/raw_data/raw_designs/opencores/arithmetic/cr_div.v:160$45'.
  created $dff cell `$procdff$306' with positive edge clock.
Creating register for signal `\cr_div_tb.\cycles' using process `\cr_div_tb.$proc$/home/zhigang/raw_data/raw_designs/opencores/arithmetic/cr_div.v:160$45'.
  created $dff cell `$procdff$307' with positive edge clock.
Creating register for signal `\cr_div_tb.\oaddr' using process `\cr_div_tb.$proc$/home/zhigang/raw_data/raw_designs/opencores/arithmetic/cr_div.v:160$45'.
  created $dff cell `$procdff$308' with positive edge clock.
Creating register for signal `\cr_div.\q' using process `\cr_div.$proc$/home/zhigang/raw_data/raw_designs/opencores/arithmetic/cr_div.v:56$10'.
  created $dff cell `$procdff$309' with positive edge clock.
Creating register for signal `\cr_div.\r' using process `\cr_div.$proc$/home/zhigang/raw_data/raw_designs/opencores/arithmetic/cr_div.v:56$10'.
  created $dff cell `$procdff$310' with positive edge clock.
Creating register for signal `\cr_div.\state' using process `\cr_div.$proc$/home/zhigang/raw_data/raw_designs/opencores/arithmetic/cr_div.v:56$10'.
  created $dff cell `$procdff$311' with positive edge clock.
Creating register for signal `\cr_div.\cnt' using process `\cr_div.$proc$/home/zhigang/raw_data/raw_designs/opencores/arithmetic/cr_div.v:56$10'.
  created $dff cell `$procdff$312' with positive edge clock.
Creating register for signal `\cr_div.$memwr$\bcache$/home/zhigang/raw_data/raw_designs/opencores/arithmetic/cr_div.v:96$1_ADDR' using process `\cr_div.$proc$/home/zhigang/raw_data/raw_designs/opencores/arithmetic/cr_div.v:56$10'.
  created $dff cell `$procdff$313' with positive edge clock.
Creating register for signal `\cr_div.$memwr$\bcache$/home/zhigang/raw_data/raw_designs/opencores/arithmetic/cr_div.v:96$1_DATA' using process `\cr_div.$proc$/home/zhigang/raw_data/raw_designs/opencores/arithmetic/cr_div.v:56$10'.
  created $dff cell `$procdff$314' with positive edge clock.
Creating register for signal `\cr_div.$memwr$\bcache$/home/zhigang/raw_data/raw_designs/opencores/arithmetic/cr_div.v:96$1_EN' using process `\cr_div.$proc$/home/zhigang/raw_data/raw_designs/opencores/arithmetic/cr_div.v:56$10'.
  created $dff cell `$procdff$315' with positive edge clock.
Creating register for signal `\cr_div.$memwr$\recip_cache$/home/zhigang/raw_data/raw_designs/opencores/arithmetic/cr_div.v:97$2_ADDR' using process `\cr_div.$proc$/home/zhigang/raw_data/raw_designs/opencores/arithmetic/cr_div.v:56$10'.
  created $dff cell `$procdff$316' with positive edge clock.
Creating register for signal `\cr_div.$memwr$\recip_cache$/home/zhigang/raw_data/raw_designs/opencores/arithmetic/cr_div.v:97$2_DATA' using process `\cr_div.$proc$/home/zhigang/raw_data/raw_designs/opencores/arithmetic/cr_div.v:56$10'.
  created $dff cell `$procdff$317' with positive edge clock.
Creating register for signal `\cr_div.$memwr$\recip_cache$/home/zhigang/raw_data/raw_designs/opencores/arithmetic/cr_div.v:97$2_EN' using process `\cr_div.$proc$/home/zhigang/raw_data/raw_designs/opencores/arithmetic/cr_div.v:56$10'.
  created $dff cell `$procdff$318' with positive edge clock.

3.9. Executing PROC_MEMWR pass (convert process memory writes to cells).

3.10. Executing PROC_CLEAN pass (remove empty switches from decision trees).
Removing empty process `cr_div_tb.$proc$/home/zhigang/raw_data/raw_designs/opencores/arithmetic/cr_div.v:0$49'.
Found and cleaned up 4 empty switches in `\cr_div_tb.$proc$/home/zhigang/raw_data/raw_designs/opencores/arithmetic/cr_div.v:160$45'.
Removing empty process `cr_div_tb.$proc$/home/zhigang/raw_data/raw_designs/opencores/arithmetic/cr_div.v:160$45'.
Removing empty process `cr_div_tb.$proc$/home/zhigang/raw_data/raw_designs/opencores/arithmetic/cr_div.v:145$43'.
Found and cleaned up 7 empty switches in `\cr_div.$proc$/home/zhigang/raw_data/raw_designs/opencores/arithmetic/cr_div.v:56$10'.
Removing empty process `cr_div.$proc$/home/zhigang/raw_data/raw_designs/opencores/arithmetic/cr_div.v:56$10'.
Cleaned up 11 empty switches.

3.11. Executing OPT_EXPR pass (perform const folding).
Optimizing module cr_div_tb.
<suppressed ~17 debug messages>
Optimizing module cr_div.
<suppressed ~11 debug messages>

4. Executing OPT pass (performing simple optimizations).

4.1. Executing OPT_EXPR pass (perform const folding).
Optimizing module cr_div_tb.
Optimizing module cr_div.

4.2. Executing OPT_MERGE pass (detect identical cells).
Finding identical cells in module `\cr_div_tb'.
<suppressed ~27 debug messages>
Finding identical cells in module `\cr_div'.
<suppressed ~63 debug messages>
Removed a total of 30 cells.

4.3. Executing OPT_MUXTREE pass (detect dead branches in mux trees).
Running muxtree optimizer on module \cr_div_tb..
  Creating internal representation of mux trees.
  Evaluating internal representation of mux trees.
  Analyzing evaluation results.
Running muxtree optimizer on module \cr_div..
  Creating internal representation of mux trees.
  Evaluating internal representation of mux trees.
  Analyzing evaluation results.
    dead port 1/2 on $mux $procmux$214.
    dead port 1/2 on $mux $procmux$206.
    dead port 1/2 on $mux $procmux$198.
    dead port 1/2 on $mux $procmux$190.
    dead port 1/2 on $mux $procmux$182.
    dead port 1/2 on $mux $procmux$174.
    dead port 1/2 on $mux $procmux$166.
    dead port 2/2 on $mux $procmux$163.
    dead port 1/2 on $mux $procmux$155.
    dead port 2/2 on $mux $procmux$152.
    dead port 1/2 on $mux $procmux$144.
    dead port 2/2 on $mux $procmux$141.
    dead port 1/2 on $mux $procmux$133.
    dead port 2/2 on $mux $procmux$130.
    dead port 1/2 on $mux $procmux$122.
    dead port 2/2 on $mux $procmux$119.
    dead port 1/2 on $mux $procmux$111.
    dead port 2/2 on $mux $procmux$108.
Removed 18 multiplexer ports.
<suppressed ~16 debug messages>

4.4. Executing OPT_REDUCE pass (consolidate $*mux and $reduce_* inputs).
  Optimizing cells in module \cr_div_tb.
    New ctrl vector for $pmux cell $procmux$65: { $procmux$74_CMP $auto$opt_reduce.cc:134:opt_mux$324 $procmux$70_CMP $procmux$69_CMP $procmux$68_CMP $auto$opt_reduce.cc:134:opt_mux$322 $procmux$66_CMP }
    New ctrl vector for $pmux cell $procmux$51: { $procmux$73_CMP $procmux$72_CMP $procmux$71_CMP $auto$opt_reduce.cc:134:opt_mux$328 $procmux$67_CMP $auto$opt_reduce.cc:134:opt_mux$326 }
  Optimizing cells in module \cr_div_tb.
  Optimizing cells in module \cr_div.
    Consolidated identical input bits for $mux cell $procmux$139:
      Old ports: A=0, B=32'11111111111111111111111111111111, Y=$procmux$139_Y
      New ports: A=1'0, B=1'1, Y=$procmux$139_Y [0]
      New connections: $procmux$139_Y [31:1] = { $procmux$139_Y [0] $procmux$139_Y [0] $procmux$139_Y [0] $procmux$139_Y [0] $procmux$139_Y [0] $procmux$139_Y [0] $procmux$139_Y [0] $procmux$139_Y [0] $procmux$139_Y [0] $procmux$139_Y [0] $procmux$139_Y [0] $procmux$139_Y [0] $procmux$139_Y [0] $procmux$139_Y [0] $procmux$139_Y [0] $procmux$139_Y [0] $procmux$139_Y [0] $procmux$139_Y [0] $procmux$139_Y [0] $procmux$139_Y [0] $procmux$139_Y [0] $procmux$139_Y [0] $procmux$139_Y [0] $procmux$139_Y [0] $procmux$139_Y [0] $procmux$139_Y [0] $procmux$139_Y [0] $procmux$139_Y [0] $procmux$139_Y [0] $procmux$139_Y [0] $procmux$139_Y [0] }
    Consolidated identical input bits for $mux cell $procmux$106:
      Old ports: A=0, B=32'11111111111111111111111111111111, Y=$procmux$106_Y
      New ports: A=1'0, B=1'1, Y=$procmux$106_Y [0]
      New connections: $procmux$106_Y [31:1] = { $procmux$106_Y [0] $procmux$106_Y [0] $procmux$106_Y [0] $procmux$106_Y [0] $procmux$106_Y [0] $procmux$106_Y [0] $procmux$106_Y [0] $procmux$106_Y [0] $procmux$106_Y [0] $procmux$106_Y [0] $procmux$106_Y [0] $procmux$106_Y [0] $procmux$106_Y [0] $procmux$106_Y [0] $procmux$106_Y [0] $procmux$106_Y [0] $procmux$106_Y [0] $procmux$106_Y [0] $procmux$106_Y [0] $procmux$106_Y [0] $procmux$106_Y [0] $procmux$106_Y [0] $procmux$106_Y [0] $procmux$106_Y [0] $procmux$106_Y [0] $procmux$106_Y [0] $procmux$106_Y [0] $procmux$106_Y [0] $procmux$106_Y [0] $procmux$106_Y [0] $procmux$106_Y [0] }
  Optimizing cells in module \cr_div.
    Consolidated identical input bits for $mux cell $procmux$195:
      Old ports: A=0, B=$procmux$139_Y, Y=$procmux$195_Y
      New ports: A=1'0, B=$procmux$139_Y [0], Y=$procmux$195_Y [0]
      New connections: $procmux$195_Y [31:1] = { $procmux$195_Y [0] $procmux$195_Y [0] $procmux$195_Y [0] $procmux$195_Y [0] $procmux$195_Y [0] $procmux$195_Y [0] $procmux$195_Y [0] $procmux$195_Y [0] $procmux$195_Y [0] $procmux$195_Y [0] $procmux$195_Y [0] $procmux$195_Y [0] $procmux$195_Y [0] $procmux$195_Y [0] $procmux$195_Y [0] $procmux$195_Y [0] $procmux$195_Y [0] $procmux$195_Y [0] $procmux$195_Y [0] $procmux$195_Y [0] $procmux$195_Y [0] $procmux$195_Y [0] $procmux$195_Y [0] $procmux$195_Y [0] $procmux$195_Y [0] $procmux$195_Y [0] $procmux$195_Y [0] $procmux$195_Y [0] $procmux$195_Y [0] $procmux$195_Y [0] $procmux$195_Y [0] }
    Consolidated identical input bits for $mux cell $procmux$171:
      Old ports: A=0, B=$procmux$106_Y, Y=$procmux$171_Y
      New ports: A=1'0, B=$procmux$106_Y [0], Y=$procmux$171_Y [0]
      New connections: $procmux$171_Y [31:1] = { $procmux$171_Y [0] $procmux$171_Y [0] $procmux$171_Y [0] $procmux$171_Y [0] $procmux$171_Y [0] $procmux$171_Y [0] $procmux$171_Y [0] $procmux$171_Y [0] $procmux$171_Y [0] $procmux$171_Y [0] $procmux$171_Y [0] $procmux$171_Y [0] $procmux$171_Y [0] $procmux$171_Y [0] $procmux$171_Y [0] $procmux$171_Y [0] $procmux$171_Y [0] $procmux$171_Y [0] $procmux$171_Y [0] $procmux$171_Y [0] $procmux$171_Y [0] $procmux$171_Y [0] $procmux$171_Y [0] $procmux$171_Y [0] $procmux$171_Y [0] $procmux$171_Y [0] $procmux$171_Y [0] $procmux$171_Y [0] $procmux$171_Y [0] $procmux$171_Y [0] $procmux$171_Y [0] }
  Optimizing cells in module \cr_div.
    Consolidated identical input bits for $mux cell $procmux$226:
      Old ports: A=$2$memwr$\bcache$/home/zhigang/raw_data/raw_designs/opencores/arithmetic/cr_div.v:96$1_EN[31:0]$27, B=0, Y=$procmux$226_Y
      New ports: A=$procmux$195_Y [0], B=1'0, Y=$procmux$226_Y [0]
      New connections: $procmux$226_Y [31:1] = { $procmux$226_Y [0] $procmux$226_Y [0] $procmux$226_Y [0] $procmux$226_Y [0] $procmux$226_Y [0] $procmux$226_Y [0] $procmux$226_Y [0] $procmux$226_Y [0] $procmux$226_Y [0] $procmux$226_Y [0] $procmux$226_Y [0] $procmux$226_Y [0] $procmux$226_Y [0] $procmux$226_Y [0] $procmux$226_Y [0] $procmux$226_Y [0] $procmux$226_Y [0] $procmux$226_Y [0] $procmux$226_Y [0] $procmux$226_Y [0] $procmux$226_Y [0] $procmux$226_Y [0] $procmux$226_Y [0] $procmux$226_Y [0] $procmux$226_Y [0] $procmux$226_Y [0] $procmux$226_Y [0] $procmux$226_Y [0] $procmux$226_Y [0] $procmux$226_Y [0] $procmux$226_Y [0] }
    Consolidated identical input bits for $mux cell $procmux$217:
      Old ports: A=$2$memwr$\recip_cache$/home/zhigang/raw_data/raw_designs/opencores/arithmetic/cr_div.v:97$2_EN[31:0]$30, B=0, Y=$procmux$217_Y
      New ports: A=$procmux$171_Y [0], B=1'0, Y=$procmux$217_Y [0]
      New connections: $procmux$217_Y [31:1] = { $procmux$217_Y [0] $procmux$217_Y [0] $procmux$217_Y [0] $procmux$217_Y [0] $procmux$217_Y [0] $procmux$217_Y [0] $procmux$217_Y [0] $procmux$217_Y [0] $procmux$217_Y [0] $procmux$217_Y [0] $procmux$217_Y [0] $procmux$217_Y [0] $procmux$217_Y [0] $procmux$217_Y [0] $procmux$217_Y [0] $procmux$217_Y [0] $procmux$217_Y [0] $procmux$217_Y [0] $procmux$217_Y [0] $procmux$217_Y [0] $procmux$217_Y [0] $procmux$217_Y [0] $procmux$217_Y [0] $procmux$217_Y [0] $procmux$217_Y [0] $procmux$217_Y [0] $procmux$217_Y [0] $procmux$217_Y [0] $procmux$217_Y [0] $procmux$217_Y [0] $procmux$217_Y [0] }
  Optimizing cells in module \cr_div.
Performed a total of 8 changes.

4.5. Executing OPT_MERGE pass (detect identical cells).
Finding identical cells in module `\cr_div_tb'.
Finding identical cells in module `\cr_div'.
<suppressed ~24 debug messages>
Removed a total of 8 cells.

4.6. Executing OPT_DFF pass (perform DFF optimizations).
Adding EN signal on $procdff$309 ($dff) from module cr_div (D = $procmux$285_Y, Q = \q).
Adding EN signal on $procdff$310 ($dff) from module cr_div (D = $procmux$268_Y, Q = \r).
Adding SRST signal on $procdff$311 ($dff) from module cr_div (D = $procmux$248_Y, Q = \state, rval = 3'001).
Adding EN signal on $auto$ff.cc:262:slice$351 ($sdff) from module cr_div (D = $procmux$248_Y, Q = \state).
Adding EN signal on $procdff$312 ($dff) from module cr_div (D = $procmux$242_Y, Q = \cnt).

4.7. Executing OPT_CLEAN pass (remove unused cells and wires).
Finding unused cells or wires in module \cr_div_tb..
Finding unused cells or wires in module \cr_div..
Removed 37 unused cells and 205 unused wires.
<suppressed ~50 debug messages>

4.8. Executing OPT_EXPR pass (perform const folding).
Optimizing module cr_div.
<suppressed ~3 debug messages>
Optimizing module cr_div_tb.

4.9. Rerunning OPT passes. (Maybe there is more to do..)

4.10. Executing OPT_MUXTREE pass (detect dead branches in mux trees).
Running muxtree optimizer on module \cr_div..
  Creating internal representation of mux trees.
  Evaluating internal representation of mux trees.
  Analyzing evaluation results.
Running muxtree optimizer on module \cr_div_tb..
  Creating internal representation of mux trees.
  No muxes found in this module.
Removed 0 multiplexer ports.
<suppressed ~9 debug messages>

4.11. Executing OPT_REDUCE pass (consolidate $*mux and $reduce_* inputs).
  Optimizing cells in module \cr_div.
  Optimizing cells in module \cr_div_tb.
Performed a total of 0 changes.

4.12. Executing OPT_MERGE pass (detect identical cells).
Finding identical cells in module `\cr_div'.
<suppressed ~12 debug messages>
Finding identical cells in module `\cr_div_tb'.
Removed a total of 4 cells.

4.13. Executing OPT_DFF pass (perform DFF optimizations).

4.14. Executing OPT_CLEAN pass (remove unused cells and wires).
Finding unused cells or wires in module \cr_div..
Finding unused cells or wires in module \cr_div_tb..
Removed 0 unused cells and 4 unused wires.
<suppressed ~1 debug messages>

4.15. Executing OPT_EXPR pass (perform const folding).
Optimizing module cr_div.
Optimizing module cr_div_tb.

4.16. Rerunning OPT passes. (Maybe there is more to do..)

4.17. Executing OPT_MUXTREE pass (detect dead branches in mux trees).
Running muxtree optimizer on module \cr_div..
  Creating internal representation of mux trees.
  Evaluating internal representation of mux trees.
  Analyzing evaluation results.
Running muxtree optimizer on module \cr_div_tb..
  Creating internal representation of mux trees.
  No muxes found in this module.
Removed 0 multiplexer ports.
<suppressed ~9 debug messages>

4.18. Executing OPT_REDUCE pass (consolidate $*mux and $reduce_* inputs).
  Optimizing cells in module \cr_div.
  Optimizing cells in module \cr_div_tb.
Performed a total of 0 changes.

4.19. Executing OPT_MERGE pass (detect identical cells).
Finding identical cells in module `\cr_div'.
Finding identical cells in module `\cr_div_tb'.
Removed a total of 0 cells.

4.20. Executing OPT_DFF pass (perform DFF optimizations).

4.21. Executing OPT_CLEAN pass (remove unused cells and wires).
Finding unused cells or wires in module \cr_div..
Finding unused cells or wires in module \cr_div_tb..

4.22. Executing OPT_EXPR pass (perform const folding).
Optimizing module cr_div.
Optimizing module cr_div_tb.

4.23. Finished OPT passes. (There is nothing left to do.)

5. Printing statistics.

=== cr_div ===

   Number of wires:                 65
   Number of wire bits:           1089
   Number of public wires:          15
   Number of public wire bits:     273
   Number of memories:               2
   Number of memory bits:         4096
   Number of processes:              0
   Number of cells:                 61
     $dffe                          72
     $eq                            76
     $le                            32
     $logic_not                      8
     $mul                           96
     $mux                          505
     $ne                             6
     $not                            1
     $pmux                          67
     $reduce_and                    11
     $reduce_bool                   10
     $sdffe                          3
     $sub                           72

=== cr_div_tb ===

   Number of wires:                  1
   Number of wire bits:              1
   Number of public wires:           1
   Number of public wire bits:       1
   Number of memories:               0
   Number of memory bits:            0
   Number of processes:              0
   Number of cells:                  0

=== design hierarchy ===

   cr_div_tb                         1

   Number of wires:                  1
   Number of wire bits:              1
   Number of public wires:           1
   Number of public wire bits:       1
   Number of memories:               0
   Number of memory bits:            0
   Number of processes:              0
   Number of cells:                  0

Warnings: 1 unique messages, 6 total
End of script. Logfile hash: f1cb8222e5, CPU: user 0.15s system 0.01s, MEM: 12.79 MB peak
Yosys 0.10+12 (git sha1 72fac04, gcc 7.4.0-1ubuntu1~16.04~ppa1 -fPIC -Os)
Time spent: 28% 5x opt_expr (0 sec), 12% 3x opt_clean (0 sec), ...
