
5. Printing statistics.

=== $paramod\randomwalkfilter\FilterResetValue=s32'00000000000000000000000000100000 ===

   Number of wires:                 14
   Number of wire bits:             97
   Number of public wires:           6
   Number of public wire bits:      13
   Number of memories:               0
   Number of memory bits:            0
   Number of processes:              0
   Number of cells:                 11
     $add                           32
     $dff                            2
     $eq                            16
     $logic_or                       1
     $mux                           16
     $reduce_bool                    2
     $sdffe                          8
     $sub                           32

=== dpll ===

   Number of wires:                  7
   Number of wire bits:              7
   Number of public wires:           7
   Number of public wire bits:       7
   Number of memories:               0
   Number of memory bits:            0
   Number of processes:              0
   Number of cells:                  3

=== freqdivider ===

   Number of wires:                 13
   Number of wire bits:             93
   Number of public wires:           5
   Number of public wire bits:      11
   Number of memories:               0
   Number of memory bits:            0
   Number of processes:              0
   Number of cells:                 10
     $add                           64
     $dffe                           1
     $ge                            32
     $logic_not                      7
     $mux                           14
     $ne                             2
     $not                            1
     $sdffe                          7

=== phasecomparator ===

   Number of wires:                 10
   Number of wire bits:             11
   Number of public wires:           7
   Number of public wire bits:       8
   Number of memories:               0
   Number of memory bits:            0
   Number of processes:              0
   Number of cells:                  7
     $dff                            4
     $eq                             2
     $logic_and                      2
     $not                            1

=== variableresetrandomwalkfilter ===

   Number of wires:                 44
   Number of wire bits:            218
   Number of public wires:          10
   Number of public wire bits:      27
   Number of memories:               0
   Number of memory bits:            0
   Number of processes:              0
   Number of cells:                 40
     $add                           64
     $dff                            2
     $dffe                           8
     $eq                            40
     $ge                            32
     $gt                            64
     $le                            32
     $logic_and                      1
     $logic_or                       3
     $lt                            64
     $mux                           40
     $ne                             5
     $pmux                           8
     $reduce_and                     3
     $reduce_bool                    5
     $sdffe                          4
     $sub                           64

=== design hierarchy ===

   dpll                              1
     freqdivider                     0
     phasecomparator                 0
     variableresetrandomwalkfilter      0
       $paramod\randomwalkfilter\FilterResetValue=s32'00000000000000000000000000100000      0

   Number of wires:                  7
   Number of wire bits:              7
   Number of public wires:           7
   Number of public wire bits:       7
   Number of memories:               0
   Number of memory bits:            0
   Number of processes:              0
   Number of cells:                  3

