
5. Printing statistics.

=== dff ===

   Number of wires:                  5
   Number of wire bits:              5
   Number of public wires:           5
   Number of public wire bits:       5
   Number of memories:               0
   Number of memory bits:            0
   Number of processes:              0
   Number of cells:                  1
     $adff                           1

=== nlprg8 ===

   Number of wires:                 38
   Number of wire bits:             38
   Number of public wires:          22
   Number of public wire bits:      22
   Number of memories:               0
   Number of memory bits:            0
   Number of processes:              0
   Number of cells:                 28
     $and                            5
     $not                            6
     $or                             1
     $xor                            8

=== design hierarchy ===

   nlprg8                            1
     dff                             0

   Number of wires:                 38
   Number of wire bits:             38
   Number of public wires:          22
   Number of public wire bits:      22
   Number of memories:               0
   Number of memory bits:            0
   Number of processes:              0
   Number of cells:                 28
     $and                            5
     $not                            6
     $or                             1
     $xor                            8

