
5. Printing statistics.

=== cosecant_lut ===

   Number of wires:                105
   Number of wire bits:            325
   Number of public wires:           6
   Number of public wire bits:     101
   Number of memories:               0
   Number of memory bits:            0
   Number of processes:              0
   Number of cells:                101
     $dff                           64
     $eq                          2884
     $logic_not                     32
     $logic_or                       1
     $mux                           66
     $pmux                          63
     $reduce_or                     91

=== cosine_lut ===

   Number of wires:                105
   Number of wire bits:            325
   Number of public wires:           6
   Number of public wire bits:     101
   Number of memories:               0
   Number of memory bits:            0
   Number of processes:              0
   Number of cells:                101
     $dff                           64
     $eq                          2884
     $logic_not                     32
     $logic_or                       1
     $mux                           66
     $pmux                          63
     $reduce_or                     91

=== cotangent_lut ===

   Number of wires:                105
   Number of wire bits:            325
   Number of public wires:           6
   Number of public wire bits:     101
   Number of memories:               0
   Number of memory bits:            0
   Number of processes:              0
   Number of cells:                101
     $dff                           64
     $eq                          2884
     $logic_not                     32
     $logic_or                       1
     $mux                           66
     $pmux                          63
     $reduce_or                     91

=== dividor ===

   Number of wires:                  6
   Number of wire bits:            130
   Number of public wires:           5
   Number of public wire bits:      98
   Number of memories:               0
   Number of memory bits:            0
   Number of processes:              0
   Number of cells:                  2
     $mod                           32
     $sdff                          32

=== secant_lut ===

   Number of wires:                105
   Number of wire bits:            325
   Number of public wires:           6
   Number of public wire bits:     101
   Number of memories:               0
   Number of memory bits:            0
   Number of processes:              0
   Number of cells:                101
     $dff                           64
     $eq                          2884
     $logic_not                     32
     $logic_or                       1
     $mux                           66
     $pmux                          63
     $reduce_or                     91

=== sine_lut ===

   Number of wires:                105
   Number of wire bits:            325
   Number of public wires:           6
   Number of public wire bits:     101
   Number of memories:               0
   Number of memory bits:            0
   Number of processes:              0
   Number of cells:                101
     $dff                           64
     $eq                          2884
     $logic_not                     32
     $logic_or                       1
     $mux                           66
     $pmux                          63
     $reduce_or                     91

=== tangent_lut ===

   Number of wires:                105
   Number of wire bits:            325
   Number of public wires:           6
   Number of public wire bits:     101
   Number of memories:               0
   Number of memory bits:            0
   Number of processes:              0
   Number of cells:                101
     $dff                           64
     $eq                          2884
     $logic_not                     32
     $logic_or                       1
     $mux                           66
     $pmux                          63
     $reduce_or                     91

=== top ===

   Number of wires:                 86
   Number of wire bits:           1127
   Number of public wires:          22
   Number of public wire bits:     590
   Number of memories:               0
   Number of memory bits:            0
   Number of processes:              0
   Number of cells:                 81
     $dff                           98
     $dffe                          32
     $eq                           143
     $gt                           224
     $logic_and                      4
     $logic_not                      3
     $logic_or                       4
     $lt                           128
     $mux                          238
     $not                            7
     $pmux                          64
     $reduce_and                     2
     $reduce_or                     12
     $sdff                           6
     $sub                          192

=== design hierarchy ===

   top                               1
     cosecant_lut                    0
     cosine_lut                      0
     cotangent_lut                   0
     dividor                         0
     secant_lut                      0
     sine_lut                        0
     tangent_lut                     0

   Number of wires:                 86
   Number of wire bits:           1127
   Number of public wires:          22
   Number of public wire bits:     590
   Number of memories:               0
   Number of memory bits:            0
   Number of processes:              0
   Number of cells:                 81
     $dff                           98
     $dffe                          32
     $eq                           143
     $gt                           224
     $logic_and                      4
     $logic_not                      3
     $logic_or                       4
     $lt                           128
     $mux                          238
     $not                            7
     $pmux                          64
     $reduce_and                     2
     $reduce_or                     12
     $sdff                           6
     $sub                          192

