
5. Printing statistics.

=== $paramod$3ba363c57e18702ead9096ac82e02dd89f68084a\processing_element ===

   Number of wires:                 12
   Number of wire bits:            146
   Number of public wires:           7
   Number of public wire bits:     122
   Number of memories:               0
   Number of memory bits:            0
   Number of processes:              0
   Number of cells:                  9
     $add                           20
     $eq                             2
     $gt                            20
     $logic_not                      2
     $lt                            20
     $mux                           80

=== $paramod$5acd687b4b9e547544b6afb40aa21b02d10bac56\rounding ===

   Number of wires:                  4
   Number of wire bits:             57
   Number of public wires:           3
   Number of public wire bits:      56
   Number of memories:               0
   Number of memory bits:            0
   Number of processes:              0
   Number of cells:                  2
     $add                           20
     $logic_not                      1

=== $paramod$ab59b465056463fc04d10aed504d582ed3f913f6\processing_element ===

   Number of wires:                 12
   Number of wire bits:            138
   Number of public wires:           7
   Number of public wire bits:     114
   Number of memories:               0
   Number of memory bits:            0
   Number of processes:              0
   Number of cells:                  9
     $add                           20
     $eq                             2
     $gt                            16
     $logic_not                      2
     $lt                            16
     $mux                           72

=== reduction_layer ===

   Number of wires:                 52
   Number of wire bits:           4322
   Number of public wires:          20
   Number of public wire bits:    4205
   Number of memories:               0
   Number of memory bits:            0
   Number of processes:              0
   Number of cells:                 42
     $add                           64
     $dffe                           5
     $eq                            21
     $logic_not                      6
     $mux                           43
     $ne                             8
     $pmux                          11
     $reduce_and                    11
     $reduce_bool                   11
     $reduce_or                      2
     $sdffe                         10

=== reduction_unit ===

   Number of wires:                387
   Number of wire bits:           7172
   Number of public wires:         387
   Number of public wire bits:    7172
   Number of memories:               0
   Number of memory bits:            0
   Number of processes:              0
   Number of cells:                256
     $sdff                        2560

=== spram ===

   Number of wires:                  9
   Number of wire bits:          10252
   Number of public wires:           5
   Number of public wire bits:    4103
   Number of memories:               1
   Number of memory bits:        65536
   Number of processes:              0
   Number of cells:                  6
     $dffe                        2048
     $mux                         2054

=== design hierarchy ===

   reduction_layer                   1
     $paramod$5acd687b4b9e547544b6afb40aa21b02d10bac56\rounding      0
     reduction_unit                  0
       $paramod$3ba363c57e18702ead9096ac82e02dd89f68084a\processing_element      0
       $paramod$ab59b465056463fc04d10aed504d582ed3f913f6\processing_element      0
     spram                           0

   Number of wires:                 52
   Number of wire bits:           4322
   Number of public wires:          20
   Number of public wire bits:    4205
   Number of memories:               0
   Number of memory bits:            0
   Number of processes:              0
   Number of cells:                 42
     $add                           64
     $dffe                           5
     $eq                            21
     $logic_not                      6
     $mux                           43
     $ne                             8
     $pmux                          11
     $reduce_and                    11
     $reduce_bool                   11
     $reduce_or                      2
     $sdffe                         10

