
5. Printing statistics.

=== f3_add ===

   Number of wires:                 29
   Number of wire bits:             32
   Number of public wires:           9
   Number of public wire bits:      12
   Number of memories:               0
   Number of memory bits:            0
   Number of processes:              0
   Number of cells:                 22
     $and                           14
     $not                            4
     $or                             4

=== f3m_cubic ===

   Number of wires:                 90
   Number of wire bits:            564
   Number of public wires:          90
   Number of public wire bits:     564
   Number of memories:               0
   Number of memory bits:            0
   Number of processes:              0
   Number of cells:                 88

=== f3m_nine ===

   Number of wires:                  5
   Number of wire bits:            777
   Number of public wires:           5
   Number of public wire bits:     777
   Number of memories:               0
   Number of memory bits:            0
   Number of processes:              0
   Number of cells:                  3
     $dff                          194

=== design hierarchy ===

   f3m_nine                          1
     f3m_cubic                       0
       f3_add                        0

   Number of wires:                  5
   Number of wire bits:            777
   Number of public wires:           5
   Number of public wire bits:     777
   Number of memories:               0
   Number of memory bits:            0
   Number of processes:              0
   Number of cells:                  3
     $dff                          194

