
5. Printing statistics.

=== fifo3 ===

   Number of wires:                 48
   Number of wire bits:            453
   Number of public wires:          10
   Number of public wire bits:      96
   Number of memories:               0
   Number of memory bits:            0
   Number of processes:              0
   Number of cells:                 42
     $add                           32
     $and                            1
     $eq                             6
     $logic_not                      2
     $mux                          220
     $ne                            14
     $not                            1
     $pmux                          54
     $reduce_and                     9
     $reduce_bool                    5
     $reduce_or                      7
     $sdffe                         56
     $sub                           32

