
5. Printing statistics.

=== $paramod$22dc68451fcf4317fe294a8b8f6b7ec558c9fd5a\vecmat_add_h ===

   Number of wires:                 83
   Number of wire bits:           2306
   Number of public wires:          83
   Number of public wire bits:    2306
   Number of memories:               0
   Number of memory bits:            0
   Number of processes:              0
   Number of cells:                 80
     $dffe                         272

=== $paramod$22dc68451fcf4317fe294a8b8f6b7ec558c9fd5a\vecmat_mul_h ===

   Number of wires:                  7
   Number of wire bits:           5122
   Number of public wires:           7
   Number of public wire bits:    5122
   Number of memories:               0
   Number of memory bits:            0
   Number of processes:              0
   Number of cells:                 66
     $dffe                        2048

=== $paramod$e3a666739cb884d69c4ef7b922d700778df0ab7e\vecmat_add_x ===

   Number of wires:                116
   Number of wire bits:           3410
   Number of public wires:         116
   Number of public wire bits:    3410
   Number of memories:               0
   Number of memory bits:            0
   Number of processes:              0
   Number of cells:                113
     $dffe                         224

=== $paramod$e3a666739cb884d69c4ef7b922d700778df0ab7e\vecmat_mul_x ===

   Number of wires:                  7
   Number of wire bits:           8002
   Number of public wires:           7
   Number of public wire bits:    8002
   Number of memories:               0
   Number of memory bits:            0
   Number of processes:              0
   Number of cells:                102
     $dffe                        3200

=== lstm_top ===

   Number of wires:                 84
   Number of wire bits:          35010
   Number of public wires:          84
   Number of public wire bits:   35010
   Number of memories:               0
   Number of memory bits:            0
   Number of processes:              0
   Number of cells:                 66
     $dff                        10896

=== qadd2 ===

   Number of wires:                  3
   Number of wire bits:             48
   Number of public wires:           3
   Number of public wire bits:      48
   Number of memories:               0
   Number of memory bits:            0
   Number of processes:              0
   Number of cells:                  1
     $add                           16

=== sigmoid ===

   Number of wires:                229
   Number of wire bits:            424
   Number of public wires:           4
   Number of public wire bits:      54
   Number of memories:               0
   Number of memory bits:            0
   Number of processes:              0
   Number of cells:                227
     $and                          116
     $dlatch                         6
     $eq                           328
     $ge                            12
     $gt                            48
     $le                            48
     $logic_and                      4
     $logic_not                     10
     $mux                          168
     $not                            5
     $pmux                          22
     $reduce_or                     11

=== signedmul ===

   Number of wires:                 21
   Number of wire bits:            278
   Number of public wires:          14
   Number of public wire bits:     181
   Number of memories:               0
   Number of memory bits:            0
   Number of processes:              0
   Number of cells:                 20
     $add                           48
     $dff                           66
     $eq                             1
     $mul                           32
     $mux                           48
     $not                           48
     $sdff                           2

=== tanh ===

   Number of wires:                254
   Number of wire bits:            465
   Number of public wires:           5
   Number of public wire bits:      69
   Number of memories:               0
   Number of memory bits:            0
   Number of processes:              0
   Number of cells:                253
     $add                           32
     $and                          145
     $dlatch                         5
     $eq                           123
     $ge                           208
     $logic_and                     11
     $logic_not                      9
     $lt                           176
     $mux                          137
     $not                           45
     $pmux                          21
     $reduce_or                      5

=== design hierarchy ===

   lstm_top                          1
     $paramod$22dc68451fcf4317fe294a8b8f6b7ec558c9fd5a\vecmat_add_h      0
       qadd2                         0
     $paramod$22dc68451fcf4317fe294a8b8f6b7ec558c9fd5a\vecmat_mul_h      0
       signedmul                     0
     $paramod$e3a666739cb884d69c4ef7b922d700778df0ab7e\vecmat_add_x      0
       qadd2                         0
     $paramod$e3a666739cb884d69c4ef7b922d700778df0ab7e\vecmat_mul_x      0
       signedmul                     0
     qadd2                           0
     sigmoid                         0
     signedmul                       0
     tanh                            0

   Number of wires:                 84
   Number of wire bits:          35010
   Number of public wires:          84
   Number of public wire bits:   35010
   Number of memories:               0
   Number of memory bits:            0
   Number of processes:              0
   Number of cells:                 66
     $dff                        10896

