
 /----------------------------------------------------------------------------\
 |                                                                            |
 |  yosys -- Yosys Open SYnthesis Suite                                       |
 |                                                                            |
 |  Copyright (C) 2012 - 2020  Claire Xenia Wolf <claire@yosyshq.com>         |
 |                                                                            |
 |  Permission to use, copy, modify, and/or distribute this software for any  |
 |  purpose with or without fee is hereby granted, provided that the above    |
 |  copyright notice and this permission notice appear in all copies.         |
 |                                                                            |
 |  THE SOFTWARE IS PROVIDED "AS IS" AND THE AUTHOR DISCLAIMS ALL WARRANTIES  |
 |  WITH REGARD TO THIS SOFTWARE INCLUDING ALL IMPLIED WARRANTIES OF          |
 |  MERCHANTABILITY AND FITNESS. IN NO EVENT SHALL THE AUTHOR BE LIABLE FOR   |
 |  ANY SPECIAL, DIRECT, INDIRECT, OR CONSEQUENTIAL DAMAGES OR ANY DAMAGES    |
 |  WHATSOEVER RESULTING FROM LOSS OF USE, DATA OR PROFITS, WHETHER IN AN     |
 |  ACTION OF CONTRACT, NEGLIGENCE OR OTHER TORTIOUS ACTION, ARISING OUT OF   |
 |  OR IN CONNECTION WITH THE USE OR PERFORMANCE OF THIS SOFTWARE.            |
 |                                                                            |
 \----------------------------------------------------------------------------/

 Yosys 0.10+12 (git sha1 72fac04, gcc 7.4.0-1ubuntu1~16.04~ppa1 -fPIC -Os)


-- Executing script file `out.ys' --

1. Executing Verilog-2005 frontend: /home/zhigang/raw_data/raw_designs/vtr_designs/verilog/koios/lstm_submodules/vecmat_mul_x.v
Parsing SystemVerilog input from `/home/zhigang/raw_data/raw_designs/vtr_designs/verilog/koios/lstm_submodules/vecmat_mul_x.v' to AST representation.
Generating RTLIL representation for module `\vecmat_mul_x'.
Generating RTLIL representation for module `\signedmul'.
Successfully finished Verilog frontend.

2. Executing HIERARCHY pass (managing design hierarchy).

2.1. Finding top of design hierarchy..
root of   0 design levels: signedmul           
root of   1 design levels: vecmat_mul_x        
Automatically selected vecmat_mul_x as design top module.

2.2. Analyzing design hierarchy..
Top module:  \vecmat_mul_x
Used module:     \signedmul

2.3. Analyzing design hierarchy..
Top module:  \vecmat_mul_x
Used module:     \signedmul
Removed 0 unused modules.

3. Executing PROC pass (convert processes to netlists).

3.1. Executing PROC_CLEAN pass (remove empty switches from decision trees).
Cleaned up 0 empty switches.

3.2. Executing PROC_RMDEAD pass (remove dead branches from decision trees).
Removed a total of 0 dead cases.

3.3. Executing PROC_PRUNE pass (remove redundant assignments in processes).
Removed 0 redundant assignments.
Promoted 7 assignments to connections.

3.4. Executing PROC_INIT pass (extract init attributes).

3.5. Executing PROC_ARST pass (detect async resets in processes).

3.6. Executing PROC_MUX pass (convert decision trees to multiplexers).
Creating decoders for process `\signedmul.$proc$/home/zhigang/raw_data/raw_designs/vtr_designs/verilog/koios/lstm_submodules/vecmat_mul_x.v:173$16'.
Creating decoders for process `\vecmat_mul_x.$proc$/home/zhigang/raw_data/raw_designs/vtr_designs/verilog/koios/lstm_submodules/vecmat_mul_x.v:31$1'.
     1/2: $0\matrix[1599:0]
     2/2: $0\vector[1599:0]

3.7. Executing PROC_DLATCH pass (convert process syncs to latches).

3.8. Executing PROC_DFF pass (convert process syncs to FFs).
Creating register for signal `\signedmul.\a_ff' using process `\signedmul.$proc$/home/zhigang/raw_data/raw_designs/vtr_designs/verilog/koios/lstm_submodules/vecmat_mul_x.v:173$16'.
  created $dff cell `$procdff$21' with positive edge clock.
Creating register for signal `\signedmul.\b_ff' using process `\signedmul.$proc$/home/zhigang/raw_data/raw_designs/vtr_designs/verilog/koios/lstm_submodules/vecmat_mul_x.v:173$16'.
  created $dff cell `$procdff$22' with positive edge clock.
Creating register for signal `\signedmul.\result_ff' using process `\signedmul.$proc$/home/zhigang/raw_data/raw_designs/vtr_designs/verilog/koios/lstm_submodules/vecmat_mul_x.v:173$16'.
  created $dff cell `$procdff$23' with positive edge clock.
Creating register for signal `\signedmul.\a_sign' using process `\signedmul.$proc$/home/zhigang/raw_data/raw_designs/vtr_designs/verilog/koios/lstm_submodules/vecmat_mul_x.v:173$16'.
  created $dff cell `$procdff$24' with positive edge clock.
Creating register for signal `\signedmul.\b_sign' using process `\signedmul.$proc$/home/zhigang/raw_data/raw_designs/vtr_designs/verilog/koios/lstm_submodules/vecmat_mul_x.v:173$16'.
  created $dff cell `$procdff$25' with positive edge clock.
Creating register for signal `\signedmul.\a_sign_ff' using process `\signedmul.$proc$/home/zhigang/raw_data/raw_designs/vtr_designs/verilog/koios/lstm_submodules/vecmat_mul_x.v:173$16'.
  created $dff cell `$procdff$26' with positive edge clock.
Creating register for signal `\signedmul.\b_sign_ff' using process `\signedmul.$proc$/home/zhigang/raw_data/raw_designs/vtr_designs/verilog/koios/lstm_submodules/vecmat_mul_x.v:173$16'.
  created $dff cell `$procdff$27' with positive edge clock.
Creating register for signal `\vecmat_mul_x.\vector' using process `\vecmat_mul_x.$proc$/home/zhigang/raw_data/raw_designs/vtr_designs/verilog/koios/lstm_submodules/vecmat_mul_x.v:31$1'.
  created $dff cell `$procdff$28' with positive edge clock.
Creating register for signal `\vecmat_mul_x.\matrix' using process `\vecmat_mul_x.$proc$/home/zhigang/raw_data/raw_designs/vtr_designs/verilog/koios/lstm_submodules/vecmat_mul_x.v:31$1'.
  created $dff cell `$procdff$29' with positive edge clock.

3.9. Executing PROC_MEMWR pass (convert process memory writes to cells).

3.10. Executing PROC_CLEAN pass (remove empty switches from decision trees).
Removing empty process `signedmul.$proc$/home/zhigang/raw_data/raw_designs/vtr_designs/verilog/koios/lstm_submodules/vecmat_mul_x.v:173$16'.
Found and cleaned up 1 empty switch in `\vecmat_mul_x.$proc$/home/zhigang/raw_data/raw_designs/vtr_designs/verilog/koios/lstm_submodules/vecmat_mul_x.v:31$1'.
Removing empty process `vecmat_mul_x.$proc$/home/zhigang/raw_data/raw_designs/vtr_designs/verilog/koios/lstm_submodules/vecmat_mul_x.v:31$1'.
Cleaned up 1 empty switch.

3.11. Executing OPT_EXPR pass (perform const folding).
Optimizing module signedmul.
Optimizing module vecmat_mul_x.
<suppressed ~2 debug messages>

4. Executing OPT pass (performing simple optimizations).

4.1. Executing OPT_EXPR pass (perform const folding).
Optimizing module signedmul.
Optimizing module vecmat_mul_x.

4.2. Executing OPT_MERGE pass (detect identical cells).
Finding identical cells in module `\signedmul'.
<suppressed ~3 debug messages>
Finding identical cells in module `\vecmat_mul_x'.
Removed a total of 1 cells.

4.3. Executing OPT_MUXTREE pass (detect dead branches in mux trees).
Running muxtree optimizer on module \signedmul..
  Creating internal representation of mux trees.
  Evaluating internal representation of mux trees.
      Replacing known input bits on port A of cell $ternary$/home/zhigang/raw_data/raw_designs/vtr_designs/verilog/koios/lstm_submodules/vecmat_mul_x.v:170$14: \b -> { 1'0 \b [14:0] }
      Replacing known input bits on port A of cell $ternary$/home/zhigang/raw_data/raw_designs/vtr_designs/verilog/koios/lstm_submodules/vecmat_mul_x.v:169$11: \a -> { 1'0 \a [14:0] }
  Analyzing evaluation results.
Running muxtree optimizer on module \vecmat_mul_x..
  Creating internal representation of mux trees.
  Evaluating internal representation of mux trees.
  Analyzing evaluation results.
Removed 0 multiplexer ports.
<suppressed ~5 debug messages>

4.4. Executing OPT_REDUCE pass (consolidate $*mux and $reduce_* inputs).
  Optimizing cells in module \signedmul.
  Optimizing cells in module \vecmat_mul_x.
Performed a total of 0 changes.

4.5. Executing OPT_MERGE pass (detect identical cells).
Finding identical cells in module `\signedmul'.
Finding identical cells in module `\vecmat_mul_x'.
Removed a total of 0 cells.

4.6. Executing OPT_DFF pass (perform DFF optimizations).
Adding SRST signal on $procdff$21 ($dff) from module signedmul (D = $add$/home/zhigang/raw_data/raw_designs/vtr_designs/verilog/koios/lstm_submodules/vecmat_mul_x.v:169$10_Y [15], Q = \a_ff [15], rval = 1'0).
Adding SRST signal on $procdff$22 ($dff) from module signedmul (D = $add$/home/zhigang/raw_data/raw_designs/vtr_designs/verilog/koios/lstm_submodules/vecmat_mul_x.v:170$13_Y [15], Q = \b_ff [15], rval = 1'0).
Adding EN signal on $procdff$28 ($dff) from module vecmat_mul_x (D = \data, Q = \vector).
Adding EN signal on $procdff$29 ($dff) from module vecmat_mul_x (D = \W, Q = \matrix).

4.7. Executing OPT_CLEAN pass (remove unused cells and wires).
Finding unused cells or wires in module \signedmul..
Finding unused cells or wires in module \vecmat_mul_x..
Removed 3 unused cells and 120 unused wires.
<suppressed ~106 debug messages>

4.8. Executing OPT_EXPR pass (perform const folding).
Optimizing module signedmul.
Optimizing module vecmat_mul_x.

4.9. Rerunning OPT passes. (Maybe there is more to do..)

4.10. Executing OPT_MUXTREE pass (detect dead branches in mux trees).
Running muxtree optimizer on module \signedmul..
  Creating internal representation of mux trees.
  Evaluating internal representation of mux trees.
  Analyzing evaluation results.
Running muxtree optimizer on module \vecmat_mul_x..
  Creating internal representation of mux trees.
  No muxes found in this module.
Removed 0 multiplexer ports.
<suppressed ~3 debug messages>

4.11. Executing OPT_REDUCE pass (consolidate $*mux and $reduce_* inputs).
  Optimizing cells in module \signedmul.
  Optimizing cells in module \vecmat_mul_x.
Performed a total of 0 changes.

4.12. Executing OPT_MERGE pass (detect identical cells).
Finding identical cells in module `\signedmul'.
Finding identical cells in module `\vecmat_mul_x'.
Removed a total of 0 cells.

4.13. Executing OPT_DFF pass (perform DFF optimizations).

4.14. Executing OPT_CLEAN pass (remove unused cells and wires).
Finding unused cells or wires in module \signedmul..
Finding unused cells or wires in module \vecmat_mul_x..

4.15. Executing OPT_EXPR pass (perform const folding).
Optimizing module signedmul.
Optimizing module vecmat_mul_x.

4.16. Finished OPT passes. (There is nothing left to do.)

5. Printing statistics.

=== signedmul ===

   Number of wires:                 21
   Number of wire bits:            278
   Number of public wires:          14
   Number of public wire bits:     181
   Number of memories:               0
   Number of memory bits:            0
   Number of processes:              0
   Number of cells:                 20
     $add                           48
     $dff                           66
     $eq                             1
     $mul                           32
     $mux                           48
     $not                           48
     $sdff                           2

=== vecmat_mul_x ===

   Number of wires:                  7
   Number of wire bits:           8002
   Number of public wires:           7
   Number of public wire bits:    8002
   Number of memories:               0
   Number of memory bits:            0
   Number of processes:              0
   Number of cells:                102
     $dffe                        3200

=== design hierarchy ===

   vecmat_mul_x                      1
     signedmul                       0

   Number of wires:                  7
   Number of wire bits:           8002
   Number of public wires:           7
   Number of public wire bits:    8002
   Number of memories:               0
   Number of memory bits:            0
   Number of processes:              0
   Number of cells:                102
     $dffe                        3200

End of script. Logfile hash: 39a1793845, CPU: user 0.40s system 0.01s, MEM: 21.66 MB peak
Yosys 0.10+12 (git sha1 72fac04, gcc 7.4.0-1ubuntu1~16.04~ppa1 -fPIC -Os)
Time spent: 23% 2x opt_clean (0 sec), 21% 1x proc_mux (0 sec), ...
