
5. Printing statistics.

=== signedmul ===

   Number of wires:                 21
   Number of wire bits:            278
   Number of public wires:          14
   Number of public wire bits:     181
   Number of memories:               0
   Number of memory bits:            0
   Number of processes:              0
   Number of cells:                 20
     $add                           48
     $dff                           66
     $eq                             1
     $mul                           32
     $mux                           48
     $not                           48
     $sdff                           2

=== vecmat_mul_x ===

   Number of wires:                  7
   Number of wire bits:           8002
   Number of public wires:           7
   Number of public wire bits:    8002
   Number of memories:               0
   Number of memory bits:            0
   Number of processes:              0
   Number of cells:                102
     $dffe                        3200

=== design hierarchy ===

   vecmat_mul_x                      1
     signedmul                       0

   Number of wires:                  7
   Number of wire bits:           8002
   Number of public wires:           7
   Number of public wire bits:    8002
   Number of memories:               0
   Number of memory bits:            0
   Number of processes:              0
   Number of cells:                102
     $dffe                        3200

