
 /----------------------------------------------------------------------------\
 |                                                                            |
 |  yosys -- Yosys Open SYnthesis Suite                                       |
 |                                                                            |
 |  Copyright (C) 2012 - 2020  Claire Xenia Wolf <claire@yosyshq.com>         |
 |                                                                            |
 |  Permission to use, copy, modify, and/or distribute this software for any  |
 |  purpose with or without fee is hereby granted, provided that the above    |
 |  copyright notice and this permission notice appear in all copies.         |
 |                                                                            |
 |  THE SOFTWARE IS PROVIDED "AS IS" AND THE AUTHOR DISCLAIMS ALL WARRANTIES  |
 |  WITH REGARD TO THIS SOFTWARE INCLUDING ALL IMPLIED WARRANTIES OF          |
 |  MERCHANTABILITY AND FITNESS. IN NO EVENT SHALL THE AUTHOR BE LIABLE FOR   |
 |  ANY SPECIAL, DIRECT, INDIRECT, OR CONSEQUENTIAL DAMAGES OR ANY DAMAGES    |
 |  WHATSOEVER RESULTING FROM LOSS OF USE, DATA OR PROFITS, WHETHER IN AN     |
 |  ACTION OF CONTRACT, NEGLIGENCE OR OTHER TORTIOUS ACTION, ARISING OUT OF   |
 |  OR IN CONNECTION WITH THE USE OR PERFORMANCE OF THIS SOFTWARE.            |
 |                                                                            |
 \----------------------------------------------------------------------------/

 Yosys 0.10+12 (git sha1 72fac04, gcc 7.4.0-1ubuntu1~16.04~ppa1 -fPIC -Os)


-- Executing script file `out.ys' --

1. Executing Verilog-2005 frontend: /home/zhigang/raw_data/raw_designs/vtr_designs/verilog/koios/tiny_darknet_like.small_submodules/FPAddSub.v
Parsing SystemVerilog input from `/home/zhigang/raw_data/raw_designs/vtr_designs/verilog/koios/tiny_darknet_like.small_submodules/FPAddSub.v' to AST representation.
Generating RTLIL representation for module `\FPAddSub'.
Generating RTLIL representation for module `\FPAddSub_ExceptionModule'.
Generating RTLIL representation for module `\FPAddSub_RoundModule'.
Generating RTLIL representation for module `\FPAddSub_NormalizeShift2'.
Generating RTLIL representation for module `\FPAddSub_NormalizeShift1'.
Generating RTLIL representation for module `\FPAddSub_NormalizeModule'.
Generating RTLIL representation for module `\FPAddSub_ExecutionModule'.
Generating RTLIL representation for module `\FPAddSub_AlignShift2'.
Generating RTLIL representation for module `\FPAddSub_AlignShift1'.
Generating RTLIL representation for module `\FPAddSub_AlignModule'.
Generating RTLIL representation for module `\FPAddSub_PrealignModule'.
Successfully finished Verilog frontend.

2. Executing HIERARCHY pass (managing design hierarchy).

2.1. Finding top of design hierarchy..
root of   0 design levels: FPAddSub_PrealignModule
root of   0 design levels: FPAddSub_AlignModule
root of   0 design levels: FPAddSub_AlignShift1
root of   0 design levels: FPAddSub_AlignShift2
root of   0 design levels: FPAddSub_ExecutionModule
root of   0 design levels: FPAddSub_NormalizeModule
root of   0 design levels: FPAddSub_NormalizeShift1
root of   0 design levels: FPAddSub_NormalizeShift2
root of   0 design levels: FPAddSub_RoundModule
root of   0 design levels: FPAddSub_ExceptionModule
root of   1 design levels: FPAddSub            
Automatically selected FPAddSub as design top module.

2.2. Analyzing design hierarchy..
Top module:  \FPAddSub
Used module:     \FPAddSub_ExceptionModule
Used module:     \FPAddSub_RoundModule
Used module:     \FPAddSub_NormalizeShift2
Used module:     \FPAddSub_NormalizeShift1
Used module:     \FPAddSub_NormalizeModule
Used module:     \FPAddSub_ExecutionModule
Used module:     \FPAddSub_AlignShift2
Used module:     \FPAddSub_AlignShift1
Used module:     \FPAddSub_AlignModule
Used module:     \FPAddSub_PrealignModule

2.3. Analyzing design hierarchy..
Top module:  \FPAddSub
Used module:     \FPAddSub_ExceptionModule
Used module:     \FPAddSub_RoundModule
Used module:     \FPAddSub_NormalizeShift2
Used module:     \FPAddSub_NormalizeShift1
Used module:     \FPAddSub_NormalizeModule
Used module:     \FPAddSub_ExecutionModule
Used module:     \FPAddSub_AlignShift2
Used module:     \FPAddSub_AlignShift1
Used module:     \FPAddSub_AlignModule
Used module:     \FPAddSub_PrealignModule
Removed 0 unused modules.
Mapping positional arguments of cell FPAddSub.Exceptionmodule (FPAddSub_ExceptionModule).
Mapping positional arguments of cell FPAddSub.RoundModule (FPAddSub_RoundModule).
Mapping positional arguments of cell FPAddSub.NormalizeShift2 (FPAddSub_NormalizeShift2).
Mapping positional arguments of cell FPAddSub.NormalizeShift1 (FPAddSub_NormalizeShift1).
Mapping positional arguments of cell FPAddSub.NormalizeModule (FPAddSub_NormalizeModule).
Mapping positional arguments of cell FPAddSub.ExecutionModule (FPAddSub_ExecutionModule).
Mapping positional arguments of cell FPAddSub.AlignShift2 (FPAddSub_AlignShift2).
Mapping positional arguments of cell FPAddSub.AlignShift1 (FPAddSub_AlignShift1).
Mapping positional arguments of cell FPAddSub.AlignModule (FPAddSub_AlignModule).
Mapping positional arguments of cell FPAddSub.PrealignModule (FPAddSub_PrealignModule).

3. Executing PROC pass (convert processes to netlists).

3.1. Executing PROC_CLEAN pass (remove empty switches from decision trees).
Cleaned up 0 empty switches.

3.2. Executing PROC_RMDEAD pass (remove dead branches from decision trees).
Removed 1 dead cases from process $proc$/home/zhigang/raw_data/raw_designs/vtr_designs/verilog/koios/tiny_darknet_like.small_submodules/FPAddSub.v:664$81 in module FPAddSub_AlignShift1.
Marked 1 switch rules as full_case in process $proc$/home/zhigang/raw_data/raw_designs/vtr_designs/verilog/koios/tiny_darknet_like.small_submodules/FPAddSub.v:664$81 in module FPAddSub_AlignShift1.
Removed 1 dead cases from process $proc$/home/zhigang/raw_data/raw_designs/vtr_designs/verilog/koios/tiny_darknet_like.small_submodules/FPAddSub.v:619$78 in module FPAddSub_AlignShift2.
Marked 1 switch rules as full_case in process $proc$/home/zhigang/raw_data/raw_designs/vtr_designs/verilog/koios/tiny_darknet_like.small_submodules/FPAddSub.v:619$78 in module FPAddSub_AlignShift2.
Removed 1 dead cases from process $proc$/home/zhigang/raw_data/raw_designs/vtr_designs/verilog/koios/tiny_darknet_like.small_submodules/FPAddSub.v:490$54 in module FPAddSub_NormalizeShift1.
Marked 1 switch rules as full_case in process $proc$/home/zhigang/raw_data/raw_designs/vtr_designs/verilog/koios/tiny_darknet_like.small_submodules/FPAddSub.v:490$54 in module FPAddSub_NormalizeShift1.
Removed 1 dead cases from process $proc$/home/zhigang/raw_data/raw_designs/vtr_designs/verilog/koios/tiny_darknet_like.small_submodules/FPAddSub.v:471$53 in module FPAddSub_NormalizeShift1.
Marked 1 switch rules as full_case in process $proc$/home/zhigang/raw_data/raw_designs/vtr_designs/verilog/koios/tiny_darknet_like.small_submodules/FPAddSub.v:471$53 in module FPAddSub_NormalizeShift1.
Marked 1 switch rules as full_case in process $proc$/home/zhigang/raw_data/raw_designs/vtr_designs/verilog/koios/tiny_darknet_like.small_submodules/FPAddSub.v:168$6 in module FPAddSub.
Removed a total of 4 dead cases.

3.3. Executing PROC_PRUNE pass (remove redundant assignments in processes).
Removed 2 redundant assignments.
Promoted 15 assignments to connections.

3.4. Executing PROC_INIT pass (extract init attributes).

3.5. Executing PROC_ARST pass (detect async resets in processes).

3.6. Executing PROC_MUX pass (convert decision trees to multiplexers).
Creating decoders for process `\FPAddSub_AlignShift1.$proc$/home/zhigang/raw_data/raw_designs/vtr_designs/verilog/koios/tiny_darknet_like.small_submodules/FPAddSub.v:664$81'.
     1/12: $0\Lvl2[10:0] [10]
     2/12: $0\Lvl2[10:0] [8]
     3/12: $0\Lvl2[10:0] [7]
     4/12: $0\Lvl2[10:0] [6]
     5/12: $0\Lvl2[10:0] [5]
     6/12: $0\Lvl2[10:0] [4]
     7/12: $0\Lvl2[10:0] [3]
     8/12: $0\Lvl2[10:0] [2]
     9/12: $0\Lvl2[10:0] [1]
    10/12: $0\Lvl2[10:0] [0]
    11/12: $0\Lvl2[10:0] [9]
    12/12: $1\i[31:0]
Creating decoders for process `\FPAddSub_AlignShift1.$proc$/home/zhigang/raw_data/raw_designs/vtr_designs/verilog/koios/tiny_darknet_like.small_submodules/FPAddSub.v:655$79'.
Creating decoders for process `\FPAddSub_AlignShift2.$proc$/home/zhigang/raw_data/raw_designs/vtr_designs/verilog/koios/tiny_darknet_like.small_submodules/FPAddSub.v:619$78'.
     1/12: $0\Lvl3[10:0] [10]
     2/12: $0\Lvl3[10:0] [9]
     3/12: $0\Lvl3[10:0] [8]
     4/12: $0\Lvl3[10:0] [7]
     5/12: $0\Lvl3[10:0] [6]
     6/12: $0\Lvl3[10:0] [5]
     7/12: $0\Lvl3[10:0] [4]
     8/12: $0\Lvl3[10:0] [3]
     9/12: $0\Lvl3[10:0] [2]
    10/12: $0\Lvl3[10:0] [1]
    11/12: $0\Lvl3[10:0] [0]
    12/12: $1\j[31:0]
Creating decoders for process `\FPAddSub_NormalizeModule.$proc$/home/zhigang/raw_data/raw_designs/vtr_designs/verilog/koios/tiny_darknet_like.small_submodules/FPAddSub.v:556$68'.
Creating decoders for process `\FPAddSub_NormalizeShift1.$proc$/home/zhigang/raw_data/raw_designs/vtr_designs/verilog/koios/tiny_darknet_like.small_submodules/FPAddSub.v:490$54'.
     1/4: $1\Lvl3[16:0] [16:15]
     2/4: $1\Lvl3[16:0] [12:0]
     3/4: $1\Lvl3[16:0] [14]
     4/4: $1\Lvl3[16:0] [13]
Creating decoders for process `\FPAddSub_NormalizeShift1.$proc$/home/zhigang/raw_data/raw_designs/vtr_designs/verilog/koios/tiny_darknet_like.small_submodules/FPAddSub.v:471$53'.
     1/4: $1\Lvl2[16:0] [16:12]
     2/4: $1\Lvl2[16:0] [3:0]
     3/4: $1\Lvl2[16:0] [11:8]
     4/4: $1\Lvl2[16:0] [7:4]
Creating decoders for process `\FPAddSub.$proc$/home/zhigang/raw_data/raw_designs/vtr_designs/verilog/koios/tiny_darknet_like.small_submodules/FPAddSub.v:168$6'.
     1/9: $1\pipe_9[24:0]
     2/9: $1\pipe_8[35:0]
     3/9: $1\pipe_7[37:0]
     4/9: $1\pipe_6[37:0]
     5/9: $1\pipe_5[32:0]
     6/9: $1\pipe_4[40:0]
     7/9: $1\pipe_3[39:0]
     8/9: $1\pipe_2[38:0]
     9/9: $1\pipe_1[47:0]

3.7. Executing PROC_DLATCH pass (convert process syncs to latches).
No latch inferred for signal `\FPAddSub_AlignShift1.\Lvl2' from process `\FPAddSub_AlignShift1.$proc$/home/zhigang/raw_data/raw_designs/vtr_designs/verilog/koios/tiny_darknet_like.small_submodules/FPAddSub.v:664$81'.
Latch inferred for signal `\FPAddSub_AlignShift1.\i' from process `\FPAddSub_AlignShift1.$proc$/home/zhigang/raw_data/raw_designs/vtr_designs/verilog/koios/tiny_darknet_like.small_submodules/FPAddSub.v:664$81': $auto$proc_dlatch.cc:427:proc_dlatch$311
No latch inferred for signal `\FPAddSub_AlignShift1.\Lvl1' from process `\FPAddSub_AlignShift1.$proc$/home/zhigang/raw_data/raw_designs/vtr_designs/verilog/koios/tiny_darknet_like.small_submodules/FPAddSub.v:655$79'.
No latch inferred for signal `\FPAddSub_AlignShift2.\Lvl3' from process `\FPAddSub_AlignShift2.$proc$/home/zhigang/raw_data/raw_designs/vtr_designs/verilog/koios/tiny_darknet_like.small_submodules/FPAddSub.v:619$78'.
Latch inferred for signal `\FPAddSub_AlignShift2.\j' from process `\FPAddSub_AlignShift2.$proc$/home/zhigang/raw_data/raw_designs/vtr_designs/verilog/koios/tiny_darknet_like.small_submodules/FPAddSub.v:619$78': $auto$proc_dlatch.cc:427:proc_dlatch$320
No latch inferred for signal `\FPAddSub_NormalizeModule.\Lvl1' from process `\FPAddSub_NormalizeModule.$proc$/home/zhigang/raw_data/raw_designs/vtr_designs/verilog/koios/tiny_darknet_like.small_submodules/FPAddSub.v:556$68'.
No latch inferred for signal `\FPAddSub_NormalizeShift1.\Lvl3' from process `\FPAddSub_NormalizeShift1.$proc$/home/zhigang/raw_data/raw_designs/vtr_designs/verilog/koios/tiny_darknet_like.small_submodules/FPAddSub.v:490$54'.
No latch inferred for signal `\FPAddSub_NormalizeShift1.\Lvl2' from process `\FPAddSub_NormalizeShift1.$proc$/home/zhigang/raw_data/raw_designs/vtr_designs/verilog/koios/tiny_darknet_like.small_submodules/FPAddSub.v:471$53'.
No latch inferred for signal `\FPAddSub.\pipe_1' from process `\FPAddSub.$proc$/home/zhigang/raw_data/raw_designs/vtr_designs/verilog/koios/tiny_darknet_like.small_submodules/FPAddSub.v:168$6'.
No latch inferred for signal `\FPAddSub.\pipe_2' from process `\FPAddSub.$proc$/home/zhigang/raw_data/raw_designs/vtr_designs/verilog/koios/tiny_darknet_like.small_submodules/FPAddSub.v:168$6'.
No latch inferred for signal `\FPAddSub.\pipe_3' from process `\FPAddSub.$proc$/home/zhigang/raw_data/raw_designs/vtr_designs/verilog/koios/tiny_darknet_like.small_submodules/FPAddSub.v:168$6'.
No latch inferred for signal `\FPAddSub.\pipe_4' from process `\FPAddSub.$proc$/home/zhigang/raw_data/raw_designs/vtr_designs/verilog/koios/tiny_darknet_like.small_submodules/FPAddSub.v:168$6'.
No latch inferred for signal `\FPAddSub.\pipe_5' from process `\FPAddSub.$proc$/home/zhigang/raw_data/raw_designs/vtr_designs/verilog/koios/tiny_darknet_like.small_submodules/FPAddSub.v:168$6'.
No latch inferred for signal `\FPAddSub.\pipe_6' from process `\FPAddSub.$proc$/home/zhigang/raw_data/raw_designs/vtr_designs/verilog/koios/tiny_darknet_like.small_submodules/FPAddSub.v:168$6'.
No latch inferred for signal `\FPAddSub.\pipe_7' from process `\FPAddSub.$proc$/home/zhigang/raw_data/raw_designs/vtr_designs/verilog/koios/tiny_darknet_like.small_submodules/FPAddSub.v:168$6'.
No latch inferred for signal `\FPAddSub.\pipe_8' from process `\FPAddSub.$proc$/home/zhigang/raw_data/raw_designs/vtr_designs/verilog/koios/tiny_darknet_like.small_submodules/FPAddSub.v:168$6'.
No latch inferred for signal `\FPAddSub.\pipe_9' from process `\FPAddSub.$proc$/home/zhigang/raw_data/raw_designs/vtr_designs/verilog/koios/tiny_darknet_like.small_submodules/FPAddSub.v:168$6'.

3.8. Executing PROC_DFF pass (convert process syncs to FFs).

3.9. Executing PROC_MEMWR pass (convert process memory writes to cells).

3.10. Executing PROC_CLEAN pass (remove empty switches from decision trees).
Found and cleaned up 1 empty switch in `\FPAddSub_AlignShift1.$proc$/home/zhigang/raw_data/raw_designs/vtr_designs/verilog/koios/tiny_darknet_like.small_submodules/FPAddSub.v:664$81'.
Removing empty process `FPAddSub_AlignShift1.$proc$/home/zhigang/raw_data/raw_designs/vtr_designs/verilog/koios/tiny_darknet_like.small_submodules/FPAddSub.v:664$81'.
Removing empty process `FPAddSub_AlignShift1.$proc$/home/zhigang/raw_data/raw_designs/vtr_designs/verilog/koios/tiny_darknet_like.small_submodules/FPAddSub.v:655$79'.
Found and cleaned up 1 empty switch in `\FPAddSub_AlignShift2.$proc$/home/zhigang/raw_data/raw_designs/vtr_designs/verilog/koios/tiny_darknet_like.small_submodules/FPAddSub.v:619$78'.
Removing empty process `FPAddSub_AlignShift2.$proc$/home/zhigang/raw_data/raw_designs/vtr_designs/verilog/koios/tiny_darknet_like.small_submodules/FPAddSub.v:619$78'.
Removing empty process `FPAddSub_NormalizeModule.$proc$/home/zhigang/raw_data/raw_designs/vtr_designs/verilog/koios/tiny_darknet_like.small_submodules/FPAddSub.v:556$68'.
Found and cleaned up 1 empty switch in `\FPAddSub_NormalizeShift1.$proc$/home/zhigang/raw_data/raw_designs/vtr_designs/verilog/koios/tiny_darknet_like.small_submodules/FPAddSub.v:490$54'.
Removing empty process `FPAddSub_NormalizeShift1.$proc$/home/zhigang/raw_data/raw_designs/vtr_designs/verilog/koios/tiny_darknet_like.small_submodules/FPAddSub.v:490$54'.
Found and cleaned up 1 empty switch in `\FPAddSub_NormalizeShift1.$proc$/home/zhigang/raw_data/raw_designs/vtr_designs/verilog/koios/tiny_darknet_like.small_submodules/FPAddSub.v:471$53'.
Removing empty process `FPAddSub_NormalizeShift1.$proc$/home/zhigang/raw_data/raw_designs/vtr_designs/verilog/koios/tiny_darknet_like.small_submodules/FPAddSub.v:471$53'.
Found and cleaned up 1 empty switch in `\FPAddSub.$proc$/home/zhigang/raw_data/raw_designs/vtr_designs/verilog/koios/tiny_darknet_like.small_submodules/FPAddSub.v:168$6'.
Removing empty process `FPAddSub.$proc$/home/zhigang/raw_data/raw_designs/vtr_designs/verilog/koios/tiny_darknet_like.small_submodules/FPAddSub.v:168$6'.
Cleaned up 5 empty switches.

3.11. Executing OPT_EXPR pass (perform const folding).
Optimizing module FPAddSub_PrealignModule.
Optimizing module FPAddSub_AlignModule.
Optimizing module FPAddSub_AlignShift1.
<suppressed ~17 debug messages>
Optimizing module FPAddSub_AlignShift2.
<suppressed ~16 debug messages>
Optimizing module FPAddSub_ExecutionModule.
Optimizing module FPAddSub_NormalizeModule.
Optimizing module FPAddSub_NormalizeShift1.
<suppressed ~8 debug messages>
Optimizing module FPAddSub_NormalizeShift2.
Optimizing module FPAddSub_RoundModule.
<suppressed ~1 debug messages>
Optimizing module FPAddSub_ExceptionModule.
Optimizing module FPAddSub.

4. Executing OPT pass (performing simple optimizations).

4.1. Executing OPT_EXPR pass (perform const folding).
Optimizing module FPAddSub_PrealignModule.
Optimizing module FPAddSub_AlignModule.
Optimizing module FPAddSub_AlignShift1.
Optimizing module FPAddSub_AlignShift2.
Optimizing module FPAddSub_ExecutionModule.
Optimizing module FPAddSub_NormalizeModule.
Optimizing module FPAddSub_NormalizeShift1.
Optimizing module FPAddSub_NormalizeShift2.
Optimizing module FPAddSub_RoundModule.
Optimizing module FPAddSub_ExceptionModule.
Optimizing module FPAddSub.

4.2. Executing OPT_MERGE pass (detect identical cells).
Finding identical cells in module `\FPAddSub_PrealignModule'.
<suppressed ~12 debug messages>
Finding identical cells in module `\FPAddSub_AlignModule'.
Finding identical cells in module `\FPAddSub_AlignShift1'.
<suppressed ~132 debug messages>
Finding identical cells in module `\FPAddSub_AlignShift2'.
<suppressed ~132 debug messages>
Finding identical cells in module `\FPAddSub_ExecutionModule'.
<suppressed ~6 debug messages>
Finding identical cells in module `\FPAddSub_NormalizeModule'.
Finding identical cells in module `\FPAddSub_NormalizeShift1'.
<suppressed ~72 debug messages>
Finding identical cells in module `\FPAddSub_NormalizeShift2'.
<suppressed ~3 debug messages>
Finding identical cells in module `\FPAddSub_RoundModule'.
Finding identical cells in module `\FPAddSub_ExceptionModule'.
<suppressed ~3 debug messages>
Finding identical cells in module `\FPAddSub'.
Removed a total of 120 cells.

4.3. Executing OPT_MUXTREE pass (detect dead branches in mux trees).
Running muxtree optimizer on module \FPAddSub_PrealignModule..
  Creating internal representation of mux trees.
  No muxes found in this module.
Running muxtree optimizer on module \FPAddSub_AlignModule..
  Creating internal representation of mux trees.
  Evaluating internal representation of mux trees.
  Analyzing evaluation results.
Running muxtree optimizer on module \FPAddSub_AlignShift1..
  Creating internal representation of mux trees.
  Evaluating internal representation of mux trees.
  Analyzing evaluation results.
Running muxtree optimizer on module \FPAddSub_AlignShift2..
  Creating internal representation of mux trees.
  Evaluating internal representation of mux trees.
  Analyzing evaluation results.
Running muxtree optimizer on module \FPAddSub_ExecutionModule..
  Creating internal representation of mux trees.
  Evaluating internal representation of mux trees.
  Analyzing evaluation results.
Running muxtree optimizer on module \FPAddSub_NormalizeModule..
  Creating internal representation of mux trees.
  Evaluating internal representation of mux trees.
  Analyzing evaluation results.
Running muxtree optimizer on module \FPAddSub_NormalizeShift1..
  Creating internal representation of mux trees.
  Evaluating internal representation of mux trees.
  Analyzing evaluation results.
Running muxtree optimizer on module \FPAddSub_NormalizeShift2..
  Creating internal representation of mux trees.
  Evaluating internal representation of mux trees.
  Analyzing evaluation results.
Running muxtree optimizer on module \FPAddSub_RoundModule..
  Creating internal representation of mux trees.
  Evaluating internal representation of mux trees.
  Analyzing evaluation results.
Running muxtree optimizer on module \FPAddSub_ExceptionModule..
  Creating internal representation of mux trees.
  No muxes found in this module.
Running muxtree optimizer on module \FPAddSub..
  Creating internal representation of mux trees.
  Evaluating internal representation of mux trees.
  Analyzing evaluation results.
Removed 0 multiplexer ports.
<suppressed ~53 debug messages>

4.4. Executing OPT_REDUCE pass (consolidate $*mux and $reduce_* inputs).
  Optimizing cells in module \FPAddSub_PrealignModule.
  Optimizing cells in module \FPAddSub_AlignModule.
  Optimizing cells in module \FPAddSub_AlignShift1.
    New ctrl vector for $pmux cell $procmux$127: { $procmux$171_CMP $procmux$170_CMP $auto$opt_reduce.cc:134:opt_mux$322 }
    New ctrl vector for $pmux cell $procmux$142: { $procmux$171_CMP $procmux$170_CMP $auto$opt_reduce.cc:134:opt_mux$324 }
    New ctrl vector for $pmux cell $procmux$122: { $procmux$171_CMP $auto$opt_reduce.cc:134:opt_mux$326 }
    New ctrl vector for $pmux cell $procmux$162: { $procmux$171_CMP $auto$opt_reduce.cc:134:opt_mux$328 }
    New ctrl vector for $pmux cell $procmux$137: { $procmux$171_CMP $procmux$170_CMP $auto$opt_reduce.cc:134:opt_mux$330 }
    New ctrl vector for $pmux cell $procmux$117: { $procmux$171_CMP $auto$opt_reduce.cc:134:opt_mux$332 }
    New ctrl vector for $pmux cell $procmux$132: { $procmux$171_CMP $procmux$170_CMP $auto$opt_reduce.cc:134:opt_mux$334 }
    New ctrl vector for $pmux cell $procmux$167: { }
    New ctrl vector for $pmux cell $procmux$112: { $procmux$171_CMP $auto$opt_reduce.cc:134:opt_mux$336 }
  Optimizing cells in module \FPAddSub_AlignShift1.
  Optimizing cells in module \FPAddSub_AlignShift2.
    New ctrl vector for $pmux cell $procmux$227: { }
    New ctrl vector for $pmux cell $procmux$177: { $procmux$231_CMP $procmux$230_CMP $auto$opt_reduce.cc:134:opt_mux$338 }
    New ctrl vector for $pmux cell $procmux$172: { $procmux$231_CMP $auto$opt_reduce.cc:134:opt_mux$340 }
  Optimizing cells in module \FPAddSub_AlignShift2.
  Optimizing cells in module \FPAddSub_ExecutionModule.
  Optimizing cells in module \FPAddSub_NormalizeModule.
  Optimizing cells in module \FPAddSub_NormalizeShift1.
    New ctrl vector for $pmux cell $procmux$262: { $procmux$271_CMP $procmux$269_CMP $auto$opt_reduce.cc:134:opt_mux$342 }
    New ctrl vector for $pmux cell $procmux$267: { $procmux$271_CMP $auto$opt_reduce.cc:134:opt_mux$344 $procmux$268_CMP }
    New ctrl vector for $pmux cell $procmux$252: { $procmux$271_CMP $procmux$270_CMP $auto$opt_reduce.cc:134:opt_mux$346 }
    New ctrl vector for $pmux cell $procmux$247: { $procmux$251_CMP $auto$opt_reduce.cc:134:opt_mux$348 $procmux$248_CMP }
  Optimizing cells in module \FPAddSub_NormalizeShift1.
  Optimizing cells in module \FPAddSub_NormalizeShift2.
  Optimizing cells in module \FPAddSub_RoundModule.
  Optimizing cells in module \FPAddSub_ExceptionModule.
  Optimizing cells in module \FPAddSub.
Performed a total of 16 changes.

4.5. Executing OPT_MERGE pass (detect identical cells).
Finding identical cells in module `\FPAddSub_PrealignModule'.
Finding identical cells in module `\FPAddSub_AlignModule'.
Finding identical cells in module `\FPAddSub_AlignShift1'.
<suppressed ~18 debug messages>
Finding identical cells in module `\FPAddSub_AlignShift2'.
Finding identical cells in module `\FPAddSub_ExecutionModule'.
Finding identical cells in module `\FPAddSub_NormalizeModule'.
Finding identical cells in module `\FPAddSub_NormalizeShift1'.
Finding identical cells in module `\FPAddSub_NormalizeShift2'.
Finding identical cells in module `\FPAddSub_RoundModule'.
Finding identical cells in module `\FPAddSub_ExceptionModule'.
Finding identical cells in module `\FPAddSub'.
Removed a total of 6 cells.

4.6. Executing OPT_DFF pass (perform DFF optimizations).

4.7. Executing OPT_CLEAN pass (remove unused cells and wires).
Finding unused cells or wires in module \FPAddSub_PrealignModule..
Finding unused cells or wires in module \FPAddSub_AlignModule..
Finding unused cells or wires in module \FPAddSub_AlignShift1..
Finding unused cells or wires in module \FPAddSub_AlignShift2..
Finding unused cells or wires in module \FPAddSub_ExecutionModule..
Finding unused cells or wires in module \FPAddSub_NormalizeModule..
Finding unused cells or wires in module \FPAddSub_NormalizeShift1..
Finding unused cells or wires in module \FPAddSub_NormalizeShift2..
Finding unused cells or wires in module \FPAddSub_RoundModule..
Finding unused cells or wires in module \FPAddSub_ExceptionModule..
Finding unused cells or wires in module \FPAddSub..
Removed 5 unused cells and 255 unused wires.
<suppressed ~22 debug messages>

4.8. Executing OPT_EXPR pass (perform const folding).
Optimizing module FPAddSub.
Optimizing module FPAddSub_AlignModule.
Optimizing module FPAddSub_AlignShift1.
Optimizing module FPAddSub_AlignShift2.
Optimizing module FPAddSub_ExceptionModule.
Optimizing module FPAddSub_ExecutionModule.
Optimizing module FPAddSub_NormalizeModule.
Optimizing module FPAddSub_NormalizeShift1.
Optimizing module FPAddSub_NormalizeShift2.
Optimizing module FPAddSub_PrealignModule.
Optimizing module FPAddSub_RoundModule.

4.9. Rerunning OPT passes. (Maybe there is more to do..)

4.10. Executing OPT_MUXTREE pass (detect dead branches in mux trees).
Running muxtree optimizer on module \FPAddSub..
  Creating internal representation of mux trees.
  Evaluating internal representation of mux trees.
  Analyzing evaluation results.
Running muxtree optimizer on module \FPAddSub_AlignModule..
  Creating internal representation of mux trees.
  Evaluating internal representation of mux trees.
  Analyzing evaluation results.
Running muxtree optimizer on module \FPAddSub_AlignShift1..
  Creating internal representation of mux trees.
  Evaluating internal representation of mux trees.
  Analyzing evaluation results.
Running muxtree optimizer on module \FPAddSub_AlignShift2..
  Creating internal representation of mux trees.
  Evaluating internal representation of mux trees.
  Analyzing evaluation results.
Running muxtree optimizer on module \FPAddSub_ExceptionModule..
  Creating internal representation of mux trees.
  No muxes found in this module.
Running muxtree optimizer on module \FPAddSub_ExecutionModule..
  Creating internal representation of mux trees.
  Evaluating internal representation of mux trees.
  Analyzing evaluation results.
Running muxtree optimizer on module \FPAddSub_NormalizeModule..
  Creating internal representation of mux trees.
  Evaluating internal representation of mux trees.
  Analyzing evaluation results.
Running muxtree optimizer on module \FPAddSub_NormalizeShift1..
  Creating internal representation of mux trees.
  Evaluating internal representation of mux trees.
  Analyzing evaluation results.
Running muxtree optimizer on module \FPAddSub_NormalizeShift2..
  Creating internal representation of mux trees.
  Evaluating internal representation of mux trees.
  Analyzing evaluation results.
Running muxtree optimizer on module \FPAddSub_PrealignModule..
  Creating internal representation of mux trees.
  No muxes found in this module.
Running muxtree optimizer on module \FPAddSub_RoundModule..
  Creating internal representation of mux trees.
  Evaluating internal representation of mux trees.
  Analyzing evaluation results.
Removed 0 multiplexer ports.
<suppressed ~51 debug messages>

4.11. Executing OPT_REDUCE pass (consolidate $*mux and $reduce_* inputs).
  Optimizing cells in module \FPAddSub.
  Optimizing cells in module \FPAddSub_AlignModule.
  Optimizing cells in module \FPAddSub_AlignShift1.
  Optimizing cells in module \FPAddSub_AlignShift2.
  Optimizing cells in module \FPAddSub_ExceptionModule.
  Optimizing cells in module \FPAddSub_ExecutionModule.
  Optimizing cells in module \FPAddSub_NormalizeModule.
  Optimizing cells in module \FPAddSub_NormalizeShift1.
  Optimizing cells in module \FPAddSub_NormalizeShift2.
  Optimizing cells in module \FPAddSub_PrealignModule.
  Optimizing cells in module \FPAddSub_RoundModule.
Performed a total of 0 changes.

4.12. Executing OPT_MERGE pass (detect identical cells).
Finding identical cells in module `\FPAddSub'.
Finding identical cells in module `\FPAddSub_AlignModule'.
Finding identical cells in module `\FPAddSub_AlignShift1'.
Finding identical cells in module `\FPAddSub_AlignShift2'.
Finding identical cells in module `\FPAddSub_ExceptionModule'.
Finding identical cells in module `\FPAddSub_ExecutionModule'.
Finding identical cells in module `\FPAddSub_NormalizeModule'.
Finding identical cells in module `\FPAddSub_NormalizeShift1'.
Finding identical cells in module `\FPAddSub_NormalizeShift2'.
Finding identical cells in module `\FPAddSub_PrealignModule'.
Finding identical cells in module `\FPAddSub_RoundModule'.
Removed a total of 0 cells.

4.13. Executing OPT_DFF pass (perform DFF optimizations).

4.14. Executing OPT_CLEAN pass (remove unused cells and wires).
Finding unused cells or wires in module \FPAddSub..
Finding unused cells or wires in module \FPAddSub_AlignModule..
Finding unused cells or wires in module \FPAddSub_AlignShift1..
Finding unused cells or wires in module \FPAddSub_AlignShift2..
Finding unused cells or wires in module \FPAddSub_ExceptionModule..
Finding unused cells or wires in module \FPAddSub_ExecutionModule..
Finding unused cells or wires in module \FPAddSub_NormalizeModule..
Finding unused cells or wires in module \FPAddSub_NormalizeShift1..
Finding unused cells or wires in module \FPAddSub_NormalizeShift2..
Finding unused cells or wires in module \FPAddSub_PrealignModule..
Finding unused cells or wires in module \FPAddSub_RoundModule..

4.15. Executing OPT_EXPR pass (perform const folding).
Optimizing module FPAddSub.
Optimizing module FPAddSub_AlignModule.
Optimizing module FPAddSub_AlignShift1.
Optimizing module FPAddSub_AlignShift2.
Optimizing module FPAddSub_ExceptionModule.
Optimizing module FPAddSub_ExecutionModule.
Optimizing module FPAddSub_NormalizeModule.
Optimizing module FPAddSub_NormalizeShift1.
Optimizing module FPAddSub_NormalizeShift2.
Optimizing module FPAddSub_PrealignModule.
Optimizing module FPAddSub_RoundModule.

4.16. Finished OPT passes. (There is nothing left to do.)

5. Printing statistics.

=== FPAddSub ===

   Number of wires:                 45
   Number of wire bits:            591
   Number of public wires:          45
   Number of public wire bits:     591
   Number of memories:               0
   Number of memory bits:            0
   Number of processes:              0
   Number of cells:                 19
     $mux                          338

=== FPAddSub_AlignModule ===

   Number of wires:                  8
   Number of wire bits:             71
   Number of public wires:           8
   Number of public wire bits:      71
   Number of memories:               0
   Number of memory bits:            0
   Number of processes:              0
   Number of cells:                  5
     $lt                            15
     $mux                           30

=== FPAddSub_AlignShift1 ===

   Number of wires:                 12
   Number of wire bits:             74
   Number of public wires:           6
   Number of public wire bits:      68
   Number of memories:               0
   Number of memory bits:            0
   Number of processes:              0
   Number of cells:                 18
     $eq                             6
     $logic_not                      2
     $mux                           11
     $pmux                          11
     $reduce_or                      5

=== FPAddSub_AlignShift2 ===

   Number of wires:                 11
   Number of wire bits:             63
   Number of public wires:           5
   Number of public wire bits:      57
   Number of memories:               0
   Number of memory bits:            0
   Number of processes:              0
   Number of cells:                 17
     $eq                             6
     $logic_not                      2
     $pmux                          11
     $reduce_or                      5

=== FPAddSub_ExceptionModule ===

   Number of wires:                 23
   Number of wire bits:             61
   Number of public wires:          13
   Number of public wire bits:      51
   Number of memories:               0
   Number of memory bits:            0
   Number of processes:              0
   Number of cells:                 15
     $and                            4
     $logic_not                      1
     $not                            2
     $or                             5
     $reduce_and                     5
     $reduce_or                      8

=== FPAddSub_ExecutionModule ===

   Number of wires:                 12
   Number of wire bits:             79
   Number of public wires:           9
   Number of public wire bits:      44
   Number of memories:               0
   Number of memory bits:            0
   Number of processes:              0
   Number of cells:                  6
     $add                           17
     $mux                           18
     $sub                           17
     $xor                            2

=== FPAddSub_NormalizeModule ===

   Number of wires:                 16
   Number of wire bits:            116
   Number of public wires:           4
   Number of public wire bits:      56
   Number of memories:               0
   Number of memory bits:            0
   Number of processes:              0
   Number of cells:                 14
     $mux                           82

=== FPAddSub_NormalizeShift1 ===

   Number of wires:                 19
   Number of wire bits:            152
   Number of public wires:           7
   Number of public wire bits:     140
   Number of memories:               0
   Number of memory bits:            0
   Number of processes:              0
   Number of cells:                 20
     $eq                            12
     $logic_not                      4
     $pmux                          34
     $reduce_or                      8

=== FPAddSub_NormalizeShift2 ===

   Number of wires:                 14
   Number of wire bits:             62
   Number of public wires:          13
   Number of public wire bits:      61
   Number of memories:               0
   Number of memory bits:            0
   Number of processes:              0
   Number of cells:                  6
     $add                            6
     $logic_not                      1
     $mux                            6
     $reduce_or                     21
     $sub                            6

=== FPAddSub_PrealignModule ===

   Number of wires:                 30
   Number of wire bits:            295
   Number of public wires:          16
   Number of public wire bits:      95
   Number of memories:               0
   Number of memory bits:            0
   Number of processes:              0
   Number of cells:                 19
     $add                          128
     $and                            4
     $logic_not                      2
     $not                           64
     $or                             3
     $reduce_and                    10
     $reduce_or                     20

=== FPAddSub_RoundModule ===

   Number of wires:                 35
   Number of wire bits:            124
   Number of public wires:          19
   Number of public wire bits:      72
   Number of memories:               0
   Number of memory bits:            0
   Number of processes:              0
   Number of cells:                 22
     $add                           38
     $and                            7
     $mux                           18
     $not                            2
     $or                             5
     $xor                            2

=== design hierarchy ===

   FPAddSub                          1
     FPAddSub_AlignModule            0
     FPAddSub_AlignShift1            0
     FPAddSub_AlignShift2            0
     FPAddSub_ExceptionModule        0
     FPAddSub_ExecutionModule        0
     FPAddSub_NormalizeModule        0
     FPAddSub_NormalizeShift1        0
     FPAddSub_NormalizeShift2        0
     FPAddSub_PrealignModule         0
     FPAddSub_RoundModule            0

   Number of wires:                 45
   Number of wire bits:            591
   Number of public wires:          45
   Number of public wire bits:     591
   Number of memories:               0
   Number of memory bits:            0
   Number of processes:              0
   Number of cells:                 19
     $mux                          338

End of script. Logfile hash: d3243f97c1, CPU: user 0.22s system 0.00s, MEM: 14.74 MB peak
Yosys 0.10+12 (git sha1 72fac04, gcc 7.4.0-1ubuntu1~16.04~ppa1 -fPIC -Os)
Time spent: 26% 4x opt_expr (0 sec), 24% 2x read_verilog (0 sec), ...
