
5. Printing statistics.

=== td_fused_top_dataflow_in_loop_TOP_LOOP38116_accum2_out_0 ===

   Number of wires:                 55
   Number of wire bits:            130
   Number of public wires:          28
   Number of public wire bits:      99
   Number of memories:               0
   Number of memory bits:            0
   Number of processes:              0
   Number of cells:                 36
     $add                            4
     $and                            4
     $eq                             2
     $logic_and                      7
     $logic_not                      5
     $logic_or                       1
     $mux                            8
     $reduce_bool                    4
     $reduce_or                      2
     $sdffe                          6
     $sub                            2

=== td_fused_top_dataflow_in_loop_TOP_LOOP38116_accum2_out_0_memcore ===

   Number of wires:                 12
   Number of wire bits:             78
   Number of public wires:          12
   Number of public wire bits:      78
   Number of memories:               0
   Number of memory bits:            0
   Number of processes:              0
   Number of cells:                  1

=== td_fused_top_dataflow_in_loop_TOP_LOOP38116_accum2_out_0_memcore_ram ===

   Number of wires:                 25
   Number of wire bits:            253
   Number of public wires:          11
   Number of public wire bits:      77
   Number of memories:               1
   Number of memory bits:          224
   Number of processes:              0
   Number of cells:                 18
     $dffe                          32
     $mux                           84

=== design hierarchy ===

   td_fused_top_dataflow_in_loop_TOP_LOOP38116_accum2_out_0      1
     td_fused_top_dataflow_in_loop_TOP_LOOP38116_accum2_out_0_memcore      0
       td_fused_top_dataflow_in_loop_TOP_LOOP38116_accum2_out_0_memcore_ram      0

   Number of wires:                 55
   Number of wire bits:            130
   Number of public wires:          28
   Number of public wire bits:      99
   Number of memories:               0
   Number of memory bits:            0
   Number of processes:              0
   Number of cells:                 36
     $add                            4
     $and                            4
     $eq                             2
     $logic_and                      7
     $logic_not                      5
     $logic_or                       1
     $mux                            8
     $reduce_bool                    4
     $reduce_or                      2
     $sdffe                          6
     $sub                            2

