
5. Printing statistics.

=== td_fused_top_tdf3_readFilters30 ===

   Number of wires:                 92
   Number of wire bits:            345
   Number of public wires:          52
   Number of public wire bits:     289
   Number of memories:               0
   Number of memory bits:            0
   Number of processes:              0
   Number of cells:                 68
     $add                           15
     $and                           12
     $dff                            7
     $dffe                          24
     $eq                            15
     $mux                           37
     $not                           10
     $or                             6
     $pmux                           3
     $reduce_bool                    2
     $reduce_or                      4
     $sdff                           7
     $sdffe                          1

