
5. Printing statistics.

=== td_fused_top_tdf5_writeOutputs_unaligned ===

   Number of wires:                 80
   Number of wire bits:            597
   Number of public wires:          48
   Number of public wire bits:     564
   Number of memories:               0
   Number of memory bits:            0
   Number of processes:              0
   Number of cells:                 58
     $add                           57
     $and                           19
     $dffe                          65
     $eq                            42
     $logic_not                      2
     $mux                           73
     $not                            2
     $or                             2
     $pmux                           2
     $sdff                           2
     $sdffce                        32
     $sdffe                         16
     $sub                           10

