
5. Printing statistics.

=== td_fused_top_tdf1_filters ===

   Number of wires:                  9
   Number of wire bits:             55
   Number of public wires:           9
   Number of public wire bits:      55
   Number of memories:               0
   Number of memory bits:            0
   Number of processes:              0
   Number of cells:                  1

=== td_fused_top_tdf1_filters_ram ===

   Number of wires:                 25
   Number of wire bits:            254
   Number of public wires:          18
   Number of public wire bits:     156
   Number of memories:               1
   Number of memory bits:         6912
   Number of processes:              0
   Number of cells:                 14
     $dffe                          67
     $mux                           52

=== design hierarchy ===

   td_fused_top_tdf1_filters         1
     td_fused_top_tdf1_filters_ram      0

   Number of wires:                  9
   Number of wire bits:             55
   Number of public wires:           9
   Number of public wire bits:      55
   Number of memories:               0
   Number of memory bits:            0
   Number of processes:              0
   Number of cells:                  1

