
5. Printing statistics.

=== td_fused_top_tdf7_adjustments ===

   Number of wires:                  9
   Number of wire bits:            117
   Number of public wires:           9
   Number of public wire bits:     117
   Number of memories:               0
   Number of memory bits:            0
   Number of processes:              0
   Number of cells:                  1

=== td_fused_top_tdf7_adjustments_ram ===

   Number of wires:                 25
   Number of wire bits:            598
   Number of public wires:          18
   Number of public wire bits:     342
   Number of memories:               1
   Number of memory bits:        12288
   Number of processes:              0
   Number of cells:                 14
     $dffe                         161
     $mux                          114

=== design hierarchy ===

   td_fused_top_tdf7_adjustments      1
     td_fused_top_tdf7_adjustments_ram      0

   Number of wires:                  9
   Number of wire bits:            117
   Number of public wires:           9
   Number of public wire bits:     117
   Number of memories:               0
   Number of memory bits:            0
   Number of processes:              0
   Number of cells:                  1

