
5. Printing statistics.

=== td_fused_top_tdf9_filters ===

   Number of wires:                  9
   Number of wire bits:             65
   Number of public wires:           9
   Number of public wire bits:      65
   Number of memories:               0
   Number of memory bits:            0
   Number of processes:              0
   Number of cells:                  1

=== td_fused_top_tdf9_filters_ram ===

   Number of wires:                 25
   Number of wire bits:            294
   Number of public wires:          18
   Number of public wire bits:     186
   Number of memories:               1
   Number of memory bits:       262144
   Number of processes:              0
   Number of cells:                 14
     $dffe                          77
     $mux                           62

=== design hierarchy ===

   td_fused_top_tdf9_filters         1
     td_fused_top_tdf9_filters_ram      0

   Number of wires:                  9
   Number of wire bits:             65
   Number of public wires:           9
   Number of public wire bits:      65
   Number of memories:               0
   Number of memory bits:            0
   Number of processes:              0
   Number of cells:                  1

