
5. Printing statistics.

=== td_fused_top_td_fused_tdf7_fmaps_memcore ===

   Number of wires:                  9
   Number of wire bits:            159
   Number of public wires:           9
   Number of public wire bits:     159
   Number of memories:               0
   Number of memory bits:            0
   Number of processes:              0
   Number of cells:                  1

=== td_fused_top_td_fused_tdf7_fmaps_memcore_ram ===

   Number of wires:                 25
   Number of wire bits:            814
   Number of public wires:          18
   Number of public wire bits:     468
   Number of memories:               1
   Number of memory bits:       401408
   Number of processes:              0
   Number of cells:                 14
     $dffe                         219
     $mux                          156

=== design hierarchy ===

   td_fused_top_td_fused_tdf7_fmaps_memcore      1
     td_fused_top_td_fused_tdf7_fmaps_memcore_ram      0

   Number of wires:                  9
   Number of wire bits:            159
   Number of public wires:           9
   Number of public wire bits:     159
   Number of memories:               0
   Number of memory bits:            0
   Number of processes:              0
   Number of cells:                  1

