
5. Printing statistics.

=== td_fused_top_td_fused_axi_in_p ===

   Number of wires:                 18
   Number of wire bits:             98
   Number of public wires:          18
   Number of public wire bits:      98
   Number of memories:               0
   Number of memory bits:            0
   Number of processes:              0
   Number of cells:                  1

=== td_fused_top_td_fused_axi_in_p_ram ===

   Number of wires:                 27
   Number of wire bits:            229
   Number of public wires:          17
   Number of public wire bits:      97
   Number of memories:               4
   Number of memory bits:          256
   Number of processes:              0
   Number of cells:                 18
     $dffe                          64
     $mux                           38

=== design hierarchy ===

   td_fused_top_td_fused_axi_in_p      1
     td_fused_top_td_fused_axi_in_p_ram      0

   Number of wires:                 18
   Number of wire bits:             98
   Number of public wires:          18
   Number of public wire bits:      98
   Number of memories:               0
   Number of memory bits:            0
   Number of processes:              0
   Number of cells:                  1

