
5. Printing statistics.

=== td_fused_top_tdf12_readInputs ===

   Number of wires:                171
   Number of wire bits:           1083
   Number of public wires:         105
   Number of public wire bits:     949
   Number of memories:               0
   Number of memory bits:            0
   Number of processes:              0
   Number of cells:                112
     $add                           18
     $and                           20
     $dffe                          64
     $eq                            33
     $gt                            32
     $mux                          184
     $not                           11
     $or                            34
     $pmux                           5
     $reduce_bool                    4
     $reduce_or                      6
     $sdff                           6
     $sdffce                        32
     $sdffe                          3
     $sub                            9

