
5. Printing statistics.

=== $paramod$2a1f131e11d1b2199ecce1cc3c4396a32c4d7a6f\countLeadingZerosfp16 ===

   Number of wires:                 16
   Number of wire bits:            145
   Number of public wires:           4
   Number of public wire bits:      35
   Number of memories:               0
   Number of memory bits:            0
   Number of processes:              0
   Number of cells:                 14
     $add                           32
     $and                           32
     $mux                           40
     $not                           10

=== $paramod$9e98c8b57b69a62ae23148e1bd6c526f9a7e6d2f\fNToRecFN ===

   Number of wires:                 21
   Number of wire bits:            253
   Number of public wires:          13
   Number of public wire bits:      79
   Number of memories:               0
   Number of memory bits:            0
   Number of processes:              0
   Number of cells:                 15
     $add                           32
     $eq                             2
     $logic_and                      1
     $logic_not                     16
     $mux                           80
     $or                            32
     $shl                           10
     $xor                           32

=== $paramod$9e98c8b57b69a62ae23148e1bd6c526f9a7e6d2f\isSigNaNRecFN ===

   Number of wires:                  4
   Number of wire bits:             20
   Number of public wires:           3
   Number of public wire bits:      19
   Number of memories:               0
   Number of memory bits:            0
   Number of processes:              0
   Number of cells:                  3
     $eq                             3
     $logic_and                      1
     $logic_not                      1

=== $paramod$9e98c8b57b69a62ae23148e1bd6c526f9a7e6d2f\recFNToRawFN ===

   Number of wires:                 11
   Number of wire bits:             58
   Number of public wires:          10
   Number of public wire bits:      57
   Number of memories:               0
   Number of memory bits:            0
   Number of processes:              0
   Number of cells:                  6
     $eq                             2
     $logic_and                      2
     $logic_not                     34

=== comparator ===

   Number of wires:                 16
   Number of wire bits:             82
   Number of public wires:          16
   Number of public wire bits:      82
   Number of memories:               0
   Number of memory bits:            0
   Number of processes:              0
   Number of cells:                  6
     $not                            1
     $or                             2

=== compareRecFN_Fp16 ===

   Number of wires:                 57
   Number of wire bits:            127
   Number of public wires:          31
   Number of public wire bits:     101
   Number of memories:               0
   Number of memory bits:            0
   Number of processes:              0
   Number of cells:                 43
     $eq                            20
     $logic_and                     17
     $logic_not                     10
     $logic_or                       7
     $lt                            19

=== reverseFp16 ===

   Number of wires:                  2
   Number of wire bits:             20
   Number of public wires:           2
   Number of public wire bits:      20
   Number of memories:               0
   Number of memory bits:            0
   Number of processes:              0
   Number of cells:                  0

=== design hierarchy ===

   comparator                        1
     $paramod$9e98c8b57b69a62ae23148e1bd6c526f9a7e6d2f\fNToRecFN      0
       $paramod$2a1f131e11d1b2199ecce1cc3c4396a32c4d7a6f\countLeadingZerosfp16      0
         reverseFp16                 0
     compareRecFN_Fp16               0
       $paramod$9e98c8b57b69a62ae23148e1bd6c526f9a7e6d2f\isSigNaNRecFN      0
       $paramod$9e98c8b57b69a62ae23148e1bd6c526f9a7e6d2f\recFNToRawFN      0

   Number of wires:                 16
   Number of wire bits:             82
   Number of public wires:          16
   Number of public wire bits:      82
   Number of memories:               0
   Number of memory bits:            0
   Number of processes:              0
   Number of cells:                  6
     $not                            1
     $or                             2

