
 /----------------------------------------------------------------------------\
 |                                                                            |
 |  yosys -- Yosys Open SYnthesis Suite                                       |
 |                                                                            |
 |  Copyright (C) 2012 - 2020  Claire Xenia Wolf <claire@yosyshq.com>         |
 |                                                                            |
 |  Permission to use, copy, modify, and/or distribute this software for any  |
 |  purpose with or without fee is hereby granted, provided that the above    |
 |  copyright notice and this permission notice appear in all copies.         |
 |                                                                            |
 |  THE SOFTWARE IS PROVIDED "AS IS" AND THE AUTHOR DISCLAIMS ALL WARRANTIES  |
 |  WITH REGARD TO THIS SOFTWARE INCLUDING ALL IMPLIED WARRANTIES OF          |
 |  MERCHANTABILITY AND FITNESS. IN NO EVENT SHALL THE AUTHOR BE LIABLE FOR   |
 |  ANY SPECIAL, DIRECT, INDIRECT, OR CONSEQUENTIAL DAMAGES OR ANY DAMAGES    |
 |  WHATSOEVER RESULTING FROM LOSS OF USE, DATA OR PROFITS, WHETHER IN AN     |
 |  ACTION OF CONTRACT, NEGLIGENCE OR OTHER TORTIOUS ACTION, ARISING OUT OF   |
 |  OR IN CONNECTION WITH THE USE OR PERFORMANCE OF THIS SOFTWARE.            |
 |                                                                            |
 \----------------------------------------------------------------------------/

 Yosys 0.10+12 (git sha1 72fac04, gcc 7.4.0-1ubuntu1~16.04~ppa1 -fPIC -Os)


-- Executing script file `out.ys' --

1. Executing Verilog-2005 frontend: /home/zhigang/raw_data/raw_designs/vtr_designs/verilog/koios/spmv_submodules/spram.v
Parsing SystemVerilog input from `/home/zhigang/raw_data/raw_designs/vtr_designs/verilog/koios/spmv_submodules/spram.v' to AST representation.
Generating RTLIL representation for module `\spram'.
Successfully finished Verilog frontend.

2. Executing HIERARCHY pass (managing design hierarchy).

2.1. Finding top of design hierarchy..
root of   0 design levels: spram               
Automatically selected spram as design top module.

2.2. Analyzing design hierarchy..
Top module:  \spram

2.3. Analyzing design hierarchy..
Top module:  \spram
Removed 0 unused modules.

3. Executing PROC pass (convert processes to netlists).

3.1. Executing PROC_CLEAN pass (remove empty switches from decision trees).
Cleaned up 0 empty switches.

3.2. Executing PROC_RMDEAD pass (remove dead branches from decision trees).
Marked 1 switch rules as full_case in process $proc$/home/zhigang/raw_data/raw_designs/vtr_designs/verilog/koios/spmv_submodules/spram.v:52$2 in module spram.
Removed a total of 0 dead cases.

3.3. Executing PROC_PRUNE pass (remove redundant assignments in processes).
Removed 0 redundant assignments.
Promoted 3 assignments to connections.

3.4. Executing PROC_INIT pass (extract init attributes).

3.5. Executing PROC_ARST pass (detect async resets in processes).

3.6. Executing PROC_MUX pass (convert decision trees to multiplexers).
Creating decoders for process `\spram.$proc$/home/zhigang/raw_data/raw_designs/vtr_designs/verilog/koios/spmv_submodules/spram.v:52$2'.
     1/4: $1$memwr$\mem$/home/zhigang/raw_data/raw_designs/vtr_designs/verilog/koios/spmv_submodules/spram.v:54$1_EN[15:0]$8
     2/4: $1$memwr$\mem$/home/zhigang/raw_data/raw_designs/vtr_designs/verilog/koios/spmv_submodules/spram.v:54$1_DATA[15:0]$7
     3/4: $1$memwr$\mem$/home/zhigang/raw_data/raw_designs/vtr_designs/verilog/koios/spmv_submodules/spram.v:54$1_ADDR[4:0]$6
     4/4: $0\dout[15:0]

3.7. Executing PROC_DLATCH pass (convert process syncs to latches).

3.8. Executing PROC_DFF pass (convert process syncs to FFs).
Creating register for signal `\spram.\dout' using process `\spram.$proc$/home/zhigang/raw_data/raw_designs/vtr_designs/verilog/koios/spmv_submodules/spram.v:52$2'.
  created $dff cell `$procdff$22' with positive edge clock.
Creating register for signal `\spram.$memwr$\mem$/home/zhigang/raw_data/raw_designs/vtr_designs/verilog/koios/spmv_submodules/spram.v:54$1_ADDR' using process `\spram.$proc$/home/zhigang/raw_data/raw_designs/vtr_designs/verilog/koios/spmv_submodules/spram.v:52$2'.
  created $dff cell `$procdff$23' with positive edge clock.
Creating register for signal `\spram.$memwr$\mem$/home/zhigang/raw_data/raw_designs/vtr_designs/verilog/koios/spmv_submodules/spram.v:54$1_DATA' using process `\spram.$proc$/home/zhigang/raw_data/raw_designs/vtr_designs/verilog/koios/spmv_submodules/spram.v:52$2'.
  created $dff cell `$procdff$24' with positive edge clock.
Creating register for signal `\spram.$memwr$\mem$/home/zhigang/raw_data/raw_designs/vtr_designs/verilog/koios/spmv_submodules/spram.v:54$1_EN' using process `\spram.$proc$/home/zhigang/raw_data/raw_designs/vtr_designs/verilog/koios/spmv_submodules/spram.v:52$2'.
  created $dff cell `$procdff$25' with positive edge clock.

3.9. Executing PROC_MEMWR pass (convert process memory writes to cells).

3.10. Executing PROC_CLEAN pass (remove empty switches from decision trees).
Found and cleaned up 1 empty switch in `\spram.$proc$/home/zhigang/raw_data/raw_designs/vtr_designs/verilog/koios/spmv_submodules/spram.v:52$2'.
Removing empty process `spram.$proc$/home/zhigang/raw_data/raw_designs/vtr_designs/verilog/koios/spmv_submodules/spram.v:52$2'.
Cleaned up 1 empty switch.

3.11. Executing OPT_EXPR pass (perform const folding).
Optimizing module spram.

4. Executing OPT pass (performing simple optimizations).

4.1. Executing OPT_EXPR pass (perform const folding).
Optimizing module spram.

4.2. Executing OPT_MERGE pass (detect identical cells).
Finding identical cells in module `\spram'.
Removed a total of 0 cells.

4.3. Executing OPT_MUXTREE pass (detect dead branches in mux trees).
Running muxtree optimizer on module \spram..
  Creating internal representation of mux trees.
  Evaluating internal representation of mux trees.
  Analyzing evaluation results.
Removed 0 multiplexer ports.
<suppressed ~4 debug messages>

4.4. Executing OPT_REDUCE pass (consolidate $*mux and $reduce_* inputs).
  Optimizing cells in module \spram.
    Consolidated identical input bits for $mux cell $procmux$11:
      Old ports: A=16'0000000000000000, B=16'1111111111111111, Y=$procmux$11_Y
      New ports: A=1'0, B=1'1, Y=$procmux$11_Y [0]
      New connections: $procmux$11_Y [15:1] = { $procmux$11_Y [0] $procmux$11_Y [0] $procmux$11_Y [0] $procmux$11_Y [0] $procmux$11_Y [0] $procmux$11_Y [0] $procmux$11_Y [0] $procmux$11_Y [0] $procmux$11_Y [0] $procmux$11_Y [0] $procmux$11_Y [0] $procmux$11_Y [0] $procmux$11_Y [0] $procmux$11_Y [0] $procmux$11_Y [0] }
  Optimizing cells in module \spram.
Performed a total of 1 changes.

4.5. Executing OPT_MERGE pass (detect identical cells).
Finding identical cells in module `\spram'.
Removed a total of 0 cells.

4.6. Executing OPT_DFF pass (perform DFF optimizations).
Adding EN signal on $procdff$22 ($dff) from module spram (D = $memrd$\mem$/home/zhigang/raw_data/raw_designs/vtr_designs/verilog/koios/spmv_submodules/spram.v:57$9_DATA, Q = \dout).

4.7. Executing OPT_CLEAN pass (remove unused cells and wires).
Finding unused cells or wires in module \spram..
Removed 4 unused cells and 15 unused wires.
<suppressed ~5 debug messages>

4.8. Executing OPT_EXPR pass (perform const folding).
Optimizing module spram.

4.9. Rerunning OPT passes. (Maybe there is more to do..)

4.10. Executing OPT_MUXTREE pass (detect dead branches in mux trees).
Running muxtree optimizer on module \spram..
  Creating internal representation of mux trees.
  Evaluating internal representation of mux trees.
  Analyzing evaluation results.
Removed 0 multiplexer ports.
<suppressed ~3 debug messages>

4.11. Executing OPT_REDUCE pass (consolidate $*mux and $reduce_* inputs).
  Optimizing cells in module \spram.
Performed a total of 0 changes.

4.12. Executing OPT_MERGE pass (detect identical cells).
Finding identical cells in module `\spram'.
Removed a total of 0 cells.

4.13. Executing OPT_DFF pass (perform DFF optimizations).

4.14. Executing OPT_CLEAN pass (remove unused cells and wires).
Finding unused cells or wires in module \spram..

4.15. Executing OPT_EXPR pass (perform const folding).
Optimizing module spram.

4.16. Finished OPT passes. (There is nothing left to do.)

5. Printing statistics.

=== spram ===

   Number of wires:                  9
   Number of wire bits:             92
   Number of public wires:           5
   Number of public wire bits:      39
   Number of memories:               1
   Number of memory bits:          512
   Number of processes:              0
   Number of cells:                  6
     $dffe                          16
     $mux                           22

End of script. Logfile hash: 77c62a00aa, CPU: user 0.02s system 0.00s, MEM: 11.21 MB peak
Yosys 0.10+12 (git sha1 72fac04, gcc 7.4.0-1ubuntu1~16.04~ppa1 -fPIC -Os)
Time spent: 33% 4x opt_expr (0 sec), 33% 3x opt_merge (0 sec), ...
