
5. Printing statistics.

=== $paramod$06ed9e44535b073d8948b994de3cf7848819b6b5\myproject_mul_16s_10ns_26_2_0 ===

   Number of wires:                  6
   Number of wire bits:             55
   Number of public wires:           6
   Number of public wire bits:      55
   Number of memories:               0
   Number of memory bits:            0
   Number of processes:              0
   Number of cells:                  1

=== $paramod$550c09fdea8284353e3c76802c597bf3d4e95998\myproject_mul_16s_8ns_24_2_0 ===

   Number of wires:                  6
   Number of wire bits:             51
   Number of public wires:           6
   Number of public wire bits:      51
   Number of memories:               0
   Number of memory bits:            0
   Number of processes:              0
   Number of cells:                  1

=== $paramod$7f0a320bc5e26b892d2fafdb055ed84c02c7ec6b\myproject_mul_16s_11ns_26_2_0 ===

   Number of wires:                  6
   Number of wire bits:             56
   Number of public wires:           6
   Number of public wire bits:      56
   Number of memories:               0
   Number of memory bits:            0
   Number of processes:              0
   Number of cells:                  1

=== $paramod$984ecd35e0f89596ee5f02ee0100f9125a86007a\myproject_mul_16s_9ns_25_2_0 ===

   Number of wires:                  6
   Number of wire bits:             53
   Number of public wires:           6
   Number of public wire bits:      53
   Number of memories:               0
   Number of memory bits:            0
   Number of processes:              0
   Number of cells:                  1

=== $paramod$ba914997bfc9b4edf1973d51a5957c60a5cecff0\myproject_mul_16s_12ns_26_2_0 ===

   Number of wires:                  6
   Number of wire bits:             57
   Number of public wires:           6
   Number of public wire bits:      57
   Number of memories:               0
   Number of memory bits:            0
   Number of processes:              0
   Number of cells:                  1

=== $paramod$c930608449b9447e164d2770ef98965886712494\myproject_mul_16s_13ns_26_2_0 ===

   Number of wires:                  6
   Number of wire bits:             58
   Number of public wires:           6
   Number of public wire bits:      58
   Number of memories:               0
   Number of memory bits:            0
   Number of processes:              0
   Number of cells:                  1

=== dense_latency_0_0_0_0_0_0_0_0_0_0_0_0_0_0_0_0_0_0_0_0_0_0_0_1 ===

   Number of wires:               1046
   Number of wire bits:          16991
   Number of public wires:        1046
   Number of public wire bits:   16991
   Number of memories:               0
   Number of memory bits:            0
   Number of processes:              0
   Number of cells:               1029
     $add                         4016
     $dff                         1025
     $dffe                        5056
     $mux                         1024
     $sub                         5568

=== dense_latency_0_0_0_0_0_0_0_0_0_0_0_0_0_0_0_0_0_0_0_0_0_0_0_2 ===

   Number of wires:               1374
   Number of wire bits:          21744
   Number of public wires:        1374
   Number of public wire bits:   21744
   Number of memories:               0
   Number of memory bits:            0
   Number of processes:              0
   Number of cells:               1327
     $add                         5424
     $dff                          513
     $dffe                        7424
     $mux                          512
     $sub                         7344

=== dense_latency_0_0_0_0_0_0_0_0_0_0_0_0_0_0_0_0_0_0_0_0_0_0_0_s ===

   Number of wires:               3061
   Number of wire bits:          48616
   Number of public wires:        3061
   Number of public wire bits:   48616
   Number of memories:               0
   Number of memory bits:            0
   Number of processes:              0
   Number of cells:               2974
     $add                        11504
     $dff                          513
     $dffe                       19744
     $mux                          512
     $sub                        15296

=== dense_latency_ap_fixed_ap_fixed_config14_0_0_0_0_0_0 ===

   Number of wires:                393
   Number of wire bits:           6078
   Number of public wires:         393
   Number of public wire bits:    6078
   Number of memories:               0
   Number of memory bits:            0
   Number of processes:              0
   Number of cells:                348
     $add                         1136
     $dff                           81
     $dffe                        3088
     $mux                           80
     $sub                         1168

=== myproject ===

   Number of wires:               1657
   Number of wire bits:          14272
   Number of public wires:        1515
   Number of public wire bits:   14130
   Number of memories:               0
   Number of memory bits:            0
   Number of processes:              0
   Number of cells:                620
     $and                           72
     $dffe                        6224
     $mux                          262
     $not                           70
     $or                             1
     $reduce_or                      2
     $sdffe                        324

=== myproject_mul_16s_10ns_26_2_0_MulnS_4 ===

   Number of wires:                  6
   Number of wire bits:             80
   Number of public wires:           6
   Number of public wire bits:      80
   Number of memories:               0
   Number of memory bits:            0
   Number of processes:              0
   Number of cells:                  2
     $dffe                          26
     $mul                           26

=== myproject_mul_16s_11ns_26_2_0_MulnS_1 ===

   Number of wires:                  6
   Number of wire bits:             81
   Number of public wires:           6
   Number of public wire bits:      81
   Number of memories:               0
   Number of memory bits:            0
   Number of processes:              0
   Number of cells:                  2
     $dffe                          26
     $mul                           26

=== myproject_mul_16s_12ns_26_2_0_MulnS_0 ===

   Number of wires:                  6
   Number of wire bits:             82
   Number of public wires:           6
   Number of public wire bits:      82
   Number of memories:               0
   Number of memory bits:            0
   Number of processes:              0
   Number of cells:                  2
     $dffe                          26
     $mul                           26

=== myproject_mul_16s_13ns_26_2_0_MulnS_2 ===

   Number of wires:                  6
   Number of wire bits:             83
   Number of public wires:           6
   Number of public wire bits:      83
   Number of memories:               0
   Number of memory bits:            0
   Number of processes:              0
   Number of cells:                  2
     $dffe                          26
     $mul                           26

=== myproject_mul_16s_8ns_24_2_0_MulnS_5 ===

   Number of wires:                  6
   Number of wire bits:             74
   Number of public wires:           6
   Number of public wire bits:      74
   Number of memories:               0
   Number of memory bits:            0
   Number of processes:              0
   Number of cells:                  2
     $dffe                          24
     $mul                           24

=== myproject_mul_16s_9ns_25_2_0_MulnS_3 ===

   Number of wires:                  6
   Number of wire bits:             77
   Number of public wires:           6
   Number of public wire bits:      77
   Number of memories:               0
   Number of memory bits:            0
   Number of processes:              0
   Number of cells:                  2
     $dffe                          25
     $mul                           25

=== normalize_0_0_0_0_0_0_0_0_0_0_0_0_0_0_0_0_0_0_0_0_0_0_0_0_0_1 ===

   Number of wires:                590
   Number of wire bits:           8842
   Number of public wires:         590
   Number of public wire bits:    8842
   Number of memories:               0
   Number of memory bits:            0
   Number of processes:              0
   Number of cells:                389
     $add                         1102
     $dff                         1025
     $dffe                        2096
     $mux                         1025

=== normalize_0_0_0_0_0_0_0_0_0_0_0_0_0_0_0_0_0_0_0_0_0_0_0_0_0_2 ===

   Number of wires:                311
   Number of wire bits:           4505
   Number of public wires:         311
   Number of public wire bits:    4505
   Number of memories:               0
   Number of memory bits:            0
   Number of processes:              0
   Number of cells:                195
     $add                          511
     $dff                          513
     $dffe                        1028
     $mux                          513
     $sub                           25

=== normalize_0_0_0_0_0_0_0_0_0_0_0_0_0_0_0_0_0_0_0_0_0_0_0_0_0_s ===

   Number of wires:                333
   Number of wire bits:           4910
   Number of public wires:         333
   Number of public wire bits:    4910
   Number of memories:               0
   Number of memory bits:            0
   Number of processes:              0
   Number of cells:                197
     $add                          585
     $dff                          513
     $dffe                        1042
     $mux                          513

=== normalize_ap_fixed_ap_fixed_config16_0_0_0_0_0_0_0_0_0_0 ===

   Number of wires:                 58
   Number of wire bits:            727
   Number of public wires:          58
   Number of public wire bits:     727
   Number of memories:               0
   Number of memory bits:            0
   Number of processes:              0
   Number of cells:                 32
     $add                           78
     $dff                           81
     $dffe                         166
     $mux                           81

=== relu_max_ap_fixed_ap_fixed_1_relu1_config13_s ===

   Number of wires:                353
   Number of wire bits:           2593
   Number of public wires:         321
   Number of public wire bits:    2561
   Number of memories:               0
   Number of memory bits:            0
   Number of processes:              0
   Number of cells:                160
     $gt                           512
     $mux                          544
     $not                           32
     $or                            32

=== relu_max_ap_fixed_ap_fixed_1_relu1_config5_s ===

   Number of wires:                705
   Number of wire bits:           5185
   Number of public wires:         641
   Number of public wire bits:    5121
   Number of memories:               0
   Number of memory bits:            0
   Number of processes:              0
   Number of cells:                320
     $gt                          1024
     $mux                         1088
     $not                           64
     $or                            64

=== relu_max_ap_fixed_ap_fixed_1_relu1_config9_s ===

   Number of wires:                353
   Number of wire bits:           2593
   Number of public wires:         321
   Number of public wire bits:    2561
   Number of memories:               0
   Number of memory bits:            0
   Number of processes:              0
   Number of cells:                160
     $gt                           512
     $mux                          544
     $not                           32
     $or                            32

=== design hierarchy ===

   myproject                         1
     dense_latency_0_0_0_0_0_0_0_0_0_0_0_0_0_0_0_0_0_0_0_0_0_0_0_1      0
     dense_latency_0_0_0_0_0_0_0_0_0_0_0_0_0_0_0_0_0_0_0_0_0_0_0_2      0
     dense_latency_0_0_0_0_0_0_0_0_0_0_0_0_0_0_0_0_0_0_0_0_0_0_0_s      0
     dense_latency_ap_fixed_ap_fixed_config14_0_0_0_0_0_0      0
     normalize_0_0_0_0_0_0_0_0_0_0_0_0_0_0_0_0_0_0_0_0_0_0_0_0_0_1      0
       $paramod$7f0a320bc5e26b892d2fafdb055ed84c02c7ec6b\myproject_mul_16s_11ns_26_2_0      0
         myproject_mul_16s_11ns_26_2_0_MulnS_1      0
       $paramod$ba914997bfc9b4edf1973d51a5957c60a5cecff0\myproject_mul_16s_12ns_26_2_0      0
         myproject_mul_16s_12ns_26_2_0_MulnS_0      0
       $paramod$c930608449b9447e164d2770ef98965886712494\myproject_mul_16s_13ns_26_2_0      0
         myproject_mul_16s_13ns_26_2_0_MulnS_2      0
     normalize_0_0_0_0_0_0_0_0_0_0_0_0_0_0_0_0_0_0_0_0_0_0_0_0_0_2      0
       $paramod$06ed9e44535b073d8948b994de3cf7848819b6b5\myproject_mul_16s_10ns_26_2_0      0
         myproject_mul_16s_10ns_26_2_0_MulnS_4      0
       $paramod$550c09fdea8284353e3c76802c597bf3d4e95998\myproject_mul_16s_8ns_24_2_0      0
         myproject_mul_16s_8ns_24_2_0_MulnS_5      0
       $paramod$7f0a320bc5e26b892d2fafdb055ed84c02c7ec6b\myproject_mul_16s_11ns_26_2_0      0
         myproject_mul_16s_11ns_26_2_0_MulnS_1      0
       $paramod$984ecd35e0f89596ee5f02ee0100f9125a86007a\myproject_mul_16s_9ns_25_2_0      0
         myproject_mul_16s_9ns_25_2_0_MulnS_3      0
     normalize_0_0_0_0_0_0_0_0_0_0_0_0_0_0_0_0_0_0_0_0_0_0_0_0_0_s      0
       $paramod$06ed9e44535b073d8948b994de3cf7848819b6b5\myproject_mul_16s_10ns_26_2_0      0
         myproject_mul_16s_10ns_26_2_0_MulnS_4      0
       $paramod$984ecd35e0f89596ee5f02ee0100f9125a86007a\myproject_mul_16s_9ns_25_2_0      0
         myproject_mul_16s_9ns_25_2_0_MulnS_3      0
     normalize_ap_fixed_ap_fixed_config16_0_0_0_0_0_0_0_0_0_0      0
       $paramod$984ecd35e0f89596ee5f02ee0100f9125a86007a\myproject_mul_16s_9ns_25_2_0      0
         myproject_mul_16s_9ns_25_2_0_MulnS_3      0
     relu_max_ap_fixed_ap_fixed_1_relu1_config13_s      0
     relu_max_ap_fixed_ap_fixed_1_relu1_config5_s      0
     relu_max_ap_fixed_ap_fixed_1_relu1_config9_s      0

   Number of wires:               1657
   Number of wire bits:          14272
   Number of public wires:        1515
   Number of public wire bits:   14130
   Number of memories:               0
   Number of memory bits:            0
   Number of processes:              0
   Number of cells:                620
     $and                           72
     $dffe                        6224
     $mux                          262
     $not                           70
     $or                             1
     $reduce_or                      2
     $sdffe                        324

