
5. Printing statistics.

=== $paramod$0aba6911693886ca7ec4df52454bbace0eeb3b4b\spram ===

   Number of wires:                  9
   Number of wire bits:             98
   Number of public wires:           5
   Number of public wire bits:      42
   Number of memories:               1
   Number of memory bits:         2048
   Number of processes:              0
   Number of cells:                  6
     $dffe                          16
     $mux                           25

=== $paramod$0ee0f8a3f6e8feca374f9ca746b4c19a3b748c8a\spram ===

   Number of wires:                  9
   Number of wire bits:             70
   Number of public wires:           5
   Number of public wire bits:      32
   Number of memories:               1
   Number of memory bits:        70912
   Number of processes:              0
   Number of cells:                  6
     $dffe                           8
     $mux                           23

=== $paramod$4586d4375756b22e45a146b84f0ebaf0220cb438\spram ===

   Number of wires:                  9
   Number of wire bits:             70
   Number of public wires:           5
   Number of public wire bits:      32
   Number of memories:               1
   Number of memory bits:        70912
   Number of processes:              0
   Number of cells:                  6
     $dffe                           8
     $mux                           23

=== $paramod$5cd9b7e6fbb280c6ce9be4ee5d1fdcbc34edf95e\dpram ===

   Number of wires:                 17
   Number of wire bits:            175
   Number of public wires:           9
   Number of public wire bits:      73
   Number of memories:               1
   Number of memory bits:          128
   Number of processes:              0
   Number of cells:                 12
     $dffe                          32
     $mux                           40

=== $paramod$67063290d49aa5357df1233608c088390b70212f\generic_fifo_sc_a ===

   Number of wires:                 30
   Number of wire bits:            106
   Number of public wires:          16
   Number of public wire bits:      84
   Number of memories:               0
   Number of memory bits:            0
   Number of processes:              0
   Number of cells:                 22
     $add                            6
     $adffe                          7
     $and                            3
     $eq                             6
     $logic_not                      1
     $mux                           15
     $reduce_bool                    7

=== $paramod$77ff764a4267a648a0627d0b67f82ec67f8fdc0c\dpram ===

   Number of wires:                 17
   Number of wire bits:             95
   Number of public wires:           9
   Number of public wire bits:      41
   Number of memories:               1
   Number of memory bits:           64
   Number of processes:              0
   Number of cells:                 12
     $dffe                          16
     $mux                           24

=== $paramod$8f649395dea8fbb2ab37b257a4c27adb75bba46a\generic_fifo_sc_a ===

   Number of wires:                 30
   Number of wire bits:             74
   Number of public wires:          16
   Number of public wire bits:      52
   Number of memories:               0
   Number of memory bits:            0
   Number of processes:              0
   Number of cells:                 22
     $add                            6
     $adffe                          7
     $and                            3
     $eq                             6
     $logic_not                      1
     $mux                           15
     $reduce_bool                    7

=== $paramod$923ac07d8b3c251a850b4e4c66840dc210399d4b\spram ===

   Number of wires:                  9
   Number of wire bits:             70
   Number of public wires:           5
   Number of public wire bits:      32
   Number of memories:               1
   Number of memory bits:        70912
   Number of processes:              0
   Number of cells:                  6
     $dffe                           8
     $mux                           23

=== $paramod$c5846c4e06878c36e812a0746f90a79309de398c\spram ===

   Number of wires:                  9
   Number of wire bits:             58
   Number of public wires:           5
   Number of public wire bits:      26
   Number of memories:               1
   Number of memory bits:         1024
   Number of processes:              0
   Number of cells:                  6
     $dffe                           8
     $mux                           17

=== Accumulator ===

   Number of wires:                 51
   Number of wire bits:            190
   Number of public wires:          27
   Number of public wire bits:     115
   Number of memories:               0
   Number of memory bits:            0
   Number of processes:              0
   Number of cells:                 36
     $add                           16
     $adffe                         19
     $and                            4
     $dffe                          34
     $mux                           43
     $ne                            13
     $not                            5
     $reduce_and                    15

=== Big_Channel ===

   Number of wires:                 18
   Number of wire bits:           1828
   Number of public wires:          18
   Number of public wire bits:    1828
   Number of memories:               0
   Number of memory bits:            0
   Number of processes:              0
   Number of cells:                 32

=== Channel ===

   Number of wires:                 27
   Number of wire bits:             86
   Number of public wires:          19
   Number of public wire bits:      63
   Number of memories:               0
   Number of memory bits:            0
   Number of processes:              0
   Number of cells:                 14
     $and                            5
     $dff                            2
     $dffe                          16
     $mul                           16
     $mux                            1
     $not                            3

=== Channel_Accumulator ===

   Number of wires:                 22
   Number of wire bits:             80
   Number of public wires:          22
   Number of public wire bits:      80
   Number of memories:               0
   Number of memory bits:            0
   Number of processes:              0
   Number of cells:                  2

=== bvb ===

   Number of wires:                 30
   Number of wire bits:           1134
   Number of public wires:          20
   Number of public wire bits:     745
   Number of memories:               0
   Number of memory bits:            0
   Number of processes:              0
   Number of cells:                 50
     $add                           32
     $adffe                         10
     $and                            2
     $dffe                          41
     $not                            3
     $reduce_and                     2
     $shl                           64
     $shr                          320

=== fetcher ===

   Number of wires:                 57
   Number of wire bits:           1869
   Number of public wires:          31
   Number of public wire bits:    1347
   Number of memories:               0
   Number of memory bits:            0
   Number of processes:              0
   Number of cells:                139
     $add                          224
     $adffe                        168
     $ge                            32
     $mux                          192
     $ne                             6
     $not                            4
     $reduce_and                     6
     $shl                           96
     $shr                           96

=== spmv ===

   Number of wires:                 57
   Number of wire bits:           4102
   Number of public wires:          38
   Number of public wire bits:    3224
   Number of memories:               0
   Number of memory bits:            0
   Number of processes:              0
   Number of cells:                 34
     $add                           32
     $adff                           1
     $adffe                         12
     $and                           34
     $dffe                           8
     $eq                             5
     $logic_not                      1
     $mux                            1
     $not                           35
     $reduce_and                    43
     $reduce_or                     96
     $shl                           32
     $shr                          800

=== design hierarchy ===

   spmv                              1
     $paramod$0aba6911693886ca7ec4df52454bbace0eeb3b4b\spram      0
     Big_Channel                     0
       Channel_Accumulator           0
         Accumulator                 0
           $paramod$67063290d49aa5357df1233608c088390b70212f\generic_fifo_sc_a      0
             $paramod$5cd9b7e6fbb280c6ce9be4ee5d1fdcbc34edf95e\dpram      0
           $paramod$8f649395dea8fbb2ab37b257a4c27adb75bba46a\generic_fifo_sc_a      0
             $paramod$77ff764a4267a648a0627d0b67f82ec67f8fdc0c\dpram      0
         Channel                     0
           $paramod$67063290d49aa5357df1233608c088390b70212f\generic_fifo_sc_a      0
             $paramod$5cd9b7e6fbb280c6ce9be4ee5d1fdcbc34edf95e\dpram      0
     bvb                             0
       $paramod$8f649395dea8fbb2ab37b257a4c27adb75bba46a\generic_fifo_sc_a      0
         $paramod$77ff764a4267a648a0627d0b67f82ec67f8fdc0c\dpram      0
       $paramod$c5846c4e06878c36e812a0746f90a79309de398c\spram      0
     fetcher                         0
       $paramod$0ee0f8a3f6e8feca374f9ca746b4c19a3b748c8a\spram      0
       $paramod$4586d4375756b22e45a146b84f0ebaf0220cb438\spram      0
       $paramod$8f649395dea8fbb2ab37b257a4c27adb75bba46a\generic_fifo_sc_a      0
         $paramod$77ff764a4267a648a0627d0b67f82ec67f8fdc0c\dpram      0
       $paramod$923ac07d8b3c251a850b4e4c66840dc210399d4b\spram      0

   Number of wires:                 57
   Number of wire bits:           4102
   Number of public wires:          38
   Number of public wire bits:    3224
   Number of memories:               0
   Number of memory bits:            0
   Number of processes:              0
   Number of cells:                 34
     $add                           32
     $adff                           1
     $adffe                         12
     $and                           34
     $dffe                           8
     $eq                             5
     $logic_not                      1
     $mux                            1
     $not                           35
     $reduce_and                    43
     $reduce_or                     96
     $shl                           32
     $shr                          800

