
5. Printing statistics.

=== f3_add ===

   Number of wires:                 29
   Number of wire bits:             32
   Number of public wires:           9
   Number of public wire bits:      12
   Number of memories:               0
   Number of memory bits:            0
   Number of processes:              0
   Number of cells:                 22
     $and                           14
     $not                            4
     $or                             4

=== f3_mult ===

   Number of wires:                 21
   Number of wire bits:             24
   Number of public wires:           7
   Number of public wire bits:      10
   Number of memories:               0
   Number of memory bits:            0
   Number of processes:              0
   Number of cells:                 16
     $and                           10
     $not                            4
     $or                             2

=== f3_sub ===

   Number of wires:                  3
   Number of wire bits:              6
   Number of public wires:           3
   Number of public wire bits:       6
   Number of memories:               0
   Number of memory bits:            0
   Number of processes:              0
   Number of cells:                  1

=== f3m_add ===

   Number of wires:                  3
   Number of wire bits:            582
   Number of public wires:           3
   Number of public wire bits:     582
   Number of memories:               0
   Number of memory bits:            0
   Number of processes:              0
   Number of cells:                 97

=== f3m_cubic ===

   Number of wires:                 90
   Number of wire bits:            564
   Number of public wires:          90
   Number of public wire bits:     564
   Number of memories:               0
   Number of memory bits:            0
   Number of processes:              0
   Number of cells:                 88

=== f3m_inv ===

   Number of wires:                 37
   Number of wire bits:           5298
   Number of public wires:          23
   Number of public wire bits:    3529
   Number of memories:               0
   Number of memory bits:            0
   Number of processes:              0
   Number of cells:                 32
     $dffe                         388
     $logic_not                      2
     $mux                         1764
     $ne                             5
     $not                            1
     $reduce_and                     2
     $sdff                         587
     $sdffe                        395

=== f3m_mult ===

   Number of wires:                 17
   Number of wire bits:           2366
   Number of public wires:          15
   Number of public wire bits:    1978
   Number of memories:               0
   Number of memory bits:            0
   Number of processes:              0
   Number of cells:                 12
     $dff                          382
     $dffe                         194
     $mux                          388
     $sdff                         234
     $sdffe                          1

=== f3m_neg ===

   Number of wires:                  2
   Number of wire bits:            388
   Number of public wires:           2
   Number of public wire bits:     388
   Number of memories:               0
   Number of memory bits:            0
   Number of processes:              0
   Number of cells:                  0

=== f3m_sub ===

   Number of wires:                  3
   Number of wire bits:            582
   Number of public wires:           3
   Number of public wire bits:     582
   Number of memories:               0
   Number of memory bits:            0
   Number of processes:              0
   Number of cells:                 97

=== func1 ===

   Number of wires:                  5
   Number of wire bits:            786
   Number of public wires:           5
   Number of public wire bits:     786
   Number of memories:               0
   Number of memory bits:            0
   Number of processes:              0
   Number of cells:                 99

=== func10 ===

   Number of wires:                 21
   Number of wire bits:           1953
   Number of public wires:          17
   Number of public wire bits:    1949
   Number of memories:               0
   Number of memory bits:            0
   Number of processes:              0
   Number of cells:                 15
     $and                            2
     $or                             2
     $sdffe                        392

=== func11 ===

   Number of wires:                 31
   Number of wire bits:           3122
   Number of public wires:          25
   Number of public wire bits:    3116
   Number of memories:               0
   Number of memory bits:            0
   Number of processes:              0
   Number of cells:                 22
     $and                            3
     $or                             3
     $sdffe                        393

=== func2 ===

   Number of wires:                  2
   Number of wire bits:            392
   Number of public wires:           2
   Number of public wire bits:     392
   Number of memories:               0
   Number of memory bits:            0
   Number of processes:              0
   Number of cells:                  0

=== func3 ===

   Number of wires:                  5
   Number of wire bits:            592
   Number of public wires:           5
   Number of public wire bits:     592
   Number of memories:               0
   Number of memory bits:            0
   Number of processes:              0
   Number of cells:                  4

=== func4 ===

   Number of wires:                  3
   Number of wire bits:            394
   Number of public wires:           3
   Number of public wire bits:     394
   Number of memories:               0
   Number of memory bits:            0
   Number of processes:              0
   Number of cells:                 98

=== func5 ===

   Number of wires:                  2
   Number of wire bits:            392
   Number of public wires:           2
   Number of public wire bits:     392
   Number of memories:               0
   Number of memory bits:            0
   Number of processes:              0
   Number of cells:                  1

=== func6 ===

   Number of wires:                  8
   Number of wire bits:             39
   Number of public wires:           6
   Number of public wire bits:       6
   Number of memories:               0
   Number of memory bits:            0
   Number of processes:              0
   Number of cells:                  4
     $eq                             2
     $mux                           32
     $sdff                           2

=== func7 ===

   Number of wires:                  5
   Number of wire bits:            394
   Number of public wires:           5
   Number of public wire bits:     394
   Number of memories:               0
   Number of memory bits:            0
   Number of processes:              0
   Number of cells:                  3

=== func8 ===

   Number of wires:                491
   Number of wire bits:           1370
   Number of public wires:         491
   Number of public wire bits:    1370
   Number of memories:               0
   Number of memory bits:            0
   Number of processes:              0
   Number of cells:                488

=== func9 ===

   Number of wires:                785
   Number of wire bits:           1943
   Number of public wires:           9
   Number of public wire bits:    1167
   Number of memories:               0
   Number of memory bits:            0
   Number of processes:              0
   Number of cells:               1165
     $and                          777
     $or                           388

=== point_add ===

   Number of wires:                 45
   Number of wire bits:           3357
   Number of public wires:          28
   Number of public wire bits:    2537
   Number of memories:               0
   Number of memory bits:            0
   Number of processes:              0
   Number of cells:                 31
     $and                            1
     $eq                           582
     $logic_and                      3
     $mux                          809
     $not                            1
     $or                             3
     $sdff                         396

=== design hierarchy ===

   point_add                         1
     f3m_neg                         0
     func10                          0
       f3m_add                       0
         f3_add                      0
       f3m_cubic                     0
         f3_add                      0
       f3m_inv                       0
         f3_mult                     0
         func1                       0
           f3_sub                    0
             f3_add                  0
           func4                     0
             f3_mult                 0
         func2                       0
         func3                       0
           f3_mult                   0
           f3_sub                    0
             f3_add                  0
         func4                       0
           f3_mult                   0
         func5                       0
           f3_add                    0
       f3m_mult                      0
         f3m_add                     0
           f3_add                    0
         func7                       0
           f3_add                    0
         func8                       0
           f3_add                    0
           f3_mult                   0
       f3m_neg                       0
       func6                         0
     func11                          0
       f3m_add                       0
         f3_add                      0
       f3m_cubic                     0
         f3_add                      0
       f3m_inv                       0
         f3_mult                     0
         func1                       0
           f3_sub                    0
             f3_add                  0
           func4                     0
             f3_mult                 0
         func2                       0
         func3                       0
           f3_mult                   0
           f3_sub                    0
             f3_add                  0
         func4                       0
           f3_mult                   0
         func5                       0
           f3_add                    0
       f3m_mult                      0
         f3m_add                     0
           f3_add                    0
         func7                       0
           f3_add                    0
         func8                       0
           f3_add                    0
           f3_mult                   0
       f3m_sub                       0
         f3_sub                      0
           f3_add                    0
       func6                         0
     func9                           0

   Number of wires:                 45
   Number of wire bits:           3357
   Number of public wires:          28
   Number of public wire bits:    2537
   Number of memories:               0
   Number of memory bits:            0
   Number of processes:              0
   Number of cells:                 31
     $and                            1
     $eq                           582
     $logic_and                      3
     $mux                          809
     $not                            1
     $or                             3
     $sdff                         396

