
5. Printing statistics.

=== td_fused_top_tdf11_get_next_ijk ===

   Number of wires:                 80
   Number of wire bits:            284
   Number of public wires:          45
   Number of public wire bits:     219
   Number of memories:               0
   Number of memory bits:            0
   Number of processes:              0
   Number of cells:                 56
     $add                           48
     $and                            8
     $dffe                          32
     $eq                            64
     $mux                           77
     $not                           10
     $or                             7
     $reduce_bool                    2
     $reduce_or                      2
     $sdff                           1
     $sdffce                        16
     $sdffe                          1

