
5. Printing statistics.

=== td_fused_top_tdf4_readFilters36 ===

   Number of wires:                155
   Number of wire bits:            654
   Number of public wires:          97
   Number of public wire bits:     553
   Number of memories:               0
   Number of memory bits:            0
   Number of processes:              0
   Number of cells:                118
     $add                           73
     $and                           18
     $dff                           18
     $dffe                          49
     $eq                            29
     $mux                           90
     $not                           13
     $or                             7
     $pmux                           3
     $reduce_bool                    6
     $reduce_or                      4
     $sdff                           8
     $sdffe                          1
     $sub                           25

