
5. Printing statistics.

=== td_fused_top_tdf9_adjustments ===

   Number of wires:                  9
   Number of wire bits:            113
   Number of public wires:           9
   Number of public wire bits:     113
   Number of memories:               0
   Number of memory bits:            0
   Number of processes:              0
   Number of cells:                  1

=== td_fused_top_tdf9_adjustments_ram ===

   Number of wires:                 25
   Number of wire bits:            582
   Number of public wires:          18
   Number of public wire bits:     330
   Number of memories:               1
   Number of memory bits:         3072
   Number of processes:              0
   Number of cells:                 14
     $dffe                         157
     $mux                          110

=== design hierarchy ===

   td_fused_top_tdf9_adjustments      1
     td_fused_top_tdf9_adjustments_ram      0

   Number of wires:                  9
   Number of wire bits:            113
   Number of public wires:           9
   Number of public wire bits:     113
   Number of memories:               0
   Number of memory bits:            0
   Number of processes:              0
   Number of cells:                  1

