
5. Printing statistics.

=== td_fused_top_dataflow_in_loop_TOP_LOOP38364_l2_products_memcore ===

   Number of wires:                 12
   Number of wire bits:             84
   Number of public wires:          12
   Number of public wire bits:      84
   Number of memories:               0
   Number of memory bits:            0
   Number of processes:              0
   Number of cells:                  1

=== td_fused_top_dataflow_in_loop_TOP_LOOP38364_l2_products_memcore_ram ===

   Number of wires:                 25
   Number of wire bits:            271
   Number of public wires:          11
   Number of public wire bits:      83
   Number of memories:               1
   Number of memory bits:         2048
   Number of processes:              0
   Number of cells:                 18
     $dffe                          32
     $mux                           96

=== design hierarchy ===

   td_fused_top_dataflow_in_loop_TOP_LOOP38364_l2_products_memcore      1
     td_fused_top_dataflow_in_loop_TOP_LOOP38364_l2_products_memcore_ram      0

   Number of wires:                 12
   Number of wire bits:             84
   Number of public wires:          12
   Number of public wire bits:      84
   Number of memories:               0
   Number of memory bits:            0
   Number of processes:              0
   Number of cells:                  1

