
5. Printing statistics.

=== td_fused_top_tdf4_readInputs37 ===

   Number of wires:                302
   Number of wire bits:           1924
   Number of public wires:         217
   Number of public wire bits:    1714
   Number of memories:               0
   Number of memory bits:            0
   Number of processes:              0
   Number of cells:                215
     $add                          214
     $and                           22
     $dffe                         190
     $eq                            41
     $gt                            89
     $mux                          373
     $not                           15
     $or                            30
     $pmux                           5
     $reduce_bool                    6
     $reduce_or                      4
     $sdff                           6
     $sdffce                        40
     $sdffe                          3
     $sub                           18

