
5. Printing statistics.

=== td_fused_top_tdf11_readFilters74 ===

   Number of wires:                198
   Number of wire bits:           1511
   Number of public wires:         129
   Number of public wire bits:    1350
   Number of memories:               0
   Number of memory bits:            0
   Number of processes:              0
   Number of cells:                141
     $add                          115
     $and                           25
     $dffe                         125
     $eq                            38
     $mux                          211
     $not                           10
     $or                            28
     $pmux                           4
     $reduce_bool                    4
     $reduce_or                      4
     $sdff                           5
     $sdffce                        10
     $sdffe                          3
     $sub                           77

