
5. Printing statistics.

=== td_fused_top_tdf8_get_next_ijk ===

   Number of wires:                112
   Number of wire bits:            388
   Number of public wires:          73
   Number of public wire bits:     349
   Number of memories:               0
   Number of memory bits:            0
   Number of processes:              0
   Number of cells:                 82
     $add                          116
     $and                           14
     $eq                            56
     $logic_not                      2
     $mux                           15
     $not                           14
     $or                            10
     $reduce_bool                    2
     $reduce_or                      6
     $sdff                           1
     $sdffce                        84
     $sdffe                          1

