
5. Printing statistics.

=== td_fused_top_dataflow_in_loop_TOP_LOOP37738_ifmap_vec_memcore ===

   Number of wires:                 11
   Number of wire bits:             70
   Number of public wires:          11
   Number of public wire bits:      70
   Number of memories:               0
   Number of memory bits:            0
   Number of processes:              0
   Number of cells:                  1

=== td_fused_top_dataflow_in_loop_TOP_LOOP37738_ifmap_vec_memcore_ram ===

   Number of wires:                 23
   Number of wire bits:            245
   Number of public wires:          10
   Number of public wire bits:      69
   Number of memories:               1
   Number of memory bits:         2304
   Number of processes:              0
   Number of cells:                 16
     $dffe                          16
     $mux                          100

=== design hierarchy ===

   td_fused_top_dataflow_in_loop_TOP_LOOP37738_ifmap_vec_memcore      1
     td_fused_top_dataflow_in_loop_TOP_LOOP37738_ifmap_vec_memcore_ram      0

   Number of wires:                 11
   Number of wire bits:             70
   Number of public wires:          11
   Number of public wire bits:      70
   Number of memories:               0
   Number of memory bits:            0
   Number of processes:              0
   Number of cells:                  1

