
5. Printing statistics.

=== td_fused_top_tdf4_adjustments ===

   Number of wires:                  9
   Number of wire bits:            115
   Number of public wires:           9
   Number of public wire bits:     115
   Number of memories:               0
   Number of memory bits:            0
   Number of processes:              0
   Number of cells:                  1

=== td_fused_top_tdf4_adjustments_ram ===

   Number of wires:                 25
   Number of wire bits:            590
   Number of public wires:          18
   Number of public wire bits:     336
   Number of memories:               1
   Number of memory bits:         6144
   Number of processes:              0
   Number of cells:                 14
     $dffe                         159
     $mux                          112

=== design hierarchy ===

   td_fused_top_tdf4_adjustments      1
     td_fused_top_tdf4_adjustments_ram      0

   Number of wires:                  9
   Number of wire bits:            115
   Number of public wires:           9
   Number of public wire bits:     115
   Number of memories:               0
   Number of memory bits:            0
   Number of processes:              0
   Number of cells:                  1

