
 /----------------------------------------------------------------------------\
 |                                                                            |
 |  yosys -- Yosys Open SYnthesis Suite                                       |
 |                                                                            |
 |  Copyright (C) 2012 - 2020  Claire Xenia Wolf <claire@yosyshq.com>         |
 |                                                                            |
 |  Permission to use, copy, modify, and/or distribute this software for any  |
 |  purpose with or without fee is hereby granted, provided that the above    |
 |  copyright notice and this permission notice appear in all copies.         |
 |                                                                            |
 |  THE SOFTWARE IS PROVIDED "AS IS" AND THE AUTHOR DISCLAIMS ALL WARRANTIES  |
 |  WITH REGARD TO THIS SOFTWARE INCLUDING ALL IMPLIED WARRANTIES OF          |
 |  MERCHANTABILITY AND FITNESS. IN NO EVENT SHALL THE AUTHOR BE LIABLE FOR   |
 |  ANY SPECIAL, DIRECT, INDIRECT, OR CONSEQUENTIAL DAMAGES OR ANY DAMAGES    |
 |  WHATSOEVER RESULTING FROM LOSS OF USE, DATA OR PROFITS, WHETHER IN AN     |
 |  ACTION OF CONTRACT, NEGLIGENCE OR OTHER TORTIOUS ACTION, ARISING OUT OF   |
 |  OR IN CONNECTION WITH THE USE OR PERFORMANCE OF THIS SOFTWARE.            |
 |                                                                            |
 \----------------------------------------------------------------------------/

 Yosys 0.10+12 (git sha1 72fac04, gcc 7.4.0-1ubuntu1~16.04~ppa1 -fPIC -Os)


-- Executing script file `out.ys' --

1. Executing Verilog-2005 frontend: /home/zhigang/raw_data/raw_designs/vtr_designs/verilog/koios/tiny_darknet_like.small_submodules/td_fused_top_fifo_w1_d9_S_x_shiftReg.v
Parsing SystemVerilog input from `/home/zhigang/raw_data/raw_designs/vtr_designs/verilog/koios/tiny_darknet_like.small_submodules/td_fused_top_fifo_w1_d9_S_x_shiftReg.v' to AST representation.
Generating RTLIL representation for module `\td_fused_top_fifo_w1_d9_S_x_shiftReg'.
Warning: wire '\q' is assigned in a block at /home/zhigang/raw_data/raw_designs/vtr_designs/verilog/koios/tiny_darknet_like.small_submodules/td_fused_top_fifo_w1_d9_S_x_shiftReg.v:55.13-55.21.
Warning: wire '\q' is assigned in a block at /home/zhigang/raw_data/raw_designs/vtr_designs/verilog/koios/tiny_darknet_like.small_submodules/td_fused_top_fifo_w1_d9_S_x_shiftReg.v:56.13-56.21.
Warning: wire '\q' is assigned in a block at /home/zhigang/raw_data/raw_designs/vtr_designs/verilog/koios/tiny_darknet_like.small_submodules/td_fused_top_fifo_w1_d9_S_x_shiftReg.v:57.13-57.21.
Warning: wire '\q' is assigned in a block at /home/zhigang/raw_data/raw_designs/vtr_designs/verilog/koios/tiny_darknet_like.small_submodules/td_fused_top_fifo_w1_d9_S_x_shiftReg.v:58.13-58.21.
Warning: wire '\q' is assigned in a block at /home/zhigang/raw_data/raw_designs/vtr_designs/verilog/koios/tiny_darknet_like.small_submodules/td_fused_top_fifo_w1_d9_S_x_shiftReg.v:59.13-59.21.
Warning: wire '\q' is assigned in a block at /home/zhigang/raw_data/raw_designs/vtr_designs/verilog/koios/tiny_darknet_like.small_submodules/td_fused_top_fifo_w1_d9_S_x_shiftReg.v:60.13-60.21.
Warning: wire '\q' is assigned in a block at /home/zhigang/raw_data/raw_designs/vtr_designs/verilog/koios/tiny_darknet_like.small_submodules/td_fused_top_fifo_w1_d9_S_x_shiftReg.v:61.13-61.21.
Warning: wire '\q' is assigned in a block at /home/zhigang/raw_data/raw_designs/vtr_designs/verilog/koios/tiny_darknet_like.small_submodules/td_fused_top_fifo_w1_d9_S_x_shiftReg.v:62.13-62.21.
Warning: wire '\q' is assigned in a block at /home/zhigang/raw_data/raw_designs/vtr_designs/verilog/koios/tiny_darknet_like.small_submodules/td_fused_top_fifo_w1_d9_S_x_shiftReg.v:63.13-63.21.
Warning: wire '\q' is assigned in a block at /home/zhigang/raw_data/raw_designs/vtr_designs/verilog/koios/tiny_darknet_like.small_submodules/td_fused_top_fifo_w1_d9_S_x_shiftReg.v:64.16-64.24.
Note: Assuming pure combinatorial block at /home/zhigang/raw_data/raw_designs/vtr_designs/verilog/koios/tiny_darknet_like.small_submodules/td_fused_top_fifo_w1_d9_S_x_shiftReg.v:53.1-66.4 in
compliance with IEC 62142(E):2005 / IEEE Std. 1364.1(E):2002. Recommending
use of @* instead of @(...) for better match of synthesis and simulation.
Successfully finished Verilog frontend.

2. Executing HIERARCHY pass (managing design hierarchy).

2.1. Finding top of design hierarchy..
root of   0 design levels: td_fused_top_fifo_w1_d9_S_x_shiftReg
Automatically selected td_fused_top_fifo_w1_d9_S_x_shiftReg as design top module.

2.2. Analyzing design hierarchy..
Top module:  \td_fused_top_fifo_w1_d9_S_x_shiftReg

2.3. Analyzing design hierarchy..
Top module:  \td_fused_top_fifo_w1_d9_S_x_shiftReg
Removed 0 unused modules.

3. Executing PROC pass (convert processes to netlists).

3.1. Executing PROC_CLEAN pass (remove empty switches from decision trees).
Cleaned up 0 empty switches.

3.2. Executing PROC_RMDEAD pass (remove dead branches from decision trees).
Marked 1 switch rules as full_case in process $proc$/home/zhigang/raw_data/raw_designs/vtr_designs/verilog/koios/tiny_darknet_like.small_submodules/td_fused_top_fifo_w1_d9_S_x_shiftReg.v:53$2 in module td_fused_top_fifo_w1_d9_S_x_shiftReg.
Removed a total of 0 dead cases.

3.3. Executing PROC_PRUNE pass (remove redundant assignments in processes).
Removed 0 redundant assignments.
Promoted 1 assignment to connection.

3.4. Executing PROC_INIT pass (extract init attributes).

3.5. Executing PROC_ARST pass (detect async resets in processes).

3.6. Executing PROC_MUX pass (convert decision trees to multiplexers).
Creating decoders for process `\td_fused_top_fifo_w1_d9_S_x_shiftReg.$proc$/home/zhigang/raw_data/raw_designs/vtr_designs/verilog/koios/tiny_darknet_like.small_submodules/td_fused_top_fifo_w1_d9_S_x_shiftReg.v:53$2'.
     1/1: $1\q[0:0]
Creating decoders for process `\td_fused_top_fifo_w1_d9_S_x_shiftReg.$proc$/home/zhigang/raw_data/raw_designs/vtr_designs/verilog/koios/tiny_darknet_like.small_submodules/td_fused_top_fifo_w1_d9_S_x_shiftReg.v:35$1'.
     1/9: $0\sr_8[0:0]
     2/9: $0\sr_7[0:0]
     3/9: $0\sr_6[0:0]
     4/9: $0\sr_5[0:0]
     5/9: $0\sr_4[0:0]
     6/9: $0\sr_3[0:0]
     7/9: $0\sr_2[0:0]
     8/9: $0\sr_1[0:0]
     9/9: $0\sr_0[0:0]

3.7. Executing PROC_DLATCH pass (convert process syncs to latches).
No latch inferred for signal `\td_fused_top_fifo_w1_d9_S_x_shiftReg.\q' from process `\td_fused_top_fifo_w1_d9_S_x_shiftReg.$proc$/home/zhigang/raw_data/raw_designs/vtr_designs/verilog/koios/tiny_darknet_like.small_submodules/td_fused_top_fifo_w1_d9_S_x_shiftReg.v:53$2'.

3.8. Executing PROC_DFF pass (convert process syncs to FFs).
Creating register for signal `\td_fused_top_fifo_w1_d9_S_x_shiftReg.\sr_0' using process `\td_fused_top_fifo_w1_d9_S_x_shiftReg.$proc$/home/zhigang/raw_data/raw_designs/vtr_designs/verilog/koios/tiny_darknet_like.small_submodules/td_fused_top_fifo_w1_d9_S_x_shiftReg.v:35$1'.
  created $dff cell `$procdff$32' with positive edge clock.
Creating register for signal `\td_fused_top_fifo_w1_d9_S_x_shiftReg.\sr_1' using process `\td_fused_top_fifo_w1_d9_S_x_shiftReg.$proc$/home/zhigang/raw_data/raw_designs/vtr_designs/verilog/koios/tiny_darknet_like.small_submodules/td_fused_top_fifo_w1_d9_S_x_shiftReg.v:35$1'.
  created $dff cell `$procdff$33' with positive edge clock.
Creating register for signal `\td_fused_top_fifo_w1_d9_S_x_shiftReg.\sr_2' using process `\td_fused_top_fifo_w1_d9_S_x_shiftReg.$proc$/home/zhigang/raw_data/raw_designs/vtr_designs/verilog/koios/tiny_darknet_like.small_submodules/td_fused_top_fifo_w1_d9_S_x_shiftReg.v:35$1'.
  created $dff cell `$procdff$34' with positive edge clock.
Creating register for signal `\td_fused_top_fifo_w1_d9_S_x_shiftReg.\sr_3' using process `\td_fused_top_fifo_w1_d9_S_x_shiftReg.$proc$/home/zhigang/raw_data/raw_designs/vtr_designs/verilog/koios/tiny_darknet_like.small_submodules/td_fused_top_fifo_w1_d9_S_x_shiftReg.v:35$1'.
  created $dff cell `$procdff$35' with positive edge clock.
Creating register for signal `\td_fused_top_fifo_w1_d9_S_x_shiftReg.\sr_4' using process `\td_fused_top_fifo_w1_d9_S_x_shiftReg.$proc$/home/zhigang/raw_data/raw_designs/vtr_designs/verilog/koios/tiny_darknet_like.small_submodules/td_fused_top_fifo_w1_d9_S_x_shiftReg.v:35$1'.
  created $dff cell `$procdff$36' with positive edge clock.
Creating register for signal `\td_fused_top_fifo_w1_d9_S_x_shiftReg.\sr_5' using process `\td_fused_top_fifo_w1_d9_S_x_shiftReg.$proc$/home/zhigang/raw_data/raw_designs/vtr_designs/verilog/koios/tiny_darknet_like.small_submodules/td_fused_top_fifo_w1_d9_S_x_shiftReg.v:35$1'.
  created $dff cell `$procdff$37' with positive edge clock.
Creating register for signal `\td_fused_top_fifo_w1_d9_S_x_shiftReg.\sr_6' using process `\td_fused_top_fifo_w1_d9_S_x_shiftReg.$proc$/home/zhigang/raw_data/raw_designs/vtr_designs/verilog/koios/tiny_darknet_like.small_submodules/td_fused_top_fifo_w1_d9_S_x_shiftReg.v:35$1'.
  created $dff cell `$procdff$38' with positive edge clock.
Creating register for signal `\td_fused_top_fifo_w1_d9_S_x_shiftReg.\sr_7' using process `\td_fused_top_fifo_w1_d9_S_x_shiftReg.$proc$/home/zhigang/raw_data/raw_designs/vtr_designs/verilog/koios/tiny_darknet_like.small_submodules/td_fused_top_fifo_w1_d9_S_x_shiftReg.v:35$1'.
  created $dff cell `$procdff$39' with positive edge clock.
Creating register for signal `\td_fused_top_fifo_w1_d9_S_x_shiftReg.\sr_8' using process `\td_fused_top_fifo_w1_d9_S_x_shiftReg.$proc$/home/zhigang/raw_data/raw_designs/vtr_designs/verilog/koios/tiny_darknet_like.small_submodules/td_fused_top_fifo_w1_d9_S_x_shiftReg.v:35$1'.
  created $dff cell `$procdff$40' with positive edge clock.

3.9. Executing PROC_MEMWR pass (convert process memory writes to cells).

3.10. Executing PROC_CLEAN pass (remove empty switches from decision trees).
Found and cleaned up 1 empty switch in `\td_fused_top_fifo_w1_d9_S_x_shiftReg.$proc$/home/zhigang/raw_data/raw_designs/vtr_designs/verilog/koios/tiny_darknet_like.small_submodules/td_fused_top_fifo_w1_d9_S_x_shiftReg.v:53$2'.
Removing empty process `td_fused_top_fifo_w1_d9_S_x_shiftReg.$proc$/home/zhigang/raw_data/raw_designs/vtr_designs/verilog/koios/tiny_darknet_like.small_submodules/td_fused_top_fifo_w1_d9_S_x_shiftReg.v:53$2'.
Found and cleaned up 1 empty switch in `\td_fused_top_fifo_w1_d9_S_x_shiftReg.$proc$/home/zhigang/raw_data/raw_designs/vtr_designs/verilog/koios/tiny_darknet_like.small_submodules/td_fused_top_fifo_w1_d9_S_x_shiftReg.v:35$1'.
Removing empty process `td_fused_top_fifo_w1_d9_S_x_shiftReg.$proc$/home/zhigang/raw_data/raw_designs/vtr_designs/verilog/koios/tiny_darknet_like.small_submodules/td_fused_top_fifo_w1_d9_S_x_shiftReg.v:35$1'.
Cleaned up 2 empty switches.

3.11. Executing OPT_EXPR pass (perform const folding).
Optimizing module td_fused_top_fifo_w1_d9_S_x_shiftReg.
<suppressed ~1 debug messages>

4. Executing OPT pass (performing simple optimizations).

4.1. Executing OPT_EXPR pass (perform const folding).
Optimizing module td_fused_top_fifo_w1_d9_S_x_shiftReg.

4.2. Executing OPT_MERGE pass (detect identical cells).
Finding identical cells in module `\td_fused_top_fifo_w1_d9_S_x_shiftReg'.
Removed a total of 0 cells.

4.3. Executing OPT_MUXTREE pass (detect dead branches in mux trees).
Running muxtree optimizer on module \td_fused_top_fifo_w1_d9_S_x_shiftReg..
  Creating internal representation of mux trees.
  Evaluating internal representation of mux trees.
  Analyzing evaluation results.
Removed 0 multiplexer ports.
<suppressed ~10 debug messages>

4.4. Executing OPT_REDUCE pass (consolidate $*mux and $reduce_* inputs).
  Optimizing cells in module \td_fused_top_fifo_w1_d9_S_x_shiftReg.
Performed a total of 0 changes.

4.5. Executing OPT_MERGE pass (detect identical cells).
Finding identical cells in module `\td_fused_top_fifo_w1_d9_S_x_shiftReg'.
Removed a total of 0 cells.

4.6. Executing OPT_DFF pass (perform DFF optimizations).
Adding EN signal on $procdff$32 ($dff) from module td_fused_top_fifo_w1_d9_S_x_shiftReg (D = \data, Q = \sr_0).
Adding EN signal on $procdff$33 ($dff) from module td_fused_top_fifo_w1_d9_S_x_shiftReg (D = \sr_0, Q = \sr_1).
Adding EN signal on $procdff$34 ($dff) from module td_fused_top_fifo_w1_d9_S_x_shiftReg (D = \sr_1, Q = \sr_2).
Adding EN signal on $procdff$35 ($dff) from module td_fused_top_fifo_w1_d9_S_x_shiftReg (D = \sr_2, Q = \sr_3).
Adding EN signal on $procdff$36 ($dff) from module td_fused_top_fifo_w1_d9_S_x_shiftReg (D = \sr_3, Q = \sr_4).
Adding EN signal on $procdff$37 ($dff) from module td_fused_top_fifo_w1_d9_S_x_shiftReg (D = \sr_4, Q = \sr_5).
Adding EN signal on $procdff$38 ($dff) from module td_fused_top_fifo_w1_d9_S_x_shiftReg (D = \sr_5, Q = \sr_6).
Adding EN signal on $procdff$39 ($dff) from module td_fused_top_fifo_w1_d9_S_x_shiftReg (D = \sr_6, Q = \sr_7).
Adding EN signal on $procdff$40 ($dff) from module td_fused_top_fifo_w1_d9_S_x_shiftReg (D = \sr_7, Q = \sr_8).

4.7. Executing OPT_CLEAN pass (remove unused cells and wires).
Finding unused cells or wires in module \td_fused_top_fifo_w1_d9_S_x_shiftReg..
Removed 9 unused cells and 31 unused wires.
<suppressed ~11 debug messages>

4.8. Executing OPT_EXPR pass (perform const folding).
Optimizing module td_fused_top_fifo_w1_d9_S_x_shiftReg.

4.9. Rerunning OPT passes. (Maybe there is more to do..)

4.10. Executing OPT_MUXTREE pass (detect dead branches in mux trees).
Running muxtree optimizer on module \td_fused_top_fifo_w1_d9_S_x_shiftReg..
  Creating internal representation of mux trees.
  Evaluating internal representation of mux trees.
  Analyzing evaluation results.
Removed 0 multiplexer ports.
<suppressed ~1 debug messages>

4.11. Executing OPT_REDUCE pass (consolidate $*mux and $reduce_* inputs).
  Optimizing cells in module \td_fused_top_fifo_w1_d9_S_x_shiftReg.
Performed a total of 0 changes.

4.12. Executing OPT_MERGE pass (detect identical cells).
Finding identical cells in module `\td_fused_top_fifo_w1_d9_S_x_shiftReg'.
Removed a total of 0 cells.

4.13. Executing OPT_DFF pass (perform DFF optimizations).

4.14. Executing OPT_CLEAN pass (remove unused cells and wires).
Finding unused cells or wires in module \td_fused_top_fifo_w1_d9_S_x_shiftReg..

4.15. Executing OPT_EXPR pass (perform const folding).
Optimizing module td_fused_top_fifo_w1_d9_S_x_shiftReg.

4.16. Finished OPT passes. (There is nothing left to do.)

5. Printing statistics.

=== td_fused_top_fifo_w1_d9_S_x_shiftReg ===

   Number of wires:                 22
   Number of wire bits:             25
   Number of public wires:          14
   Number of public wire bits:      17
   Number of memories:               0
   Number of memory bits:            0
   Number of processes:              0
   Number of cells:                 18
     $dffe                           9
     $eq                            28
     $logic_not                      4
     $pmux                           1

Warnings: 10 unique messages, 10 total
End of script. Logfile hash: 83f35f3a0a, CPU: user 0.02s system 0.00s, MEM: 11.09 MB peak
Yosys 0.10+12 (git sha1 72fac04, gcc 7.4.0-1ubuntu1~16.04~ppa1 -fPIC -Os)
Time spent: 24% 4x opt_expr (0 sec), 24% 3x opt_merge (0 sec), ...
