
5. Printing statistics.

=== dummy_counter ===

   Number of wires:                 23
   Number of wire bits:            172
   Number of public wires:           8
   Number of public wire bits:      68
   Number of memories:               0
   Number of memory bits:            0
   Number of processes:              0
   Number of cells:                 16
     $add                           32
     $dffe                          30
     $eq                            21
     $logic_not                      3
     $mux                           30
     $ne                             2
     $not                            1
     $pmux                          30
     $reduce_and                     2
     $reduce_or                      5

