
 /----------------------------------------------------------------------------\
 |                                                                            |
 |  yosys -- Yosys Open SYnthesis Suite                                       |
 |                                                                            |
 |  Copyright (C) 2012 - 2020  Claire Xenia Wolf <claire@yosyshq.com>         |
 |                                                                            |
 |  Permission to use, copy, modify, and/or distribute this software for any  |
 |  purpose with or without fee is hereby granted, provided that the above    |
 |  copyright notice and this permission notice appear in all copies.         |
 |                                                                            |
 |  THE SOFTWARE IS PROVIDED "AS IS" AND THE AUTHOR DISCLAIMS ALL WARRANTIES  |
 |  WITH REGARD TO THIS SOFTWARE INCLUDING ALL IMPLIED WARRANTIES OF          |
 |  MERCHANTABILITY AND FITNESS. IN NO EVENT SHALL THE AUTHOR BE LIABLE FOR   |
 |  ANY SPECIAL, DIRECT, INDIRECT, OR CONSEQUENTIAL DAMAGES OR ANY DAMAGES    |
 |  WHATSOEVER RESULTING FROM LOSS OF USE, DATA OR PROFITS, WHETHER IN AN     |
 |  ACTION OF CONTRACT, NEGLIGENCE OR OTHER TORTIOUS ACTION, ARISING OUT OF   |
 |  OR IN CONNECTION WITH THE USE OR PERFORMANCE OF THIS SOFTWARE.            |
 |                                                                            |
 \----------------------------------------------------------------------------/

 Yosys 0.10+12 (git sha1 72fac04, gcc 7.4.0-1ubuntu1~16.04~ppa1 -fPIC -Os)


-- Executing script file `out.ys' --

1. Executing Verilog-2005 frontend: /home/zhigang/raw_data/raw_designs/vtr_designs/verilog/arm_core_submodules/a25_write_back.v
Parsing SystemVerilog input from `/home/zhigang/raw_data/raw_designs/vtr_designs/verilog/arm_core_submodules/a25_write_back.v' to AST representation.
Warning: Encountered `translate_off' comment! Such legacy hot comments are supported by Yosys, but are not part of any formal language specification. Using a portable and standards-compliant construct such as `ifdef is recommended!
Generating RTLIL representation for module `\a25_write_back'.
Successfully finished Verilog frontend.

2. Executing HIERARCHY pass (managing design hierarchy).

2.1. Finding top of design hierarchy..
root of   0 design levels: a25_write_back      
Automatically selected a25_write_back as design top module.

2.2. Analyzing design hierarchy..
Top module:  \a25_write_back

2.3. Analyzing design hierarchy..
Top module:  \a25_write_back
Removed 0 unused modules.

3. Executing PROC pass (convert processes to netlists).

3.1. Executing PROC_CLEAN pass (remove empty switches from decision trees).
Cleaned up 0 empty switches.

3.2. Executing PROC_RMDEAD pass (remove dead branches from decision trees).
Removed a total of 0 dead cases.

3.3. Executing PROC_PRUNE pass (remove redundant assignments in processes).
Removed 0 redundant assignments.
Promoted 3 assignments to connections.

3.4. Executing PROC_INIT pass (extract init attributes).
Found init rule in `\a25_write_back.$proc$/home/zhigang/raw_data/raw_designs/vtr_designs/verilog/arm_core_submodules/a25_write_back.v:48$5'.
  Set init value: \mem_load_rd_r = 11'00000000000
Found init rule in `\a25_write_back.$proc$/home/zhigang/raw_data/raw_designs/vtr_designs/verilog/arm_core_submodules/a25_write_back.v:47$4'.
  Set init value: \mem_read_data_valid_r = 1'0
Found init rule in `\a25_write_back.$proc$/home/zhigang/raw_data/raw_designs/vtr_designs/verilog/arm_core_submodules/a25_write_back.v:46$3'.
  Set init value: \mem_read_data_r = 0

3.5. Executing PROC_ARST pass (detect async resets in processes).

3.6. Executing PROC_MUX pass (convert decision trees to multiplexers).
Creating decoders for process `\a25_write_back.$proc$/home/zhigang/raw_data/raw_designs/vtr_designs/verilog/arm_core_submodules/a25_write_back.v:48$5'.
Creating decoders for process `\a25_write_back.$proc$/home/zhigang/raw_data/raw_designs/vtr_designs/verilog/arm_core_submodules/a25_write_back.v:47$4'.
Creating decoders for process `\a25_write_back.$proc$/home/zhigang/raw_data/raw_designs/vtr_designs/verilog/arm_core_submodules/a25_write_back.v:46$3'.
Creating decoders for process `\a25_write_back.$proc$/home/zhigang/raw_data/raw_designs/vtr_designs/verilog/arm_core_submodules/a25_write_back.v:55$1'.
     1/3: $0\mem_load_rd_r[10:0]
     2/3: $0\mem_read_data_valid_r[0:0]
     3/3: $0\mem_read_data_r[31:0]

3.7. Executing PROC_DLATCH pass (convert process syncs to latches).

3.8. Executing PROC_DFF pass (convert process syncs to FFs).
Creating register for signal `\a25_write_back.\mem_read_data_r' using process `\a25_write_back.$proc$/home/zhigang/raw_data/raw_designs/vtr_designs/verilog/arm_core_submodules/a25_write_back.v:55$1'.
  created $dff cell `$procdff$12' with positive edge clock.
Creating register for signal `\a25_write_back.\mem_read_data_valid_r' using process `\a25_write_back.$proc$/home/zhigang/raw_data/raw_designs/vtr_designs/verilog/arm_core_submodules/a25_write_back.v:55$1'.
  created $dff cell `$procdff$13' with positive edge clock.
Creating register for signal `\a25_write_back.\mem_load_rd_r' using process `\a25_write_back.$proc$/home/zhigang/raw_data/raw_designs/vtr_designs/verilog/arm_core_submodules/a25_write_back.v:55$1'.
  created $dff cell `$procdff$14' with positive edge clock.

3.9. Executing PROC_MEMWR pass (convert process memory writes to cells).

3.10. Executing PROC_CLEAN pass (remove empty switches from decision trees).
Removing empty process `a25_write_back.$proc$/home/zhigang/raw_data/raw_designs/vtr_designs/verilog/arm_core_submodules/a25_write_back.v:48$5'.
Removing empty process `a25_write_back.$proc$/home/zhigang/raw_data/raw_designs/vtr_designs/verilog/arm_core_submodules/a25_write_back.v:47$4'.
Removing empty process `a25_write_back.$proc$/home/zhigang/raw_data/raw_designs/vtr_designs/verilog/arm_core_submodules/a25_write_back.v:46$3'.
Found and cleaned up 1 empty switch in `\a25_write_back.$proc$/home/zhigang/raw_data/raw_designs/vtr_designs/verilog/arm_core_submodules/a25_write_back.v:55$1'.
Removing empty process `a25_write_back.$proc$/home/zhigang/raw_data/raw_designs/vtr_designs/verilog/arm_core_submodules/a25_write_back.v:55$1'.
Cleaned up 1 empty switch.

3.11. Executing OPT_EXPR pass (perform const folding).
Optimizing module a25_write_back.
<suppressed ~3 debug messages>

4. Executing OPT pass (performing simple optimizations).

4.1. Executing OPT_EXPR pass (perform const folding).
Optimizing module a25_write_back.

4.2. Executing OPT_MERGE pass (detect identical cells).
Finding identical cells in module `\a25_write_back'.
Removed a total of 0 cells.

4.3. Executing OPT_MUXTREE pass (detect dead branches in mux trees).
Running muxtree optimizer on module \a25_write_back..
  Creating internal representation of mux trees.
  Evaluating internal representation of mux trees.
  Analyzing evaluation results.
Removed 0 multiplexer ports.
<suppressed ~3 debug messages>

4.4. Executing OPT_REDUCE pass (consolidate $*mux and $reduce_* inputs).
  Optimizing cells in module \a25_write_back.
Performed a total of 0 changes.

4.5. Executing OPT_MERGE pass (detect identical cells).
Finding identical cells in module `\a25_write_back'.
Removed a total of 0 cells.

4.6. Executing OPT_DFF pass (perform DFF optimizations).
Adding EN signal on $procdff$12 ($dff) from module a25_write_back (D = \i_mem_read_data, Q = \mem_read_data_r).
Adding EN signal on $procdff$13 ($dff) from module a25_write_back (D = \i_mem_read_data_valid, Q = \mem_read_data_valid_r).
Adding EN signal on $procdff$14 ($dff) from module a25_write_back (D = \i_mem_load_rd, Q = \mem_load_rd_r).

4.7. Executing OPT_CLEAN pass (remove unused cells and wires).
Finding unused cells or wires in module \a25_write_back..
Removed 4 unused cells and 13 unused wires.
<suppressed ~5 debug messages>

4.8. Executing OPT_EXPR pass (perform const folding).
Optimizing module a25_write_back.

4.9. Rerunning OPT passes. (Maybe there is more to do..)

4.10. Executing OPT_MUXTREE pass (detect dead branches in mux trees).
Running muxtree optimizer on module \a25_write_back..
  Creating internal representation of mux trees.
  No muxes found in this module.
Removed 0 multiplexer ports.

4.11. Executing OPT_REDUCE pass (consolidate $*mux and $reduce_* inputs).
  Optimizing cells in module \a25_write_back.
Performed a total of 0 changes.

4.12. Executing OPT_MERGE pass (detect identical cells).
Finding identical cells in module `\a25_write_back'.
Removed a total of 0 cells.

4.13. Executing OPT_DFF pass (perform DFF optimizations).

4.14. Executing OPT_CLEAN pass (remove unused cells and wires).
Finding unused cells or wires in module \a25_write_back..

4.15. Executing OPT_EXPR pass (perform const folding).
Optimizing module a25_write_back.

4.16. Finished OPT passes. (There is nothing left to do.)

5. Printing statistics.

=== a25_write_back ===

   Number of wires:                 12
   Number of wire bits:            166
   Number of public wires:          12
   Number of public wire bits:     166
   Number of memories:               0
   Number of memory bits:            0
   Number of processes:              0
   Number of cells:                  3
     $dffe                          44

Warnings: 1 unique messages, 1 total
End of script. Logfile hash: e3ce37caef, CPU: user 0.03s system 0.00s, MEM: 11.21 MB peak
Yosys 0.10+12 (git sha1 72fac04, gcc 7.4.0-1ubuntu1~16.04~ppa1 -fPIC -Os)
Time spent: 28% 3x opt_merge (0 sec), 28% 2x opt_clean (0 sec), ...
