
 /----------------------------------------------------------------------------\
 |                                                                            |
 |  yosys -- Yosys Open SYnthesis Suite                                       |
 |                                                                            |
 |  Copyright (C) 2012 - 2020  Claire Xenia Wolf <claire@yosyshq.com>         |
 |                                                                            |
 |  Permission to use, copy, modify, and/or distribute this software for any  |
 |  purpose with or without fee is hereby granted, provided that the above    |
 |  copyright notice and this permission notice appear in all copies.         |
 |                                                                            |
 |  THE SOFTWARE IS PROVIDED "AS IS" AND THE AUTHOR DISCLAIMS ALL WARRANTIES  |
 |  WITH REGARD TO THIS SOFTWARE INCLUDING ALL IMPLIED WARRANTIES OF          |
 |  MERCHANTABILITY AND FITNESS. IN NO EVENT SHALL THE AUTHOR BE LIABLE FOR   |
 |  ANY SPECIAL, DIRECT, INDIRECT, OR CONSEQUENTIAL DAMAGES OR ANY DAMAGES    |
 |  WHATSOEVER RESULTING FROM LOSS OF USE, DATA OR PROFITS, WHETHER IN AN     |
 |  ACTION OF CONTRACT, NEGLIGENCE OR OTHER TORTIOUS ACTION, ARISING OUT OF   |
 |  OR IN CONNECTION WITH THE USE OR PERFORMANCE OF THIS SOFTWARE.            |
 |                                                                            |
 \----------------------------------------------------------------------------/

 Yosys 0.10+12 (git sha1 72fac04, gcc 7.4.0-1ubuntu1~16.04~ppa1 -fPIC -Os)


-- Executing script file `out.ys' --

1. Executing Verilog-2005 frontend: /home/zhigang/raw_data/raw_designs/vtr_designs/verilog/koios/tpu_like.medium_submodules/ram.v
Parsing SystemVerilog input from `/home/zhigang/raw_data/raw_designs/vtr_designs/verilog/koios/tpu_like.medium_submodules/ram.v' to AST representation.
Generating RTLIL representation for module `\ram'.
Successfully finished Verilog frontend.

2. Executing HIERARCHY pass (managing design hierarchy).

2.1. Finding top of design hierarchy..
root of   0 design levels: ram                 
Automatically selected ram as design top module.

2.2. Analyzing design hierarchy..
Top module:  \ram

2.3. Analyzing design hierarchy..
Top module:  \ram
Removed 0 unused modules.

3. Executing PROC pass (convert processes to netlists).

3.1. Executing PROC_CLEAN pass (remove empty switches from decision trees).
Cleaned up 0 empty switches.

3.2. Executing PROC_RMDEAD pass (remove dead branches from decision trees).
Marked 1 switch rules as full_case in process $proc$/home/zhigang/raw_data/raw_designs/vtr_designs/verilog/koios/tpu_like.medium_submodules/ram.v:81$12 in module ram.
Marked 1 switch rules as full_case in process $proc$/home/zhigang/raw_data/raw_designs/vtr_designs/verilog/koios/tpu_like.medium_submodules/ram.v:75$3 in module ram.
Removed a total of 0 dead cases.

3.3. Executing PROC_PRUNE pass (remove redundant assignments in processes).
Removed 0 redundant assignments.
Promoted 8 assignments to connections.

3.4. Executing PROC_INIT pass (extract init attributes).

3.5. Executing PROC_ARST pass (detect async resets in processes).

3.6. Executing PROC_MUX pass (convert decision trees to multiplexers).
Creating decoders for process `\ram.$proc$/home/zhigang/raw_data/raw_designs/vtr_designs/verilog/koios/tpu_like.medium_submodules/ram.v:81$12'.
     1/3: $1$memwr$\ram$/home/zhigang/raw_data/raw_designs/vtr_designs/verilog/koios/tpu_like.medium_submodules/ram.v:83$2_EN[255:0]$19
     2/3: $1$memwr$\ram$/home/zhigang/raw_data/raw_designs/vtr_designs/verilog/koios/tpu_like.medium_submodules/ram.v:83$2_DATA[255:0]$18
     3/3: $1$memwr$\ram$/home/zhigang/raw_data/raw_designs/vtr_designs/verilog/koios/tpu_like.medium_submodules/ram.v:83$2_ADDR[9:0]$17
Creating decoders for process `\ram.$proc$/home/zhigang/raw_data/raw_designs/vtr_designs/verilog/koios/tpu_like.medium_submodules/ram.v:75$3'.
     1/3: $1$memwr$\ram$/home/zhigang/raw_data/raw_designs/vtr_designs/verilog/koios/tpu_like.medium_submodules/ram.v:77$1_EN[255:0]$10
     2/3: $1$memwr$\ram$/home/zhigang/raw_data/raw_designs/vtr_designs/verilog/koios/tpu_like.medium_submodules/ram.v:77$1_DATA[255:0]$9
     3/3: $1$memwr$\ram$/home/zhigang/raw_data/raw_designs/vtr_designs/verilog/koios/tpu_like.medium_submodules/ram.v:77$1_ADDR[9:0]$8

3.7. Executing PROC_DLATCH pass (convert process syncs to latches).

3.8. Executing PROC_DFF pass (convert process syncs to FFs).
Creating register for signal `\ram.\q1' using process `\ram.$proc$/home/zhigang/raw_data/raw_designs/vtr_designs/verilog/koios/tpu_like.medium_submodules/ram.v:81$12'.
  created $dff cell `$procdff$39' with positive edge clock.
Creating register for signal `\ram.$memwr$\ram$/home/zhigang/raw_data/raw_designs/vtr_designs/verilog/koios/tpu_like.medium_submodules/ram.v:83$2_ADDR' using process `\ram.$proc$/home/zhigang/raw_data/raw_designs/vtr_designs/verilog/koios/tpu_like.medium_submodules/ram.v:81$12'.
  created $dff cell `$procdff$40' with positive edge clock.
Creating register for signal `\ram.$memwr$\ram$/home/zhigang/raw_data/raw_designs/vtr_designs/verilog/koios/tpu_like.medium_submodules/ram.v:83$2_DATA' using process `\ram.$proc$/home/zhigang/raw_data/raw_designs/vtr_designs/verilog/koios/tpu_like.medium_submodules/ram.v:81$12'.
  created $dff cell `$procdff$41' with positive edge clock.
Creating register for signal `\ram.$memwr$\ram$/home/zhigang/raw_data/raw_designs/vtr_designs/verilog/koios/tpu_like.medium_submodules/ram.v:83$2_EN' using process `\ram.$proc$/home/zhigang/raw_data/raw_designs/vtr_designs/verilog/koios/tpu_like.medium_submodules/ram.v:81$12'.
  created $dff cell `$procdff$42' with positive edge clock.
Creating register for signal `\ram.\q0' using process `\ram.$proc$/home/zhigang/raw_data/raw_designs/vtr_designs/verilog/koios/tpu_like.medium_submodules/ram.v:75$3'.
  created $dff cell `$procdff$43' with positive edge clock.
Creating register for signal `\ram.$memwr$\ram$/home/zhigang/raw_data/raw_designs/vtr_designs/verilog/koios/tpu_like.medium_submodules/ram.v:77$1_ADDR' using process `\ram.$proc$/home/zhigang/raw_data/raw_designs/vtr_designs/verilog/koios/tpu_like.medium_submodules/ram.v:75$3'.
  created $dff cell `$procdff$44' with positive edge clock.
Creating register for signal `\ram.$memwr$\ram$/home/zhigang/raw_data/raw_designs/vtr_designs/verilog/koios/tpu_like.medium_submodules/ram.v:77$1_DATA' using process `\ram.$proc$/home/zhigang/raw_data/raw_designs/vtr_designs/verilog/koios/tpu_like.medium_submodules/ram.v:75$3'.
  created $dff cell `$procdff$45' with positive edge clock.
Creating register for signal `\ram.$memwr$\ram$/home/zhigang/raw_data/raw_designs/vtr_designs/verilog/koios/tpu_like.medium_submodules/ram.v:77$1_EN' using process `\ram.$proc$/home/zhigang/raw_data/raw_designs/vtr_designs/verilog/koios/tpu_like.medium_submodules/ram.v:75$3'.
  created $dff cell `$procdff$46' with positive edge clock.

3.9. Executing PROC_MEMWR pass (convert process memory writes to cells).

3.10. Executing PROC_CLEAN pass (remove empty switches from decision trees).
Found and cleaned up 1 empty switch in `\ram.$proc$/home/zhigang/raw_data/raw_designs/vtr_designs/verilog/koios/tpu_like.medium_submodules/ram.v:81$12'.
Removing empty process `ram.$proc$/home/zhigang/raw_data/raw_designs/vtr_designs/verilog/koios/tpu_like.medium_submodules/ram.v:81$12'.
Found and cleaned up 1 empty switch in `\ram.$proc$/home/zhigang/raw_data/raw_designs/vtr_designs/verilog/koios/tpu_like.medium_submodules/ram.v:75$3'.
Removing empty process `ram.$proc$/home/zhigang/raw_data/raw_designs/vtr_designs/verilog/koios/tpu_like.medium_submodules/ram.v:75$3'.
Cleaned up 2 empty switches.

3.11. Executing OPT_EXPR pass (perform const folding).
Optimizing module ram.

4. Executing OPT pass (performing simple optimizations).

4.1. Executing OPT_EXPR pass (perform const folding).
Optimizing module ram.

4.2. Executing OPT_MERGE pass (detect identical cells).
Finding identical cells in module `\ram'.
Removed a total of 0 cells.

4.3. Executing OPT_MUXTREE pass (detect dead branches in mux trees).
Running muxtree optimizer on module \ram..
  Creating internal representation of mux trees.
  Evaluating internal representation of mux trees.
  Analyzing evaluation results.
Removed 0 multiplexer ports.
<suppressed ~6 debug messages>

4.4. Executing OPT_REDUCE pass (consolidate $*mux and $reduce_* inputs).
  Optimizing cells in module \ram.
    Consolidated identical input bits for $mux cell $procmux$31:
      Old ports: A=256'0000000000000000000000000000000000000000000000000000000000000000000000000000000000000000000000000000000000000000000000000000000000000000000000000000000000000000000000000000000000000000000000000000000000000000000000000000000000000000000000000000000000000000, B=256'1111111111111111111111111111111111111111111111111111111111111111111111111111111111111111111111111111111111111111111111111111111111111111111111111111111111111111111111111111111111111111111111111111111111111111111111111111111111111111111111111111111111111111, Y=$procmux$31_Y
      New ports: A=1'0, B=1'1, Y=$procmux$31_Y [0]
      New connections: $procmux$31_Y [255:1] = { $procmux$31_Y [0] $procmux$31_Y [0] $procmux$31_Y [0] $procmux$31_Y [0] $procmux$31_Y [0] $procmux$31_Y [0] $procmux$31_Y [0] $procmux$31_Y [0] $procmux$31_Y [0] $procmux$31_Y [0] $procmux$31_Y [0] $procmux$31_Y [0] $procmux$31_Y [0] $procmux$31_Y [0] $procmux$31_Y [0] $procmux$31_Y [0] $procmux$31_Y [0] $procmux$31_Y [0] $procmux$31_Y [0] $procmux$31_Y [0] $procmux$31_Y [0] $procmux$31_Y [0] $procmux$31_Y [0] $procmux$31_Y [0] $procmux$31_Y [0] $procmux$31_Y [0] $procmux$31_Y [0] $procmux$31_Y [0] $procmux$31_Y [0] $procmux$31_Y [0] $procmux$31_Y [0] $procmux$31_Y [0] $procmux$31_Y [0] $procmux$31_Y [0] $procmux$31_Y [0] $procmux$31_Y [0] $procmux$31_Y [0] $procmux$31_Y [0] $procmux$31_Y [0] $procmux$31_Y [0] $procmux$31_Y [0] $procmux$31_Y [0] $procmux$31_Y [0] $procmux$31_Y [0] $procmux$31_Y [0] $procmux$31_Y [0] $procmux$31_Y [0] $procmux$31_Y [0] $procmux$31_Y [0] $procmux$31_Y [0] $procmux$31_Y [0] $procmux$31_Y [0] $procmux$31_Y [0] $procmux$31_Y [0] $procmux$31_Y [0] $procmux$31_Y [0] $procmux$31_Y [0] $procmux$31_Y [0] $procmux$31_Y [0] $procmux$31_Y [0] $procmux$31_Y [0] $procmux$31_Y [0] $procmux$31_Y [0] $procmux$31_Y [0] $procmux$31_Y [0] $procmux$31_Y [0] $procmux$31_Y [0] $procmux$31_Y [0] $procmux$31_Y [0] $procmux$31_Y [0] $procmux$31_Y [0] $procmux$31_Y [0] $procmux$31_Y [0] $procmux$31_Y [0] $procmux$31_Y [0] $procmux$31_Y [0] $procmux$31_Y [0] $procmux$31_Y [0] $procmux$31_Y [0] $procmux$31_Y [0] $procmux$31_Y [0] $procmux$31_Y [0] $procmux$31_Y [0] $procmux$31_Y [0] $procmux$31_Y [0] $procmux$31_Y [0] $procmux$31_Y [0] $procmux$31_Y [0] $procmux$31_Y [0] $procmux$31_Y [0] $procmux$31_Y [0] $procmux$31_Y [0] $procmux$31_Y [0] $procmux$31_Y [0] $procmux$31_Y [0] $procmux$31_Y [0] $procmux$31_Y [0] $procmux$31_Y [0] $procmux$31_Y [0] $procmux$31_Y [0] $procmux$31_Y [0] $procmux$31_Y [0] $procmux$31_Y [0] $procmux$31_Y [0] $procmux$31_Y [0] $procmux$31_Y [0] $procmux$31_Y [0] $procmux$31_Y [0] $procmux$31_Y [0] $procmux$31_Y [0] $procmux$31_Y [0] $procmux$31_Y [0] $procmux$31_Y [0] $procmux$31_Y [0] $procmux$31_Y [0] $procmux$31_Y [0] $procmux$31_Y [0] $procmux$31_Y [0] $procmux$31_Y [0] $procmux$31_Y [0] $procmux$31_Y [0] $procmux$31_Y [0] $procmux$31_Y [0] $procmux$31_Y [0] $procmux$31_Y [0] $procmux$31_Y [0] $procmux$31_Y [0] $procmux$31_Y [0] $procmux$31_Y [0] $procmux$31_Y [0] $procmux$31_Y [0] $procmux$31_Y [0] $procmux$31_Y [0] $procmux$31_Y [0] $procmux$31_Y [0] $procmux$31_Y [0] $procmux$31_Y [0] $procmux$31_Y [0] $procmux$31_Y [0] $procmux$31_Y [0] $procmux$31_Y [0] $procmux$31_Y [0] $procmux$31_Y [0] $procmux$31_Y [0] $procmux$31_Y [0] $procmux$31_Y [0] $procmux$31_Y [0] $procmux$31_Y [0] $procmux$31_Y [0] $procmux$31_Y [0] $procmux$31_Y [0] $procmux$31_Y [0] $procmux$31_Y [0] $procmux$31_Y [0] $procmux$31_Y [0] $procmux$31_Y [0] $procmux$31_Y [0] $procmux$31_Y [0] $procmux$31_Y [0] $procmux$31_Y [0] $procmux$31_Y [0] $procmux$31_Y [0] $procmux$31_Y [0] $procmux$31_Y [0] $procmux$31_Y [0] $procmux$31_Y [0] $procmux$31_Y [0] $procmux$31_Y [0] $procmux$31_Y [0] $procmux$31_Y [0] $procmux$31_Y [0] $procmux$31_Y [0] $procmux$31_Y [0] $procmux$31_Y [0] $procmux$31_Y [0] $procmux$31_Y [0] $procmux$31_Y [0] $procmux$31_Y [0] $procmux$31_Y [0] $procmux$31_Y [0] $procmux$31_Y [0] $procmux$31_Y [0] $procmux$31_Y [0] $procmux$31_Y [0] $procmux$31_Y [0] $procmux$31_Y [0] $procmux$31_Y [0] $procmux$31_Y [0] $procmux$31_Y [0] $procmux$31_Y [0] $procmux$31_Y [0] $procmux$31_Y [0] $procmux$31_Y [0] $procmux$31_Y [0] $procmux$31_Y [0] $procmux$31_Y [0] $procmux$31_Y [0] $procmux$31_Y [0] $procmux$31_Y [0] $procmux$31_Y [0] $procmux$31_Y [0] $procmux$31_Y [0] $procmux$31_Y [0] $procmux$31_Y [0] $procmux$31_Y [0] $procmux$31_Y [0] $procmux$31_Y [0] $procmux$31_Y [0] $procmux$31_Y [0] $procmux$31_Y [0] $procmux$31_Y [0] $procmux$31_Y [0] $procmux$31_Y [0] $procmux$31_Y [0] $procmux$31_Y [0] $procmux$31_Y [0] $procmux$31_Y [0] $procmux$31_Y [0] $procmux$31_Y [0] $procmux$31_Y [0] $procmux$31_Y [0] $procmux$31_Y [0] $procmux$31_Y [0] $procmux$31_Y [0] $procmux$31_Y [0] $procmux$31_Y [0] $procmux$31_Y [0] $procmux$31_Y [0] $procmux$31_Y [0] $procmux$31_Y [0] $procmux$31_Y [0] $procmux$31_Y [0] $procmux$31_Y [0] $procmux$31_Y [0] $procmux$31_Y [0] $procmux$31_Y [0] $procmux$31_Y [0] $procmux$31_Y [0] $procmux$31_Y [0] $procmux$31_Y [0] $procmux$31_Y [0] $procmux$31_Y [0] $procmux$31_Y [0] $procmux$31_Y [0] $procmux$31_Y [0] $procmux$31_Y [0] $procmux$31_Y [0] $procmux$31_Y [0] $procmux$31_Y [0] $procmux$31_Y [0] $procmux$31_Y [0] $procmux$31_Y [0] $procmux$31_Y [0] $procmux$31_Y [0] $procmux$31_Y [0] }
    Consolidated identical input bits for $mux cell $procmux$22:
      Old ports: A=256'0000000000000000000000000000000000000000000000000000000000000000000000000000000000000000000000000000000000000000000000000000000000000000000000000000000000000000000000000000000000000000000000000000000000000000000000000000000000000000000000000000000000000000, B=256'1111111111111111111111111111111111111111111111111111111111111111111111111111111111111111111111111111111111111111111111111111111111111111111111111111111111111111111111111111111111111111111111111111111111111111111111111111111111111111111111111111111111111111, Y=$procmux$22_Y
      New ports: A=1'0, B=1'1, Y=$procmux$22_Y [0]
      New connections: $procmux$22_Y [255:1] = { $procmux$22_Y [0] $procmux$22_Y [0] $procmux$22_Y [0] $procmux$22_Y [0] $procmux$22_Y [0] $procmux$22_Y [0] $procmux$22_Y [0] $procmux$22_Y [0] $procmux$22_Y [0] $procmux$22_Y [0] $procmux$22_Y [0] $procmux$22_Y [0] $procmux$22_Y [0] $procmux$22_Y [0] $procmux$22_Y [0] $procmux$22_Y [0] $procmux$22_Y [0] $procmux$22_Y [0] $procmux$22_Y [0] $procmux$22_Y [0] $procmux$22_Y [0] $procmux$22_Y [0] $procmux$22_Y [0] $procmux$22_Y [0] $procmux$22_Y [0] $procmux$22_Y [0] $procmux$22_Y [0] $procmux$22_Y [0] $procmux$22_Y [0] $procmux$22_Y [0] $procmux$22_Y [0] $procmux$22_Y [0] $procmux$22_Y [0] $procmux$22_Y [0] $procmux$22_Y [0] $procmux$22_Y [0] $procmux$22_Y [0] $procmux$22_Y [0] $procmux$22_Y [0] $procmux$22_Y [0] $procmux$22_Y [0] $procmux$22_Y [0] $procmux$22_Y [0] $procmux$22_Y [0] $procmux$22_Y [0] $procmux$22_Y [0] $procmux$22_Y [0] $procmux$22_Y [0] $procmux$22_Y [0] $procmux$22_Y [0] $procmux$22_Y [0] $procmux$22_Y [0] $procmux$22_Y [0] $procmux$22_Y [0] $procmux$22_Y [0] $procmux$22_Y [0] $procmux$22_Y [0] $procmux$22_Y [0] $procmux$22_Y [0] $procmux$22_Y [0] $procmux$22_Y [0] $procmux$22_Y [0] $procmux$22_Y [0] $procmux$22_Y [0] $procmux$22_Y [0] $procmux$22_Y [0] $procmux$22_Y [0] $procmux$22_Y [0] $procmux$22_Y [0] $procmux$22_Y [0] $procmux$22_Y [0] $procmux$22_Y [0] $procmux$22_Y [0] $procmux$22_Y [0] $procmux$22_Y [0] $procmux$22_Y [0] $procmux$22_Y [0] $procmux$22_Y [0] $procmux$22_Y [0] $procmux$22_Y [0] $procmux$22_Y [0] $procmux$22_Y [0] $procmux$22_Y [0] $procmux$22_Y [0] $procmux$22_Y [0] $procmux$22_Y [0] $procmux$22_Y [0] $procmux$22_Y [0] $procmux$22_Y [0] $procmux$22_Y [0] $procmux$22_Y [0] $procmux$22_Y [0] $procmux$22_Y [0] $procmux$22_Y [0] $procmux$22_Y [0] $procmux$22_Y [0] $procmux$22_Y [0] $procmux$22_Y [0] $procmux$22_Y [0] $procmux$22_Y [0] $procmux$22_Y [0] $procmux$22_Y [0] $procmux$22_Y [0] $procmux$22_Y [0] $procmux$22_Y [0] $procmux$22_Y [0] $procmux$22_Y [0] $procmux$22_Y [0] $procmux$22_Y [0] $procmux$22_Y [0] $procmux$22_Y [0] $procmux$22_Y [0] $procmux$22_Y [0] $procmux$22_Y [0] $procmux$22_Y [0] $procmux$22_Y [0] $procmux$22_Y [0] $procmux$22_Y [0] $procmux$22_Y [0] $procmux$22_Y [0] $procmux$22_Y [0] $procmux$22_Y [0] $procmux$22_Y [0] $procmux$22_Y [0] $procmux$22_Y [0] $procmux$22_Y [0] $procmux$22_Y [0] $procmux$22_Y [0] $procmux$22_Y [0] $procmux$22_Y [0] $procmux$22_Y [0] $procmux$22_Y [0] $procmux$22_Y [0] $procmux$22_Y [0] $procmux$22_Y [0] $procmux$22_Y [0] $procmux$22_Y [0] $procmux$22_Y [0] $procmux$22_Y [0] $procmux$22_Y [0] $procmux$22_Y [0] $procmux$22_Y [0] $procmux$22_Y [0] $procmux$22_Y [0] $procmux$22_Y [0] $procmux$22_Y [0] $procmux$22_Y [0] $procmux$22_Y [0] $procmux$22_Y [0] $procmux$22_Y [0] $procmux$22_Y [0] $procmux$22_Y [0] $procmux$22_Y [0] $procmux$22_Y [0] $procmux$22_Y [0] $procmux$22_Y [0] $procmux$22_Y [0] $procmux$22_Y [0] $procmux$22_Y [0] $procmux$22_Y [0] $procmux$22_Y [0] $procmux$22_Y [0] $procmux$22_Y [0] $procmux$22_Y [0] $procmux$22_Y [0] $procmux$22_Y [0] $procmux$22_Y [0] $procmux$22_Y [0] $procmux$22_Y [0] $procmux$22_Y [0] $procmux$22_Y [0] $procmux$22_Y [0] $procmux$22_Y [0] $procmux$22_Y [0] $procmux$22_Y [0] $procmux$22_Y [0] $procmux$22_Y [0] $procmux$22_Y [0] $procmux$22_Y [0] $procmux$22_Y [0] $procmux$22_Y [0] $procmux$22_Y [0] $procmux$22_Y [0] $procmux$22_Y [0] $procmux$22_Y [0] $procmux$22_Y [0] $procmux$22_Y [0] $procmux$22_Y [0] $procmux$22_Y [0] $procmux$22_Y [0] $procmux$22_Y [0] $procmux$22_Y [0] $procmux$22_Y [0] $procmux$22_Y [0] $procmux$22_Y [0] $procmux$22_Y [0] $procmux$22_Y [0] $procmux$22_Y [0] $procmux$22_Y [0] $procmux$22_Y [0] $procmux$22_Y [0] $procmux$22_Y [0] $procmux$22_Y [0] $procmux$22_Y [0] $procmux$22_Y [0] $procmux$22_Y [0] $procmux$22_Y [0] $procmux$22_Y [0] $procmux$22_Y [0] $procmux$22_Y [0] $procmux$22_Y [0] $procmux$22_Y [0] $procmux$22_Y [0] $procmux$22_Y [0] $procmux$22_Y [0] $procmux$22_Y [0] $procmux$22_Y [0] $procmux$22_Y [0] $procmux$22_Y [0] $procmux$22_Y [0] $procmux$22_Y [0] $procmux$22_Y [0] $procmux$22_Y [0] $procmux$22_Y [0] $procmux$22_Y [0] $procmux$22_Y [0] $procmux$22_Y [0] $procmux$22_Y [0] $procmux$22_Y [0] $procmux$22_Y [0] $procmux$22_Y [0] $procmux$22_Y [0] $procmux$22_Y [0] $procmux$22_Y [0] $procmux$22_Y [0] $procmux$22_Y [0] $procmux$22_Y [0] $procmux$22_Y [0] $procmux$22_Y [0] $procmux$22_Y [0] $procmux$22_Y [0] $procmux$22_Y [0] $procmux$22_Y [0] $procmux$22_Y [0] $procmux$22_Y [0] $procmux$22_Y [0] $procmux$22_Y [0] $procmux$22_Y [0] $procmux$22_Y [0] $procmux$22_Y [0] $procmux$22_Y [0] $procmux$22_Y [0] $procmux$22_Y [0] $procmux$22_Y [0] $procmux$22_Y [0] }
  Optimizing cells in module \ram.
Performed a total of 2 changes.

4.5. Executing OPT_MERGE pass (detect identical cells).
Finding identical cells in module `\ram'.
Removed a total of 0 cells.

4.6. Executing OPT_DFF pass (perform DFF optimizations).

4.7. Executing OPT_CLEAN pass (remove unused cells and wires).
Finding unused cells or wires in module \ram..
Removed 6 unused cells and 27 unused wires.
<suppressed ~8 debug messages>

4.8. Executing OPT_EXPR pass (perform const folding).
Optimizing module ram.

4.9. Rerunning OPT passes. (Maybe there is more to do..)

4.10. Executing OPT_MUXTREE pass (detect dead branches in mux trees).
Running muxtree optimizer on module \ram..
  Creating internal representation of mux trees.
  Evaluating internal representation of mux trees.
  Analyzing evaluation results.
Removed 0 multiplexer ports.
<suppressed ~6 debug messages>

4.11. Executing OPT_REDUCE pass (consolidate $*mux and $reduce_* inputs).
  Optimizing cells in module \ram.
Performed a total of 0 changes.

4.12. Executing OPT_MERGE pass (detect identical cells).
Finding identical cells in module `\ram'.
Removed a total of 0 cells.

4.13. Executing OPT_DFF pass (perform DFF optimizations).

4.14. Executing OPT_CLEAN pass (remove unused cells and wires).
Finding unused cells or wires in module \ram..

4.15. Executing OPT_EXPR pass (perform const folding).
Optimizing module ram.

4.16. Finished OPT passes. (There is nothing left to do.)

5. Printing statistics.

=== ram ===

   Number of wires:                 19
   Number of wire bits:           2667
   Number of public wires:           9
   Number of public wire bits:    1109
   Number of memories:               1
   Number of memory bits:       262144
   Number of processes:              0
   Number of cells:                 14
     $dff                          512
     $mux                          534
     $reduce_bool                   64

End of script. Logfile hash: e2a8a9c121, CPU: user 0.10s system 0.00s, MEM: 13.61 MB peak
Yosys 0.10+12 (git sha1 72fac04, gcc 7.4.0-1ubuntu1~16.04~ppa1 -fPIC -Os)
Time spent: 27% 2x opt_clean (0 sec), 11% 4x opt_expr (0 sec), ...
