
5. Printing statistics.

=== systolic_data_setup ===

   Number of wires:               1433
   Number of wire bits:          10235
   Number of public wires:        1081
   Number of public wire bits:    9215
   Number of memories:               0
   Number of memory bits:            0
   Number of processes:              0
   Number of cells:               1416
     $add                          160
     $and                         1024
     $dffe                          20
     $eq                           512
     $ge                           144
     $logic_and                     66
     $logic_not                      8
     $logic_or                      66
     $lt                            64
     $mux                           42
     $not                           67
     $reduce_bool                    4
     $reduce_or                      4
     $sdff                        7952
     $sdffe                          2
     $sub                           32

