
5. Printing statistics.

=== fpu ===

   Number of wires:                 91
   Number of wire bits:           1187
   Number of public wires:          63
   Number of public wire bits:     927
   Number of memories:               0
   Number of memory bits:            0
   Number of processes:              0
   Number of cells:                 69
     $add                           32
     $and                           10
     $dff                           76
     $eq                             9
     $le                             7
     $logic_not                      6
     $mux                          133
     $or                             3
     $pmux                          76
     $reduce_or                      4
     $sdff                          80
     $sdffe                        210
     $xor                            1

=== fpu_add ===

   Number of wires:                 59
   Number of wire bits:           1330
   Number of public wires:          34
   Number of public wire bits:     819
   Number of memories:               0
   Number of memory bits:            0
   Number of processes:              0
   Number of cells:                 51
     $add                          120
     $and                            2
     $gt                            75
     $logic_and                      1
     $logic_not                      5
     $mux                          302
     $or                             1
     $reduce_or                    108
     $sdffe                        621
     $shr                           56
     $sub                           22

=== fpu_div ===

   Number of wires:                239
   Number of wire bits:           3751
   Number of public wires:          82
   Number of public wire bits:    2168
   Number of memories:               0
   Number of memory bits:            0
   Number of processes:              0
   Number of cells:                219
     $add                           56
     $and                          109
     $eq                          2766
     $gt                           110
     $logic_not                    178
     $mux                          906
     $ne                             2
     $not                           55
     $or                            54
     $pmux                          12
     $reduce_bool                    2
     $reduce_or                    156
     $sdff                         128
     $sdffe                        864
     $shl                          320
     $shr                           52
     $sub                          238
     $xor                            1

=== fpu_exceptions ===

   Number of wires:                199
   Number of wire bits:           1349
   Number of public wires:          75
   Number of public wire bits:     850
   Number of memories:               0
   Number of memory bits:            0
   Number of processes:              0
   Number of cells:                186
     $and                           53
     $eq                            37
     $gt                            32
     $logic_not                     21
     $mux                          381
     $or                            31
     $reduce_or                    295
     $sdffe                        561

=== fpu_mul ===

   Number of wires:                267
   Number of wire bits:           3587
   Number of public wires:          58
   Number of public wire bits:    1940
   Number of memories:               0
   Number of memory bits:            0
   Number of processes:              0
   Number of cells:                260
     $add                          355
     $and                           53
     $dlatch                         6
     $eq                          1430
     $gt                            44
     $logic_not                     92
     $mul                          342
     $mux                          354
     $not                           54
     $or                             1
     $pmux                           6
     $reduce_or                    200
     $sdffe                       1735
     $shl                          212
     $shr                          106
     $sub                           76
     $xor                            1

=== fpu_round ===

   Number of wires:                 34
   Number of wire bits:            644
   Number of public wires:          22
   Number of public wire bits:     394
   Number of memories:               0
   Number of memory bits:            0
   Number of processes:              0
   Number of cells:                 25
     $add                           88
     $and                            6
     $eq                             4
     $logic_not                      3
     $mux                          156
     $or                             2
     $reduce_or                      2
     $sdff                         256

=== fpu_sub ===

   Number of wires:                135
   Number of wire bits:           1596
   Number of public wires:          41
   Number of public wire bits:     888
   Number of memories:               0
   Number of memory bits:            0
   Number of processes:              0
   Number of cells:                128
     $and                            3
     $eq                          1557
     $ge                            52
     $gt                            86
     $logic_and                      1
     $logic_not                     75
     $mux                          357
     $not                            1
     $or                             2
     $pmux                           7
     $reduce_or                    107
     $sdffe                        685
     $shl                          110
     $shr                           55
     $sub                          109
     $xor                            1

=== design hierarchy ===

   fpu                               1
     fpu_add                         0
     fpu_div                         0
     fpu_exceptions                  0
     fpu_mul                         0
     fpu_round                       0
     fpu_sub                         0

   Number of wires:                 91
   Number of wire bits:           1187
   Number of public wires:          63
   Number of public wire bits:     927
   Number of memories:               0
   Number of memory bits:            0
   Number of processes:              0
   Number of cells:                 69
     $add                           32
     $and                           10
     $dff                           76
     $eq                             9
     $le                             7
     $logic_not                      6
     $mux                          133
     $or                             3
     $pmux                          76
     $reduce_or                      4
     $sdff                          80
     $sdffe                        210
     $xor                            1

