
5. Printing statistics.

=== $paramod$f39658601130dabd5995c2537a5ec6c66075ff2e\gng_ctg ===

   Number of wires:                 13
   Number of wire bits:            580
   Number of public wires:          11
   Number of public wire bits:     452
   Number of memories:               0
   Number of memory bits:            0
   Number of processes:              0
   Number of cells:                 10
     $sdff                          65
     $sdffe                        192
     $xor                          188

=== gng ===

   Number of wires:                  7
   Number of wire bits:             85
   Number of public wires:           7
   Number of public wire bits:      85
   Number of memories:               0
   Number of memory bits:            0
   Number of processes:              0
   Number of cells:                  2

=== gng_coef ===

   Number of wires:                254
   Number of wire bits:            363
   Number of public wires:           6
   Number of public wire bits:     115
   Number of memories:               0
   Number of memory bits:            0
   Number of processes:              0
   Number of cells:                252
     $dff                           53
     $eq                          1976
     $logic_not                      8
     $pmux                          53

=== gng_interp ===

   Number of wires:                 56
   Number of wire bits:            640
   Number of public wires:          33
   Number of public wire bits:     513
   Number of memories:               0
   Number of memory bits:            0
   Number of processes:              0
   Number of cells:                 48
     $add                           50
     $and                           15
     $dff                          211
     $eq                            90
     $mux                           16
     $not                           15
     $pmux                          15
     $reduce_and                     2
     $sdff                          64

=== gng_lzd ===

   Number of wires:                 71
   Number of wire bits:            313
   Number of public wires:          71
   Number of public wire bits:     313
   Number of memories:               0
   Number of memory bits:            0
   Number of processes:              0
   Number of cells:                147
     $mux                           56
     $not                           61
     $or                            56

=== gng_smul_16_18 ===

   Number of wires:                  8
   Number of wire bits:            171
   Number of public wires:           7
   Number of public wire bits:     137
   Number of memories:               0
   Number of memory bits:            0
   Number of processes:              0
   Number of cells:                  4
     $dff                           68
     $mul                           34

=== gng_smul_16_18_sadd_37 ===

   Number of wires:                 12
   Number of wire bits:            325
   Number of public wires:          11
   Number of public wire bits:     291
   Number of memories:               0
   Number of memory bits:            0
   Number of processes:              0
   Number of cells:                  7
     $add                           38
     $dff                          143
     $mul                           34

=== design hierarchy ===

   gng                               1
     $paramod$f39658601130dabd5995c2537a5ec6c66075ff2e\gng_ctg      0
     gng_interp                      0
       gng_coef                      0
       gng_lzd                       0
       gng_smul_16_18                0
       gng_smul_16_18_sadd_37        0

   Number of wires:                  7
   Number of wire bits:             85
   Number of public wires:           7
   Number of public wire bits:      85
   Number of memories:               0
   Number of memory bits:            0
   Number of processes:              0
   Number of cells:                  2

