
5. Printing statistics.

=== cr_div ===

   Number of wires:                 65
   Number of wire bits:           1089
   Number of public wires:          15
   Number of public wire bits:     273
   Number of memories:               2
   Number of memory bits:         4096
   Number of processes:              0
   Number of cells:                 61
     $dffe                          72
     $eq                            76
     $le                            32
     $logic_not                      8
     $mul                           96
     $mux                          505
     $ne                             6
     $not                            1
     $pmux                          67
     $reduce_and                    11
     $reduce_bool                   10
     $sdffe                          3
     $sub                           72

