
5. Printing statistics.

=== or1200_sprs ===

   Number of wires:                142
   Number of wire bits:           1496
   Number of public wires:          59
   Number of public wire bits:     871
   Number of memories:               0
   Number of memory bits:            0
   Number of processes:              0
   Number of cells:                114
     $and                          296
     $eq                           238
     $logic_and                     13
     $logic_not                     12
     $mux                          204
     $not                            1
     $or                           263
     $pmux                          64
     $reduce_and                     2
     $reduce_or                      2
     $sdffe                         16

