
5. Printing statistics.

=== state_machine ===

   Number of wires:                 37
   Number of wire bits:            229
   Number of public wires:          10
   Number of public wire bits:      65
   Number of memories:               0
   Number of memory bits:            0
   Number of processes:              0
   Number of cells:                 33
     $add                           52
     $adff                          50
     $adffe                          2
     $eq                             4
     $logic_not                      2
     $mux                           40
     $ne                            10
     $not                            1
     $pmux                          32
     $reduce_and                     2
     $reduce_bool                    2
     $reduce_or                      6
     $sub                           30

