
5. Printing statistics.

=== input_logic ===

   Number of wires:                 82
   Number of wire bits:            733
   Number of public wires:          27
   Number of public wire bits:     367
   Number of memories:               0
   Number of memory bits:            0
   Number of processes:              0
   Number of cells:                 71
     $add                          160
     $and                          256
     $dffe                          20
     $eq                            64
     $ge                            64
     $le                            32
     $logic_and                      8
     $logic_or                       7
     $mux                           42
     $not                           10
     $reduce_bool                    2
     $reduce_or                      2
     $sdff                          16
     $sdffe                          9

