
5. Printing statistics.

=== sBox ===

   Number of wires:                  5
   Number of wire bits:             98
   Number of public wires:           5
   Number of public wire bits:      98
   Number of memories:               0
   Number of memory bits:            0
   Number of processes:              0
   Number of cells:                  4

=== sBox_8 ===

   Number of wires:                244
   Number of wire bits:            490
   Number of public wires:         130
   Number of public wire bits:     340
   Number of memories:               0
   Number of memory bits:            0
   Number of processes:              0
   Number of cells:                163
     $and                           34
     $dff                           12
     $mux                            8
     $not                           66
     $or                             6
     $reduce_xor                    24
     $xnor                          13
     $xor                           81

=== design hierarchy ===

   sBox                              1
     sBox_8                          0

   Number of wires:                  5
   Number of wire bits:             98
   Number of public wires:           5
   Number of public wire bits:      98
   Number of memories:               0
   Number of memory bits:            0
   Number of processes:              0
   Number of cells:                  4

