
5. Printing statistics.

=== corr ===

   Number of wires:                 13
   Number of wire bits:            146
   Number of public wires:          10
   Number of public wire bits:      98
   Number of memories:               0
   Number of memory bits:            0
   Number of processes:              0
   Number of cells:                  7
     $add                           16
     $dff                           48
     $dffe                          16
     $mul                           32

=== sh_reg ===

   Number of wires:                  6
   Number of wire bits:             34
   Number of public wires:           6
   Number of public wire bits:      34
   Number of memories:               0
   Number of memory bits:            0
   Number of processes:              0
   Number of cells:                  2
     $dffe                          16

=== wrapper_corr_20 ===

   Number of wires:                 92
   Number of wire bits:           1058
   Number of public wires:          92
   Number of public wire bits:    1058
   Number of memories:               0
   Number of memory bits:            0
   Number of processes:              0
   Number of cells:                 64
     $dffe                         336

=== design hierarchy ===

   wrapper_corr_20                   1
     corr                            0
     sh_reg                          0

   Number of wires:                 92
   Number of wire bits:           1058
   Number of public wires:          92
   Number of public wire bits:    1058
   Number of memories:               0
   Number of memory bits:            0
   Number of processes:              0
   Number of cells:                 64
     $dffe                         336

