
5. Printing statistics.

=== cfg ===

   Number of wires:                125
   Number of wire bits:            677
   Number of public wires:          50
   Number of public wire bits:     508
   Number of memories:               0
   Number of memory bits:            0
   Number of processes:              0
   Number of cells:                117
     $eq                           172
     $logic_and                      4
     $logic_not                     11
     $mux                           38
     $ne                             7
     $not                            1
     $pmux                          66
     $reduce_and                    79
     $reduce_bool                    7
     $reduce_or                     22
     $sdffe                        462

