
5. Printing statistics.

=== matmul_32x32_systolic ===

   Number of wires:               1256
   Number of wire bits:          12097
   Number of public wires:        1249
   Number of public wire bits:   12059
   Number of memories:               0
   Number of memory bits:            0
   Number of processes:              0
   Number of cells:                 76
     $add                           32
     $eq                             8
     $logic_not                     16
     $logic_or                       1
     $mux                          513
     $not                            1
     $sdff                           9

=== output_logic ===

   Number of wires:               1227
   Number of wire bits:          49758
   Number of public wires:        1071
   Number of public wire bits:   16732
   Number of memories:               0
   Number of memory bits:            0
   Number of processes:              0
   Number of cells:                193
     $add                           48
     $dffe                          10
     $eq                             8
     $ge                            32
     $mux                        32952
     $ne                             5
     $not                            1
     $or                             1
     $reduce_and                     5
     $reduce_bool                   11
     $sdffe                       8226
     $sub                           16

=== processing_element ===

   Number of wires:                  8
   Number of wire bits:             50
   Number of public wires:           8
   Number of public wire bits:      50
   Number of memories:               0
   Number of memory bits:            0
   Number of processes:              0
   Number of cells:                  3
     $sdff                          16

=== qadd ===

   Number of wires:                  3
   Number of wire bits:             48
   Number of public wires:           3
   Number of public wire bits:      48
   Number of memories:               0
   Number of memory bits:            0
   Number of processes:              0
   Number of cells:                  1
     $add                           16

=== qmult ===

   Number of wires:                  3
   Number of wire bits:             32
   Number of public wires:           3
   Number of public wire bits:      32
   Number of memories:               0
   Number of memory bits:            0
   Number of processes:              0
   Number of cells:                  1
     $mul                           16

=== seq_mac ===

   Number of wires:                 14
   Number of wire bits:            123
   Number of public wires:          11
   Number of public wire bits:     106
   Number of memories:               0
   Number of memory bits:            0
   Number of processes:              0
   Number of cells:                 10
     $dff                           48
     $mux                           24
     $reduce_or                      8

=== systolic_data_setup ===

   Number of wires:               1433
   Number of wire bits:          10235
   Number of public wires:        1081
   Number of public wire bits:    9215
   Number of memories:               0
   Number of memory bits:            0
   Number of processes:              0
   Number of cells:               1416
     $add                          160
     $and                         1024
     $dffe                          20
     $eq                           512
     $ge                           144
     $logic_and                     66
     $logic_not                      8
     $logic_or                      66
     $lt                            64
     $mux                           42
     $not                           67
     $reduce_bool                    4
     $reduce_or                      4
     $sdff                        7952
     $sdffe                          2
     $sub                           32

=== systolic_pe_matrix ===

   Number of wires:               3142
   Number of wire bits:          25604
   Number of public wires:        3142
   Number of public wire bits:   25604
   Number of memories:               0
   Number of memory bits:            0
   Number of processes:              0
   Number of cells:               1025
     $or                             1

=== design hierarchy ===

   matmul_32x32_systolic             1
     output_logic                    0
     systolic_data_setup             0
     systolic_pe_matrix              0
       processing_element            0
         seq_mac                     0
           qadd                      0
           qmult                     0

   Number of wires:               1256
   Number of wire bits:          12097
   Number of public wires:        1249
   Number of public wire bits:   12059
   Number of memories:               0
   Number of memory bits:            0
   Number of processes:              0
   Number of cells:                 76
     $add                           32
     $eq                             8
     $logic_not                     16
     $logic_or                       1
     $mux                          513
     $not                            1
     $sdff                           9

