
5. Printing statistics.

=== output_logic ===

   Number of wires:                 90
   Number of wire bits:           2337
   Number of public wires:          40
   Number of public wire bits:     925
   Number of memories:               0
   Number of memory bits:            0
   Number of processes:              0
   Number of cells:                 59
     $add                          112
     $dffe                          10
     $eq                            64
     $ge                            32
     $mux                         1209
     $ne                             5
     $not                            1
     $or                             1
     $reduce_and                     5
     $reduce_bool                   11
     $sdffe                        290
     $sub                           80

