
5. Printing statistics.

=== $paramod\fht_bfly\N=s32'00000000000000000000000000001001 ===

   Number of wires:                234
   Number of wire bits:            521
   Number of public wires:         150
   Number of public wire bits:     414
   Number of memories:               0
   Number of memory bits:            0
   Number of processes:              0
   Number of cells:                107
     $and                           41
     $eq                             2
     $mux                            2
     $not                           10
     $or                            16
     $sdffe                         18
     $xor                           42

=== $paramod\fht_bfly\N=s32'00000000000000000000000000001010 ===

   Number of wires:                258
   Number of wire bits:            569
   Number of public wires:         164
   Number of public wire bits:     449
   Number of memories:               0
   Number of memory bits:            0
   Number of processes:              0
   Number of cells:                119
     $and                           46
     $eq                             2
     $mux                            2
     $not                           11
     $or                            18
     $sdffe                         20
     $xor                           47

=== $paramod\fht_bfly_noFF\N=s32'00000000000000000000000000001000 ===

   Number of wires:                205
   Number of wire bits:            454
   Number of public wires:         131
   Number of public wire bits:     360
   Number of memories:               0
   Number of memory bits:            0
   Number of processes:              0
   Number of cells:                 93
     $and                           36
     $eq                             2
     $mux                            2
     $not                            9
     $or                            14
     $xor                           37

=== fht_1d_x8 ===

   Number of wires:                 93
   Number of wire bits:            730
   Number of public wires:          70
   Number of public wire bits:     536
   Number of memories:               0
   Number of memory bits:            0
   Number of processes:              0
   Number of cells:                 66
     $add                           32
     $adff                          27
     $adffe                        219
     $and                           88
     $eq                             3
     $logic_and                      1
     $mux                            1
     $or                            84

=== design hierarchy ===

   fht_1d_x8                         1
     $paramod\fht_bfly\N=s32'00000000000000000000000000001001      0
     $paramod\fht_bfly\N=s32'00000000000000000000000000001010      0
     $paramod\fht_bfly_noFF\N=s32'00000000000000000000000000001000      0

   Number of wires:                 93
   Number of wire bits:            730
   Number of public wires:          70
   Number of public wire bits:     536
   Number of memories:               0
   Number of memory bits:            0
   Number of processes:              0
   Number of cells:                 66
     $add                           32
     $adff                          27
     $adffe                        219
     $and                           88
     $eq                             3
     $logic_and                      1
     $mux                            1
     $or                            84

