
 /----------------------------------------------------------------------------\
 |                                                                            |
 |  yosys -- Yosys Open SYnthesis Suite                                       |
 |                                                                            |
 |  Copyright (C) 2012 - 2020  Claire Xenia Wolf <claire@yosyshq.com>         |
 |                                                                            |
 |  Permission to use, copy, modify, and/or distribute this software for any  |
 |  purpose with or without fee is hereby granted, provided that the above    |
 |  copyright notice and this permission notice appear in all copies.         |
 |                                                                            |
 |  THE SOFTWARE IS PROVIDED "AS IS" AND THE AUTHOR DISCLAIMS ALL WARRANTIES  |
 |  WITH REGARD TO THIS SOFTWARE INCLUDING ALL IMPLIED WARRANTIES OF          |
 |  MERCHANTABILITY AND FITNESS. IN NO EVENT SHALL THE AUTHOR BE LIABLE FOR   |
 |  ANY SPECIAL, DIRECT, INDIRECT, OR CONSEQUENTIAL DAMAGES OR ANY DAMAGES    |
 |  WHATSOEVER RESULTING FROM LOSS OF USE, DATA OR PROFITS, WHETHER IN AN     |
 |  ACTION OF CONTRACT, NEGLIGENCE OR OTHER TORTIOUS ACTION, ARISING OUT OF   |
 |  OR IN CONNECTION WITH THE USE OR PERFORMANCE OF THIS SOFTWARE.            |
 |                                                                            |
 \----------------------------------------------------------------------------/

 Yosys 0.10+12 (git sha1 72fac04, gcc 7.4.0-1ubuntu1~16.04~ppa1 -fPIC -Os)


-- Executing script file `out.ys' --

1. Executing Verilog-2005 frontend: /home/zhigang/raw_data/raw_designs/vtr_designs/verilog/koios/tiny_darknet_like.medium_submodules/td_fused_top_tdf4_readInputs37.v
Parsing SystemVerilog input from `/home/zhigang/raw_data/raw_designs/vtr_designs/verilog/koios/tiny_darknet_like.medium_submodules/td_fused_top_tdf4_readInputs37.v' to AST representation.
Generating RTLIL representation for module `\td_fused_top_tdf4_readInputs37'.
Successfully finished Verilog frontend.

2. Executing HIERARCHY pass (managing design hierarchy).

2.1. Finding top of design hierarchy..
root of   0 design levels: td_fused_top_tdf4_readInputs37
Automatically selected td_fused_top_tdf4_readInputs37 as design top module.

2.2. Analyzing design hierarchy..
Top module:  \td_fused_top_tdf4_readInputs37

2.3. Analyzing design hierarchy..
Top module:  \td_fused_top_tdf4_readInputs37
Removed 0 unused modules.

3. Executing PROC pass (convert processes to netlists).

3.1. Executing PROC_CLEAN pass (remove empty switches from decision trees).
Found and cleaned up 1 empty switch in `\td_fused_top_tdf4_readInputs37.$proc$/home/zhigang/raw_data/raw_designs/vtr_designs/verilog/koios/tiny_darknet_like.medium_submodules/td_fused_top_tdf4_readInputs37.v:340$14'.
Cleaned up 1 empty switch.

3.2. Executing PROC_RMDEAD pass (remove dead branches from decision trees).
Marked 4 switch rules as full_case in process $proc$/home/zhigang/raw_data/raw_designs/vtr_designs/verilog/koios/tiny_darknet_like.medium_submodules/td_fused_top_tdf4_readInputs37.v:685$287 in module td_fused_top_tdf4_readInputs37.
Marked 1 switch rules as full_case in process $proc$/home/zhigang/raw_data/raw_designs/vtr_designs/verilog/koios/tiny_darknet_like.medium_submodules/td_fused_top_tdf4_readInputs37.v:677$272 in module td_fused_top_tdf4_readInputs37.
Marked 1 switch rules as full_case in process $proc$/home/zhigang/raw_data/raw_designs/vtr_designs/verilog/koios/tiny_darknet_like.medium_submodules/td_fused_top_tdf4_readInputs37.v:669$257 in module td_fused_top_tdf4_readInputs37.
Marked 1 switch rules as full_case in process $proc$/home/zhigang/raw_data/raw_designs/vtr_designs/verilog/koios/tiny_darknet_like.medium_submodules/td_fused_top_tdf4_readInputs37.v:661$250 in module td_fused_top_tdf4_readInputs37.
Marked 1 switch rules as full_case in process $proc$/home/zhigang/raw_data/raw_designs/vtr_designs/verilog/koios/tiny_darknet_like.medium_submodules/td_fused_top_tdf4_readInputs37.v:653$243 in module td_fused_top_tdf4_readInputs37.
Marked 1 switch rules as full_case in process $proc$/home/zhigang/raw_data/raw_designs/vtr_designs/verilog/koios/tiny_darknet_like.medium_submodules/td_fused_top_tdf4_readInputs37.v:645$228 in module td_fused_top_tdf4_readInputs37.
Marked 1 switch rules as full_case in process $proc$/home/zhigang/raw_data/raw_designs/vtr_designs/verilog/koios/tiny_darknet_like.medium_submodules/td_fused_top_tdf4_readInputs37.v:637$213 in module td_fused_top_tdf4_readInputs37.
Marked 1 switch rules as full_case in process $proc$/home/zhigang/raw_data/raw_designs/vtr_designs/verilog/koios/tiny_darknet_like.medium_submodules/td_fused_top_tdf4_readInputs37.v:629$206 in module td_fused_top_tdf4_readInputs37.
Marked 1 switch rules as full_case in process $proc$/home/zhigang/raw_data/raw_designs/vtr_designs/verilog/koios/tiny_darknet_like.medium_submodules/td_fused_top_tdf4_readInputs37.v:621$199 in module td_fused_top_tdf4_readInputs37.
Marked 1 switch rules as full_case in process $proc$/home/zhigang/raw_data/raw_designs/vtr_designs/verilog/koios/tiny_darknet_like.medium_submodules/td_fused_top_tdf4_readInputs37.v:613$195 in module td_fused_top_tdf4_readInputs37.
Marked 1 switch rules as full_case in process $proc$/home/zhigang/raw_data/raw_designs/vtr_designs/verilog/koios/tiny_darknet_like.medium_submodules/td_fused_top_tdf4_readInputs37.v:605$189 in module td_fused_top_tdf4_readInputs37.
Marked 1 switch rules as full_case in process $proc$/home/zhigang/raw_data/raw_designs/vtr_designs/verilog/koios/tiny_darknet_like.medium_submodules/td_fused_top_tdf4_readInputs37.v:597$185 in module td_fused_top_tdf4_readInputs37.
Marked 1 switch rules as full_case in process $proc$/home/zhigang/raw_data/raw_designs/vtr_designs/verilog/koios/tiny_darknet_like.medium_submodules/td_fused_top_tdf4_readInputs37.v:589$179 in module td_fused_top_tdf4_readInputs37.
Marked 1 switch rules as full_case in process $proc$/home/zhigang/raw_data/raw_designs/vtr_designs/verilog/koios/tiny_darknet_like.medium_submodules/td_fused_top_tdf4_readInputs37.v:581$175 in module td_fused_top_tdf4_readInputs37.
Marked 1 switch rules as full_case in process $proc$/home/zhigang/raw_data/raw_designs/vtr_designs/verilog/koios/tiny_darknet_like.medium_submodules/td_fused_top_tdf4_readInputs37.v:573$169 in module td_fused_top_tdf4_readInputs37.
Marked 1 switch rules as full_case in process $proc$/home/zhigang/raw_data/raw_designs/vtr_designs/verilog/koios/tiny_darknet_like.medium_submodules/td_fused_top_tdf4_readInputs37.v:565$165 in module td_fused_top_tdf4_readInputs37.
Marked 1 switch rules as full_case in process $proc$/home/zhigang/raw_data/raw_designs/vtr_designs/verilog/koios/tiny_darknet_like.medium_submodules/td_fused_top_tdf4_readInputs37.v:557$159 in module td_fused_top_tdf4_readInputs37.
Marked 1 switch rules as full_case in process $proc$/home/zhigang/raw_data/raw_designs/vtr_designs/verilog/koios/tiny_darknet_like.medium_submodules/td_fused_top_tdf4_readInputs37.v:549$155 in module td_fused_top_tdf4_readInputs37.
Marked 1 switch rules as full_case in process $proc$/home/zhigang/raw_data/raw_designs/vtr_designs/verilog/koios/tiny_darknet_like.medium_submodules/td_fused_top_tdf4_readInputs37.v:541$153 in module td_fused_top_tdf4_readInputs37.
Marked 1 switch rules as full_case in process $proc$/home/zhigang/raw_data/raw_designs/vtr_designs/verilog/koios/tiny_darknet_like.medium_submodules/td_fused_top_tdf4_readInputs37.v:533$145 in module td_fused_top_tdf4_readInputs37.
Marked 1 switch rules as full_case in process $proc$/home/zhigang/raw_data/raw_designs/vtr_designs/verilog/koios/tiny_darknet_like.medium_submodules/td_fused_top_tdf4_readInputs37.v:525$137 in module td_fused_top_tdf4_readInputs37.
Marked 1 switch rules as full_case in process $proc$/home/zhigang/raw_data/raw_designs/vtr_designs/verilog/koios/tiny_darknet_like.medium_submodules/td_fused_top_tdf4_readInputs37.v:517$129 in module td_fused_top_tdf4_readInputs37.
Marked 1 switch rules as full_case in process $proc$/home/zhigang/raw_data/raw_designs/vtr_designs/verilog/koios/tiny_darknet_like.medium_submodules/td_fused_top_tdf4_readInputs37.v:509$125 in module td_fused_top_tdf4_readInputs37.
Marked 1 switch rules as full_case in process $proc$/home/zhigang/raw_data/raw_designs/vtr_designs/verilog/koios/tiny_darknet_like.medium_submodules/td_fused_top_tdf4_readInputs37.v:501$123 in module td_fused_top_tdf4_readInputs37.
Marked 1 switch rules as full_case in process $proc$/home/zhigang/raw_data/raw_designs/vtr_designs/verilog/koios/tiny_darknet_like.medium_submodules/td_fused_top_tdf4_readInputs37.v:493$117 in module td_fused_top_tdf4_readInputs37.
Marked 1 switch rules as full_case in process $proc$/home/zhigang/raw_data/raw_designs/vtr_designs/verilog/koios/tiny_darknet_like.medium_submodules/td_fused_top_tdf4_readInputs37.v:485$113 in module td_fused_top_tdf4_readInputs37.
Marked 1 switch rules as full_case in process $proc$/home/zhigang/raw_data/raw_designs/vtr_designs/verilog/koios/tiny_darknet_like.medium_submodules/td_fused_top_tdf4_readInputs37.v:398$58 in module td_fused_top_tdf4_readInputs37.
Marked 1 switch rules as full_case in process $proc$/home/zhigang/raw_data/raw_designs/vtr_designs/verilog/koios/tiny_darknet_like.medium_submodules/td_fused_top_tdf4_readInputs37.v:390$49 in module td_fused_top_tdf4_readInputs37.
Marked 1 switch rules as full_case in process $proc$/home/zhigang/raw_data/raw_designs/vtr_designs/verilog/koios/tiny_darknet_like.medium_submodules/td_fused_top_tdf4_readInputs37.v:382$40 in module td_fused_top_tdf4_readInputs37.
Marked 1 switch rules as full_case in process $proc$/home/zhigang/raw_data/raw_designs/vtr_designs/verilog/koios/tiny_darknet_like.medium_submodules/td_fused_top_tdf4_readInputs37.v:374$31 in module td_fused_top_tdf4_readInputs37.
Marked 1 switch rules as full_case in process $proc$/home/zhigang/raw_data/raw_designs/vtr_designs/verilog/koios/tiny_darknet_like.medium_submodules/td_fused_top_tdf4_readInputs37.v:366$22 in module td_fused_top_tdf4_readInputs37.
Marked 2 switch rules as full_case in process $proc$/home/zhigang/raw_data/raw_designs/vtr_designs/verilog/koios/tiny_darknet_like.medium_submodules/td_fused_top_tdf4_readInputs37.v:354$18 in module td_fused_top_tdf4_readInputs37.
Marked 2 switch rules as full_case in process $proc$/home/zhigang/raw_data/raw_designs/vtr_designs/verilog/koios/tiny_darknet_like.medium_submodules/td_fused_top_tdf4_readInputs37.v:340$14 in module td_fused_top_tdf4_readInputs37.
Marked 1 switch rules as full_case in process $proc$/home/zhigang/raw_data/raw_designs/vtr_designs/verilog/koios/tiny_darknet_like.medium_submodules/td_fused_top_tdf4_readInputs37.v:330$11 in module td_fused_top_tdf4_readInputs37.
Marked 2 switch rules as full_case in process $proc$/home/zhigang/raw_data/raw_designs/vtr_designs/verilog/koios/tiny_darknet_like.medium_submodules/td_fused_top_tdf4_readInputs37.v:318$7 in module td_fused_top_tdf4_readInputs37.
Marked 2 switch rules as full_case in process $proc$/home/zhigang/raw_data/raw_designs/vtr_designs/verilog/koios/tiny_darknet_like.medium_submodules/td_fused_top_tdf4_readInputs37.v:306$3 in module td_fused_top_tdf4_readInputs37.
Marked 1 switch rules as full_case in process $proc$/home/zhigang/raw_data/raw_designs/vtr_designs/verilog/koios/tiny_darknet_like.medium_submodules/td_fused_top_tdf4_readInputs37.v:298$1 in module td_fused_top_tdf4_readInputs37.
Removed a total of 0 dead cases.

3.3. Executing PROC_PRUNE pass (remove redundant assignments in processes).
Removed 1 redundant assignment.
Promoted 34 assignments to connections.

3.4. Executing PROC_INIT pass (extract init attributes).
Found init rule in `\td_fused_top_tdf4_readInputs37.$proc$/home/zhigang/raw_data/raw_designs/vtr_designs/verilog/koios/tiny_darknet_like.medium_submodules/td_fused_top_tdf4_readInputs37.v:0$441'.
  Set init value: \ap_done_reg = 1'0
  Set init value: \ap_CS_fsm = 4'0001
  Set init value: \ap_enable_reg_pp0_iter0 = 1'0
  Set init value: \ap_enable_reg_pp0_iter1 = 1'0
  Set init value: \ap_enable_reg_pp0_iter2 = 1'0
  Set init value: \ap_enable_reg_pp0_iter3 = 1'0

3.5. Executing PROC_ARST pass (detect async resets in processes).

3.6. Executing PROC_MUX pass (convert decision trees to multiplexers).
Creating decoders for process `\td_fused_top_tdf4_readInputs37.$proc$/home/zhigang/raw_data/raw_designs/vtr_designs/verilog/koios/tiny_darknet_like.medium_submodules/td_fused_top_tdf4_readInputs37.v:0$441'.
Creating decoders for process `\td_fused_top_tdf4_readInputs37.$proc$/home/zhigang/raw_data/raw_designs/vtr_designs/verilog/koios/tiny_darknet_like.medium_submodules/td_fused_top_tdf4_readInputs37.v:967$440'.
Creating decoders for process `\td_fused_top_tdf4_readInputs37.$proc$/home/zhigang/raw_data/raw_designs/vtr_designs/verilog/koios/tiny_darknet_like.medium_submodules/td_fused_top_tdf4_readInputs37.v:749$344'.
Creating decoders for process `\td_fused_top_tdf4_readInputs37.$proc$/home/zhigang/raw_data/raw_designs/vtr_designs/verilog/koios/tiny_darknet_like.medium_submodules/td_fused_top_tdf4_readInputs37.v:685$287'.
     1/4: $4\ap_NS_fsm[3:0]
     2/4: $3\ap_NS_fsm[3:0]
     3/4: $2\ap_NS_fsm[3:0]
     4/4: $1\ap_NS_fsm[3:0]
Creating decoders for process `\td_fused_top_tdf4_readInputs37.$proc$/home/zhigang/raw_data/raw_designs/vtr_designs/verilog/koios/tiny_darknet_like.medium_submodules/td_fused_top_tdf4_readInputs37.v:677$272'.
     1/1: $1\indices_12_read[0:0]
Creating decoders for process `\td_fused_top_tdf4_readInputs37.$proc$/home/zhigang/raw_data/raw_designs/vtr_designs/verilog/koios/tiny_darknet_like.medium_submodules/td_fused_top_tdf4_readInputs37.v:669$257'.
     1/1: $1\indices_12_out_write[0:0]
Creating decoders for process `\td_fused_top_tdf4_readInputs37.$proc$/home/zhigang/raw_data/raw_designs/vtr_designs/verilog/koios/tiny_darknet_like.medium_submodules/td_fused_top_tdf4_readInputs37.v:661$250'.
     1/1: $1\indices_12_out_blk_n[0:0]
Creating decoders for process `\td_fused_top_tdf4_readInputs37.$proc$/home/zhigang/raw_data/raw_designs/vtr_designs/verilog/koios/tiny_darknet_like.medium_submodules/td_fused_top_tdf4_readInputs37.v:653$243'.
     1/1: $1\indices_12_blk_n[0:0]
Creating decoders for process `\td_fused_top_tdf4_readInputs37.$proc$/home/zhigang/raw_data/raw_designs/vtr_designs/verilog/koios/tiny_darknet_like.medium_submodules/td_fused_top_tdf4_readInputs37.v:645$228'.
     1/1: $1\indices_01_read[0:0]
Creating decoders for process `\td_fused_top_tdf4_readInputs37.$proc$/home/zhigang/raw_data/raw_designs/vtr_designs/verilog/koios/tiny_darknet_like.medium_submodules/td_fused_top_tdf4_readInputs37.v:637$213'.
     1/1: $1\indices_01_out_write[0:0]
Creating decoders for process `\td_fused_top_tdf4_readInputs37.$proc$/home/zhigang/raw_data/raw_designs/vtr_designs/verilog/koios/tiny_darknet_like.medium_submodules/td_fused_top_tdf4_readInputs37.v:629$206'.
     1/1: $1\indices_01_out_blk_n[0:0]
Creating decoders for process `\td_fused_top_tdf4_readInputs37.$proc$/home/zhigang/raw_data/raw_designs/vtr_designs/verilog/koios/tiny_darknet_like.medium_submodules/td_fused_top_tdf4_readInputs37.v:621$199'.
     1/1: $1\indices_01_blk_n[0:0]
Creating decoders for process `\td_fused_top_tdf4_readInputs37.$proc$/home/zhigang/raw_data/raw_designs/vtr_designs/verilog/koios/tiny_darknet_like.medium_submodules/td_fused_top_tdf4_readInputs37.v:613$195'.
     1/1: $1\in_data_ce0[0:0]
Creating decoders for process `\td_fused_top_tdf4_readInputs37.$proc$/home/zhigang/raw_data/raw_designs/vtr_designs/verilog/koios/tiny_darknet_like.medium_submodules/td_fused_top_tdf4_readInputs37.v:605$189'.
     1/1: $1\ifmap_vec_3_we0[0:0]
Creating decoders for process `\td_fused_top_tdf4_readInputs37.$proc$/home/zhigang/raw_data/raw_designs/vtr_designs/verilog/koios/tiny_darknet_like.medium_submodules/td_fused_top_tdf4_readInputs37.v:597$185'.
     1/1: $1\ifmap_vec_3_ce0[0:0]
Creating decoders for process `\td_fused_top_tdf4_readInputs37.$proc$/home/zhigang/raw_data/raw_designs/vtr_designs/verilog/koios/tiny_darknet_like.medium_submodules/td_fused_top_tdf4_readInputs37.v:589$179'.
     1/1: $1\ifmap_vec_2_we0[0:0]
Creating decoders for process `\td_fused_top_tdf4_readInputs37.$proc$/home/zhigang/raw_data/raw_designs/vtr_designs/verilog/koios/tiny_darknet_like.medium_submodules/td_fused_top_tdf4_readInputs37.v:581$175'.
     1/1: $1\ifmap_vec_2_ce0[0:0]
Creating decoders for process `\td_fused_top_tdf4_readInputs37.$proc$/home/zhigang/raw_data/raw_designs/vtr_designs/verilog/koios/tiny_darknet_like.medium_submodules/td_fused_top_tdf4_readInputs37.v:573$169'.
     1/1: $1\ifmap_vec_1_we0[0:0]
Creating decoders for process `\td_fused_top_tdf4_readInputs37.$proc$/home/zhigang/raw_data/raw_designs/vtr_designs/verilog/koios/tiny_darknet_like.medium_submodules/td_fused_top_tdf4_readInputs37.v:565$165'.
     1/1: $1\ifmap_vec_1_ce0[0:0]
Creating decoders for process `\td_fused_top_tdf4_readInputs37.$proc$/home/zhigang/raw_data/raw_designs/vtr_designs/verilog/koios/tiny_darknet_like.medium_submodules/td_fused_top_tdf4_readInputs37.v:557$159'.
     1/1: $1\ifmap_vec_0_we0[0:0]
Creating decoders for process `\td_fused_top_tdf4_readInputs37.$proc$/home/zhigang/raw_data/raw_designs/vtr_designs/verilog/koios/tiny_darknet_like.medium_submodules/td_fused_top_tdf4_readInputs37.v:549$155'.
     1/1: $1\ifmap_vec_0_ce0[0:0]
Creating decoders for process `\td_fused_top_tdf4_readInputs37.$proc$/home/zhigang/raw_data/raw_designs/vtr_designs/verilog/koios/tiny_darknet_like.medium_submodules/td_fused_top_tdf4_readInputs37.v:541$153'.
     1/1: $1\ap_ready[0:0]
Creating decoders for process `\td_fused_top_tdf4_readInputs37.$proc$/home/zhigang/raw_data/raw_designs/vtr_designs/verilog/koios/tiny_darknet_like.medium_submodules/td_fused_top_tdf4_readInputs37.v:533$145'.
     1/1: $1\ap_phi_mux_jj_phi_fu_269_p4[1:0]
Creating decoders for process `\td_fused_top_tdf4_readInputs37.$proc$/home/zhigang/raw_data/raw_designs/vtr_designs/verilog/koios/tiny_darknet_like.medium_submodules/td_fused_top_tdf4_readInputs37.v:525$137'.
     1/1: $1\ap_phi_mux_ii_phi_fu_246_p4[1:0]
Creating decoders for process `\td_fused_top_tdf4_readInputs37.$proc$/home/zhigang/raw_data/raw_designs/vtr_designs/verilog/koios/tiny_darknet_like.medium_submodules/td_fused_top_tdf4_readInputs37.v:517$129'.
     1/1: $1\ap_idle_pp0[0:0]
Creating decoders for process `\td_fused_top_tdf4_readInputs37.$proc$/home/zhigang/raw_data/raw_designs/vtr_designs/verilog/koios/tiny_darknet_like.medium_submodules/td_fused_top_tdf4_readInputs37.v:509$125'.
     1/1: $1\ap_idle[0:0]
Creating decoders for process `\td_fused_top_tdf4_readInputs37.$proc$/home/zhigang/raw_data/raw_designs/vtr_designs/verilog/koios/tiny_darknet_like.medium_submodules/td_fused_top_tdf4_readInputs37.v:501$123'.
     1/1: $1\ap_done[0:0]
Creating decoders for process `\td_fused_top_tdf4_readInputs37.$proc$/home/zhigang/raw_data/raw_designs/vtr_designs/verilog/koios/tiny_darknet_like.medium_submodules/td_fused_top_tdf4_readInputs37.v:493$117'.
     1/1: $1\ap_condition_pp0_flush_enable[0:0]
Creating decoders for process `\td_fused_top_tdf4_readInputs37.$proc$/home/zhigang/raw_data/raw_designs/vtr_designs/verilog/koios/tiny_darknet_like.medium_submodules/td_fused_top_tdf4_readInputs37.v:485$113'.
     1/1: $1\ap_condition_pp0_exit_iter1_state4[0:0]
Creating decoders for process `\td_fused_top_tdf4_readInputs37.$proc$/home/zhigang/raw_data/raw_designs/vtr_designs/verilog/koios/tiny_darknet_like.medium_submodules/td_fused_top_tdf4_readInputs37.v:479$105'.
     1/1: $0\select_ln19_28_reg_1047[11:0]
Creating decoders for process `\td_fused_top_tdf4_readInputs37.$proc$/home/zhigang/raw_data/raw_designs/vtr_designs/verilog/koios/tiny_darknet_like.medium_submodules/td_fused_top_tdf4_readInputs37.v:472$97'.
     1/2: $0\select_ln20_16_reg_1019[1:0]
     2/2: $0\select_ln19_23_reg_994[1:0]
Creating decoders for process `\td_fused_top_tdf4_readInputs37.$proc$/home/zhigang/raw_data/raw_designs/vtr_designs/verilog/koios/tiny_darknet_like.medium_submodules/td_fused_top_tdf4_readInputs37.v:466$89'.
     1/1: $0\p_mid1_reg_1070[11:0]
Creating decoders for process `\td_fused_top_tdf4_readInputs37.$proc$/home/zhigang/raw_data/raw_designs/vtr_designs/verilog/koios/tiny_darknet_like.medium_submodules/td_fused_top_tdf4_readInputs37.v:456$87'.
     1/5: $0\p_mid137_reg_954[11:0]
     2/5: $0\or_ln23_16_reg_949[0:0]
     3/5: $0\p_cast_reg_943[5:0]
     4/5: $0\sext_ln22_reg_937[17:0]
     5/5: $0\p_cast_i_i_reg_931[17:0]
Creating decoders for process `\td_fused_top_tdf4_readInputs37.$proc$/home/zhigang/raw_data/raw_designs/vtr_designs/verilog/koios/tiny_darknet_like.medium_submodules/td_fused_top_tdf4_readInputs37.v:447$85'.
     1/4: $0\empty_reg_924[11:0]
     2/4: $0\indices_12_read_reg_919[15:0]
     3/4: $0\trunc_ln319_reg_914[5:0]
     4/4: $0\indices_01_read_reg_909[15:0]
Creating decoders for process `\td_fused_top_tdf4_readInputs37.$proc$/home/zhigang/raw_data/raw_designs/vtr_designs/verilog/koios/tiny_darknet_like.medium_submodules/td_fused_top_tdf4_readInputs37.v:436$81'.
     1/6: $0\lshr_ln_reg_1031_pp0_iter1_reg[1:0]
     2/6: $0\or_ln19_reg_1007_pp0_iter1_reg[0:0]
     3/6: $0\icmp_ln19_reg_976_pp0_iter1_reg[0:0]
     4/6: $0\icmp_ln19_reg_976[0:0]
     5/6: $0\is_padding_reg_969[0:0]
     6/6: $0\empty_107_reg_964[0:0]
Creating decoders for process `\td_fused_top_tdf4_readInputs37.$proc$/home/zhigang/raw_data/raw_designs/vtr_designs/verilog/koios/tiny_darknet_like.medium_submodules/td_fused_top_tdf4_readInputs37.v:427$79'.
     1/4: $0\select_ln20_17_reg_1062_pp0_iter2_reg[0:0]
     2/4: $0\add_ln33_reg_1052_pp0_iter2_reg[5:0]
     3/4: $0\lshr_ln_reg_1031_pp0_iter2_reg[1:0]
     4/4: $0\icmp_ln19_reg_976_pp0_iter2_reg[0:0]
Creating decoders for process `\td_fused_top_tdf4_readInputs37.$proc$/home/zhigang/raw_data/raw_designs/vtr_designs/verilog/koios/tiny_darknet_like.medium_submodules/td_fused_top_tdf4_readInputs37.v:418$73'.
     1/4: $0\sub_ln32_reg_1075[12:3]
     2/4: $0\select_ln20_17_reg_1062[0:0]
     3/4: $0\or_ln23_20_reg_1057[0:0]
     4/4: $0\add_ln33_reg_1052[5:0]
Creating decoders for process `\td_fused_top_tdf4_readInputs37.$proc$/home/zhigang/raw_data/raw_designs/vtr_designs/verilog/koios/tiny_darknet_like.medium_submodules/td_fused_top_tdf4_readInputs37.v:406$67'.
     1/7: $0\lshr_ln_reg_1031[1:0]
     2/7: $0\add_ln22_5_reg_1025[17:0]
     3/7: $0\add_ln20_reg_1014[1:0]
     4/7: $0\or_ln19_reg_1007[0:0]
     5/7: $0\p_mid113_reg_1001[0:0]
     6/7: $0\icmp_ln20_reg_985[0:0]
     7/7: $0\add_ln19_reg_980[1:0]
Creating decoders for process `\td_fused_top_tdf4_readInputs37.$proc$/home/zhigang/raw_data/raw_designs/vtr_designs/verilog/koios/tiny_darknet_like.medium_submodules/td_fused_top_tdf4_readInputs37.v:398$58'.
     1/1: $0\kk_reg_277[4:0]
Creating decoders for process `\td_fused_top_tdf4_readInputs37.$proc$/home/zhigang/raw_data/raw_designs/vtr_designs/verilog/koios/tiny_darknet_like.medium_submodules/td_fused_top_tdf4_readInputs37.v:390$49'.
     1/1: $0\jj_reg_265[1:0]
Creating decoders for process `\td_fused_top_tdf4_readInputs37.$proc$/home/zhigang/raw_data/raw_designs/vtr_designs/verilog/koios/tiny_darknet_like.medium_submodules/td_fused_top_tdf4_readInputs37.v:382$40'.
     1/1: $0\indvar_flatten_reg_254[4:0]
Creating decoders for process `\td_fused_top_tdf4_readInputs37.$proc$/home/zhigang/raw_data/raw_designs/vtr_designs/verilog/koios/tiny_darknet_like.medium_submodules/td_fused_top_tdf4_readInputs37.v:374$31'.
     1/1: $0\indvar_flatten47_reg_231[5:0]
Creating decoders for process `\td_fused_top_tdf4_readInputs37.$proc$/home/zhigang/raw_data/raw_designs/vtr_designs/verilog/koios/tiny_darknet_like.medium_submodules/td_fused_top_tdf4_readInputs37.v:366$22'.
     1/1: $0\ii_reg_242[1:0]
Creating decoders for process `\td_fused_top_tdf4_readInputs37.$proc$/home/zhigang/raw_data/raw_designs/vtr_designs/verilog/koios/tiny_darknet_like.medium_submodules/td_fused_top_tdf4_readInputs37.v:354$18'.
     1/1: $0\ap_enable_reg_pp0_iter3[0:0]
Creating decoders for process `\td_fused_top_tdf4_readInputs37.$proc$/home/zhigang/raw_data/raw_designs/vtr_designs/verilog/koios/tiny_darknet_like.medium_submodules/td_fused_top_tdf4_readInputs37.v:340$14'.
     1/1: $0\ap_enable_reg_pp0_iter2[0:0]
Creating decoders for process `\td_fused_top_tdf4_readInputs37.$proc$/home/zhigang/raw_data/raw_designs/vtr_designs/verilog/koios/tiny_darknet_like.medium_submodules/td_fused_top_tdf4_readInputs37.v:330$11'.
     1/1: $0\ap_enable_reg_pp0_iter1[0:0]
Creating decoders for process `\td_fused_top_tdf4_readInputs37.$proc$/home/zhigang/raw_data/raw_designs/vtr_designs/verilog/koios/tiny_darknet_like.medium_submodules/td_fused_top_tdf4_readInputs37.v:318$7'.
     1/1: $0\ap_enable_reg_pp0_iter0[0:0]
Creating decoders for process `\td_fused_top_tdf4_readInputs37.$proc$/home/zhigang/raw_data/raw_designs/vtr_designs/verilog/koios/tiny_darknet_like.medium_submodules/td_fused_top_tdf4_readInputs37.v:306$3'.
     1/1: $0\ap_done_reg[0:0]
Creating decoders for process `\td_fused_top_tdf4_readInputs37.$proc$/home/zhigang/raw_data/raw_designs/vtr_designs/verilog/koios/tiny_darknet_like.medium_submodules/td_fused_top_tdf4_readInputs37.v:298$1'.
     1/1: $0\ap_CS_fsm[3:0]

3.7. Executing PROC_DLATCH pass (convert process syncs to latches).
No latch inferred for signal `\td_fused_top_tdf4_readInputs37.\ap_block_state1' from process `\td_fused_top_tdf4_readInputs37.$proc$/home/zhigang/raw_data/raw_designs/vtr_designs/verilog/koios/tiny_darknet_like.medium_submodules/td_fused_top_tdf4_readInputs37.v:749$344'.
No latch inferred for signal `\td_fused_top_tdf4_readInputs37.\ap_NS_fsm' from process `\td_fused_top_tdf4_readInputs37.$proc$/home/zhigang/raw_data/raw_designs/vtr_designs/verilog/koios/tiny_darknet_like.medium_submodules/td_fused_top_tdf4_readInputs37.v:685$287'.
No latch inferred for signal `\td_fused_top_tdf4_readInputs37.\indices_12_read' from process `\td_fused_top_tdf4_readInputs37.$proc$/home/zhigang/raw_data/raw_designs/vtr_designs/verilog/koios/tiny_darknet_like.medium_submodules/td_fused_top_tdf4_readInputs37.v:677$272'.
No latch inferred for signal `\td_fused_top_tdf4_readInputs37.\indices_12_out_write' from process `\td_fused_top_tdf4_readInputs37.$proc$/home/zhigang/raw_data/raw_designs/vtr_designs/verilog/koios/tiny_darknet_like.medium_submodules/td_fused_top_tdf4_readInputs37.v:669$257'.
No latch inferred for signal `\td_fused_top_tdf4_readInputs37.\indices_12_out_blk_n' from process `\td_fused_top_tdf4_readInputs37.$proc$/home/zhigang/raw_data/raw_designs/vtr_designs/verilog/koios/tiny_darknet_like.medium_submodules/td_fused_top_tdf4_readInputs37.v:661$250'.
No latch inferred for signal `\td_fused_top_tdf4_readInputs37.\indices_12_blk_n' from process `\td_fused_top_tdf4_readInputs37.$proc$/home/zhigang/raw_data/raw_designs/vtr_designs/verilog/koios/tiny_darknet_like.medium_submodules/td_fused_top_tdf4_readInputs37.v:653$243'.
No latch inferred for signal `\td_fused_top_tdf4_readInputs37.\indices_01_read' from process `\td_fused_top_tdf4_readInputs37.$proc$/home/zhigang/raw_data/raw_designs/vtr_designs/verilog/koios/tiny_darknet_like.medium_submodules/td_fused_top_tdf4_readInputs37.v:645$228'.
No latch inferred for signal `\td_fused_top_tdf4_readInputs37.\indices_01_out_write' from process `\td_fused_top_tdf4_readInputs37.$proc$/home/zhigang/raw_data/raw_designs/vtr_designs/verilog/koios/tiny_darknet_like.medium_submodules/td_fused_top_tdf4_readInputs37.v:637$213'.
No latch inferred for signal `\td_fused_top_tdf4_readInputs37.\indices_01_out_blk_n' from process `\td_fused_top_tdf4_readInputs37.$proc$/home/zhigang/raw_data/raw_designs/vtr_designs/verilog/koios/tiny_darknet_like.medium_submodules/td_fused_top_tdf4_readInputs37.v:629$206'.
No latch inferred for signal `\td_fused_top_tdf4_readInputs37.\indices_01_blk_n' from process `\td_fused_top_tdf4_readInputs37.$proc$/home/zhigang/raw_data/raw_designs/vtr_designs/verilog/koios/tiny_darknet_like.medium_submodules/td_fused_top_tdf4_readInputs37.v:621$199'.
No latch inferred for signal `\td_fused_top_tdf4_readInputs37.\in_data_ce0' from process `\td_fused_top_tdf4_readInputs37.$proc$/home/zhigang/raw_data/raw_designs/vtr_designs/verilog/koios/tiny_darknet_like.medium_submodules/td_fused_top_tdf4_readInputs37.v:613$195'.
No latch inferred for signal `\td_fused_top_tdf4_readInputs37.\ifmap_vec_3_we0' from process `\td_fused_top_tdf4_readInputs37.$proc$/home/zhigang/raw_data/raw_designs/vtr_designs/verilog/koios/tiny_darknet_like.medium_submodules/td_fused_top_tdf4_readInputs37.v:605$189'.
No latch inferred for signal `\td_fused_top_tdf4_readInputs37.\ifmap_vec_3_ce0' from process `\td_fused_top_tdf4_readInputs37.$proc$/home/zhigang/raw_data/raw_designs/vtr_designs/verilog/koios/tiny_darknet_like.medium_submodules/td_fused_top_tdf4_readInputs37.v:597$185'.
No latch inferred for signal `\td_fused_top_tdf4_readInputs37.\ifmap_vec_2_we0' from process `\td_fused_top_tdf4_readInputs37.$proc$/home/zhigang/raw_data/raw_designs/vtr_designs/verilog/koios/tiny_darknet_like.medium_submodules/td_fused_top_tdf4_readInputs37.v:589$179'.
No latch inferred for signal `\td_fused_top_tdf4_readInputs37.\ifmap_vec_2_ce0' from process `\td_fused_top_tdf4_readInputs37.$proc$/home/zhigang/raw_data/raw_designs/vtr_designs/verilog/koios/tiny_darknet_like.medium_submodules/td_fused_top_tdf4_readInputs37.v:581$175'.
No latch inferred for signal `\td_fused_top_tdf4_readInputs37.\ifmap_vec_1_we0' from process `\td_fused_top_tdf4_readInputs37.$proc$/home/zhigang/raw_data/raw_designs/vtr_designs/verilog/koios/tiny_darknet_like.medium_submodules/td_fused_top_tdf4_readInputs37.v:573$169'.
No latch inferred for signal `\td_fused_top_tdf4_readInputs37.\ifmap_vec_1_ce0' from process `\td_fused_top_tdf4_readInputs37.$proc$/home/zhigang/raw_data/raw_designs/vtr_designs/verilog/koios/tiny_darknet_like.medium_submodules/td_fused_top_tdf4_readInputs37.v:565$165'.
No latch inferred for signal `\td_fused_top_tdf4_readInputs37.\ifmap_vec_0_we0' from process `\td_fused_top_tdf4_readInputs37.$proc$/home/zhigang/raw_data/raw_designs/vtr_designs/verilog/koios/tiny_darknet_like.medium_submodules/td_fused_top_tdf4_readInputs37.v:557$159'.
No latch inferred for signal `\td_fused_top_tdf4_readInputs37.\ifmap_vec_0_ce0' from process `\td_fused_top_tdf4_readInputs37.$proc$/home/zhigang/raw_data/raw_designs/vtr_designs/verilog/koios/tiny_darknet_like.medium_submodules/td_fused_top_tdf4_readInputs37.v:549$155'.
No latch inferred for signal `\td_fused_top_tdf4_readInputs37.\ap_ready' from process `\td_fused_top_tdf4_readInputs37.$proc$/home/zhigang/raw_data/raw_designs/vtr_designs/verilog/koios/tiny_darknet_like.medium_submodules/td_fused_top_tdf4_readInputs37.v:541$153'.
No latch inferred for signal `\td_fused_top_tdf4_readInputs37.\ap_phi_mux_jj_phi_fu_269_p4' from process `\td_fused_top_tdf4_readInputs37.$proc$/home/zhigang/raw_data/raw_designs/vtr_designs/verilog/koios/tiny_darknet_like.medium_submodules/td_fused_top_tdf4_readInputs37.v:533$145'.
No latch inferred for signal `\td_fused_top_tdf4_readInputs37.\ap_phi_mux_ii_phi_fu_246_p4' from process `\td_fused_top_tdf4_readInputs37.$proc$/home/zhigang/raw_data/raw_designs/vtr_designs/verilog/koios/tiny_darknet_like.medium_submodules/td_fused_top_tdf4_readInputs37.v:525$137'.
No latch inferred for signal `\td_fused_top_tdf4_readInputs37.\ap_idle_pp0' from process `\td_fused_top_tdf4_readInputs37.$proc$/home/zhigang/raw_data/raw_designs/vtr_designs/verilog/koios/tiny_darknet_like.medium_submodules/td_fused_top_tdf4_readInputs37.v:517$129'.
No latch inferred for signal `\td_fused_top_tdf4_readInputs37.\ap_idle' from process `\td_fused_top_tdf4_readInputs37.$proc$/home/zhigang/raw_data/raw_designs/vtr_designs/verilog/koios/tiny_darknet_like.medium_submodules/td_fused_top_tdf4_readInputs37.v:509$125'.
No latch inferred for signal `\td_fused_top_tdf4_readInputs37.\ap_done' from process `\td_fused_top_tdf4_readInputs37.$proc$/home/zhigang/raw_data/raw_designs/vtr_designs/verilog/koios/tiny_darknet_like.medium_submodules/td_fused_top_tdf4_readInputs37.v:501$123'.
No latch inferred for signal `\td_fused_top_tdf4_readInputs37.\ap_condition_pp0_flush_enable' from process `\td_fused_top_tdf4_readInputs37.$proc$/home/zhigang/raw_data/raw_designs/vtr_designs/verilog/koios/tiny_darknet_like.medium_submodules/td_fused_top_tdf4_readInputs37.v:493$117'.
No latch inferred for signal `\td_fused_top_tdf4_readInputs37.\ap_condition_pp0_exit_iter1_state4' from process `\td_fused_top_tdf4_readInputs37.$proc$/home/zhigang/raw_data/raw_designs/vtr_designs/verilog/koios/tiny_darknet_like.medium_submodules/td_fused_top_tdf4_readInputs37.v:485$113'.

3.8. Executing PROC_DFF pass (convert process syncs to FFs).
Creating register for signal `\td_fused_top_tdf4_readInputs37.\sub_ln32_reg_1075 [2:0]' using process `\td_fused_top_tdf4_readInputs37.$proc$/home/zhigang/raw_data/raw_designs/vtr_designs/verilog/koios/tiny_darknet_like.medium_submodules/td_fused_top_tdf4_readInputs37.v:967$440'.
  created $dff cell `$procdff$682' with positive edge clock.
Creating register for signal `\td_fused_top_tdf4_readInputs37.\select_ln19_28_reg_1047' using process `\td_fused_top_tdf4_readInputs37.$proc$/home/zhigang/raw_data/raw_designs/vtr_designs/verilog/koios/tiny_darknet_like.medium_submodules/td_fused_top_tdf4_readInputs37.v:479$105'.
  created $dff cell `$procdff$683' with positive edge clock.
Creating register for signal `\td_fused_top_tdf4_readInputs37.\select_ln19_23_reg_994' using process `\td_fused_top_tdf4_readInputs37.$proc$/home/zhigang/raw_data/raw_designs/vtr_designs/verilog/koios/tiny_darknet_like.medium_submodules/td_fused_top_tdf4_readInputs37.v:472$97'.
  created $dff cell `$procdff$684' with positive edge clock.
Creating register for signal `\td_fused_top_tdf4_readInputs37.\select_ln20_16_reg_1019' using process `\td_fused_top_tdf4_readInputs37.$proc$/home/zhigang/raw_data/raw_designs/vtr_designs/verilog/koios/tiny_darknet_like.medium_submodules/td_fused_top_tdf4_readInputs37.v:472$97'.
  created $dff cell `$procdff$685' with positive edge clock.
Creating register for signal `\td_fused_top_tdf4_readInputs37.\p_mid1_reg_1070' using process `\td_fused_top_tdf4_readInputs37.$proc$/home/zhigang/raw_data/raw_designs/vtr_designs/verilog/koios/tiny_darknet_like.medium_submodules/td_fused_top_tdf4_readInputs37.v:466$89'.
  created $dff cell `$procdff$686' with positive edge clock.
Creating register for signal `\td_fused_top_tdf4_readInputs37.\p_cast_i_i_reg_931' using process `\td_fused_top_tdf4_readInputs37.$proc$/home/zhigang/raw_data/raw_designs/vtr_designs/verilog/koios/tiny_darknet_like.medium_submodules/td_fused_top_tdf4_readInputs37.v:456$87'.
  created $dff cell `$procdff$687' with positive edge clock.
Creating register for signal `\td_fused_top_tdf4_readInputs37.\sext_ln22_reg_937' using process `\td_fused_top_tdf4_readInputs37.$proc$/home/zhigang/raw_data/raw_designs/vtr_designs/verilog/koios/tiny_darknet_like.medium_submodules/td_fused_top_tdf4_readInputs37.v:456$87'.
  created $dff cell `$procdff$688' with positive edge clock.
Creating register for signal `\td_fused_top_tdf4_readInputs37.\p_cast_reg_943' using process `\td_fused_top_tdf4_readInputs37.$proc$/home/zhigang/raw_data/raw_designs/vtr_designs/verilog/koios/tiny_darknet_like.medium_submodules/td_fused_top_tdf4_readInputs37.v:456$87'.
  created $dff cell `$procdff$689' with positive edge clock.
Creating register for signal `\td_fused_top_tdf4_readInputs37.\or_ln23_16_reg_949' using process `\td_fused_top_tdf4_readInputs37.$proc$/home/zhigang/raw_data/raw_designs/vtr_designs/verilog/koios/tiny_darknet_like.medium_submodules/td_fused_top_tdf4_readInputs37.v:456$87'.
  created $dff cell `$procdff$690' with positive edge clock.
Creating register for signal `\td_fused_top_tdf4_readInputs37.\p_mid137_reg_954' using process `\td_fused_top_tdf4_readInputs37.$proc$/home/zhigang/raw_data/raw_designs/vtr_designs/verilog/koios/tiny_darknet_like.medium_submodules/td_fused_top_tdf4_readInputs37.v:456$87'.
  created $dff cell `$procdff$691' with positive edge clock.
Creating register for signal `\td_fused_top_tdf4_readInputs37.\indices_01_read_reg_909' using process `\td_fused_top_tdf4_readInputs37.$proc$/home/zhigang/raw_data/raw_designs/vtr_designs/verilog/koios/tiny_darknet_like.medium_submodules/td_fused_top_tdf4_readInputs37.v:447$85'.
  created $dff cell `$procdff$692' with positive edge clock.
Creating register for signal `\td_fused_top_tdf4_readInputs37.\trunc_ln319_reg_914' using process `\td_fused_top_tdf4_readInputs37.$proc$/home/zhigang/raw_data/raw_designs/vtr_designs/verilog/koios/tiny_darknet_like.medium_submodules/td_fused_top_tdf4_readInputs37.v:447$85'.
  created $dff cell `$procdff$693' with positive edge clock.
Creating register for signal `\td_fused_top_tdf4_readInputs37.\indices_12_read_reg_919' using process `\td_fused_top_tdf4_readInputs37.$proc$/home/zhigang/raw_data/raw_designs/vtr_designs/verilog/koios/tiny_darknet_like.medium_submodules/td_fused_top_tdf4_readInputs37.v:447$85'.
  created $dff cell `$procdff$694' with positive edge clock.
Creating register for signal `\td_fused_top_tdf4_readInputs37.\empty_reg_924' using process `\td_fused_top_tdf4_readInputs37.$proc$/home/zhigang/raw_data/raw_designs/vtr_designs/verilog/koios/tiny_darknet_like.medium_submodules/td_fused_top_tdf4_readInputs37.v:447$85'.
  created $dff cell `$procdff$695' with positive edge clock.
Creating register for signal `\td_fused_top_tdf4_readInputs37.\empty_107_reg_964' using process `\td_fused_top_tdf4_readInputs37.$proc$/home/zhigang/raw_data/raw_designs/vtr_designs/verilog/koios/tiny_darknet_like.medium_submodules/td_fused_top_tdf4_readInputs37.v:436$81'.
  created $dff cell `$procdff$696' with positive edge clock.
Creating register for signal `\td_fused_top_tdf4_readInputs37.\is_padding_reg_969' using process `\td_fused_top_tdf4_readInputs37.$proc$/home/zhigang/raw_data/raw_designs/vtr_designs/verilog/koios/tiny_darknet_like.medium_submodules/td_fused_top_tdf4_readInputs37.v:436$81'.
  created $dff cell `$procdff$697' with positive edge clock.
Creating register for signal `\td_fused_top_tdf4_readInputs37.\icmp_ln19_reg_976' using process `\td_fused_top_tdf4_readInputs37.$proc$/home/zhigang/raw_data/raw_designs/vtr_designs/verilog/koios/tiny_darknet_like.medium_submodules/td_fused_top_tdf4_readInputs37.v:436$81'.
  created $dff cell `$procdff$698' with positive edge clock.
Creating register for signal `\td_fused_top_tdf4_readInputs37.\icmp_ln19_reg_976_pp0_iter1_reg' using process `\td_fused_top_tdf4_readInputs37.$proc$/home/zhigang/raw_data/raw_designs/vtr_designs/verilog/koios/tiny_darknet_like.medium_submodules/td_fused_top_tdf4_readInputs37.v:436$81'.
  created $dff cell `$procdff$699' with positive edge clock.
Creating register for signal `\td_fused_top_tdf4_readInputs37.\or_ln19_reg_1007_pp0_iter1_reg' using process `\td_fused_top_tdf4_readInputs37.$proc$/home/zhigang/raw_data/raw_designs/vtr_designs/verilog/koios/tiny_darknet_like.medium_submodules/td_fused_top_tdf4_readInputs37.v:436$81'.
  created $dff cell `$procdff$700' with positive edge clock.
Creating register for signal `\td_fused_top_tdf4_readInputs37.\lshr_ln_reg_1031_pp0_iter1_reg' using process `\td_fused_top_tdf4_readInputs37.$proc$/home/zhigang/raw_data/raw_designs/vtr_designs/verilog/koios/tiny_darknet_like.medium_submodules/td_fused_top_tdf4_readInputs37.v:436$81'.
  created $dff cell `$procdff$701' with positive edge clock.
Creating register for signal `\td_fused_top_tdf4_readInputs37.\icmp_ln19_reg_976_pp0_iter2_reg' using process `\td_fused_top_tdf4_readInputs37.$proc$/home/zhigang/raw_data/raw_designs/vtr_designs/verilog/koios/tiny_darknet_like.medium_submodules/td_fused_top_tdf4_readInputs37.v:427$79'.
  created $dff cell `$procdff$702' with positive edge clock.
Creating register for signal `\td_fused_top_tdf4_readInputs37.\lshr_ln_reg_1031_pp0_iter2_reg' using process `\td_fused_top_tdf4_readInputs37.$proc$/home/zhigang/raw_data/raw_designs/vtr_designs/verilog/koios/tiny_darknet_like.medium_submodules/td_fused_top_tdf4_readInputs37.v:427$79'.
  created $dff cell `$procdff$703' with positive edge clock.
Creating register for signal `\td_fused_top_tdf4_readInputs37.\add_ln33_reg_1052_pp0_iter2_reg' using process `\td_fused_top_tdf4_readInputs37.$proc$/home/zhigang/raw_data/raw_designs/vtr_designs/verilog/koios/tiny_darknet_like.medium_submodules/td_fused_top_tdf4_readInputs37.v:427$79'.
  created $dff cell `$procdff$704' with positive edge clock.
Creating register for signal `\td_fused_top_tdf4_readInputs37.\select_ln20_17_reg_1062_pp0_iter2_reg' using process `\td_fused_top_tdf4_readInputs37.$proc$/home/zhigang/raw_data/raw_designs/vtr_designs/verilog/koios/tiny_darknet_like.medium_submodules/td_fused_top_tdf4_readInputs37.v:427$79'.
  created $dff cell `$procdff$705' with positive edge clock.
Creating register for signal `\td_fused_top_tdf4_readInputs37.\add_ln33_reg_1052' using process `\td_fused_top_tdf4_readInputs37.$proc$/home/zhigang/raw_data/raw_designs/vtr_designs/verilog/koios/tiny_darknet_like.medium_submodules/td_fused_top_tdf4_readInputs37.v:418$73'.
  created $dff cell `$procdff$706' with positive edge clock.
Creating register for signal `\td_fused_top_tdf4_readInputs37.\or_ln23_20_reg_1057' using process `\td_fused_top_tdf4_readInputs37.$proc$/home/zhigang/raw_data/raw_designs/vtr_designs/verilog/koios/tiny_darknet_like.medium_submodules/td_fused_top_tdf4_readInputs37.v:418$73'.
  created $dff cell `$procdff$707' with positive edge clock.
Creating register for signal `\td_fused_top_tdf4_readInputs37.\select_ln20_17_reg_1062' using process `\td_fused_top_tdf4_readInputs37.$proc$/home/zhigang/raw_data/raw_designs/vtr_designs/verilog/koios/tiny_darknet_like.medium_submodules/td_fused_top_tdf4_readInputs37.v:418$73'.
  created $dff cell `$procdff$708' with positive edge clock.
Creating register for signal `\td_fused_top_tdf4_readInputs37.\sub_ln32_reg_1075 [12:3]' using process `\td_fused_top_tdf4_readInputs37.$proc$/home/zhigang/raw_data/raw_designs/vtr_designs/verilog/koios/tiny_darknet_like.medium_submodules/td_fused_top_tdf4_readInputs37.v:418$73'.
  created $dff cell `$procdff$709' with positive edge clock.
Creating register for signal `\td_fused_top_tdf4_readInputs37.\add_ln19_reg_980' using process `\td_fused_top_tdf4_readInputs37.$proc$/home/zhigang/raw_data/raw_designs/vtr_designs/verilog/koios/tiny_darknet_like.medium_submodules/td_fused_top_tdf4_readInputs37.v:406$67'.
  created $dff cell `$procdff$710' with positive edge clock.
Creating register for signal `\td_fused_top_tdf4_readInputs37.\icmp_ln20_reg_985' using process `\td_fused_top_tdf4_readInputs37.$proc$/home/zhigang/raw_data/raw_designs/vtr_designs/verilog/koios/tiny_darknet_like.medium_submodules/td_fused_top_tdf4_readInputs37.v:406$67'.
  created $dff cell `$procdff$711' with positive edge clock.
Creating register for signal `\td_fused_top_tdf4_readInputs37.\p_mid113_reg_1001' using process `\td_fused_top_tdf4_readInputs37.$proc$/home/zhigang/raw_data/raw_designs/vtr_designs/verilog/koios/tiny_darknet_like.medium_submodules/td_fused_top_tdf4_readInputs37.v:406$67'.
  created $dff cell `$procdff$712' with positive edge clock.
Creating register for signal `\td_fused_top_tdf4_readInputs37.\or_ln19_reg_1007' using process `\td_fused_top_tdf4_readInputs37.$proc$/home/zhigang/raw_data/raw_designs/vtr_designs/verilog/koios/tiny_darknet_like.medium_submodules/td_fused_top_tdf4_readInputs37.v:406$67'.
  created $dff cell `$procdff$713' with positive edge clock.
Creating register for signal `\td_fused_top_tdf4_readInputs37.\add_ln20_reg_1014' using process `\td_fused_top_tdf4_readInputs37.$proc$/home/zhigang/raw_data/raw_designs/vtr_designs/verilog/koios/tiny_darknet_like.medium_submodules/td_fused_top_tdf4_readInputs37.v:406$67'.
  created $dff cell `$procdff$714' with positive edge clock.
Creating register for signal `\td_fused_top_tdf4_readInputs37.\add_ln22_5_reg_1025' using process `\td_fused_top_tdf4_readInputs37.$proc$/home/zhigang/raw_data/raw_designs/vtr_designs/verilog/koios/tiny_darknet_like.medium_submodules/td_fused_top_tdf4_readInputs37.v:406$67'.
  created $dff cell `$procdff$715' with positive edge clock.
Creating register for signal `\td_fused_top_tdf4_readInputs37.\lshr_ln_reg_1031' using process `\td_fused_top_tdf4_readInputs37.$proc$/home/zhigang/raw_data/raw_designs/vtr_designs/verilog/koios/tiny_darknet_like.medium_submodules/td_fused_top_tdf4_readInputs37.v:406$67'.
  created $dff cell `$procdff$716' with positive edge clock.
Creating register for signal `\td_fused_top_tdf4_readInputs37.\kk_reg_277' using process `\td_fused_top_tdf4_readInputs37.$proc$/home/zhigang/raw_data/raw_designs/vtr_designs/verilog/koios/tiny_darknet_like.medium_submodules/td_fused_top_tdf4_readInputs37.v:398$58'.
  created $dff cell `$procdff$717' with positive edge clock.
Creating register for signal `\td_fused_top_tdf4_readInputs37.\jj_reg_265' using process `\td_fused_top_tdf4_readInputs37.$proc$/home/zhigang/raw_data/raw_designs/vtr_designs/verilog/koios/tiny_darknet_like.medium_submodules/td_fused_top_tdf4_readInputs37.v:390$49'.
  created $dff cell `$procdff$718' with positive edge clock.
Creating register for signal `\td_fused_top_tdf4_readInputs37.\indvar_flatten_reg_254' using process `\td_fused_top_tdf4_readInputs37.$proc$/home/zhigang/raw_data/raw_designs/vtr_designs/verilog/koios/tiny_darknet_like.medium_submodules/td_fused_top_tdf4_readInputs37.v:382$40'.
  created $dff cell `$procdff$719' with positive edge clock.
Creating register for signal `\td_fused_top_tdf4_readInputs37.\indvar_flatten47_reg_231' using process `\td_fused_top_tdf4_readInputs37.$proc$/home/zhigang/raw_data/raw_designs/vtr_designs/verilog/koios/tiny_darknet_like.medium_submodules/td_fused_top_tdf4_readInputs37.v:374$31'.
  created $dff cell `$procdff$720' with positive edge clock.
Creating register for signal `\td_fused_top_tdf4_readInputs37.\ii_reg_242' using process `\td_fused_top_tdf4_readInputs37.$proc$/home/zhigang/raw_data/raw_designs/vtr_designs/verilog/koios/tiny_darknet_like.medium_submodules/td_fused_top_tdf4_readInputs37.v:366$22'.
  created $dff cell `$procdff$721' with positive edge clock.
Creating register for signal `\td_fused_top_tdf4_readInputs37.\ap_enable_reg_pp0_iter3' using process `\td_fused_top_tdf4_readInputs37.$proc$/home/zhigang/raw_data/raw_designs/vtr_designs/verilog/koios/tiny_darknet_like.medium_submodules/td_fused_top_tdf4_readInputs37.v:354$18'.
  created $dff cell `$procdff$722' with positive edge clock.
Creating register for signal `\td_fused_top_tdf4_readInputs37.\ap_enable_reg_pp0_iter2' using process `\td_fused_top_tdf4_readInputs37.$proc$/home/zhigang/raw_data/raw_designs/vtr_designs/verilog/koios/tiny_darknet_like.medium_submodules/td_fused_top_tdf4_readInputs37.v:340$14'.
  created $dff cell `$procdff$723' with positive edge clock.
Creating register for signal `\td_fused_top_tdf4_readInputs37.\ap_enable_reg_pp0_iter1' using process `\td_fused_top_tdf4_readInputs37.$proc$/home/zhigang/raw_data/raw_designs/vtr_designs/verilog/koios/tiny_darknet_like.medium_submodules/td_fused_top_tdf4_readInputs37.v:330$11'.
  created $dff cell `$procdff$724' with positive edge clock.
Creating register for signal `\td_fused_top_tdf4_readInputs37.\ap_enable_reg_pp0_iter0' using process `\td_fused_top_tdf4_readInputs37.$proc$/home/zhigang/raw_data/raw_designs/vtr_designs/verilog/koios/tiny_darknet_like.medium_submodules/td_fused_top_tdf4_readInputs37.v:318$7'.
  created $dff cell `$procdff$725' with positive edge clock.
Creating register for signal `\td_fused_top_tdf4_readInputs37.\ap_done_reg' using process `\td_fused_top_tdf4_readInputs37.$proc$/home/zhigang/raw_data/raw_designs/vtr_designs/verilog/koios/tiny_darknet_like.medium_submodules/td_fused_top_tdf4_readInputs37.v:306$3'.
  created $dff cell `$procdff$726' with positive edge clock.
Creating register for signal `\td_fused_top_tdf4_readInputs37.\ap_CS_fsm' using process `\td_fused_top_tdf4_readInputs37.$proc$/home/zhigang/raw_data/raw_designs/vtr_designs/verilog/koios/tiny_darknet_like.medium_submodules/td_fused_top_tdf4_readInputs37.v:298$1'.
  created $dff cell `$procdff$727' with positive edge clock.

3.9. Executing PROC_MEMWR pass (convert process memory writes to cells).

3.10. Executing PROC_CLEAN pass (remove empty switches from decision trees).
Removing empty process `td_fused_top_tdf4_readInputs37.$proc$/home/zhigang/raw_data/raw_designs/vtr_designs/verilog/koios/tiny_darknet_like.medium_submodules/td_fused_top_tdf4_readInputs37.v:0$441'.
Removing empty process `td_fused_top_tdf4_readInputs37.$proc$/home/zhigang/raw_data/raw_designs/vtr_designs/verilog/koios/tiny_darknet_like.medium_submodules/td_fused_top_tdf4_readInputs37.v:967$440'.
Removing empty process `td_fused_top_tdf4_readInputs37.$proc$/home/zhigang/raw_data/raw_designs/vtr_designs/verilog/koios/tiny_darknet_like.medium_submodules/td_fused_top_tdf4_readInputs37.v:749$344'.
Found and cleaned up 4 empty switches in `\td_fused_top_tdf4_readInputs37.$proc$/home/zhigang/raw_data/raw_designs/vtr_designs/verilog/koios/tiny_darknet_like.medium_submodules/td_fused_top_tdf4_readInputs37.v:685$287'.
Removing empty process `td_fused_top_tdf4_readInputs37.$proc$/home/zhigang/raw_data/raw_designs/vtr_designs/verilog/koios/tiny_darknet_like.medium_submodules/td_fused_top_tdf4_readInputs37.v:685$287'.
Found and cleaned up 1 empty switch in `\td_fused_top_tdf4_readInputs37.$proc$/home/zhigang/raw_data/raw_designs/vtr_designs/verilog/koios/tiny_darknet_like.medium_submodules/td_fused_top_tdf4_readInputs37.v:677$272'.
Removing empty process `td_fused_top_tdf4_readInputs37.$proc$/home/zhigang/raw_data/raw_designs/vtr_designs/verilog/koios/tiny_darknet_like.medium_submodules/td_fused_top_tdf4_readInputs37.v:677$272'.
Found and cleaned up 1 empty switch in `\td_fused_top_tdf4_readInputs37.$proc$/home/zhigang/raw_data/raw_designs/vtr_designs/verilog/koios/tiny_darknet_like.medium_submodules/td_fused_top_tdf4_readInputs37.v:669$257'.
Removing empty process `td_fused_top_tdf4_readInputs37.$proc$/home/zhigang/raw_data/raw_designs/vtr_designs/verilog/koios/tiny_darknet_like.medium_submodules/td_fused_top_tdf4_readInputs37.v:669$257'.
Found and cleaned up 1 empty switch in `\td_fused_top_tdf4_readInputs37.$proc$/home/zhigang/raw_data/raw_designs/vtr_designs/verilog/koios/tiny_darknet_like.medium_submodules/td_fused_top_tdf4_readInputs37.v:661$250'.
Removing empty process `td_fused_top_tdf4_readInputs37.$proc$/home/zhigang/raw_data/raw_designs/vtr_designs/verilog/koios/tiny_darknet_like.medium_submodules/td_fused_top_tdf4_readInputs37.v:661$250'.
Found and cleaned up 1 empty switch in `\td_fused_top_tdf4_readInputs37.$proc$/home/zhigang/raw_data/raw_designs/vtr_designs/verilog/koios/tiny_darknet_like.medium_submodules/td_fused_top_tdf4_readInputs37.v:653$243'.
Removing empty process `td_fused_top_tdf4_readInputs37.$proc$/home/zhigang/raw_data/raw_designs/vtr_designs/verilog/koios/tiny_darknet_like.medium_submodules/td_fused_top_tdf4_readInputs37.v:653$243'.
Found and cleaned up 1 empty switch in `\td_fused_top_tdf4_readInputs37.$proc$/home/zhigang/raw_data/raw_designs/vtr_designs/verilog/koios/tiny_darknet_like.medium_submodules/td_fused_top_tdf4_readInputs37.v:645$228'.
Removing empty process `td_fused_top_tdf4_readInputs37.$proc$/home/zhigang/raw_data/raw_designs/vtr_designs/verilog/koios/tiny_darknet_like.medium_submodules/td_fused_top_tdf4_readInputs37.v:645$228'.
Found and cleaned up 1 empty switch in `\td_fused_top_tdf4_readInputs37.$proc$/home/zhigang/raw_data/raw_designs/vtr_designs/verilog/koios/tiny_darknet_like.medium_submodules/td_fused_top_tdf4_readInputs37.v:637$213'.
Removing empty process `td_fused_top_tdf4_readInputs37.$proc$/home/zhigang/raw_data/raw_designs/vtr_designs/verilog/koios/tiny_darknet_like.medium_submodules/td_fused_top_tdf4_readInputs37.v:637$213'.
Found and cleaned up 1 empty switch in `\td_fused_top_tdf4_readInputs37.$proc$/home/zhigang/raw_data/raw_designs/vtr_designs/verilog/koios/tiny_darknet_like.medium_submodules/td_fused_top_tdf4_readInputs37.v:629$206'.
Removing empty process `td_fused_top_tdf4_readInputs37.$proc$/home/zhigang/raw_data/raw_designs/vtr_designs/verilog/koios/tiny_darknet_like.medium_submodules/td_fused_top_tdf4_readInputs37.v:629$206'.
Found and cleaned up 1 empty switch in `\td_fused_top_tdf4_readInputs37.$proc$/home/zhigang/raw_data/raw_designs/vtr_designs/verilog/koios/tiny_darknet_like.medium_submodules/td_fused_top_tdf4_readInputs37.v:621$199'.
Removing empty process `td_fused_top_tdf4_readInputs37.$proc$/home/zhigang/raw_data/raw_designs/vtr_designs/verilog/koios/tiny_darknet_like.medium_submodules/td_fused_top_tdf4_readInputs37.v:621$199'.
Found and cleaned up 1 empty switch in `\td_fused_top_tdf4_readInputs37.$proc$/home/zhigang/raw_data/raw_designs/vtr_designs/verilog/koios/tiny_darknet_like.medium_submodules/td_fused_top_tdf4_readInputs37.v:613$195'.
Removing empty process `td_fused_top_tdf4_readInputs37.$proc$/home/zhigang/raw_data/raw_designs/vtr_designs/verilog/koios/tiny_darknet_like.medium_submodules/td_fused_top_tdf4_readInputs37.v:613$195'.
Found and cleaned up 1 empty switch in `\td_fused_top_tdf4_readInputs37.$proc$/home/zhigang/raw_data/raw_designs/vtr_designs/verilog/koios/tiny_darknet_like.medium_submodules/td_fused_top_tdf4_readInputs37.v:605$189'.
Removing empty process `td_fused_top_tdf4_readInputs37.$proc$/home/zhigang/raw_data/raw_designs/vtr_designs/verilog/koios/tiny_darknet_like.medium_submodules/td_fused_top_tdf4_readInputs37.v:605$189'.
Found and cleaned up 1 empty switch in `\td_fused_top_tdf4_readInputs37.$proc$/home/zhigang/raw_data/raw_designs/vtr_designs/verilog/koios/tiny_darknet_like.medium_submodules/td_fused_top_tdf4_readInputs37.v:597$185'.
Removing empty process `td_fused_top_tdf4_readInputs37.$proc$/home/zhigang/raw_data/raw_designs/vtr_designs/verilog/koios/tiny_darknet_like.medium_submodules/td_fused_top_tdf4_readInputs37.v:597$185'.
Found and cleaned up 1 empty switch in `\td_fused_top_tdf4_readInputs37.$proc$/home/zhigang/raw_data/raw_designs/vtr_designs/verilog/koios/tiny_darknet_like.medium_submodules/td_fused_top_tdf4_readInputs37.v:589$179'.
Removing empty process `td_fused_top_tdf4_readInputs37.$proc$/home/zhigang/raw_data/raw_designs/vtr_designs/verilog/koios/tiny_darknet_like.medium_submodules/td_fused_top_tdf4_readInputs37.v:589$179'.
Found and cleaned up 1 empty switch in `\td_fused_top_tdf4_readInputs37.$proc$/home/zhigang/raw_data/raw_designs/vtr_designs/verilog/koios/tiny_darknet_like.medium_submodules/td_fused_top_tdf4_readInputs37.v:581$175'.
Removing empty process `td_fused_top_tdf4_readInputs37.$proc$/home/zhigang/raw_data/raw_designs/vtr_designs/verilog/koios/tiny_darknet_like.medium_submodules/td_fused_top_tdf4_readInputs37.v:581$175'.
Found and cleaned up 1 empty switch in `\td_fused_top_tdf4_readInputs37.$proc$/home/zhigang/raw_data/raw_designs/vtr_designs/verilog/koios/tiny_darknet_like.medium_submodules/td_fused_top_tdf4_readInputs37.v:573$169'.
Removing empty process `td_fused_top_tdf4_readInputs37.$proc$/home/zhigang/raw_data/raw_designs/vtr_designs/verilog/koios/tiny_darknet_like.medium_submodules/td_fused_top_tdf4_readInputs37.v:573$169'.
Found and cleaned up 1 empty switch in `\td_fused_top_tdf4_readInputs37.$proc$/home/zhigang/raw_data/raw_designs/vtr_designs/verilog/koios/tiny_darknet_like.medium_submodules/td_fused_top_tdf4_readInputs37.v:565$165'.
Removing empty process `td_fused_top_tdf4_readInputs37.$proc$/home/zhigang/raw_data/raw_designs/vtr_designs/verilog/koios/tiny_darknet_like.medium_submodules/td_fused_top_tdf4_readInputs37.v:565$165'.
Found and cleaned up 1 empty switch in `\td_fused_top_tdf4_readInputs37.$proc$/home/zhigang/raw_data/raw_designs/vtr_designs/verilog/koios/tiny_darknet_like.medium_submodules/td_fused_top_tdf4_readInputs37.v:557$159'.
Removing empty process `td_fused_top_tdf4_readInputs37.$proc$/home/zhigang/raw_data/raw_designs/vtr_designs/verilog/koios/tiny_darknet_like.medium_submodules/td_fused_top_tdf4_readInputs37.v:557$159'.
Found and cleaned up 1 empty switch in `\td_fused_top_tdf4_readInputs37.$proc$/home/zhigang/raw_data/raw_designs/vtr_designs/verilog/koios/tiny_darknet_like.medium_submodules/td_fused_top_tdf4_readInputs37.v:549$155'.
Removing empty process `td_fused_top_tdf4_readInputs37.$proc$/home/zhigang/raw_data/raw_designs/vtr_designs/verilog/koios/tiny_darknet_like.medium_submodules/td_fused_top_tdf4_readInputs37.v:549$155'.
Found and cleaned up 1 empty switch in `\td_fused_top_tdf4_readInputs37.$proc$/home/zhigang/raw_data/raw_designs/vtr_designs/verilog/koios/tiny_darknet_like.medium_submodules/td_fused_top_tdf4_readInputs37.v:541$153'.
Removing empty process `td_fused_top_tdf4_readInputs37.$proc$/home/zhigang/raw_data/raw_designs/vtr_designs/verilog/koios/tiny_darknet_like.medium_submodules/td_fused_top_tdf4_readInputs37.v:541$153'.
Found and cleaned up 1 empty switch in `\td_fused_top_tdf4_readInputs37.$proc$/home/zhigang/raw_data/raw_designs/vtr_designs/verilog/koios/tiny_darknet_like.medium_submodules/td_fused_top_tdf4_readInputs37.v:533$145'.
Removing empty process `td_fused_top_tdf4_readInputs37.$proc$/home/zhigang/raw_data/raw_designs/vtr_designs/verilog/koios/tiny_darknet_like.medium_submodules/td_fused_top_tdf4_readInputs37.v:533$145'.
Found and cleaned up 1 empty switch in `\td_fused_top_tdf4_readInputs37.$proc$/home/zhigang/raw_data/raw_designs/vtr_designs/verilog/koios/tiny_darknet_like.medium_submodules/td_fused_top_tdf4_readInputs37.v:525$137'.
Removing empty process `td_fused_top_tdf4_readInputs37.$proc$/home/zhigang/raw_data/raw_designs/vtr_designs/verilog/koios/tiny_darknet_like.medium_submodules/td_fused_top_tdf4_readInputs37.v:525$137'.
Found and cleaned up 1 empty switch in `\td_fused_top_tdf4_readInputs37.$proc$/home/zhigang/raw_data/raw_designs/vtr_designs/verilog/koios/tiny_darknet_like.medium_submodules/td_fused_top_tdf4_readInputs37.v:517$129'.
Removing empty process `td_fused_top_tdf4_readInputs37.$proc$/home/zhigang/raw_data/raw_designs/vtr_designs/verilog/koios/tiny_darknet_like.medium_submodules/td_fused_top_tdf4_readInputs37.v:517$129'.
Found and cleaned up 1 empty switch in `\td_fused_top_tdf4_readInputs37.$proc$/home/zhigang/raw_data/raw_designs/vtr_designs/verilog/koios/tiny_darknet_like.medium_submodules/td_fused_top_tdf4_readInputs37.v:509$125'.
Removing empty process `td_fused_top_tdf4_readInputs37.$proc$/home/zhigang/raw_data/raw_designs/vtr_designs/verilog/koios/tiny_darknet_like.medium_submodules/td_fused_top_tdf4_readInputs37.v:509$125'.
Found and cleaned up 1 empty switch in `\td_fused_top_tdf4_readInputs37.$proc$/home/zhigang/raw_data/raw_designs/vtr_designs/verilog/koios/tiny_darknet_like.medium_submodules/td_fused_top_tdf4_readInputs37.v:501$123'.
Removing empty process `td_fused_top_tdf4_readInputs37.$proc$/home/zhigang/raw_data/raw_designs/vtr_designs/verilog/koios/tiny_darknet_like.medium_submodules/td_fused_top_tdf4_readInputs37.v:501$123'.
Found and cleaned up 1 empty switch in `\td_fused_top_tdf4_readInputs37.$proc$/home/zhigang/raw_data/raw_designs/vtr_designs/verilog/koios/tiny_darknet_like.medium_submodules/td_fused_top_tdf4_readInputs37.v:493$117'.
Removing empty process `td_fused_top_tdf4_readInputs37.$proc$/home/zhigang/raw_data/raw_designs/vtr_designs/verilog/koios/tiny_darknet_like.medium_submodules/td_fused_top_tdf4_readInputs37.v:493$117'.
Found and cleaned up 1 empty switch in `\td_fused_top_tdf4_readInputs37.$proc$/home/zhigang/raw_data/raw_designs/vtr_designs/verilog/koios/tiny_darknet_like.medium_submodules/td_fused_top_tdf4_readInputs37.v:485$113'.
Removing empty process `td_fused_top_tdf4_readInputs37.$proc$/home/zhigang/raw_data/raw_designs/vtr_designs/verilog/koios/tiny_darknet_like.medium_submodules/td_fused_top_tdf4_readInputs37.v:485$113'.
Found and cleaned up 1 empty switch in `\td_fused_top_tdf4_readInputs37.$proc$/home/zhigang/raw_data/raw_designs/vtr_designs/verilog/koios/tiny_darknet_like.medium_submodules/td_fused_top_tdf4_readInputs37.v:479$105'.
Removing empty process `td_fused_top_tdf4_readInputs37.$proc$/home/zhigang/raw_data/raw_designs/vtr_designs/verilog/koios/tiny_darknet_like.medium_submodules/td_fused_top_tdf4_readInputs37.v:479$105'.
Found and cleaned up 1 empty switch in `\td_fused_top_tdf4_readInputs37.$proc$/home/zhigang/raw_data/raw_designs/vtr_designs/verilog/koios/tiny_darknet_like.medium_submodules/td_fused_top_tdf4_readInputs37.v:472$97'.
Removing empty process `td_fused_top_tdf4_readInputs37.$proc$/home/zhigang/raw_data/raw_designs/vtr_designs/verilog/koios/tiny_darknet_like.medium_submodules/td_fused_top_tdf4_readInputs37.v:472$97'.
Found and cleaned up 1 empty switch in `\td_fused_top_tdf4_readInputs37.$proc$/home/zhigang/raw_data/raw_designs/vtr_designs/verilog/koios/tiny_darknet_like.medium_submodules/td_fused_top_tdf4_readInputs37.v:466$89'.
Removing empty process `td_fused_top_tdf4_readInputs37.$proc$/home/zhigang/raw_data/raw_designs/vtr_designs/verilog/koios/tiny_darknet_like.medium_submodules/td_fused_top_tdf4_readInputs37.v:466$89'.
Found and cleaned up 1 empty switch in `\td_fused_top_tdf4_readInputs37.$proc$/home/zhigang/raw_data/raw_designs/vtr_designs/verilog/koios/tiny_darknet_like.medium_submodules/td_fused_top_tdf4_readInputs37.v:456$87'.
Removing empty process `td_fused_top_tdf4_readInputs37.$proc$/home/zhigang/raw_data/raw_designs/vtr_designs/verilog/koios/tiny_darknet_like.medium_submodules/td_fused_top_tdf4_readInputs37.v:456$87'.
Found and cleaned up 1 empty switch in `\td_fused_top_tdf4_readInputs37.$proc$/home/zhigang/raw_data/raw_designs/vtr_designs/verilog/koios/tiny_darknet_like.medium_submodules/td_fused_top_tdf4_readInputs37.v:447$85'.
Removing empty process `td_fused_top_tdf4_readInputs37.$proc$/home/zhigang/raw_data/raw_designs/vtr_designs/verilog/koios/tiny_darknet_like.medium_submodules/td_fused_top_tdf4_readInputs37.v:447$85'.
Found and cleaned up 1 empty switch in `\td_fused_top_tdf4_readInputs37.$proc$/home/zhigang/raw_data/raw_designs/vtr_designs/verilog/koios/tiny_darknet_like.medium_submodules/td_fused_top_tdf4_readInputs37.v:436$81'.
Removing empty process `td_fused_top_tdf4_readInputs37.$proc$/home/zhigang/raw_data/raw_designs/vtr_designs/verilog/koios/tiny_darknet_like.medium_submodules/td_fused_top_tdf4_readInputs37.v:436$81'.
Found and cleaned up 1 empty switch in `\td_fused_top_tdf4_readInputs37.$proc$/home/zhigang/raw_data/raw_designs/vtr_designs/verilog/koios/tiny_darknet_like.medium_submodules/td_fused_top_tdf4_readInputs37.v:427$79'.
Removing empty process `td_fused_top_tdf4_readInputs37.$proc$/home/zhigang/raw_data/raw_designs/vtr_designs/verilog/koios/tiny_darknet_like.medium_submodules/td_fused_top_tdf4_readInputs37.v:427$79'.
Found and cleaned up 1 empty switch in `\td_fused_top_tdf4_readInputs37.$proc$/home/zhigang/raw_data/raw_designs/vtr_designs/verilog/koios/tiny_darknet_like.medium_submodules/td_fused_top_tdf4_readInputs37.v:418$73'.
Removing empty process `td_fused_top_tdf4_readInputs37.$proc$/home/zhigang/raw_data/raw_designs/vtr_designs/verilog/koios/tiny_darknet_like.medium_submodules/td_fused_top_tdf4_readInputs37.v:418$73'.
Found and cleaned up 1 empty switch in `\td_fused_top_tdf4_readInputs37.$proc$/home/zhigang/raw_data/raw_designs/vtr_designs/verilog/koios/tiny_darknet_like.medium_submodules/td_fused_top_tdf4_readInputs37.v:406$67'.
Removing empty process `td_fused_top_tdf4_readInputs37.$proc$/home/zhigang/raw_data/raw_designs/vtr_designs/verilog/koios/tiny_darknet_like.medium_submodules/td_fused_top_tdf4_readInputs37.v:406$67'.
Found and cleaned up 2 empty switches in `\td_fused_top_tdf4_readInputs37.$proc$/home/zhigang/raw_data/raw_designs/vtr_designs/verilog/koios/tiny_darknet_like.medium_submodules/td_fused_top_tdf4_readInputs37.v:398$58'.
Removing empty process `td_fused_top_tdf4_readInputs37.$proc$/home/zhigang/raw_data/raw_designs/vtr_designs/verilog/koios/tiny_darknet_like.medium_submodules/td_fused_top_tdf4_readInputs37.v:398$58'.
Found and cleaned up 2 empty switches in `\td_fused_top_tdf4_readInputs37.$proc$/home/zhigang/raw_data/raw_designs/vtr_designs/verilog/koios/tiny_darknet_like.medium_submodules/td_fused_top_tdf4_readInputs37.v:390$49'.
Removing empty process `td_fused_top_tdf4_readInputs37.$proc$/home/zhigang/raw_data/raw_designs/vtr_designs/verilog/koios/tiny_darknet_like.medium_submodules/td_fused_top_tdf4_readInputs37.v:390$49'.
Found and cleaned up 2 empty switches in `\td_fused_top_tdf4_readInputs37.$proc$/home/zhigang/raw_data/raw_designs/vtr_designs/verilog/koios/tiny_darknet_like.medium_submodules/td_fused_top_tdf4_readInputs37.v:382$40'.
Removing empty process `td_fused_top_tdf4_readInputs37.$proc$/home/zhigang/raw_data/raw_designs/vtr_designs/verilog/koios/tiny_darknet_like.medium_submodules/td_fused_top_tdf4_readInputs37.v:382$40'.
Found and cleaned up 2 empty switches in `\td_fused_top_tdf4_readInputs37.$proc$/home/zhigang/raw_data/raw_designs/vtr_designs/verilog/koios/tiny_darknet_like.medium_submodules/td_fused_top_tdf4_readInputs37.v:374$31'.
Removing empty process `td_fused_top_tdf4_readInputs37.$proc$/home/zhigang/raw_data/raw_designs/vtr_designs/verilog/koios/tiny_darknet_like.medium_submodules/td_fused_top_tdf4_readInputs37.v:374$31'.
Found and cleaned up 2 empty switches in `\td_fused_top_tdf4_readInputs37.$proc$/home/zhigang/raw_data/raw_designs/vtr_designs/verilog/koios/tiny_darknet_like.medium_submodules/td_fused_top_tdf4_readInputs37.v:366$22'.
Removing empty process `td_fused_top_tdf4_readInputs37.$proc$/home/zhigang/raw_data/raw_designs/vtr_designs/verilog/koios/tiny_darknet_like.medium_submodules/td_fused_top_tdf4_readInputs37.v:366$22'.
Found and cleaned up 3 empty switches in `\td_fused_top_tdf4_readInputs37.$proc$/home/zhigang/raw_data/raw_designs/vtr_designs/verilog/koios/tiny_darknet_like.medium_submodules/td_fused_top_tdf4_readInputs37.v:354$18'.
Removing empty process `td_fused_top_tdf4_readInputs37.$proc$/home/zhigang/raw_data/raw_designs/vtr_designs/verilog/koios/tiny_darknet_like.medium_submodules/td_fused_top_tdf4_readInputs37.v:354$18'.
Found and cleaned up 3 empty switches in `\td_fused_top_tdf4_readInputs37.$proc$/home/zhigang/raw_data/raw_designs/vtr_designs/verilog/koios/tiny_darknet_like.medium_submodules/td_fused_top_tdf4_readInputs37.v:340$14'.
Removing empty process `td_fused_top_tdf4_readInputs37.$proc$/home/zhigang/raw_data/raw_designs/vtr_designs/verilog/koios/tiny_darknet_like.medium_submodules/td_fused_top_tdf4_readInputs37.v:340$14'.
Found and cleaned up 2 empty switches in `\td_fused_top_tdf4_readInputs37.$proc$/home/zhigang/raw_data/raw_designs/vtr_designs/verilog/koios/tiny_darknet_like.medium_submodules/td_fused_top_tdf4_readInputs37.v:330$11'.
Removing empty process `td_fused_top_tdf4_readInputs37.$proc$/home/zhigang/raw_data/raw_designs/vtr_designs/verilog/koios/tiny_darknet_like.medium_submodules/td_fused_top_tdf4_readInputs37.v:330$11'.
Found and cleaned up 3 empty switches in `\td_fused_top_tdf4_readInputs37.$proc$/home/zhigang/raw_data/raw_designs/vtr_designs/verilog/koios/tiny_darknet_like.medium_submodules/td_fused_top_tdf4_readInputs37.v:318$7'.
Removing empty process `td_fused_top_tdf4_readInputs37.$proc$/home/zhigang/raw_data/raw_designs/vtr_designs/verilog/koios/tiny_darknet_like.medium_submodules/td_fused_top_tdf4_readInputs37.v:318$7'.
Found and cleaned up 3 empty switches in `\td_fused_top_tdf4_readInputs37.$proc$/home/zhigang/raw_data/raw_designs/vtr_designs/verilog/koios/tiny_darknet_like.medium_submodules/td_fused_top_tdf4_readInputs37.v:306$3'.
Removing empty process `td_fused_top_tdf4_readInputs37.$proc$/home/zhigang/raw_data/raw_designs/vtr_designs/verilog/koios/tiny_darknet_like.medium_submodules/td_fused_top_tdf4_readInputs37.v:306$3'.
Found and cleaned up 1 empty switch in `\td_fused_top_tdf4_readInputs37.$proc$/home/zhigang/raw_data/raw_designs/vtr_designs/verilog/koios/tiny_darknet_like.medium_submodules/td_fused_top_tdf4_readInputs37.v:298$1'.
Removing empty process `td_fused_top_tdf4_readInputs37.$proc$/home/zhigang/raw_data/raw_designs/vtr_designs/verilog/koios/tiny_darknet_like.medium_submodules/td_fused_top_tdf4_readInputs37.v:298$1'.
Cleaned up 63 empty switches.

3.11. Executing OPT_EXPR pass (perform const folding).
Optimizing module td_fused_top_tdf4_readInputs37.
<suppressed ~266 debug messages>

4. Executing OPT pass (performing simple optimizations).

4.1. Executing OPT_EXPR pass (perform const folding).
Optimizing module td_fused_top_tdf4_readInputs37.

4.2. Executing OPT_MERGE pass (detect identical cells).
Finding identical cells in module `\td_fused_top_tdf4_readInputs37'.
<suppressed ~345 debug messages>
Removed a total of 115 cells.

4.3. Executing OPT_MUXTREE pass (detect dead branches in mux trees).
Running muxtree optimizer on module \td_fused_top_tdf4_readInputs37..
  Creating internal representation of mux trees.
  Evaluating internal representation of mux trees.
  Analyzing evaluation results.
    dead port 1/2 on $mux $procmux$642.
    dead port 2/2 on $mux $procmux$642.
    dead port 1/2 on $mux $procmux$448.
    dead port 2/2 on $mux $procmux$450.
    dead port 2/2 on $mux $procmux$457.
    dead port 2/2 on $mux $procmux$466.
    dead port 1/2 on $mux $procmux$481.
    dead port 2/2 on $mux $procmux$481.
    dead port 1/2 on $mux $procmux$484.
    dead port 2/2 on $mux $procmux$484.
    dead port 1/2 on $mux $procmux$493.
    dead port 2/2 on $mux $procmux$493.
    dead port 1/2 on $mux $procmux$496.
    dead port 2/2 on $mux $procmux$496.
Removed 14 multiplexer ports.
<suppressed ~77 debug messages>

4.4. Executing OPT_REDUCE pass (consolidate $*mux and $reduce_* inputs).
  Optimizing cells in module \td_fused_top_tdf4_readInputs37.
Performed a total of 0 changes.

4.5. Executing OPT_MERGE pass (detect identical cells).
Finding identical cells in module `\td_fused_top_tdf4_readInputs37'.
<suppressed ~30 debug messages>
Removed a total of 10 cells.

4.6. Executing OPT_DFF pass (perform DFF optimizations).
Adding SRST signal on $procdff$727 ($dff) from module td_fused_top_tdf4_readInputs37 (D = \ap_NS_fsm, Q = \ap_CS_fsm, rval = 4'0001).
Adding SRST signal on $procdff$726 ($dff) from module td_fused_top_tdf4_readInputs37 (D = $procmux$671_Y, Q = \ap_done_reg, rval = 1'0).
Adding SRST signal on $procdff$725 ($dff) from module td_fused_top_tdf4_readInputs37 (D = $procmux$663_Y, Q = \ap_enable_reg_pp0_iter0, rval = 1'0).
Adding EN signal on $auto$ff.cc:262:slice$736 ($sdff) from module td_fused_top_tdf4_readInputs37 (D = 1'1, Q = \ap_enable_reg_pp0_iter0).
Adding SRST signal on $procdff$724 ($dff) from module td_fused_top_tdf4_readInputs37 (D = $procmux$658_Y, Q = \ap_enable_reg_pp0_iter1, rval = 1'0).
Adding SRST signal on $procdff$723 ($dff) from module td_fused_top_tdf4_readInputs37 (D = $procmux$653_Y, Q = \ap_enable_reg_pp0_iter2, rval = 1'0).
Adding EN signal on $procdff$720 ($dff) from module td_fused_top_tdf4_readInputs37 (D = $procmux$635_Y, Q = \indvar_flatten47_reg_231).
Adding EN signal on $procdff$719 ($dff) from module td_fused_top_tdf4_readInputs37 (D = $procmux$630_Y, Q = \indvar_flatten_reg_254).
Adding EN signal on $procdff$718 ($dff) from module td_fused_top_tdf4_readInputs37 (D = $procmux$625_Y, Q = \jj_reg_265).
Adding EN signal on $procdff$717 ($dff) from module td_fused_top_tdf4_readInputs37 (D = $procmux$620_Y, Q = \kk_reg_277).
Adding EN signal on $procdff$715 ($dff) from module td_fused_top_tdf4_readInputs37 (D = $add$/home/zhigang/raw_data/raw_designs/vtr_designs/verilog/koios/tiny_darknet_like.medium_submodules/td_fused_top_tdf4_readInputs37.v:725$339_Y, Q = \add_ln22_5_reg_1025).
Adding EN signal on $procdff$714 ($dff) from module td_fused_top_tdf4_readInputs37 (D = $add$/home/zhigang/raw_data/raw_designs/vtr_designs/verilog/koios/tiny_darknet_like.medium_submodules/td_fused_top_tdf4_readInputs37.v:721$337_Y, Q = \add_ln20_reg_1014).
Adding EN signal on $procdff$713 ($dff) from module td_fused_top_tdf4_readInputs37 (D = $or$/home/zhigang/raw_data/raw_designs/vtr_designs/verilog/koios/tiny_darknet_like.medium_submodules/td_fused_top_tdf4_readInputs37.v:831$387_Y, Q = \or_ln19_reg_1007).
Adding EN signal on $procdff$712 ($dff) from module td_fused_top_tdf4_readInputs37 (D = $ternary$/home/zhigang/raw_data/raw_designs/vtr_designs/verilog/koios/tiny_darknet_like.medium_submodules/td_fused_top_tdf4_readInputs37.v:853$398_Y, Q = \p_mid113_reg_1001).
Adding EN signal on $procdff$711 ($dff) from module td_fused_top_tdf4_readInputs37 (D = $ternary$/home/zhigang/raw_data/raw_designs/vtr_designs/verilog/koios/tiny_darknet_like.medium_submodules/td_fused_top_tdf4_readInputs37.v:781$371_Y, Q = \icmp_ln20_reg_985).
Adding EN signal on $procdff$710 ($dff) from module td_fused_top_tdf4_readInputs37 (D = $add$/home/zhigang/raw_data/raw_designs/vtr_designs/verilog/koios/tiny_darknet_like.medium_submodules/td_fused_top_tdf4_readInputs37.v:717$335_Y, Q = \add_ln19_reg_980).
Adding EN signal on $procdff$709 ($dff) from module td_fused_top_tdf4_readInputs37 (D = $sub$/home/zhigang/raw_data/raw_designs/vtr_designs/verilog/koios/tiny_darknet_like.medium_submodules/td_fused_top_tdf4_readInputs37.v:901$435_Y [12:3], Q = \sub_ln32_reg_1075 [12:3]).
Adding EN signal on $procdff$708 ($dff) from module td_fused_top_tdf4_readInputs37 (D = $ternary$/home/zhigang/raw_data/raw_designs/vtr_designs/verilog/koios/tiny_darknet_like.medium_submodules/td_fused_top_tdf4_readInputs37.v:883$426_Y, Q = \select_ln20_17_reg_1062).
Adding EN signal on $procdff$707 ($dff) from module td_fused_top_tdf4_readInputs37 (D = $or$/home/zhigang/raw_data/raw_designs/vtr_designs/verilog/koios/tiny_darknet_like.medium_submodules/td_fused_top_tdf4_readInputs37.v:839$391_Y, Q = \or_ln23_20_reg_1057).
Adding EN signal on $procdff$706 ($dff) from module td_fused_top_tdf4_readInputs37 (D = $add$/home/zhigang/raw_data/raw_designs/vtr_designs/verilog/koios/tiny_darknet_like.medium_submodules/td_fused_top_tdf4_readInputs37.v:733$343_Y, Q = \add_ln33_reg_1052).
Adding EN signal on $procdff$701 ($dff) from module td_fused_top_tdf4_readInputs37 (D = \lshr_ln_reg_1031, Q = \lshr_ln_reg_1031_pp0_iter1_reg).
Adding EN signal on $procdff$700 ($dff) from module td_fused_top_tdf4_readInputs37 (D = \or_ln19_reg_1007, Q = \or_ln19_reg_1007_pp0_iter1_reg).
Adding EN signal on $procdff$699 ($dff) from module td_fused_top_tdf4_readInputs37 (D = \icmp_ln19_reg_976, Q = \icmp_ln19_reg_976_pp0_iter1_reg).
Adding EN signal on $procdff$698 ($dff) from module td_fused_top_tdf4_readInputs37 (D = $ternary$/home/zhigang/raw_data/raw_designs/vtr_designs/verilog/koios/tiny_darknet_like.medium_submodules/td_fused_top_tdf4_readInputs37.v:779$369_Y, Q = \icmp_ln19_reg_976).
Adding EN signal on $procdff$697 ($dff) from module td_fused_top_tdf4_readInputs37 (D = $or$/home/zhigang/raw_data/raw_designs/vtr_designs/verilog/koios/tiny_darknet_like.medium_submodules/td_fused_top_tdf4_readInputs37.v:827$386_Y, Q = \is_padding_reg_969).
Adding EN signal on $procdff$696 ($dff) from module td_fused_top_tdf4_readInputs37 (D = $ternary$/home/zhigang/raw_data/raw_designs/vtr_designs/verilog/koios/tiny_darknet_like.medium_submodules/td_fused_top_tdf4_readInputs37.v:773$366_Y, Q = \empty_107_reg_964).
Adding EN signal on $procdff$695 ($dff) from module td_fused_top_tdf4_readInputs37 (D = \indices_12_dout [11:0], Q = \empty_reg_924).
Adding EN signal on $procdff$694 ($dff) from module td_fused_top_tdf4_readInputs37 (D = \indices_12_dout, Q = \indices_12_read_reg_919).
Adding EN signal on $procdff$693 ($dff) from module td_fused_top_tdf4_readInputs37 (D = \indices_01_dout [5:0], Q = \trunc_ln319_reg_914).
Adding EN signal on $procdff$692 ($dff) from module td_fused_top_tdf4_readInputs37 (D = \indices_01_dout, Q = \indices_01_read_reg_909).
Adding EN signal on $procdff$691 ($dff) from module td_fused_top_tdf4_readInputs37 (D = $add$/home/zhigang/raw_data/raw_designs/vtr_designs/verilog/koios/tiny_darknet_like.medium_submodules/td_fused_top_tdf4_readInputs37.v:855$399_Y, Q = \p_mid137_reg_954).
Adding EN signal on $procdff$690 ($dff) from module td_fused_top_tdf4_readInputs37 (D = $or$/home/zhigang/raw_data/raw_designs/vtr_designs/verilog/koios/tiny_darknet_like.medium_submodules/td_fused_top_tdf4_readInputs37.v:833$388_Y, Q = \or_ln23_16_reg_949).
Adding EN signal on $procdff$689 ($dff) from module td_fused_top_tdf4_readInputs37 (D = $add$/home/zhigang/raw_data/raw_designs/vtr_designs/verilog/koios/tiny_darknet_like.medium_submodules/td_fused_top_tdf4_readInputs37.v:847$395_Y, Q = \p_cast_reg_943).
Adding EN signal on $procdff$688 ($dff) from module td_fused_top_tdf4_readInputs37 (D = { 1'0 $add$/home/zhigang/raw_data/raw_designs/vtr_designs/verilog/koios/tiny_darknet_like.medium_submodules/td_fused_top_tdf4_readInputs37.v:727$340_Y }, Q = \sext_ln22_reg_937).
Setting constant 0-bit at position 17 on $auto$ff.cc:262:slice$777 ($dffe) from module td_fused_top_tdf4_readInputs37.
Adding EN signal on $procdff$716 ($dff) from module td_fused_top_tdf4_readInputs37 (D = $ternary$/home/zhigang/raw_data/raw_designs/vtr_designs/verilog/koios/tiny_darknet_like.medium_submodules/td_fused_top_tdf4_readInputs37.v:891$434_Y [3:2], Q = \lshr_ln_reg_1031).
Adding SRST signal on $procdff$722 ($dff) from module td_fused_top_tdf4_readInputs37 (D = $procmux$645_Y, Q = \ap_enable_reg_pp0_iter3, rval = 1'0).
Adding EN signal on $procdff$721 ($dff) from module td_fused_top_tdf4_readInputs37 (D = $procmux$640_Y, Q = \ii_reg_242).
Adding EN signal on $procdff$687 ($dff) from module td_fused_top_tdf4_readInputs37 (D = { 1'0 $add$/home/zhigang/raw_data/raw_designs/vtr_designs/verilog/koios/tiny_darknet_like.medium_submodules/td_fused_top_tdf4_readInputs37.v:769$363_Y }, Q = \p_cast_i_i_reg_931).
Setting constant 0-bit at position 17 on $auto$ff.cc:262:slice$784 ($dffe) from module td_fused_top_tdf4_readInputs37.
Adding EN signal on $procdff$686 ($dff) from module td_fused_top_tdf4_readInputs37 (D = $add$/home/zhigang/raw_data/raw_designs/vtr_designs/verilog/koios/tiny_darknet_like.medium_submodules/td_fused_top_tdf4_readInputs37.v:857$400_Y, Q = \p_mid1_reg_1070).
Adding EN signal on $procdff$685 ($dff) from module td_fused_top_tdf4_readInputs37 (D = $ternary$/home/zhigang/raw_data/raw_designs/vtr_designs/verilog/koios/tiny_darknet_like.medium_submodules/td_fused_top_tdf4_readInputs37.v:881$424_Y, Q = \select_ln20_16_reg_1019).
Adding EN signal on $procdff$684 ($dff) from module td_fused_top_tdf4_readInputs37 (D = $ternary$/home/zhigang/raw_data/raw_designs/vtr_designs/verilog/koios/tiny_darknet_like.medium_submodules/td_fused_top_tdf4_readInputs37.v:867$410_Y, Q = \select_ln19_23_reg_994).
Adding EN signal on $procdff$683 ($dff) from module td_fused_top_tdf4_readInputs37 (D = $ternary$/home/zhigang/raw_data/raw_designs/vtr_designs/verilog/koios/tiny_darknet_like.medium_submodules/td_fused_top_tdf4_readInputs37.v:877$420_Y, Q = \select_ln19_28_reg_1047).
Setting constant 0-bit at position 0 on $procdff$682 ($dff) from module td_fused_top_tdf4_readInputs37.
Setting constant 0-bit at position 1 on $procdff$682 ($dff) from module td_fused_top_tdf4_readInputs37.
Setting constant 0-bit at position 2 on $procdff$682 ($dff) from module td_fused_top_tdf4_readInputs37.

4.7. Executing OPT_CLEAN pass (remove unused cells and wires).
Finding unused cells or wires in module \td_fused_top_tdf4_readInputs37..
Removed 49 unused cells and 633 unused wires.
<suppressed ~57 debug messages>

4.8. Executing OPT_EXPR pass (perform const folding).
Optimizing module td_fused_top_tdf4_readInputs37.
<suppressed ~5 debug messages>

4.9. Rerunning OPT passes. (Maybe there is more to do..)

4.10. Executing OPT_MUXTREE pass (detect dead branches in mux trees).
Running muxtree optimizer on module \td_fused_top_tdf4_readInputs37..
  Creating internal representation of mux trees.
  Evaluating internal representation of mux trees.
  Analyzing evaluation results.
Removed 0 multiplexer ports.
<suppressed ~38 debug messages>

4.11. Executing OPT_REDUCE pass (consolidate $*mux and $reduce_* inputs).
  Optimizing cells in module \td_fused_top_tdf4_readInputs37.
Performed a total of 0 changes.

4.12. Executing OPT_MERGE pass (detect identical cells).
Finding identical cells in module `\td_fused_top_tdf4_readInputs37'.
<suppressed ~15 debug messages>
Removed a total of 5 cells.

4.13. Executing OPT_DFF pass (perform DFF optimizations).

4.14. Executing OPT_CLEAN pass (remove unused cells and wires).
Finding unused cells or wires in module \td_fused_top_tdf4_readInputs37..
Removed 0 unused cells and 5 unused wires.
<suppressed ~1 debug messages>

4.15. Executing OPT_EXPR pass (perform const folding).
Optimizing module td_fused_top_tdf4_readInputs37.

4.16. Rerunning OPT passes. (Maybe there is more to do..)

4.17. Executing OPT_MUXTREE pass (detect dead branches in mux trees).
Running muxtree optimizer on module \td_fused_top_tdf4_readInputs37..
  Creating internal representation of mux trees.
  Evaluating internal representation of mux trees.
  Analyzing evaluation results.
Removed 0 multiplexer ports.
<suppressed ~40 debug messages>

4.18. Executing OPT_REDUCE pass (consolidate $*mux and $reduce_* inputs).
  Optimizing cells in module \td_fused_top_tdf4_readInputs37.
Performed a total of 0 changes.

4.19. Executing OPT_MERGE pass (detect identical cells).
Finding identical cells in module `\td_fused_top_tdf4_readInputs37'.
Removed a total of 0 cells.

4.20. Executing OPT_DFF pass (perform DFF optimizations).

4.21. Executing OPT_CLEAN pass (remove unused cells and wires).
Finding unused cells or wires in module \td_fused_top_tdf4_readInputs37..

4.22. Executing OPT_EXPR pass (perform const folding).
Optimizing module td_fused_top_tdf4_readInputs37.

4.23. Finished OPT passes. (There is nothing left to do.)

5. Printing statistics.

=== td_fused_top_tdf4_readInputs37 ===

   Number of wires:                266
   Number of wire bits:           1534
   Number of public wires:         201
   Number of public wire bits:    1435
   Number of memories:               0
   Number of memory bits:            0
   Number of processes:              0
   Number of cells:                185
     $add                          206
     $and                           19
     $dff                           10
     $dffe                         203
     $eq                            27
     $gt                            89
     $mux                          250
     $not                           15
     $or                            13
     $pmux                           4
     $reduce_bool                    4
     $reduce_or                      4
     $sdff                           8
     $sdffe                          1
     $sub                           18

End of script. Logfile hash: fb5dd53b0d, CPU: user 0.25s system 0.00s, MEM: 16.66 MB peak
Yosys 0.10+12 (git sha1 72fac04, gcc 7.4.0-1ubuntu1~16.04~ppa1 -fPIC -Os)
Time spent: 32% 2x read_verilog (0 sec), 27% 5x opt_expr (0 sec), ...
