
5. Printing statistics.

=== $paramod$6a718d018631f38c70b32ebbc300a5888ff0cde8\td_fused_top_mac_muladd_10s_9ns_8ns_16_4_1 ===

   Number of wires:                  7
   Number of wire bits:             46
   Number of public wires:           7
   Number of public wire bits:      46
   Number of memories:               0
   Number of memory bits:            0
   Number of processes:              0
   Number of cells:                  1

=== td_fused_top_mac_muladd_10s_9ns_8ns_16_4_1_DSP48_0 ===

   Number of wires:                 16
   Number of wire bits:            370
   Number of public wires:          16
   Number of public wire bits:     370
   Number of memories:               0
   Number of memory bits:            0
   Number of processes:              0
   Number of cells:                  6
     $add                           48
     $dffe                         112
     $mul                           45

=== td_fused_top_td_fused_axi_out ===

   Number of wires:                211
   Number of wire bits:            912
   Number of public wires:         115
   Number of public wire bits:     647
   Number of memories:               0
   Number of memory bits:            0
   Number of processes:              0
   Number of cells:                160
     $add                           56
     $and                           51
     $dffe                         138
     $eq                            74
     $mux                          274
     $not                           14
     $or                            10
     $pmux                           6
     $reduce_bool                    4
     $reduce_or                      4
     $sdff                           7
     $sdffce                        22
     $sdffe                          3
     $sub                            9

=== design hierarchy ===

   td_fused_top_td_fused_axi_out      1
     $paramod$6a718d018631f38c70b32ebbc300a5888ff0cde8\td_fused_top_mac_muladd_10s_9ns_8ns_16_4_1      0
       td_fused_top_mac_muladd_10s_9ns_8ns_16_4_1_DSP48_0      0

   Number of wires:                211
   Number of wire bits:            912
   Number of public wires:         115
   Number of public wire bits:     647
   Number of memories:               0
   Number of memory bits:            0
   Number of processes:              0
   Number of cells:                160
     $add                           56
     $and                           51
     $dffe                         138
     $eq                            74
     $mux                          274
     $not                           14
     $or                            10
     $pmux                           6
     $reduce_bool                    4
     $reduce_or                      4
     $sdff                           7
     $sdffce                        22
     $sdffe                          3
     $sub                            9

