
5. Printing statistics.

=== td_fused_top_tdf7_l2_filters_1 ===

   Number of wires:                  8
   Number of wire bits:             60
   Number of public wires:           8
   Number of public wire bits:      60
   Number of memories:               0
   Number of memory bits:            0
   Number of processes:              0
   Number of cells:                  1

=== td_fused_top_tdf7_l2_filters_1_rom ===

   Number of wires:                  9
   Number of wire bits:             91
   Number of public wires:           7
   Number of public wire bits:      59
   Number of memories:               1
   Number of memory bits:        65536
   Number of processes:              0
   Number of cells:                  4
     $dffe                          32

=== design hierarchy ===

   td_fused_top_tdf7_l2_filters_1      1
     td_fused_top_tdf7_l2_filters_1_rom      0

   Number of wires:                  8
   Number of wire bits:             60
   Number of public wires:           8
   Number of public wire bits:      60
   Number of memories:               0
   Number of memory bits:            0
   Number of processes:              0
   Number of cells:                  1

