
 /----------------------------------------------------------------------------\
 |                                                                            |
 |  yosys -- Yosys Open SYnthesis Suite                                       |
 |                                                                            |
 |  Copyright (C) 2012 - 2020  Claire Xenia Wolf <claire@yosyshq.com>         |
 |                                                                            |
 |  Permission to use, copy, modify, and/or distribute this software for any  |
 |  purpose with or without fee is hereby granted, provided that the above    |
 |  copyright notice and this permission notice appear in all copies.         |
 |                                                                            |
 |  THE SOFTWARE IS PROVIDED "AS IS" AND THE AUTHOR DISCLAIMS ALL WARRANTIES  |
 |  WITH REGARD TO THIS SOFTWARE INCLUDING ALL IMPLIED WARRANTIES OF          |
 |  MERCHANTABILITY AND FITNESS. IN NO EVENT SHALL THE AUTHOR BE LIABLE FOR   |
 |  ANY SPECIAL, DIRECT, INDIRECT, OR CONSEQUENTIAL DAMAGES OR ANY DAMAGES    |
 |  WHATSOEVER RESULTING FROM LOSS OF USE, DATA OR PROFITS, WHETHER IN AN     |
 |  ACTION OF CONTRACT, NEGLIGENCE OR OTHER TORTIOUS ACTION, ARISING OUT OF   |
 |  OR IN CONNECTION WITH THE USE OR PERFORMANCE OF THIS SOFTWARE.            |
 |                                                                            |
 \----------------------------------------------------------------------------/

 Yosys 0.10+12 (git sha1 72fac04, gcc 7.4.0-1ubuntu1~16.04~ppa1 -fPIC -Os)


-- Executing script file `out.ys' --

1. Executing Verilog-2005 frontend: /home/zhigang/raw_data/raw_designs/vtr_designs/verilog/koios/tiny_darknet_like.medium_submodules/td_fused_top_tdf1_readInputs19.v
Parsing SystemVerilog input from `/home/zhigang/raw_data/raw_designs/vtr_designs/verilog/koios/tiny_darknet_like.medium_submodules/td_fused_top_tdf1_readInputs19.v' to AST representation.
Generating RTLIL representation for module `\td_fused_top_tdf1_readInputs19'.
Note: Assuming pure combinatorial block at /home/zhigang/raw_data/raw_designs/vtr_designs/verilog/koios/tiny_darknet_like.medium_submodules/td_fused_top_tdf1_readInputs19.v:820.1-829.4 in
compliance with IEC 62142(E):2005 / IEEE Std. 1364.1(E):2002. Recommending
use of @* instead of @(...) for better match of synthesis and simulation.
Successfully finished Verilog frontend.

2. Executing HIERARCHY pass (managing design hierarchy).

2.1. Finding top of design hierarchy..
root of   0 design levels: td_fused_top_tdf1_readInputs19
Automatically selected td_fused_top_tdf1_readInputs19 as design top module.

2.2. Analyzing design hierarchy..
Top module:  \td_fused_top_tdf1_readInputs19

2.3. Analyzing design hierarchy..
Top module:  \td_fused_top_tdf1_readInputs19
Removed 0 unused modules.

3. Executing PROC pass (convert processes to netlists).

3.1. Executing PROC_CLEAN pass (remove empty switches from decision trees).
Found and cleaned up 64 empty switches in `\td_fused_top_tdf1_readInputs19.$proc$/home/zhigang/raw_data/raw_designs/vtr_designs/verilog/koios/tiny_darknet_like.medium_submodules/td_fused_top_tdf1_readInputs19.v:820$360'.
Found and cleaned up 1 empty switch in `\td_fused_top_tdf1_readInputs19.$proc$/home/zhigang/raw_data/raw_designs/vtr_designs/verilog/koios/tiny_darknet_like.medium_submodules/td_fused_top_tdf1_readInputs19.v:321$23'.
Cleaned up 65 empty switches.

3.2. Executing PROC_RMDEAD pass (remove dead branches from decision trees).
Marked 4 switch rules as full_case in process $proc$/home/zhigang/raw_data/raw_designs/vtr_designs/verilog/koios/tiny_darknet_like.medium_submodules/td_fused_top_tdf1_readInputs19.v:567$216 in module td_fused_top_tdf1_readInputs19.
Marked 1 switch rules as full_case in process $proc$/home/zhigang/raw_data/raw_designs/vtr_designs/verilog/koios/tiny_darknet_like.medium_submodules/td_fused_top_tdf1_readInputs19.v:559$212 in module td_fused_top_tdf1_readInputs19.
Marked 1 switch rules as full_case in process $proc$/home/zhigang/raw_data/raw_designs/vtr_designs/verilog/koios/tiny_darknet_like.medium_submodules/td_fused_top_tdf1_readInputs19.v:551$206 in module td_fused_top_tdf1_readInputs19.
Marked 1 switch rules as full_case in process $proc$/home/zhigang/raw_data/raw_designs/vtr_designs/verilog/koios/tiny_darknet_like.medium_submodules/td_fused_top_tdf1_readInputs19.v:543$202 in module td_fused_top_tdf1_readInputs19.
Marked 1 switch rules as full_case in process $proc$/home/zhigang/raw_data/raw_designs/vtr_designs/verilog/koios/tiny_darknet_like.medium_submodules/td_fused_top_tdf1_readInputs19.v:535$200 in module td_fused_top_tdf1_readInputs19.
Marked 1 switch rules as full_case in process $proc$/home/zhigang/raw_data/raw_designs/vtr_designs/verilog/koios/tiny_darknet_like.medium_submodules/td_fused_top_tdf1_readInputs19.v:527$192 in module td_fused_top_tdf1_readInputs19.
Marked 1 switch rules as full_case in process $proc$/home/zhigang/raw_data/raw_designs/vtr_designs/verilog/koios/tiny_darknet_like.medium_submodules/td_fused_top_tdf1_readInputs19.v:519$186 in module td_fused_top_tdf1_readInputs19.
Marked 1 switch rules as full_case in process $proc$/home/zhigang/raw_data/raw_designs/vtr_designs/verilog/koios/tiny_darknet_like.medium_submodules/td_fused_top_tdf1_readInputs19.v:511$176 in module td_fused_top_tdf1_readInputs19.
Marked 1 switch rules as full_case in process $proc$/home/zhigang/raw_data/raw_designs/vtr_designs/verilog/koios/tiny_darknet_like.medium_submodules/td_fused_top_tdf1_readInputs19.v:503$172 in module td_fused_top_tdf1_readInputs19.
Marked 1 switch rules as full_case in process $proc$/home/zhigang/raw_data/raw_designs/vtr_designs/verilog/koios/tiny_darknet_like.medium_submodules/td_fused_top_tdf1_readInputs19.v:495$170 in module td_fused_top_tdf1_readInputs19.
Marked 1 switch rules as full_case in process $proc$/home/zhigang/raw_data/raw_designs/vtr_designs/verilog/koios/tiny_darknet_like.medium_submodules/td_fused_top_tdf1_readInputs19.v:487$164 in module td_fused_top_tdf1_readInputs19.
Marked 1 switch rules as full_case in process $proc$/home/zhigang/raw_data/raw_designs/vtr_designs/verilog/koios/tiny_darknet_like.medium_submodules/td_fused_top_tdf1_readInputs19.v:479$160 in module td_fused_top_tdf1_readInputs19.
Marked 1 switch rules as full_case in process $proc$/home/zhigang/raw_data/raw_designs/vtr_designs/verilog/koios/tiny_darknet_like.medium_submodules/td_fused_top_tdf1_readInputs19.v:379$90 in module td_fused_top_tdf1_readInputs19.
Marked 1 switch rules as full_case in process $proc$/home/zhigang/raw_data/raw_designs/vtr_designs/verilog/koios/tiny_darknet_like.medium_submodules/td_fused_top_tdf1_readInputs19.v:371$76 in module td_fused_top_tdf1_readInputs19.
Marked 1 switch rules as full_case in process $proc$/home/zhigang/raw_data/raw_designs/vtr_designs/verilog/koios/tiny_darknet_like.medium_submodules/td_fused_top_tdf1_readInputs19.v:363$62 in module td_fused_top_tdf1_readInputs19.
Marked 1 switch rules as full_case in process $proc$/home/zhigang/raw_data/raw_designs/vtr_designs/verilog/koios/tiny_darknet_like.medium_submodules/td_fused_top_tdf1_readInputs19.v:355$48 in module td_fused_top_tdf1_readInputs19.
Marked 1 switch rules as full_case in process $proc$/home/zhigang/raw_data/raw_designs/vtr_designs/verilog/koios/tiny_darknet_like.medium_submodules/td_fused_top_tdf1_readInputs19.v:347$36 in module td_fused_top_tdf1_readInputs19.
Marked 2 switch rules as full_case in process $proc$/home/zhigang/raw_data/raw_designs/vtr_designs/verilog/koios/tiny_darknet_like.medium_submodules/td_fused_top_tdf1_readInputs19.v:335$27 in module td_fused_top_tdf1_readInputs19.
Marked 2 switch rules as full_case in process $proc$/home/zhigang/raw_data/raw_designs/vtr_designs/verilog/koios/tiny_darknet_like.medium_submodules/td_fused_top_tdf1_readInputs19.v:321$23 in module td_fused_top_tdf1_readInputs19.
Marked 1 switch rules as full_case in process $proc$/home/zhigang/raw_data/raw_designs/vtr_designs/verilog/koios/tiny_darknet_like.medium_submodules/td_fused_top_tdf1_readInputs19.v:311$20 in module td_fused_top_tdf1_readInputs19.
Marked 1 switch rules as full_case in process $proc$/home/zhigang/raw_data/raw_designs/vtr_designs/verilog/koios/tiny_darknet_like.medium_submodules/td_fused_top_tdf1_readInputs19.v:301$17 in module td_fused_top_tdf1_readInputs19.
Marked 2 switch rules as full_case in process $proc$/home/zhigang/raw_data/raw_designs/vtr_designs/verilog/koios/tiny_darknet_like.medium_submodules/td_fused_top_tdf1_readInputs19.v:289$8 in module td_fused_top_tdf1_readInputs19.
Marked 2 switch rules as full_case in process $proc$/home/zhigang/raw_data/raw_designs/vtr_designs/verilog/koios/tiny_darknet_like.medium_submodules/td_fused_top_tdf1_readInputs19.v:277$4 in module td_fused_top_tdf1_readInputs19.
Marked 1 switch rules as full_case in process $proc$/home/zhigang/raw_data/raw_designs/vtr_designs/verilog/koios/tiny_darknet_like.medium_submodules/td_fused_top_tdf1_readInputs19.v:269$2 in module td_fused_top_tdf1_readInputs19.
Removed a total of 0 dead cases.

3.3. Executing PROC_PRUNE pass (remove redundant assignments in processes).
Removed 1 redundant assignment.
Promoted 150 assignments to connections.

3.4. Executing PROC_INIT pass (extract init attributes).
Found init rule in `\td_fused_top_tdf1_readInputs19.$proc$/home/zhigang/raw_data/raw_designs/vtr_designs/verilog/koios/tiny_darknet_like.medium_submodules/td_fused_top_tdf1_readInputs19.v:0$364'.
  Set init value: \ap_done_reg = 1'0
  Set init value: \ap_CS_fsm = 3'001
  Set init value: \ap_enable_reg_pp0_iter0 = 1'0
  Set init value: \ap_enable_reg_pp0_iter1 = 1'0
  Set init value: \ap_enable_reg_pp0_iter2 = 1'0
  Set init value: \ap_enable_reg_pp0_iter3 = 1'0
  Set init value: \ap_enable_reg_pp0_iter4 = 1'0

3.5. Executing PROC_ARST pass (detect async resets in processes).

3.6. Executing PROC_MUX pass (convert decision trees to multiplexers).
Creating decoders for process `\td_fused_top_tdf1_readInputs19.$proc$/home/zhigang/raw_data/raw_designs/vtr_designs/verilog/koios/tiny_darknet_like.medium_submodules/td_fused_top_tdf1_readInputs19.v:0$364'.
Creating decoders for process `\td_fused_top_tdf1_readInputs19.$proc$/home/zhigang/raw_data/raw_designs/vtr_designs/verilog/koios/tiny_darknet_like.medium_submodules/td_fused_top_tdf1_readInputs19.v:881$363'.
Creating decoders for process `\td_fused_top_tdf1_readInputs19.$proc$/home/zhigang/raw_data/raw_designs/vtr_designs/verilog/koios/tiny_darknet_like.medium_submodules/td_fused_top_tdf1_readInputs19.v:820$360'.
Creating decoders for process `\td_fused_top_tdf1_readInputs19.$proc$/home/zhigang/raw_data/raw_designs/vtr_designs/verilog/koios/tiny_darknet_like.medium_submodules/td_fused_top_tdf1_readInputs19.v:636$266'.
Creating decoders for process `\td_fused_top_tdf1_readInputs19.$proc$/home/zhigang/raw_data/raw_designs/vtr_designs/verilog/koios/tiny_darknet_like.medium_submodules/td_fused_top_tdf1_readInputs19.v:567$216'.
     1/4: $4\ap_NS_fsm[2:0]
     2/4: $3\ap_NS_fsm[2:0]
     3/4: $2\ap_NS_fsm[2:0]
     4/4: $1\ap_NS_fsm[2:0]
Creating decoders for process `\td_fused_top_tdf1_readInputs19.$proc$/home/zhigang/raw_data/raw_designs/vtr_designs/verilog/koios/tiny_darknet_like.medium_submodules/td_fused_top_tdf1_readInputs19.v:559$212'.
     1/1: $1\in_data_ce0[0:0]
Creating decoders for process `\td_fused_top_tdf1_readInputs19.$proc$/home/zhigang/raw_data/raw_designs/vtr_designs/verilog/koios/tiny_darknet_like.medium_submodules/td_fused_top_tdf1_readInputs19.v:551$206'.
     1/1: $1\ifmap_vec_we0[0:0]
Creating decoders for process `\td_fused_top_tdf1_readInputs19.$proc$/home/zhigang/raw_data/raw_designs/vtr_designs/verilog/koios/tiny_darknet_like.medium_submodules/td_fused_top_tdf1_readInputs19.v:543$202'.
     1/1: $1\ifmap_vec_ce0[0:0]
Creating decoders for process `\td_fused_top_tdf1_readInputs19.$proc$/home/zhigang/raw_data/raw_designs/vtr_designs/verilog/koios/tiny_darknet_like.medium_submodules/td_fused_top_tdf1_readInputs19.v:535$200'.
     1/1: $1\ap_ready[0:0]
Creating decoders for process `\td_fused_top_tdf1_readInputs19.$proc$/home/zhigang/raw_data/raw_designs/vtr_designs/verilog/koios/tiny_darknet_like.medium_submodules/td_fused_top_tdf1_readInputs19.v:527$192'.
     1/1: $1\ap_phi_mux_jj_phi_fu_168_p4[1:0]
Creating decoders for process `\td_fused_top_tdf1_readInputs19.$proc$/home/zhigang/raw_data/raw_designs/vtr_designs/verilog/koios/tiny_darknet_like.medium_submodules/td_fused_top_tdf1_readInputs19.v:519$186'.
     1/1: $1\ap_phi_mux_ii_phi_fu_191_p4[1:0]
Creating decoders for process `\td_fused_top_tdf1_readInputs19.$proc$/home/zhigang/raw_data/raw_designs/vtr_designs/verilog/koios/tiny_darknet_like.medium_submodules/td_fused_top_tdf1_readInputs19.v:511$176'.
     1/1: $1\ap_idle_pp0[0:0]
Creating decoders for process `\td_fused_top_tdf1_readInputs19.$proc$/home/zhigang/raw_data/raw_designs/vtr_designs/verilog/koios/tiny_darknet_like.medium_submodules/td_fused_top_tdf1_readInputs19.v:503$172'.
     1/1: $1\ap_idle[0:0]
Creating decoders for process `\td_fused_top_tdf1_readInputs19.$proc$/home/zhigang/raw_data/raw_designs/vtr_designs/verilog/koios/tiny_darknet_like.medium_submodules/td_fused_top_tdf1_readInputs19.v:495$170'.
     1/1: $1\ap_done[0:0]
Creating decoders for process `\td_fused_top_tdf1_readInputs19.$proc$/home/zhigang/raw_data/raw_designs/vtr_designs/verilog/koios/tiny_darknet_like.medium_submodules/td_fused_top_tdf1_readInputs19.v:487$164'.
     1/1: $1\ap_condition_pp0_flush_enable[0:0]
Creating decoders for process `\td_fused_top_tdf1_readInputs19.$proc$/home/zhigang/raw_data/raw_designs/vtr_designs/verilog/koios/tiny_darknet_like.medium_submodules/td_fused_top_tdf1_readInputs19.v:479$160'.
     1/1: $1\ap_condition_pp0_exit_iter2_state4[0:0]
Creating decoders for process `\td_fused_top_tdf1_readInputs19.$proc$/home/zhigang/raw_data/raw_designs/vtr_designs/verilog/koios/tiny_darknet_like.medium_submodules/td_fused_top_tdf1_readInputs19.v:473$152'.
     1/1: $0\select_ln20_26_reg_965[1:0]
Creating decoders for process `\td_fused_top_tdf1_readInputs19.$proc$/home/zhigang/raw_data/raw_designs/vtr_designs/verilog/koios/tiny_darknet_like.medium_submodules/td_fused_top_tdf1_readInputs19.v:467$144'.
     1/1: $0\select_ln19_36_reg_999[1:0]
Creating decoders for process `\td_fused_top_tdf1_readInputs19.$proc$/home/zhigang/raw_data/raw_designs/vtr_designs/verilog/koios/tiny_darknet_like.medium_submodules/td_fused_top_tdf1_readInputs19.v:461$136'.
     1/1: $0\p_mid1_reg_1026[15:0]
Creating decoders for process `\td_fused_top_tdf1_readInputs19.$proc$/home/zhigang/raw_data/raw_designs/vtr_designs/verilog/koios/tiny_darknet_like.medium_submodules/td_fused_top_tdf1_readInputs19.v:453$130'.
     1/3: $0\or_ln23_30_reg_1019[0:0]
     2/3: $0\or_ln23_28_reg_1012[0:0]
     3/3: $0\p_cast1_i_mid1_reg_1006[7:0]
Creating decoders for process `\td_fused_top_tdf1_readInputs19.$proc$/home/zhigang/raw_data/raw_designs/vtr_designs/verilog/koios/tiny_darknet_like.medium_submodules/td_fused_top_tdf1_readInputs19.v:443$128'.
     1/5: $0\p_mid140_reg_924[15:0]
     2/5: $0\or_ln23_26_reg_919[0:0]
     3/5: $0\p_cast_reg_913[7:0]
     4/5: $0\sext_ln22_reg_907[17:0]
     5/5: $0\p_cast_i_reg_901[17:0]
Creating decoders for process `\td_fused_top_tdf1_readInputs19.$proc$/home/zhigang/raw_data/raw_designs/vtr_designs/verilog/koios/tiny_darknet_like.medium_submodules/td_fused_top_tdf1_readInputs19.v:437$120'.
     1/1: $0\empty_132_reg_994[15:0]
Creating decoders for process `\td_fused_top_tdf1_readInputs19.$proc$/home/zhigang/raw_data/raw_designs/vtr_designs/verilog/koios/tiny_darknet_like.medium_submodules/td_fused_top_tdf1_readInputs19.v:417$118'.
     1/15: $0\or_ln23_30_reg_1019_pp0_iter3_reg[0:0]
     2/15: $0\or_ln23_30_reg_1019_pp0_iter2_reg[0:0]
     3/15: $0\or_ln23_28_reg_1012_pp0_iter3_reg[0:0]
     4/15: $0\or_ln23_28_reg_1012_pp0_iter2_reg[0:0]
     5/15: $0\select_ln19_36_reg_999_pp0_iter2_reg[1:0]
     6/15: $0\is_padding_reg_987_pp0_iter3_reg[0:0]
     7/15: $0\is_padding_reg_987_pp0_iter2_reg[0:0]
     8/15: $0\select_ln20_26_reg_965_pp0_iter2_reg[1:0]
     9/15: $0\select_ln20_reg_959_pp0_iter2_reg[1:0]
    10/15: $0\and_ln19_reg_947_pp0_iter3_reg[0:0]
    11/15: $0\and_ln19_reg_947_pp0_iter2_reg[0:0]
    12/15: $0\icmp_ln20_reg_938_pp0_iter3_reg[0:0]
    13/15: $0\icmp_ln20_reg_938_pp0_iter2_reg[0:0]
    14/15: $0\icmp_ln19_reg_934_pp0_iter3_reg[0:0]
    15/15: $0\icmp_ln19_reg_934_pp0_iter2_reg[0:0]
Creating decoders for process `\td_fused_top_tdf1_readInputs19.$proc$/home/zhigang/raw_data/raw_designs/vtr_designs/verilog/koios/tiny_darknet_like.medium_submodules/td_fused_top_tdf1_readInputs19.v:404$114'.
     1/8: $0\is_padding_reg_987[0:0]
     2/8: $0\p_cast1_i_reg_981[7:0]
     3/8: $0\select_ln20_26_reg_965_pp0_iter1_reg[1:0]
     4/8: $0\select_ln20_reg_959_pp0_iter1_reg[1:0]
     5/8: $0\and_ln19_reg_947_pp0_iter1_reg[0:0]
     6/8: $0\icmp_ln20_reg_938_pp0_iter1_reg[0:0]
     7/8: $0\icmp_ln19_reg_934_pp0_iter1_reg[0:0]
     8/8: $0\icmp_ln19_reg_934[0:0]
Creating decoders for process `\td_fused_top_tdf1_readInputs19.$proc$/home/zhigang/raw_data/raw_designs/vtr_designs/verilog/koios/tiny_darknet_like.medium_submodules/td_fused_top_tdf1_readInputs19.v:396$110'.
     1/3: $0\lshr_ln32_reg_1046[63:0]
     2/3: $0\sub_ln32_21_reg_1041[6:1]
     3/3: $0\add_ln33_1_reg_1036[4:0]
Creating decoders for process `\td_fused_top_tdf1_readInputs19.$proc$/home/zhigang/raw_data/raw_designs/vtr_designs/verilog/koios/tiny_darknet_like.medium_submodules/td_fused_top_tdf1_readInputs19.v:387$104'.
     1/4: $0\select_ln20_reg_959[1:0]
     2/4: $0\add_ln20_reg_953[1:0]
     3/4: $0\and_ln19_reg_947[0:0]
     4/4: $0\icmp_ln20_reg_938[0:0]
Creating decoders for process `\td_fused_top_tdf1_readInputs19.$proc$/home/zhigang/raw_data/raw_designs/vtr_designs/verilog/koios/tiny_darknet_like.medium_submodules/td_fused_top_tdf1_readInputs19.v:379$90'.
     1/1: $0\kk_reg_176[1:0]
Creating decoders for process `\td_fused_top_tdf1_readInputs19.$proc$/home/zhigang/raw_data/raw_designs/vtr_designs/verilog/koios/tiny_darknet_like.medium_submodules/td_fused_top_tdf1_readInputs19.v:371$76'.
     1/1: $0\jj_reg_164[1:0]
Creating decoders for process `\td_fused_top_tdf1_readInputs19.$proc$/home/zhigang/raw_data/raw_designs/vtr_designs/verilog/koios/tiny_darknet_like.medium_submodules/td_fused_top_tdf1_readInputs19.v:363$62'.
     1/1: $0\indvar_flatten_reg_153[3:0]
Creating decoders for process `\td_fused_top_tdf1_readInputs19.$proc$/home/zhigang/raw_data/raw_designs/vtr_designs/verilog/koios/tiny_darknet_like.medium_submodules/td_fused_top_tdf1_readInputs19.v:355$48'.
     1/1: $0\indvar_flatten52_reg_142[4:0]
Creating decoders for process `\td_fused_top_tdf1_readInputs19.$proc$/home/zhigang/raw_data/raw_designs/vtr_designs/verilog/koios/tiny_darknet_like.medium_submodules/td_fused_top_tdf1_readInputs19.v:347$36'.
     1/1: $0\ii_reg_187[1:0]
Creating decoders for process `\td_fused_top_tdf1_readInputs19.$proc$/home/zhigang/raw_data/raw_designs/vtr_designs/verilog/koios/tiny_darknet_like.medium_submodules/td_fused_top_tdf1_readInputs19.v:335$27'.
     1/1: $0\ap_enable_reg_pp0_iter4[0:0]
Creating decoders for process `\td_fused_top_tdf1_readInputs19.$proc$/home/zhigang/raw_data/raw_designs/vtr_designs/verilog/koios/tiny_darknet_like.medium_submodules/td_fused_top_tdf1_readInputs19.v:321$23'.
     1/1: $0\ap_enable_reg_pp0_iter3[0:0]
Creating decoders for process `\td_fused_top_tdf1_readInputs19.$proc$/home/zhigang/raw_data/raw_designs/vtr_designs/verilog/koios/tiny_darknet_like.medium_submodules/td_fused_top_tdf1_readInputs19.v:311$20'.
     1/1: $0\ap_enable_reg_pp0_iter2[0:0]
Creating decoders for process `\td_fused_top_tdf1_readInputs19.$proc$/home/zhigang/raw_data/raw_designs/vtr_designs/verilog/koios/tiny_darknet_like.medium_submodules/td_fused_top_tdf1_readInputs19.v:301$17'.
     1/1: $0\ap_enable_reg_pp0_iter1[0:0]
Creating decoders for process `\td_fused_top_tdf1_readInputs19.$proc$/home/zhigang/raw_data/raw_designs/vtr_designs/verilog/koios/tiny_darknet_like.medium_submodules/td_fused_top_tdf1_readInputs19.v:289$8'.
     1/1: $0\ap_enable_reg_pp0_iter0[0:0]
Creating decoders for process `\td_fused_top_tdf1_readInputs19.$proc$/home/zhigang/raw_data/raw_designs/vtr_designs/verilog/koios/tiny_darknet_like.medium_submodules/td_fused_top_tdf1_readInputs19.v:277$4'.
     1/1: $0\ap_done_reg[0:0]
Creating decoders for process `\td_fused_top_tdf1_readInputs19.$proc$/home/zhigang/raw_data/raw_designs/vtr_designs/verilog/koios/tiny_darknet_like.medium_submodules/td_fused_top_tdf1_readInputs19.v:269$2'.
     1/1: $0\ap_CS_fsm[2:0]

3.7. Executing PROC_DLATCH pass (convert process syncs to latches).
No latch inferred for signal `\td_fused_top_tdf1_readInputs19.\tmp_76_fu_781_p4' from process `\td_fused_top_tdf1_readInputs19.$proc$/home/zhigang/raw_data/raw_designs/vtr_designs/verilog/koios/tiny_darknet_like.medium_submodules/td_fused_top_tdf1_readInputs19.v:820$360'.
No latch inferred for signal `\td_fused_top_tdf1_readInputs19.\ap_tvar_int_0' from process `\td_fused_top_tdf1_readInputs19.$proc$/home/zhigang/raw_data/raw_designs/vtr_designs/verilog/koios/tiny_darknet_like.medium_submodules/td_fused_top_tdf1_readInputs19.v:820$360'.
No latch inferred for signal `\td_fused_top_tdf1_readInputs19.\ap_block_state1' from process `\td_fused_top_tdf1_readInputs19.$proc$/home/zhigang/raw_data/raw_designs/vtr_designs/verilog/koios/tiny_darknet_like.medium_submodules/td_fused_top_tdf1_readInputs19.v:636$266'.
No latch inferred for signal `\td_fused_top_tdf1_readInputs19.\ap_NS_fsm' from process `\td_fused_top_tdf1_readInputs19.$proc$/home/zhigang/raw_data/raw_designs/vtr_designs/verilog/koios/tiny_darknet_like.medium_submodules/td_fused_top_tdf1_readInputs19.v:567$216'.
No latch inferred for signal `\td_fused_top_tdf1_readInputs19.\in_data_ce0' from process `\td_fused_top_tdf1_readInputs19.$proc$/home/zhigang/raw_data/raw_designs/vtr_designs/verilog/koios/tiny_darknet_like.medium_submodules/td_fused_top_tdf1_readInputs19.v:559$212'.
No latch inferred for signal `\td_fused_top_tdf1_readInputs19.\ifmap_vec_we0' from process `\td_fused_top_tdf1_readInputs19.$proc$/home/zhigang/raw_data/raw_designs/vtr_designs/verilog/koios/tiny_darknet_like.medium_submodules/td_fused_top_tdf1_readInputs19.v:551$206'.
No latch inferred for signal `\td_fused_top_tdf1_readInputs19.\ifmap_vec_ce0' from process `\td_fused_top_tdf1_readInputs19.$proc$/home/zhigang/raw_data/raw_designs/vtr_designs/verilog/koios/tiny_darknet_like.medium_submodules/td_fused_top_tdf1_readInputs19.v:543$202'.
No latch inferred for signal `\td_fused_top_tdf1_readInputs19.\ap_ready' from process `\td_fused_top_tdf1_readInputs19.$proc$/home/zhigang/raw_data/raw_designs/vtr_designs/verilog/koios/tiny_darknet_like.medium_submodules/td_fused_top_tdf1_readInputs19.v:535$200'.
No latch inferred for signal `\td_fused_top_tdf1_readInputs19.\ap_phi_mux_jj_phi_fu_168_p4' from process `\td_fused_top_tdf1_readInputs19.$proc$/home/zhigang/raw_data/raw_designs/vtr_designs/verilog/koios/tiny_darknet_like.medium_submodules/td_fused_top_tdf1_readInputs19.v:527$192'.
No latch inferred for signal `\td_fused_top_tdf1_readInputs19.\ap_phi_mux_ii_phi_fu_191_p4' from process `\td_fused_top_tdf1_readInputs19.$proc$/home/zhigang/raw_data/raw_designs/vtr_designs/verilog/koios/tiny_darknet_like.medium_submodules/td_fused_top_tdf1_readInputs19.v:519$186'.
No latch inferred for signal `\td_fused_top_tdf1_readInputs19.\ap_idle_pp0' from process `\td_fused_top_tdf1_readInputs19.$proc$/home/zhigang/raw_data/raw_designs/vtr_designs/verilog/koios/tiny_darknet_like.medium_submodules/td_fused_top_tdf1_readInputs19.v:511$176'.
No latch inferred for signal `\td_fused_top_tdf1_readInputs19.\ap_idle' from process `\td_fused_top_tdf1_readInputs19.$proc$/home/zhigang/raw_data/raw_designs/vtr_designs/verilog/koios/tiny_darknet_like.medium_submodules/td_fused_top_tdf1_readInputs19.v:503$172'.
No latch inferred for signal `\td_fused_top_tdf1_readInputs19.\ap_done' from process `\td_fused_top_tdf1_readInputs19.$proc$/home/zhigang/raw_data/raw_designs/vtr_designs/verilog/koios/tiny_darknet_like.medium_submodules/td_fused_top_tdf1_readInputs19.v:495$170'.
No latch inferred for signal `\td_fused_top_tdf1_readInputs19.\ap_condition_pp0_flush_enable' from process `\td_fused_top_tdf1_readInputs19.$proc$/home/zhigang/raw_data/raw_designs/vtr_designs/verilog/koios/tiny_darknet_like.medium_submodules/td_fused_top_tdf1_readInputs19.v:487$164'.
No latch inferred for signal `\td_fused_top_tdf1_readInputs19.\ap_condition_pp0_exit_iter2_state4' from process `\td_fused_top_tdf1_readInputs19.$proc$/home/zhigang/raw_data/raw_designs/vtr_designs/verilog/koios/tiny_darknet_like.medium_submodules/td_fused_top_tdf1_readInputs19.v:479$160'.

3.8. Executing PROC_DFF pass (convert process syncs to FFs).
Creating register for signal `\td_fused_top_tdf1_readInputs19.\sub_ln32_21_reg_1041 [0]' using process `\td_fused_top_tdf1_readInputs19.$proc$/home/zhigang/raw_data/raw_designs/vtr_designs/verilog/koios/tiny_darknet_like.medium_submodules/td_fused_top_tdf1_readInputs19.v:881$363'.
  created $dff cell `$procdff$582' with positive edge clock.
Creating register for signal `\td_fused_top_tdf1_readInputs19.\select_ln20_26_reg_965' using process `\td_fused_top_tdf1_readInputs19.$proc$/home/zhigang/raw_data/raw_designs/vtr_designs/verilog/koios/tiny_darknet_like.medium_submodules/td_fused_top_tdf1_readInputs19.v:473$152'.
  created $dff cell `$procdff$583' with positive edge clock.
Creating register for signal `\td_fused_top_tdf1_readInputs19.\select_ln19_36_reg_999' using process `\td_fused_top_tdf1_readInputs19.$proc$/home/zhigang/raw_data/raw_designs/vtr_designs/verilog/koios/tiny_darknet_like.medium_submodules/td_fused_top_tdf1_readInputs19.v:467$144'.
  created $dff cell `$procdff$584' with positive edge clock.
Creating register for signal `\td_fused_top_tdf1_readInputs19.\p_mid1_reg_1026' using process `\td_fused_top_tdf1_readInputs19.$proc$/home/zhigang/raw_data/raw_designs/vtr_designs/verilog/koios/tiny_darknet_like.medium_submodules/td_fused_top_tdf1_readInputs19.v:461$136'.
  created $dff cell `$procdff$585' with positive edge clock.
Creating register for signal `\td_fused_top_tdf1_readInputs19.\p_cast1_i_mid1_reg_1006' using process `\td_fused_top_tdf1_readInputs19.$proc$/home/zhigang/raw_data/raw_designs/vtr_designs/verilog/koios/tiny_darknet_like.medium_submodules/td_fused_top_tdf1_readInputs19.v:453$130'.
  created $dff cell `$procdff$586' with positive edge clock.
Creating register for signal `\td_fused_top_tdf1_readInputs19.\or_ln23_28_reg_1012' using process `\td_fused_top_tdf1_readInputs19.$proc$/home/zhigang/raw_data/raw_designs/vtr_designs/verilog/koios/tiny_darknet_like.medium_submodules/td_fused_top_tdf1_readInputs19.v:453$130'.
  created $dff cell `$procdff$587' with positive edge clock.
Creating register for signal `\td_fused_top_tdf1_readInputs19.\or_ln23_30_reg_1019' using process `\td_fused_top_tdf1_readInputs19.$proc$/home/zhigang/raw_data/raw_designs/vtr_designs/verilog/koios/tiny_darknet_like.medium_submodules/td_fused_top_tdf1_readInputs19.v:453$130'.
  created $dff cell `$procdff$588' with positive edge clock.
Creating register for signal `\td_fused_top_tdf1_readInputs19.\p_cast_i_reg_901' using process `\td_fused_top_tdf1_readInputs19.$proc$/home/zhigang/raw_data/raw_designs/vtr_designs/verilog/koios/tiny_darknet_like.medium_submodules/td_fused_top_tdf1_readInputs19.v:443$128'.
  created $dff cell `$procdff$589' with positive edge clock.
Creating register for signal `\td_fused_top_tdf1_readInputs19.\sext_ln22_reg_907' using process `\td_fused_top_tdf1_readInputs19.$proc$/home/zhigang/raw_data/raw_designs/vtr_designs/verilog/koios/tiny_darknet_like.medium_submodules/td_fused_top_tdf1_readInputs19.v:443$128'.
  created $dff cell `$procdff$590' with positive edge clock.
Creating register for signal `\td_fused_top_tdf1_readInputs19.\p_cast_reg_913' using process `\td_fused_top_tdf1_readInputs19.$proc$/home/zhigang/raw_data/raw_designs/vtr_designs/verilog/koios/tiny_darknet_like.medium_submodules/td_fused_top_tdf1_readInputs19.v:443$128'.
  created $dff cell `$procdff$591' with positive edge clock.
Creating register for signal `\td_fused_top_tdf1_readInputs19.\or_ln23_26_reg_919' using process `\td_fused_top_tdf1_readInputs19.$proc$/home/zhigang/raw_data/raw_designs/vtr_designs/verilog/koios/tiny_darknet_like.medium_submodules/td_fused_top_tdf1_readInputs19.v:443$128'.
  created $dff cell `$procdff$592' with positive edge clock.
Creating register for signal `\td_fused_top_tdf1_readInputs19.\p_mid140_reg_924' using process `\td_fused_top_tdf1_readInputs19.$proc$/home/zhigang/raw_data/raw_designs/vtr_designs/verilog/koios/tiny_darknet_like.medium_submodules/td_fused_top_tdf1_readInputs19.v:443$128'.
  created $dff cell `$procdff$593' with positive edge clock.
Creating register for signal `\td_fused_top_tdf1_readInputs19.\empty_132_reg_994' using process `\td_fused_top_tdf1_readInputs19.$proc$/home/zhigang/raw_data/raw_designs/vtr_designs/verilog/koios/tiny_darknet_like.medium_submodules/td_fused_top_tdf1_readInputs19.v:437$120'.
  created $dff cell `$procdff$594' with positive edge clock.
Creating register for signal `\td_fused_top_tdf1_readInputs19.\icmp_ln19_reg_934_pp0_iter2_reg' using process `\td_fused_top_tdf1_readInputs19.$proc$/home/zhigang/raw_data/raw_designs/vtr_designs/verilog/koios/tiny_darknet_like.medium_submodules/td_fused_top_tdf1_readInputs19.v:417$118'.
  created $dff cell `$procdff$595' with positive edge clock.
Creating register for signal `\td_fused_top_tdf1_readInputs19.\icmp_ln19_reg_934_pp0_iter3_reg' using process `\td_fused_top_tdf1_readInputs19.$proc$/home/zhigang/raw_data/raw_designs/vtr_designs/verilog/koios/tiny_darknet_like.medium_submodules/td_fused_top_tdf1_readInputs19.v:417$118'.
  created $dff cell `$procdff$596' with positive edge clock.
Creating register for signal `\td_fused_top_tdf1_readInputs19.\icmp_ln20_reg_938_pp0_iter2_reg' using process `\td_fused_top_tdf1_readInputs19.$proc$/home/zhigang/raw_data/raw_designs/vtr_designs/verilog/koios/tiny_darknet_like.medium_submodules/td_fused_top_tdf1_readInputs19.v:417$118'.
  created $dff cell `$procdff$597' with positive edge clock.
Creating register for signal `\td_fused_top_tdf1_readInputs19.\icmp_ln20_reg_938_pp0_iter3_reg' using process `\td_fused_top_tdf1_readInputs19.$proc$/home/zhigang/raw_data/raw_designs/vtr_designs/verilog/koios/tiny_darknet_like.medium_submodules/td_fused_top_tdf1_readInputs19.v:417$118'.
  created $dff cell `$procdff$598' with positive edge clock.
Creating register for signal `\td_fused_top_tdf1_readInputs19.\and_ln19_reg_947_pp0_iter2_reg' using process `\td_fused_top_tdf1_readInputs19.$proc$/home/zhigang/raw_data/raw_designs/vtr_designs/verilog/koios/tiny_darknet_like.medium_submodules/td_fused_top_tdf1_readInputs19.v:417$118'.
  created $dff cell `$procdff$599' with positive edge clock.
Creating register for signal `\td_fused_top_tdf1_readInputs19.\and_ln19_reg_947_pp0_iter3_reg' using process `\td_fused_top_tdf1_readInputs19.$proc$/home/zhigang/raw_data/raw_designs/vtr_designs/verilog/koios/tiny_darknet_like.medium_submodules/td_fused_top_tdf1_readInputs19.v:417$118'.
  created $dff cell `$procdff$600' with positive edge clock.
Creating register for signal `\td_fused_top_tdf1_readInputs19.\select_ln20_reg_959_pp0_iter2_reg' using process `\td_fused_top_tdf1_readInputs19.$proc$/home/zhigang/raw_data/raw_designs/vtr_designs/verilog/koios/tiny_darknet_like.medium_submodules/td_fused_top_tdf1_readInputs19.v:417$118'.
  created $dff cell `$procdff$601' with positive edge clock.
Creating register for signal `\td_fused_top_tdf1_readInputs19.\select_ln20_26_reg_965_pp0_iter2_reg' using process `\td_fused_top_tdf1_readInputs19.$proc$/home/zhigang/raw_data/raw_designs/vtr_designs/verilog/koios/tiny_darknet_like.medium_submodules/td_fused_top_tdf1_readInputs19.v:417$118'.
  created $dff cell `$procdff$602' with positive edge clock.
Creating register for signal `\td_fused_top_tdf1_readInputs19.\is_padding_reg_987_pp0_iter2_reg' using process `\td_fused_top_tdf1_readInputs19.$proc$/home/zhigang/raw_data/raw_designs/vtr_designs/verilog/koios/tiny_darknet_like.medium_submodules/td_fused_top_tdf1_readInputs19.v:417$118'.
  created $dff cell `$procdff$603' with positive edge clock.
Creating register for signal `\td_fused_top_tdf1_readInputs19.\is_padding_reg_987_pp0_iter3_reg' using process `\td_fused_top_tdf1_readInputs19.$proc$/home/zhigang/raw_data/raw_designs/vtr_designs/verilog/koios/tiny_darknet_like.medium_submodules/td_fused_top_tdf1_readInputs19.v:417$118'.
  created $dff cell `$procdff$604' with positive edge clock.
Creating register for signal `\td_fused_top_tdf1_readInputs19.\select_ln19_36_reg_999_pp0_iter2_reg' using process `\td_fused_top_tdf1_readInputs19.$proc$/home/zhigang/raw_data/raw_designs/vtr_designs/verilog/koios/tiny_darknet_like.medium_submodules/td_fused_top_tdf1_readInputs19.v:417$118'.
  created $dff cell `$procdff$605' with positive edge clock.
Creating register for signal `\td_fused_top_tdf1_readInputs19.\or_ln23_28_reg_1012_pp0_iter2_reg' using process `\td_fused_top_tdf1_readInputs19.$proc$/home/zhigang/raw_data/raw_designs/vtr_designs/verilog/koios/tiny_darknet_like.medium_submodules/td_fused_top_tdf1_readInputs19.v:417$118'.
  created $dff cell `$procdff$606' with positive edge clock.
Creating register for signal `\td_fused_top_tdf1_readInputs19.\or_ln23_28_reg_1012_pp0_iter3_reg' using process `\td_fused_top_tdf1_readInputs19.$proc$/home/zhigang/raw_data/raw_designs/vtr_designs/verilog/koios/tiny_darknet_like.medium_submodules/td_fused_top_tdf1_readInputs19.v:417$118'.
  created $dff cell `$procdff$607' with positive edge clock.
Creating register for signal `\td_fused_top_tdf1_readInputs19.\or_ln23_30_reg_1019_pp0_iter2_reg' using process `\td_fused_top_tdf1_readInputs19.$proc$/home/zhigang/raw_data/raw_designs/vtr_designs/verilog/koios/tiny_darknet_like.medium_submodules/td_fused_top_tdf1_readInputs19.v:417$118'.
  created $dff cell `$procdff$608' with positive edge clock.
Creating register for signal `\td_fused_top_tdf1_readInputs19.\or_ln23_30_reg_1019_pp0_iter3_reg' using process `\td_fused_top_tdf1_readInputs19.$proc$/home/zhigang/raw_data/raw_designs/vtr_designs/verilog/koios/tiny_darknet_like.medium_submodules/td_fused_top_tdf1_readInputs19.v:417$118'.
  created $dff cell `$procdff$609' with positive edge clock.
Creating register for signal `\td_fused_top_tdf1_readInputs19.\icmp_ln19_reg_934' using process `\td_fused_top_tdf1_readInputs19.$proc$/home/zhigang/raw_data/raw_designs/vtr_designs/verilog/koios/tiny_darknet_like.medium_submodules/td_fused_top_tdf1_readInputs19.v:404$114'.
  created $dff cell `$procdff$610' with positive edge clock.
Creating register for signal `\td_fused_top_tdf1_readInputs19.\icmp_ln19_reg_934_pp0_iter1_reg' using process `\td_fused_top_tdf1_readInputs19.$proc$/home/zhigang/raw_data/raw_designs/vtr_designs/verilog/koios/tiny_darknet_like.medium_submodules/td_fused_top_tdf1_readInputs19.v:404$114'.
  created $dff cell `$procdff$611' with positive edge clock.
Creating register for signal `\td_fused_top_tdf1_readInputs19.\icmp_ln20_reg_938_pp0_iter1_reg' using process `\td_fused_top_tdf1_readInputs19.$proc$/home/zhigang/raw_data/raw_designs/vtr_designs/verilog/koios/tiny_darknet_like.medium_submodules/td_fused_top_tdf1_readInputs19.v:404$114'.
  created $dff cell `$procdff$612' with positive edge clock.
Creating register for signal `\td_fused_top_tdf1_readInputs19.\and_ln19_reg_947_pp0_iter1_reg' using process `\td_fused_top_tdf1_readInputs19.$proc$/home/zhigang/raw_data/raw_designs/vtr_designs/verilog/koios/tiny_darknet_like.medium_submodules/td_fused_top_tdf1_readInputs19.v:404$114'.
  created $dff cell `$procdff$613' with positive edge clock.
Creating register for signal `\td_fused_top_tdf1_readInputs19.\select_ln20_reg_959_pp0_iter1_reg' using process `\td_fused_top_tdf1_readInputs19.$proc$/home/zhigang/raw_data/raw_designs/vtr_designs/verilog/koios/tiny_darknet_like.medium_submodules/td_fused_top_tdf1_readInputs19.v:404$114'.
  created $dff cell `$procdff$614' with positive edge clock.
Creating register for signal `\td_fused_top_tdf1_readInputs19.\select_ln20_26_reg_965_pp0_iter1_reg' using process `\td_fused_top_tdf1_readInputs19.$proc$/home/zhigang/raw_data/raw_designs/vtr_designs/verilog/koios/tiny_darknet_like.medium_submodules/td_fused_top_tdf1_readInputs19.v:404$114'.
  created $dff cell `$procdff$615' with positive edge clock.
Creating register for signal `\td_fused_top_tdf1_readInputs19.\p_cast1_i_reg_981' using process `\td_fused_top_tdf1_readInputs19.$proc$/home/zhigang/raw_data/raw_designs/vtr_designs/verilog/koios/tiny_darknet_like.medium_submodules/td_fused_top_tdf1_readInputs19.v:404$114'.
  created $dff cell `$procdff$616' with positive edge clock.
Creating register for signal `\td_fused_top_tdf1_readInputs19.\is_padding_reg_987' using process `\td_fused_top_tdf1_readInputs19.$proc$/home/zhigang/raw_data/raw_designs/vtr_designs/verilog/koios/tiny_darknet_like.medium_submodules/td_fused_top_tdf1_readInputs19.v:404$114'.
  created $dff cell `$procdff$617' with positive edge clock.
Creating register for signal `\td_fused_top_tdf1_readInputs19.\add_ln33_1_reg_1036' using process `\td_fused_top_tdf1_readInputs19.$proc$/home/zhigang/raw_data/raw_designs/vtr_designs/verilog/koios/tiny_darknet_like.medium_submodules/td_fused_top_tdf1_readInputs19.v:396$110'.
  created $dff cell `$procdff$618' with positive edge clock.
Creating register for signal `\td_fused_top_tdf1_readInputs19.\sub_ln32_21_reg_1041 [6:1]' using process `\td_fused_top_tdf1_readInputs19.$proc$/home/zhigang/raw_data/raw_designs/vtr_designs/verilog/koios/tiny_darknet_like.medium_submodules/td_fused_top_tdf1_readInputs19.v:396$110'.
  created $dff cell `$procdff$619' with positive edge clock.
Creating register for signal `\td_fused_top_tdf1_readInputs19.\lshr_ln32_reg_1046' using process `\td_fused_top_tdf1_readInputs19.$proc$/home/zhigang/raw_data/raw_designs/vtr_designs/verilog/koios/tiny_darknet_like.medium_submodules/td_fused_top_tdf1_readInputs19.v:396$110'.
  created $dff cell `$procdff$620' with positive edge clock.
Creating register for signal `\td_fused_top_tdf1_readInputs19.\icmp_ln20_reg_938' using process `\td_fused_top_tdf1_readInputs19.$proc$/home/zhigang/raw_data/raw_designs/vtr_designs/verilog/koios/tiny_darknet_like.medium_submodules/td_fused_top_tdf1_readInputs19.v:387$104'.
  created $dff cell `$procdff$621' with positive edge clock.
Creating register for signal `\td_fused_top_tdf1_readInputs19.\and_ln19_reg_947' using process `\td_fused_top_tdf1_readInputs19.$proc$/home/zhigang/raw_data/raw_designs/vtr_designs/verilog/koios/tiny_darknet_like.medium_submodules/td_fused_top_tdf1_readInputs19.v:387$104'.
  created $dff cell `$procdff$622' with positive edge clock.
Creating register for signal `\td_fused_top_tdf1_readInputs19.\add_ln20_reg_953' using process `\td_fused_top_tdf1_readInputs19.$proc$/home/zhigang/raw_data/raw_designs/vtr_designs/verilog/koios/tiny_darknet_like.medium_submodules/td_fused_top_tdf1_readInputs19.v:387$104'.
  created $dff cell `$procdff$623' with positive edge clock.
Creating register for signal `\td_fused_top_tdf1_readInputs19.\select_ln20_reg_959' using process `\td_fused_top_tdf1_readInputs19.$proc$/home/zhigang/raw_data/raw_designs/vtr_designs/verilog/koios/tiny_darknet_like.medium_submodules/td_fused_top_tdf1_readInputs19.v:387$104'.
  created $dff cell `$procdff$624' with positive edge clock.
Creating register for signal `\td_fused_top_tdf1_readInputs19.\kk_reg_176' using process `\td_fused_top_tdf1_readInputs19.$proc$/home/zhigang/raw_data/raw_designs/vtr_designs/verilog/koios/tiny_darknet_like.medium_submodules/td_fused_top_tdf1_readInputs19.v:379$90'.
  created $dff cell `$procdff$625' with positive edge clock.
Creating register for signal `\td_fused_top_tdf1_readInputs19.\jj_reg_164' using process `\td_fused_top_tdf1_readInputs19.$proc$/home/zhigang/raw_data/raw_designs/vtr_designs/verilog/koios/tiny_darknet_like.medium_submodules/td_fused_top_tdf1_readInputs19.v:371$76'.
  created $dff cell `$procdff$626' with positive edge clock.
Creating register for signal `\td_fused_top_tdf1_readInputs19.\indvar_flatten_reg_153' using process `\td_fused_top_tdf1_readInputs19.$proc$/home/zhigang/raw_data/raw_designs/vtr_designs/verilog/koios/tiny_darknet_like.medium_submodules/td_fused_top_tdf1_readInputs19.v:363$62'.
  created $dff cell `$procdff$627' with positive edge clock.
Creating register for signal `\td_fused_top_tdf1_readInputs19.\indvar_flatten52_reg_142' using process `\td_fused_top_tdf1_readInputs19.$proc$/home/zhigang/raw_data/raw_designs/vtr_designs/verilog/koios/tiny_darknet_like.medium_submodules/td_fused_top_tdf1_readInputs19.v:355$48'.
  created $dff cell `$procdff$628' with positive edge clock.
Creating register for signal `\td_fused_top_tdf1_readInputs19.\ii_reg_187' using process `\td_fused_top_tdf1_readInputs19.$proc$/home/zhigang/raw_data/raw_designs/vtr_designs/verilog/koios/tiny_darknet_like.medium_submodules/td_fused_top_tdf1_readInputs19.v:347$36'.
  created $dff cell `$procdff$629' with positive edge clock.
Creating register for signal `\td_fused_top_tdf1_readInputs19.\ap_enable_reg_pp0_iter4' using process `\td_fused_top_tdf1_readInputs19.$proc$/home/zhigang/raw_data/raw_designs/vtr_designs/verilog/koios/tiny_darknet_like.medium_submodules/td_fused_top_tdf1_readInputs19.v:335$27'.
  created $dff cell `$procdff$630' with positive edge clock.
Creating register for signal `\td_fused_top_tdf1_readInputs19.\ap_enable_reg_pp0_iter3' using process `\td_fused_top_tdf1_readInputs19.$proc$/home/zhigang/raw_data/raw_designs/vtr_designs/verilog/koios/tiny_darknet_like.medium_submodules/td_fused_top_tdf1_readInputs19.v:321$23'.
  created $dff cell `$procdff$631' with positive edge clock.
Creating register for signal `\td_fused_top_tdf1_readInputs19.\ap_enable_reg_pp0_iter2' using process `\td_fused_top_tdf1_readInputs19.$proc$/home/zhigang/raw_data/raw_designs/vtr_designs/verilog/koios/tiny_darknet_like.medium_submodules/td_fused_top_tdf1_readInputs19.v:311$20'.
  created $dff cell `$procdff$632' with positive edge clock.
Creating register for signal `\td_fused_top_tdf1_readInputs19.\ap_enable_reg_pp0_iter1' using process `\td_fused_top_tdf1_readInputs19.$proc$/home/zhigang/raw_data/raw_designs/vtr_designs/verilog/koios/tiny_darknet_like.medium_submodules/td_fused_top_tdf1_readInputs19.v:301$17'.
  created $dff cell `$procdff$633' with positive edge clock.
Creating register for signal `\td_fused_top_tdf1_readInputs19.\ap_enable_reg_pp0_iter0' using process `\td_fused_top_tdf1_readInputs19.$proc$/home/zhigang/raw_data/raw_designs/vtr_designs/verilog/koios/tiny_darknet_like.medium_submodules/td_fused_top_tdf1_readInputs19.v:289$8'.
  created $dff cell `$procdff$634' with positive edge clock.
Creating register for signal `\td_fused_top_tdf1_readInputs19.\ap_done_reg' using process `\td_fused_top_tdf1_readInputs19.$proc$/home/zhigang/raw_data/raw_designs/vtr_designs/verilog/koios/tiny_darknet_like.medium_submodules/td_fused_top_tdf1_readInputs19.v:277$4'.
  created $dff cell `$procdff$635' with positive edge clock.
Creating register for signal `\td_fused_top_tdf1_readInputs19.\ap_CS_fsm' using process `\td_fused_top_tdf1_readInputs19.$proc$/home/zhigang/raw_data/raw_designs/vtr_designs/verilog/koios/tiny_darknet_like.medium_submodules/td_fused_top_tdf1_readInputs19.v:269$2'.
  created $dff cell `$procdff$636' with positive edge clock.

3.9. Executing PROC_MEMWR pass (convert process memory writes to cells).

3.10. Executing PROC_CLEAN pass (remove empty switches from decision trees).
Removing empty process `td_fused_top_tdf1_readInputs19.$proc$/home/zhigang/raw_data/raw_designs/vtr_designs/verilog/koios/tiny_darknet_like.medium_submodules/td_fused_top_tdf1_readInputs19.v:0$364'.
Removing empty process `td_fused_top_tdf1_readInputs19.$proc$/home/zhigang/raw_data/raw_designs/vtr_designs/verilog/koios/tiny_darknet_like.medium_submodules/td_fused_top_tdf1_readInputs19.v:881$363'.
Removing empty process `td_fused_top_tdf1_readInputs19.$proc$/home/zhigang/raw_data/raw_designs/vtr_designs/verilog/koios/tiny_darknet_like.medium_submodules/td_fused_top_tdf1_readInputs19.v:820$360'.
Removing empty process `td_fused_top_tdf1_readInputs19.$proc$/home/zhigang/raw_data/raw_designs/vtr_designs/verilog/koios/tiny_darknet_like.medium_submodules/td_fused_top_tdf1_readInputs19.v:636$266'.
Found and cleaned up 4 empty switches in `\td_fused_top_tdf1_readInputs19.$proc$/home/zhigang/raw_data/raw_designs/vtr_designs/verilog/koios/tiny_darknet_like.medium_submodules/td_fused_top_tdf1_readInputs19.v:567$216'.
Removing empty process `td_fused_top_tdf1_readInputs19.$proc$/home/zhigang/raw_data/raw_designs/vtr_designs/verilog/koios/tiny_darknet_like.medium_submodules/td_fused_top_tdf1_readInputs19.v:567$216'.
Found and cleaned up 1 empty switch in `\td_fused_top_tdf1_readInputs19.$proc$/home/zhigang/raw_data/raw_designs/vtr_designs/verilog/koios/tiny_darknet_like.medium_submodules/td_fused_top_tdf1_readInputs19.v:559$212'.
Removing empty process `td_fused_top_tdf1_readInputs19.$proc$/home/zhigang/raw_data/raw_designs/vtr_designs/verilog/koios/tiny_darknet_like.medium_submodules/td_fused_top_tdf1_readInputs19.v:559$212'.
Found and cleaned up 1 empty switch in `\td_fused_top_tdf1_readInputs19.$proc$/home/zhigang/raw_data/raw_designs/vtr_designs/verilog/koios/tiny_darknet_like.medium_submodules/td_fused_top_tdf1_readInputs19.v:551$206'.
Removing empty process `td_fused_top_tdf1_readInputs19.$proc$/home/zhigang/raw_data/raw_designs/vtr_designs/verilog/koios/tiny_darknet_like.medium_submodules/td_fused_top_tdf1_readInputs19.v:551$206'.
Found and cleaned up 1 empty switch in `\td_fused_top_tdf1_readInputs19.$proc$/home/zhigang/raw_data/raw_designs/vtr_designs/verilog/koios/tiny_darknet_like.medium_submodules/td_fused_top_tdf1_readInputs19.v:543$202'.
Removing empty process `td_fused_top_tdf1_readInputs19.$proc$/home/zhigang/raw_data/raw_designs/vtr_designs/verilog/koios/tiny_darknet_like.medium_submodules/td_fused_top_tdf1_readInputs19.v:543$202'.
Found and cleaned up 1 empty switch in `\td_fused_top_tdf1_readInputs19.$proc$/home/zhigang/raw_data/raw_designs/vtr_designs/verilog/koios/tiny_darknet_like.medium_submodules/td_fused_top_tdf1_readInputs19.v:535$200'.
Removing empty process `td_fused_top_tdf1_readInputs19.$proc$/home/zhigang/raw_data/raw_designs/vtr_designs/verilog/koios/tiny_darknet_like.medium_submodules/td_fused_top_tdf1_readInputs19.v:535$200'.
Found and cleaned up 1 empty switch in `\td_fused_top_tdf1_readInputs19.$proc$/home/zhigang/raw_data/raw_designs/vtr_designs/verilog/koios/tiny_darknet_like.medium_submodules/td_fused_top_tdf1_readInputs19.v:527$192'.
Removing empty process `td_fused_top_tdf1_readInputs19.$proc$/home/zhigang/raw_data/raw_designs/vtr_designs/verilog/koios/tiny_darknet_like.medium_submodules/td_fused_top_tdf1_readInputs19.v:527$192'.
Found and cleaned up 1 empty switch in `\td_fused_top_tdf1_readInputs19.$proc$/home/zhigang/raw_data/raw_designs/vtr_designs/verilog/koios/tiny_darknet_like.medium_submodules/td_fused_top_tdf1_readInputs19.v:519$186'.
Removing empty process `td_fused_top_tdf1_readInputs19.$proc$/home/zhigang/raw_data/raw_designs/vtr_designs/verilog/koios/tiny_darknet_like.medium_submodules/td_fused_top_tdf1_readInputs19.v:519$186'.
Found and cleaned up 1 empty switch in `\td_fused_top_tdf1_readInputs19.$proc$/home/zhigang/raw_data/raw_designs/vtr_designs/verilog/koios/tiny_darknet_like.medium_submodules/td_fused_top_tdf1_readInputs19.v:511$176'.
Removing empty process `td_fused_top_tdf1_readInputs19.$proc$/home/zhigang/raw_data/raw_designs/vtr_designs/verilog/koios/tiny_darknet_like.medium_submodules/td_fused_top_tdf1_readInputs19.v:511$176'.
Found and cleaned up 1 empty switch in `\td_fused_top_tdf1_readInputs19.$proc$/home/zhigang/raw_data/raw_designs/vtr_designs/verilog/koios/tiny_darknet_like.medium_submodules/td_fused_top_tdf1_readInputs19.v:503$172'.
Removing empty process `td_fused_top_tdf1_readInputs19.$proc$/home/zhigang/raw_data/raw_designs/vtr_designs/verilog/koios/tiny_darknet_like.medium_submodules/td_fused_top_tdf1_readInputs19.v:503$172'.
Found and cleaned up 1 empty switch in `\td_fused_top_tdf1_readInputs19.$proc$/home/zhigang/raw_data/raw_designs/vtr_designs/verilog/koios/tiny_darknet_like.medium_submodules/td_fused_top_tdf1_readInputs19.v:495$170'.
Removing empty process `td_fused_top_tdf1_readInputs19.$proc$/home/zhigang/raw_data/raw_designs/vtr_designs/verilog/koios/tiny_darknet_like.medium_submodules/td_fused_top_tdf1_readInputs19.v:495$170'.
Found and cleaned up 1 empty switch in `\td_fused_top_tdf1_readInputs19.$proc$/home/zhigang/raw_data/raw_designs/vtr_designs/verilog/koios/tiny_darknet_like.medium_submodules/td_fused_top_tdf1_readInputs19.v:487$164'.
Removing empty process `td_fused_top_tdf1_readInputs19.$proc$/home/zhigang/raw_data/raw_designs/vtr_designs/verilog/koios/tiny_darknet_like.medium_submodules/td_fused_top_tdf1_readInputs19.v:487$164'.
Found and cleaned up 1 empty switch in `\td_fused_top_tdf1_readInputs19.$proc$/home/zhigang/raw_data/raw_designs/vtr_designs/verilog/koios/tiny_darknet_like.medium_submodules/td_fused_top_tdf1_readInputs19.v:479$160'.
Removing empty process `td_fused_top_tdf1_readInputs19.$proc$/home/zhigang/raw_data/raw_designs/vtr_designs/verilog/koios/tiny_darknet_like.medium_submodules/td_fused_top_tdf1_readInputs19.v:479$160'.
Found and cleaned up 1 empty switch in `\td_fused_top_tdf1_readInputs19.$proc$/home/zhigang/raw_data/raw_designs/vtr_designs/verilog/koios/tiny_darknet_like.medium_submodules/td_fused_top_tdf1_readInputs19.v:473$152'.
Removing empty process `td_fused_top_tdf1_readInputs19.$proc$/home/zhigang/raw_data/raw_designs/vtr_designs/verilog/koios/tiny_darknet_like.medium_submodules/td_fused_top_tdf1_readInputs19.v:473$152'.
Found and cleaned up 1 empty switch in `\td_fused_top_tdf1_readInputs19.$proc$/home/zhigang/raw_data/raw_designs/vtr_designs/verilog/koios/tiny_darknet_like.medium_submodules/td_fused_top_tdf1_readInputs19.v:467$144'.
Removing empty process `td_fused_top_tdf1_readInputs19.$proc$/home/zhigang/raw_data/raw_designs/vtr_designs/verilog/koios/tiny_darknet_like.medium_submodules/td_fused_top_tdf1_readInputs19.v:467$144'.
Found and cleaned up 1 empty switch in `\td_fused_top_tdf1_readInputs19.$proc$/home/zhigang/raw_data/raw_designs/vtr_designs/verilog/koios/tiny_darknet_like.medium_submodules/td_fused_top_tdf1_readInputs19.v:461$136'.
Removing empty process `td_fused_top_tdf1_readInputs19.$proc$/home/zhigang/raw_data/raw_designs/vtr_designs/verilog/koios/tiny_darknet_like.medium_submodules/td_fused_top_tdf1_readInputs19.v:461$136'.
Found and cleaned up 1 empty switch in `\td_fused_top_tdf1_readInputs19.$proc$/home/zhigang/raw_data/raw_designs/vtr_designs/verilog/koios/tiny_darknet_like.medium_submodules/td_fused_top_tdf1_readInputs19.v:453$130'.
Removing empty process `td_fused_top_tdf1_readInputs19.$proc$/home/zhigang/raw_data/raw_designs/vtr_designs/verilog/koios/tiny_darknet_like.medium_submodules/td_fused_top_tdf1_readInputs19.v:453$130'.
Found and cleaned up 1 empty switch in `\td_fused_top_tdf1_readInputs19.$proc$/home/zhigang/raw_data/raw_designs/vtr_designs/verilog/koios/tiny_darknet_like.medium_submodules/td_fused_top_tdf1_readInputs19.v:443$128'.
Removing empty process `td_fused_top_tdf1_readInputs19.$proc$/home/zhigang/raw_data/raw_designs/vtr_designs/verilog/koios/tiny_darknet_like.medium_submodules/td_fused_top_tdf1_readInputs19.v:443$128'.
Found and cleaned up 1 empty switch in `\td_fused_top_tdf1_readInputs19.$proc$/home/zhigang/raw_data/raw_designs/vtr_designs/verilog/koios/tiny_darknet_like.medium_submodules/td_fused_top_tdf1_readInputs19.v:437$120'.
Removing empty process `td_fused_top_tdf1_readInputs19.$proc$/home/zhigang/raw_data/raw_designs/vtr_designs/verilog/koios/tiny_darknet_like.medium_submodules/td_fused_top_tdf1_readInputs19.v:437$120'.
Found and cleaned up 1 empty switch in `\td_fused_top_tdf1_readInputs19.$proc$/home/zhigang/raw_data/raw_designs/vtr_designs/verilog/koios/tiny_darknet_like.medium_submodules/td_fused_top_tdf1_readInputs19.v:417$118'.
Removing empty process `td_fused_top_tdf1_readInputs19.$proc$/home/zhigang/raw_data/raw_designs/vtr_designs/verilog/koios/tiny_darknet_like.medium_submodules/td_fused_top_tdf1_readInputs19.v:417$118'.
Found and cleaned up 1 empty switch in `\td_fused_top_tdf1_readInputs19.$proc$/home/zhigang/raw_data/raw_designs/vtr_designs/verilog/koios/tiny_darknet_like.medium_submodules/td_fused_top_tdf1_readInputs19.v:404$114'.
Removing empty process `td_fused_top_tdf1_readInputs19.$proc$/home/zhigang/raw_data/raw_designs/vtr_designs/verilog/koios/tiny_darknet_like.medium_submodules/td_fused_top_tdf1_readInputs19.v:404$114'.
Found and cleaned up 1 empty switch in `\td_fused_top_tdf1_readInputs19.$proc$/home/zhigang/raw_data/raw_designs/vtr_designs/verilog/koios/tiny_darknet_like.medium_submodules/td_fused_top_tdf1_readInputs19.v:396$110'.
Removing empty process `td_fused_top_tdf1_readInputs19.$proc$/home/zhigang/raw_data/raw_designs/vtr_designs/verilog/koios/tiny_darknet_like.medium_submodules/td_fused_top_tdf1_readInputs19.v:396$110'.
Found and cleaned up 1 empty switch in `\td_fused_top_tdf1_readInputs19.$proc$/home/zhigang/raw_data/raw_designs/vtr_designs/verilog/koios/tiny_darknet_like.medium_submodules/td_fused_top_tdf1_readInputs19.v:387$104'.
Removing empty process `td_fused_top_tdf1_readInputs19.$proc$/home/zhigang/raw_data/raw_designs/vtr_designs/verilog/koios/tiny_darknet_like.medium_submodules/td_fused_top_tdf1_readInputs19.v:387$104'.
Found and cleaned up 2 empty switches in `\td_fused_top_tdf1_readInputs19.$proc$/home/zhigang/raw_data/raw_designs/vtr_designs/verilog/koios/tiny_darknet_like.medium_submodules/td_fused_top_tdf1_readInputs19.v:379$90'.
Removing empty process `td_fused_top_tdf1_readInputs19.$proc$/home/zhigang/raw_data/raw_designs/vtr_designs/verilog/koios/tiny_darknet_like.medium_submodules/td_fused_top_tdf1_readInputs19.v:379$90'.
Found and cleaned up 2 empty switches in `\td_fused_top_tdf1_readInputs19.$proc$/home/zhigang/raw_data/raw_designs/vtr_designs/verilog/koios/tiny_darknet_like.medium_submodules/td_fused_top_tdf1_readInputs19.v:371$76'.
Removing empty process `td_fused_top_tdf1_readInputs19.$proc$/home/zhigang/raw_data/raw_designs/vtr_designs/verilog/koios/tiny_darknet_like.medium_submodules/td_fused_top_tdf1_readInputs19.v:371$76'.
Found and cleaned up 2 empty switches in `\td_fused_top_tdf1_readInputs19.$proc$/home/zhigang/raw_data/raw_designs/vtr_designs/verilog/koios/tiny_darknet_like.medium_submodules/td_fused_top_tdf1_readInputs19.v:363$62'.
Removing empty process `td_fused_top_tdf1_readInputs19.$proc$/home/zhigang/raw_data/raw_designs/vtr_designs/verilog/koios/tiny_darknet_like.medium_submodules/td_fused_top_tdf1_readInputs19.v:363$62'.
Found and cleaned up 2 empty switches in `\td_fused_top_tdf1_readInputs19.$proc$/home/zhigang/raw_data/raw_designs/vtr_designs/verilog/koios/tiny_darknet_like.medium_submodules/td_fused_top_tdf1_readInputs19.v:355$48'.
Removing empty process `td_fused_top_tdf1_readInputs19.$proc$/home/zhigang/raw_data/raw_designs/vtr_designs/verilog/koios/tiny_darknet_like.medium_submodules/td_fused_top_tdf1_readInputs19.v:355$48'.
Found and cleaned up 2 empty switches in `\td_fused_top_tdf1_readInputs19.$proc$/home/zhigang/raw_data/raw_designs/vtr_designs/verilog/koios/tiny_darknet_like.medium_submodules/td_fused_top_tdf1_readInputs19.v:347$36'.
Removing empty process `td_fused_top_tdf1_readInputs19.$proc$/home/zhigang/raw_data/raw_designs/vtr_designs/verilog/koios/tiny_darknet_like.medium_submodules/td_fused_top_tdf1_readInputs19.v:347$36'.
Found and cleaned up 3 empty switches in `\td_fused_top_tdf1_readInputs19.$proc$/home/zhigang/raw_data/raw_designs/vtr_designs/verilog/koios/tiny_darknet_like.medium_submodules/td_fused_top_tdf1_readInputs19.v:335$27'.
Removing empty process `td_fused_top_tdf1_readInputs19.$proc$/home/zhigang/raw_data/raw_designs/vtr_designs/verilog/koios/tiny_darknet_like.medium_submodules/td_fused_top_tdf1_readInputs19.v:335$27'.
Found and cleaned up 3 empty switches in `\td_fused_top_tdf1_readInputs19.$proc$/home/zhigang/raw_data/raw_designs/vtr_designs/verilog/koios/tiny_darknet_like.medium_submodules/td_fused_top_tdf1_readInputs19.v:321$23'.
Removing empty process `td_fused_top_tdf1_readInputs19.$proc$/home/zhigang/raw_data/raw_designs/vtr_designs/verilog/koios/tiny_darknet_like.medium_submodules/td_fused_top_tdf1_readInputs19.v:321$23'.
Found and cleaned up 2 empty switches in `\td_fused_top_tdf1_readInputs19.$proc$/home/zhigang/raw_data/raw_designs/vtr_designs/verilog/koios/tiny_darknet_like.medium_submodules/td_fused_top_tdf1_readInputs19.v:311$20'.
Removing empty process `td_fused_top_tdf1_readInputs19.$proc$/home/zhigang/raw_data/raw_designs/vtr_designs/verilog/koios/tiny_darknet_like.medium_submodules/td_fused_top_tdf1_readInputs19.v:311$20'.
Found and cleaned up 2 empty switches in `\td_fused_top_tdf1_readInputs19.$proc$/home/zhigang/raw_data/raw_designs/vtr_designs/verilog/koios/tiny_darknet_like.medium_submodules/td_fused_top_tdf1_readInputs19.v:301$17'.
Removing empty process `td_fused_top_tdf1_readInputs19.$proc$/home/zhigang/raw_data/raw_designs/vtr_designs/verilog/koios/tiny_darknet_like.medium_submodules/td_fused_top_tdf1_readInputs19.v:301$17'.
Found and cleaned up 3 empty switches in `\td_fused_top_tdf1_readInputs19.$proc$/home/zhigang/raw_data/raw_designs/vtr_designs/verilog/koios/tiny_darknet_like.medium_submodules/td_fused_top_tdf1_readInputs19.v:289$8'.
Removing empty process `td_fused_top_tdf1_readInputs19.$proc$/home/zhigang/raw_data/raw_designs/vtr_designs/verilog/koios/tiny_darknet_like.medium_submodules/td_fused_top_tdf1_readInputs19.v:289$8'.
Found and cleaned up 3 empty switches in `\td_fused_top_tdf1_readInputs19.$proc$/home/zhigang/raw_data/raw_designs/vtr_designs/verilog/koios/tiny_darknet_like.medium_submodules/td_fused_top_tdf1_readInputs19.v:277$4'.
Removing empty process `td_fused_top_tdf1_readInputs19.$proc$/home/zhigang/raw_data/raw_designs/vtr_designs/verilog/koios/tiny_darknet_like.medium_submodules/td_fused_top_tdf1_readInputs19.v:277$4'.
Found and cleaned up 1 empty switch in `\td_fused_top_tdf1_readInputs19.$proc$/home/zhigang/raw_data/raw_designs/vtr_designs/verilog/koios/tiny_darknet_like.medium_submodules/td_fused_top_tdf1_readInputs19.v:269$2'.
Removing empty process `td_fused_top_tdf1_readInputs19.$proc$/home/zhigang/raw_data/raw_designs/vtr_designs/verilog/koios/tiny_darknet_like.medium_submodules/td_fused_top_tdf1_readInputs19.v:269$2'.
Cleaned up 52 empty switches.

3.11. Executing OPT_EXPR pass (perform const folding).
Optimizing module td_fused_top_tdf1_readInputs19.
<suppressed ~226 debug messages>

4. Executing OPT pass (performing simple optimizations).

4.1. Executing OPT_EXPR pass (perform const folding).
Optimizing module td_fused_top_tdf1_readInputs19.

4.2. Executing OPT_MERGE pass (detect identical cells).
Finding identical cells in module `\td_fused_top_tdf1_readInputs19'.
<suppressed ~198 debug messages>
Removed a total of 66 cells.

4.3. Executing OPT_MUXTREE pass (detect dead branches in mux trees).
Running muxtree optimizer on module \td_fused_top_tdf1_readInputs19..
  Creating internal representation of mux trees.
  Evaluating internal representation of mux trees.
  Analyzing evaluation results.
    dead port 2/2 on $mux $procmux$388.
    dead port 2/2 on $mux $procmux$380.
    dead port 2/2 on $mux $procmux$373.
    dead port 1/2 on $mux $procmux$371.
    dead port 1/2 on $mux $procmux$537.
    dead port 2/2 on $mux $procmux$537.
Removed 6 multiplexer ports.
<suppressed ~73 debug messages>

4.4. Executing OPT_REDUCE pass (consolidate $*mux and $reduce_* inputs).
  Optimizing cells in module \td_fused_top_tdf1_readInputs19.
Performed a total of 0 changes.

4.5. Executing OPT_MERGE pass (detect identical cells).
Finding identical cells in module `\td_fused_top_tdf1_readInputs19'.
<suppressed ~3 debug messages>
Removed a total of 1 cells.

4.6. Executing OPT_DFF pass (perform DFF optimizations).
Adding SRST signal on $procdff$636 ($dff) from module td_fused_top_tdf1_readInputs19 (D = \ap_NS_fsm, Q = \ap_CS_fsm, rval = 3'001).
Adding SRST signal on $procdff$635 ($dff) from module td_fused_top_tdf1_readInputs19 (D = $procmux$571_Y, Q = \ap_done_reg, rval = 1'0).
Adding SRST signal on $procdff$634 ($dff) from module td_fused_top_tdf1_readInputs19 (D = $procmux$563_Y, Q = \ap_enable_reg_pp0_iter0, rval = 1'0).
Adding EN signal on $auto$ff.cc:262:slice$645 ($sdff) from module td_fused_top_tdf1_readInputs19 (D = 1'1, Q = \ap_enable_reg_pp0_iter0).
Adding SRST signal on $procdff$633 ($dff) from module td_fused_top_tdf1_readInputs19 (D = $procmux$558_Y, Q = \ap_enable_reg_pp0_iter1, rval = 1'0).
Adding SRST signal on $procdff$632 ($dff) from module td_fused_top_tdf1_readInputs19 (D = $procmux$553_Y, Q = \ap_enable_reg_pp0_iter2, rval = 1'0).
Adding EN signal on $procdff$629 ($dff) from module td_fused_top_tdf1_readInputs19 (D = $procmux$535_Y, Q = \ii_reg_187).
Adding EN signal on $procdff$628 ($dff) from module td_fused_top_tdf1_readInputs19 (D = $procmux$530_Y, Q = \indvar_flatten52_reg_142).
Adding EN signal on $procdff$627 ($dff) from module td_fused_top_tdf1_readInputs19 (D = $procmux$525_Y, Q = \indvar_flatten_reg_153).
Adding EN signal on $procdff$626 ($dff) from module td_fused_top_tdf1_readInputs19 (D = $procmux$520_Y, Q = \jj_reg_164).
Adding EN signal on $procdff$625 ($dff) from module td_fused_top_tdf1_readInputs19 (D = $procmux$515_Y, Q = \kk_reg_176).
Adding EN signal on $procdff$624 ($dff) from module td_fused_top_tdf1_readInputs19 (D = $ternary$/home/zhigang/raw_data/raw_designs/vtr_designs/verilog/koios/tiny_darknet_like.medium_submodules/td_fused_top_tdf1_readInputs19.v:764$343_Y, Q = \select_ln20_reg_959).
Adding EN signal on $procdff$622 ($dff) from module td_fused_top_tdf1_readInputs19 (D = $and$/home/zhigang/raw_data/raw_designs/vtr_designs/verilog/koios/tiny_darknet_like.medium_submodules/td_fused_top_tdf1_readInputs19.v:620$264_Y, Q = \and_ln19_reg_947).
Adding EN signal on $procdff$621 ($dff) from module td_fused_top_tdf1_readInputs19 (D = $ternary$/home/zhigang/raw_data/raw_designs/vtr_designs/verilog/koios/tiny_darknet_like.medium_submodules/td_fused_top_tdf1_readInputs19.v:672$286_Y, Q = \icmp_ln20_reg_938).
Adding EN signal on $procdff$620 ($dff) from module td_fused_top_tdf1_readInputs19 (D = $shr$/home/zhigang/raw_data/raw_designs/vtr_designs/verilog/koios/tiny_darknet_like.medium_submodules/td_fused_top_tdf1_readInputs19.v:706$301_Y, Q = \lshr_ln32_reg_1046).
Adding EN signal on $procdff$619 ($dff) from module td_fused_top_tdf1_readInputs19 (D = $sub$/home/zhigang/raw_data/raw_designs/vtr_designs/verilog/koios/tiny_darknet_like.medium_submodules/td_fused_top_tdf1_readInputs19.v:780$353_Y [6:1], Q = \sub_ln32_21_reg_1041 [6:1]).
Adding EN signal on $procdff$618 ($dff) from module td_fused_top_tdf1_readInputs19 (D = $add$/home/zhigang/raw_data/raw_designs/vtr_designs/verilog/koios/tiny_darknet_like.medium_submodules/td_fused_top_tdf1_readInputs19.v:616$262_Y, Q = \add_ln33_1_reg_1036).
Adding EN signal on $procdff$617 ($dff) from module td_fused_top_tdf1_readInputs19 (D = $or$/home/zhigang/raw_data/raw_designs/vtr_designs/verilog/koios/tiny_darknet_like.medium_submodules/td_fused_top_tdf1_readInputs19.v:700$299_Y, Q = \is_padding_reg_987).
Adding EN signal on $procdff$616 ($dff) from module td_fused_top_tdf1_readInputs19 (D = $add$/home/zhigang/raw_data/raw_designs/vtr_designs/verilog/koios/tiny_darknet_like.medium_submodules/td_fused_top_tdf1_readInputs19.v:720$308_Y, Q = \p_cast1_i_reg_981).
Adding EN signal on $procdff$615 ($dff) from module td_fused_top_tdf1_readInputs19 (D = \select_ln20_26_reg_965, Q = \select_ln20_26_reg_965_pp0_iter1_reg).
Adding EN signal on $procdff$614 ($dff) from module td_fused_top_tdf1_readInputs19 (D = \select_ln20_reg_959, Q = \select_ln20_reg_959_pp0_iter1_reg).
Adding EN signal on $procdff$613 ($dff) from module td_fused_top_tdf1_readInputs19 (D = \and_ln19_reg_947, Q = \and_ln19_reg_947_pp0_iter1_reg).
Adding EN signal on $procdff$612 ($dff) from module td_fused_top_tdf1_readInputs19 (D = \icmp_ln20_reg_938, Q = \icmp_ln20_reg_938_pp0_iter1_reg).
Adding EN signal on $procdff$611 ($dff) from module td_fused_top_tdf1_readInputs19 (D = \icmp_ln19_reg_934, Q = \icmp_ln19_reg_934_pp0_iter1_reg).
Adding EN signal on $procdff$610 ($dff) from module td_fused_top_tdf1_readInputs19 (D = $ternary$/home/zhigang/raw_data/raw_designs/vtr_designs/verilog/koios/tiny_darknet_like.medium_submodules/td_fused_top_tdf1_readInputs19.v:670$284_Y, Q = \icmp_ln19_reg_934).
Adding EN signal on $procdff$594 ($dff) from module td_fused_top_tdf1_readInputs19 (D = $add$/home/zhigang/raw_data/raw_designs/vtr_designs/verilog/koios/tiny_darknet_like.medium_submodules/td_fused_top_tdf1_readInputs19.v:664$281_Y, Q = \empty_132_reg_994).
Adding EN signal on $procdff$593 ($dff) from module td_fused_top_tdf1_readInputs19 (D = $add$/home/zhigang/raw_data/raw_designs/vtr_designs/verilog/koios/tiny_darknet_like.medium_submodules/td_fused_top_tdf1_readInputs19.v:732$314_Y, Q = \p_mid140_reg_924).
Adding EN signal on $procdff$592 ($dff) from module td_fused_top_tdf1_readInputs19 (D = $or$/home/zhigang/raw_data/raw_designs/vtr_designs/verilog/koios/tiny_darknet_like.medium_submodules/td_fused_top_tdf1_readInputs19.v:710$303_Y, Q = \or_ln23_26_reg_919).
Adding EN signal on $procdff$591 ($dff) from module td_fused_top_tdf1_readInputs19 (D = $add$/home/zhigang/raw_data/raw_designs/vtr_designs/verilog/koios/tiny_darknet_like.medium_submodules/td_fused_top_tdf1_readInputs19.v:724$310_Y, Q = \p_cast_reg_913).
Adding EN signal on $procdff$590 ($dff) from module td_fused_top_tdf1_readInputs19 (D = { 1'0 $add$/home/zhigang/raw_data/raw_designs/vtr_designs/verilog/koios/tiny_darknet_like.medium_submodules/td_fused_top_tdf1_readInputs19.v:606$257_Y }, Q = \sext_ln22_reg_907).
Setting constant 0-bit at position 17 on $auto$ff.cc:262:slice$684 ($dffe) from module td_fused_top_tdf1_readInputs19.
Adding EN signal on $procdff$589 ($dff) from module td_fused_top_tdf1_readInputs19 (D = { 1'0 $add$/home/zhigang/raw_data/raw_designs/vtr_designs/verilog/koios/tiny_darknet_like.medium_submodules/td_fused_top_tdf1_readInputs19.v:658$277_Y }, Q = \p_cast_i_reg_901).
Setting constant 0-bit at position 17 on $auto$ff.cc:262:slice$686 ($dffe) from module td_fused_top_tdf1_readInputs19.
Adding EN signal on $procdff$623 ($dff) from module td_fused_top_tdf1_readInputs19 (D = $add$/home/zhigang/raw_data/raw_designs/vtr_designs/verilog/koios/tiny_darknet_like.medium_submodules/td_fused_top_tdf1_readInputs19.v:600$254_Y, Q = \add_ln20_reg_953).
Adding SRST signal on $procdff$631 ($dff) from module td_fused_top_tdf1_readInputs19 (D = $procmux$548_Y, Q = \ap_enable_reg_pp0_iter3, rval = 1'0).
Adding SRST signal on $procdff$630 ($dff) from module td_fused_top_tdf1_readInputs19 (D = $procmux$540_Y, Q = \ap_enable_reg_pp0_iter4, rval = 1'0).
Adding EN signal on $procdff$588 ($dff) from module td_fused_top_tdf1_readInputs19 (D = $or$/home/zhigang/raw_data/raw_designs/vtr_designs/verilog/koios/tiny_darknet_like.medium_submodules/td_fused_top_tdf1_readInputs19.v:716$306_Y, Q = \or_ln23_30_reg_1019).
Adding EN signal on $procdff$587 ($dff) from module td_fused_top_tdf1_readInputs19 (D = $or$/home/zhigang/raw_data/raw_designs/vtr_designs/verilog/koios/tiny_darknet_like.medium_submodules/td_fused_top_tdf1_readInputs19.v:712$304_Y, Q = \or_ln23_28_reg_1012).
Adding EN signal on $procdff$586 ($dff) from module td_fused_top_tdf1_readInputs19 (D = $add$/home/zhigang/raw_data/raw_designs/vtr_designs/verilog/koios/tiny_darknet_like.medium_submodules/td_fused_top_tdf1_readInputs19.v:722$309_Y, Q = \p_cast1_i_mid1_reg_1006).
Adding EN signal on $procdff$585 ($dff) from module td_fused_top_tdf1_readInputs19 (D = $add$/home/zhigang/raw_data/raw_designs/vtr_designs/verilog/koios/tiny_darknet_like.medium_submodules/td_fused_top_tdf1_readInputs19.v:734$315_Y, Q = \p_mid1_reg_1026).
Adding EN signal on $procdff$584 ($dff) from module td_fused_top_tdf1_readInputs19 (D = $ternary$/home/zhigang/raw_data/raw_designs/vtr_designs/verilog/koios/tiny_darknet_like.medium_submodules/td_fused_top_tdf1_readInputs19.v:744$323_Y, Q = \select_ln19_36_reg_999).
Adding EN signal on $procdff$583 ($dff) from module td_fused_top_tdf1_readInputs19 (D = $ternary$/home/zhigang/raw_data/raw_designs/vtr_designs/verilog/koios/tiny_darknet_like.medium_submodules/td_fused_top_tdf1_readInputs19.v:756$335_Y, Q = \select_ln20_26_reg_965).
Setting constant 0-bit at position 0 on $procdff$582 ($dff) from module td_fused_top_tdf1_readInputs19.

4.7. Executing OPT_CLEAN pass (remove unused cells and wires).
Finding unused cells or wires in module \td_fused_top_tdf1_readInputs19..
Removed 47 unused cells and 607 unused wires.
<suppressed ~51 debug messages>

4.8. Executing OPT_EXPR pass (perform const folding).
Optimizing module td_fused_top_tdf1_readInputs19.
<suppressed ~5 debug messages>

4.9. Rerunning OPT passes. (Maybe there is more to do..)

4.10. Executing OPT_MUXTREE pass (detect dead branches in mux trees).
Running muxtree optimizer on module \td_fused_top_tdf1_readInputs19..
  Creating internal representation of mux trees.
  Evaluating internal representation of mux trees.
  Analyzing evaluation results.
Removed 0 multiplexer ports.
<suppressed ~42 debug messages>

4.11. Executing OPT_REDUCE pass (consolidate $*mux and $reduce_* inputs).
  Optimizing cells in module \td_fused_top_tdf1_readInputs19.
Performed a total of 0 changes.

4.12. Executing OPT_MERGE pass (detect identical cells).
Finding identical cells in module `\td_fused_top_tdf1_readInputs19'.
<suppressed ~12 debug messages>
Removed a total of 4 cells.

4.13. Executing OPT_DFF pass (perform DFF optimizations).

4.14. Executing OPT_CLEAN pass (remove unused cells and wires).
Finding unused cells or wires in module \td_fused_top_tdf1_readInputs19..
Removed 0 unused cells and 4 unused wires.
<suppressed ~1 debug messages>

4.15. Executing OPT_EXPR pass (perform const folding).
Optimizing module td_fused_top_tdf1_readInputs19.

4.16. Rerunning OPT passes. (Maybe there is more to do..)

4.17. Executing OPT_MUXTREE pass (detect dead branches in mux trees).
Running muxtree optimizer on module \td_fused_top_tdf1_readInputs19..
  Creating internal representation of mux trees.
  Evaluating internal representation of mux trees.
  Analyzing evaluation results.
Removed 0 multiplexer ports.
<suppressed ~43 debug messages>

4.18. Executing OPT_REDUCE pass (consolidate $*mux and $reduce_* inputs).
  Optimizing cells in module \td_fused_top_tdf1_readInputs19.
Performed a total of 0 changes.

4.19. Executing OPT_MERGE pass (detect identical cells).
Finding identical cells in module `\td_fused_top_tdf1_readInputs19'.
Removed a total of 0 cells.

4.20. Executing OPT_DFF pass (perform DFF optimizations).

4.21. Executing OPT_CLEAN pass (remove unused cells and wires).
Finding unused cells or wires in module \td_fused_top_tdf1_readInputs19..

4.22. Executing OPT_EXPR pass (perform const folding).
Optimizing module td_fused_top_tdf1_readInputs19.

4.23. Finished OPT passes. (There is nothing left to do.)

5. Printing statistics.

=== td_fused_top_tdf1_readInputs19 ===

   Number of wires:                269
   Number of wire bits:           2051
   Number of public wires:         209
   Number of public wire bits:    1967
   Number of memories:               0
   Number of memory bits:            0
   Number of processes:              0
   Number of cells:                202
     $add                          258
     $and                           83
     $dff                           18
     $dffe                         218
     $eq                            20
     $gt                            95
     $mux                          278
     $not                           13
     $or                            15
     $pmux                           3
     $reduce_bool                    6
     $reduce_or                      4
     $sdff                           8
     $sdffe                          1
     $shr                          128
     $sub                           79
     $xor                            7

End of script. Logfile hash: 040239e5cc, CPU: user 0.25s system 0.00s, MEM: 17.77 MB peak
Yosys 0.10+12 (git sha1 72fac04, gcc 7.4.0-1ubuntu1~16.04~ppa1 -fPIC -Os)
Time spent: 36% 2x read_verilog (0 sec), 22% 5x opt_expr (0 sec), ...
