
5. Printing statistics.

=== td_fused_top_tdf7_filters_1 ===

   Number of wires:                  5
   Number of wire bits:             80
   Number of public wires:           5
   Number of public wire bits:      80
   Number of memories:               0
   Number of memory bits:            0
   Number of processes:              0
   Number of cells:                  1

=== td_fused_top_tdf7_filters_1_rom ===

   Number of wires:                  5
   Number of wire bits:            143
   Number of public wires:           4
   Number of public wire bits:      79
   Number of memories:               1
   Number of memory bits:       294912
   Number of processes:              0
   Number of cells:                  2
     $dffe                          64

=== design hierarchy ===

   td_fused_top_tdf7_filters_1       1
     td_fused_top_tdf7_filters_1_rom      0

   Number of wires:                  5
   Number of wire bits:             80
   Number of public wires:           5
   Number of public wire bits:      80
   Number of memories:               0
   Number of memory bits:            0
   Number of processes:              0
   Number of cells:                  1

