
5. Printing statistics.

=== $paramod$0a798cbc7902f454b0a3ef99e2a42f7441f71b19\td_fused_top_mux_416_32_1_1 ===

   Number of wires:                 24
   Number of wire bits:            736
   Number of public wires:          24
   Number of public wire bits:     736
   Number of memories:               0
   Number of memory bits:            0
   Number of processes:              0
   Number of cells:                  3
     $mux                           96

=== $paramod$20ed575d3a8c8a8136d29b2d7ca09626e45a2e9e\td_fused_top_hcmp_16ns_16ns_1_2_no_dsp_1 ===

   Number of wires:                 27
   Number of wire bits:            139
   Number of public wires:          21
   Number of public wire bits:     133
   Number of memories:               0
   Number of memory bits:            0
   Number of processes:              0
   Number of cells:                 14
     $dff                            2
     $dffe                          37
     $eq                            30
     $mux                            1
     $pmux                           8

=== $paramod$39fc8c2259eea60ebd1699530f5152003b944440\td_fused_top_mux_42_1_1_1 ===

   Number of wires:                 10
   Number of wire bits:             12
   Number of public wires:          10
   Number of public wire bits:      12
   Number of memories:               0
   Number of memory bits:            0
   Number of processes:              0
   Number of cells:                  3
     $mux                            3

=== $paramod$3c0377098b222d6572752d08e873f7489758dceb\td_fused_top_hmul_16ns_16ns_16_5_max_dsp_1 ===

   Number of wires:                 19
   Number of wire bits:            169
   Number of public wires:          19
   Number of public wire bits:     169
   Number of memories:               0
   Number of memory bits:            0
   Number of processes:              0
   Number of cells:                  6
     $dff                           17
     $dffe                          32
     $mux                           16

=== $paramod$8dea2db416463a8f312819906908d61ee1133101\td_fused_top_dataflow_in_loop_TOP_LOOP47956_ifmap_vec_0 ===

   Number of wires:                 55
   Number of wire bits:            150
   Number of public wires:          28
   Number of public wire bits:     119
   Number of memories:               0
   Number of memory bits:            0
   Number of processes:              0
   Number of cells:                 36
     $add                            4
     $and                            4
     $eq                             2
     $logic_and                      7
     $logic_not                      5
     $logic_or                       1
     $mux                            8
     $reduce_bool                    4
     $reduce_or                      2
     $sdffe                          6
     $sub                            2

=== $paramod$8dea2db416463a8f312819906908d61ee1133101\td_fused_top_dataflow_in_loop_TOP_LOOP47956_products_0_0 ===

   Number of wires:                101
   Number of wire bits:            405
   Number of public wires:          51
   Number of public wire bits:     321
   Number of memories:               0
   Number of memory bits:            0
   Number of processes:              0
   Number of cells:                 82
     $add                            4
     $and                            4
     $eq                             2
     $logic_and                     11
     $logic_not                      9
     $logic_or                       1
     $mux                          184
     $not                            1
     $reduce_bool                    8
     $reduce_or                      2
     $sdff                           2
     $sdffe                         40
     $sub                            2

=== $paramod$912b74f0497673b69e86cc7c82dae9d480ead345\td_fused_top_hsub_16ns_16ns_16_7_full_dsp_1 ===

   Number of wires:                 19
   Number of wire bits:            169
   Number of public wires:          19
   Number of public wire bits:     169
   Number of memories:               0
   Number of memory bits:            0
   Number of processes:              0
   Number of cells:                  6
     $dff                           17
     $dffe                          32
     $mux                           16

=== $paramod$91996938bf55391da83956fb5d59b8cc0957c6c9\td_fused_top_mux_42_16_1_1 ===

   Number of wires:                 10
   Number of wire bits:            132
   Number of public wires:          10
   Number of public wire bits:     132
   Number of memories:               0
   Number of memory bits:            0
   Number of processes:              0
   Number of cells:                  3
     $mux                           48

=== $paramod$bd98ea72159fe26174e7b3ed5baca9c91958ef6f\td_fused_top_hadd_16ns_16ns_16_8_full_dsp_1 ===

   Number of wires:                 19
   Number of wire bits:            169
   Number of public wires:          19
   Number of public wire bits:     169
   Number of memories:               0
   Number of memory bits:            0
   Number of processes:              0
   Number of cells:                  6
     $dff                           17
     $dffe                          32
     $mux                           16

=== $paramod$e36eaf216809172bdd5f22425c51e5fbd0273c5d\td_fused_top_dataflow_in_loop_TOP_LOOP47956_accum1_out_0 ===

   Number of wires:                 99
   Number of wire bits:            357
   Number of public wires:          54
   Number of public wire bits:     293
   Number of memories:               0
   Number of memory bits:            0
   Number of processes:              0
   Number of cells:                 77
     $add                            4
     $and                            4
     $eq                             2
     $logic_and                     10
     $logic_not                      7
     $logic_or                       1
     $mux                          154
     $not                            1
     $reduce_bool                    6
     $reduce_or                      2
     $sdff                           2
     $sdffe                         23
     $sub                            2

=== FPAddSub ===

   Number of wires:                 45
   Number of wire bits:            591
   Number of public wires:          45
   Number of public wire bits:     591
   Number of memories:               0
   Number of memory bits:            0
   Number of processes:              0
   Number of cells:                 19
     $mux                          338

=== FPAddSub_AlignModule ===

   Number of wires:                  8
   Number of wire bits:             71
   Number of public wires:           8
   Number of public wire bits:      71
   Number of memories:               0
   Number of memory bits:            0
   Number of processes:              0
   Number of cells:                  5
     $lt                            15
     $mux                           30

=== FPAddSub_AlignShift1 ===

   Number of wires:                 12
   Number of wire bits:             74
   Number of public wires:           6
   Number of public wire bits:      68
   Number of memories:               0
   Number of memory bits:            0
   Number of processes:              0
   Number of cells:                 18
     $eq                             6
     $logic_not                      2
     $mux                           11
     $pmux                          11
     $reduce_or                      5

=== FPAddSub_AlignShift2 ===

   Number of wires:                 11
   Number of wire bits:             63
   Number of public wires:           5
   Number of public wire bits:      57
   Number of memories:               0
   Number of memory bits:            0
   Number of processes:              0
   Number of cells:                 17
     $eq                             6
     $logic_not                      2
     $pmux                          11
     $reduce_or                      5

=== FPAddSub_ExceptionModule ===

   Number of wires:                 23
   Number of wire bits:             61
   Number of public wires:          13
   Number of public wire bits:      51
   Number of memories:               0
   Number of memory bits:            0
   Number of processes:              0
   Number of cells:                 15
     $and                            4
     $logic_not                      1
     $not                            2
     $or                             5
     $reduce_and                     5
     $reduce_or                      8

=== FPAddSub_ExecutionModule ===

   Number of wires:                 12
   Number of wire bits:             79
   Number of public wires:           9
   Number of public wire bits:      44
   Number of memories:               0
   Number of memory bits:            0
   Number of processes:              0
   Number of cells:                  6
     $add                           17
     $mux                           18
     $sub                           17
     $xor                            2

=== FPAddSub_NormalizeModule ===

   Number of wires:                 16
   Number of wire bits:            116
   Number of public wires:           4
   Number of public wire bits:      56
   Number of memories:               0
   Number of memory bits:            0
   Number of processes:              0
   Number of cells:                 14
     $mux                           82

=== FPAddSub_NormalizeShift1 ===

   Number of wires:                 19
   Number of wire bits:            152
   Number of public wires:           7
   Number of public wire bits:     140
   Number of memories:               0
   Number of memory bits:            0
   Number of processes:              0
   Number of cells:                 20
     $eq                            12
     $logic_not                      4
     $pmux                          34
     $reduce_or                      8

=== FPAddSub_NormalizeShift2 ===

   Number of wires:                 14
   Number of wire bits:             62
   Number of public wires:          13
   Number of public wire bits:      61
   Number of memories:               0
   Number of memory bits:            0
   Number of processes:              0
   Number of cells:                  6
     $add                            6
     $logic_not                      1
     $mux                            6
     $reduce_or                     21
     $sub                            6

=== FPAddSub_PrealignModule ===

   Number of wires:                 30
   Number of wire bits:            295
   Number of public wires:          16
   Number of public wire bits:      95
   Number of memories:               0
   Number of memory bits:            0
   Number of processes:              0
   Number of cells:                 19
     $add                          128
     $and                            4
     $logic_not                      2
     $not                           64
     $or                             3
     $reduce_and                    10
     $reduce_or                     20

=== FPAddSub_RoundModule ===

   Number of wires:                 35
   Number of wire bits:            124
   Number of public wires:          19
   Number of public wire bits:      72
   Number of memories:               0
   Number of memory bits:            0
   Number of processes:              0
   Number of cells:                 22
     $add                           38
     $and                            7
     $mux                           18
     $not                            2
     $or                             5
     $xor                            2

=== FPMult_16 ===

   Number of wires:                 27
   Number of wire bits:            348
   Number of public wires:          27
   Number of public wire bits:     348
   Number of memories:               0
   Number of memory bits:            0
   Number of processes:              0
   Number of cells:                  9
     $mux                          165

=== FPMult_ExecuteModule ===

   Number of wires:                 15
   Number of wire bits:            103
   Number of public wires:          12
   Number of public wire bits:      95
   Number of memories:               0
   Number of memory bits:            0
   Number of processes:              0
   Number of cells:                  7
     $add                           12
     $and                            1
     $mux                           10
     $or                             1
     $reduce_or                     10
     $xor                            1

=== FPMult_NormalizeModule ===

   Number of wires:                  8
   Number of wire bits:            114
   Number of public wires:           6
   Number of public wire bits:      50
   Number of memories:               0
   Number of memory bits:            0
   Number of processes:              0
   Number of cells:                  2
     $sub                           64

=== FPMult_PrepModule ===

   Number of wires:                 23
   Number of wire bits:             86
   Number of public wires:          14
   Number of public wire bits:      77
   Number of memories:               0
   Number of memory bits:            0
   Number of processes:              0
   Number of cells:                 15
     $and                            4
     $logic_not                      2
     $mul                           22
     $or                             3
     $reduce_and                    10
     $reduce_or                     20

=== FPMult_RoundModule ===

   Number of wires:                 12
   Number of wire bits:             90
   Number of public wires:          12
   Number of public wire bits:      90
   Number of memories:               0
   Number of memory bits:            0
   Number of processes:              0
   Number of cells:                  3
     $mux                           28

=== td_fused_top_Block_entry_proc_proc542 ===

   Number of wires:                 16
   Number of wire bits:             61
   Number of public wires:          14
   Number of public wire bits:      59
   Number of memories:               0
   Number of memory bits:            0
   Number of processes:              0
   Number of cells:                  9
     $mux                           19
     $not                            1
     $or                             1
     $reduce_or                      2
     $sdff                          17

=== td_fused_top_Block_entry_proc_proc543 ===

   Number of wires:                 16
   Number of wire bits:             61
   Number of public wires:          14
   Number of public wire bits:      59
   Number of memories:               0
   Number of memory bits:            0
   Number of processes:              0
   Number of cells:                  9
     $mux                           19
     $not                            1
     $or                             1
     $reduce_or                      2
     $sdff                          17

=== td_fused_top_Block_entry_proc_proc544 ===

   Number of wires:                 16
   Number of wire bits:             61
   Number of public wires:          14
   Number of public wire bits:      59
   Number of memories:               0
   Number of memory bits:            0
   Number of processes:              0
   Number of cells:                  9
     $mux                           19
     $not                            1
     $or                             1
     $reduce_or                      2
     $sdff                          17

=== td_fused_top_Block_entry_proc_proc545 ===

   Number of wires:                 16
   Number of wire bits:             61
   Number of public wires:          14
   Number of public wire bits:      59
   Number of memories:               0
   Number of memory bits:            0
   Number of processes:              0
   Number of cells:                  9
     $mux                           19
     $not                            1
     $or                             1
     $reduce_or                      2
     $sdff                          17

=== td_fused_top_ap_hadd_6_full_dsp_16 ===

   Number of wires:                 12
   Number of wire bits:            117
   Number of public wires:          12
   Number of public wire bits:     117
   Number of memories:               0
   Number of memory bits:            0
   Number of processes:              0
   Number of cells:                  4
     $dffe                          48

=== td_fused_top_ap_hcmp_0_no_dsp_16 ===

   Number of wires:                 10
   Number of wire bits:             84
   Number of public wires:          10
   Number of public wire bits:      84
   Number of memories:               0
   Number of memory bits:            0
   Number of processes:              0
   Number of cells:                  2
     $not                            1

=== td_fused_top_ap_hmul_3_max_dsp_16 ===

   Number of wires:                 12
   Number of wire bits:            117
   Number of public wires:          12
   Number of public wire bits:     117
   Number of memories:               0
   Number of memory bits:            0
   Number of processes:              0
   Number of cells:                  4
     $dffe                          48

=== td_fused_top_dataflow_in_loop_TOP_LOOP47956 ===

   Number of wires:                910
   Number of wire bits:           4645
   Number of public wires:         732
   Number of public wire bits:    4467
   Number of memories:               0
   Number of memory bits:            0
   Number of processes:              0
   Number of cells:                332
     $and                          150
     $not                           62
     $or                            26
     $reduce_or                     12
     $sdff                          26

=== td_fused_top_dataflow_in_loop_TOP_LOOP47956_accum1_out_0_memcore ===

   Number of wires:                 11
   Number of wire bits:             62
   Number of public wires:          11
   Number of public wire bits:      62
   Number of memories:               0
   Number of memory bits:            0
   Number of processes:              0
   Number of cells:                  1

=== td_fused_top_dataflow_in_loop_TOP_LOOP47956_accum1_out_0_memcore_ram ===

   Number of wires:                 23
   Number of wire bits:            221
   Number of public wires:          10
   Number of public wire bits:      61
   Number of memories:               1
   Number of memory bits:          256
   Number of processes:              0
   Number of cells:                 16
     $dffe                          16
     $mux                           84

=== td_fused_top_dataflow_in_loop_TOP_LOOP47956_ifmap_vec_0_memcore ===

   Number of wires:                 12
   Number of wire bits:             88
   Number of public wires:          12
   Number of public wire bits:      88
   Number of memories:               0
   Number of memory bits:            0
   Number of processes:              0
   Number of cells:                  1

=== td_fused_top_dataflow_in_loop_TOP_LOOP47956_ifmap_vec_0_memcore_ram ===

   Number of wires:                 25
   Number of wire bits:            283
   Number of public wires:          11
   Number of public wire bits:      87
   Number of memories:               1
   Number of memory bits:         4608
   Number of processes:              0
   Number of cells:                 18
     $dffe                          32
     $mux                          104

=== td_fused_top_dataflow_in_loop_TOP_LOOP47956_products_0_0_memcore ===

   Number of wires:                 10
   Number of wire bits:             69
   Number of public wires:          10
   Number of public wire bits:      69
   Number of memories:               0
   Number of memory bits:            0
   Number of processes:              0
   Number of cells:                  1

=== td_fused_top_dataflow_in_loop_TOP_LOOP47956_products_0_0_memcore_ram ===

   Number of wires:                 17
   Number of wire bits:            180
   Number of public wires:           9
   Number of public wire bits:      68
   Number of memories:               1
   Number of memory bits:         2304
   Number of processes:              0
   Number of cells:                 11
     $dffe                          32
     $mux                           50

=== td_fused_top_fifo_w16_d2_S_x5 ===

   Number of wires:                 45
   Number of wire bits:            172
   Number of public wires:          17
   Number of public wire bits:      78
   Number of memories:               0
   Number of memory bits:            0
   Number of processes:              0
   Number of cells:                 34
     $add                            2
     $and                           68
     $eq                            64
     $logic_and                      2
     $logic_not                     66
     $mux                            8
     $ne                             2
     $not                            2
     $or                             2
     $reduce_and                     4
     $reduce_bool                    2
     $reduce_or                      2
     $sdffe                          4
     $sub                            2

=== td_fused_top_fifo_w16_d2_S_x5_shiftReg ===

   Number of wires:                  8
   Number of wire bits:             68
   Number of public wires:           7
   Number of public wire bits:      67
   Number of memories:               0
   Number of memory bits:            0
   Number of processes:              0
   Number of cells:                  4
     $dffe                          32
     $not                            1
     $pmux                          16

=== td_fused_top_fifo_w1_d8_S ===

   Number of wires:                 46
   Number of wire bits:            125
   Number of public wires:          17
   Number of public wire bits:      22
   Number of memories:               0
   Number of memory bits:            0
   Number of processes:              0
   Number of cells:                 35
     $add                            4
     $and                           68
     $eq                            68
     $logic_and                      2
     $logic_not                     68
     $mux                           14
     $ne                             2
     $not                            2
     $or                             2
     $reduce_and                     4
     $reduce_bool                    2
     $reduce_or                      2
     $sdffe                          6
     $sub                            4

=== td_fused_top_fifo_w1_d8_S_shiftReg ===

   Number of wires:                 21
   Number of wire bits:             23
   Number of public wires:          13
   Number of public wire bits:      15
   Number of memories:               0
   Number of memory bits:            0
   Number of processes:              0
   Number of cells:                 17
     $dffe                           8
     $eq                            21
     $logic_not                      3
     $pmux                           1

=== td_fused_top_fifo_w4_d8_S_x ===

   Number of wires:                 46
   Number of wire bits:            137
   Number of public wires:          17
   Number of public wire bits:      34
   Number of memories:               0
   Number of memory bits:            0
   Number of processes:              0
   Number of cells:                 35
     $add                            4
     $and                           68
     $eq                            68
     $logic_and                      2
     $logic_not                     68
     $mux                           14
     $ne                             2
     $not                            2
     $or                             2
     $reduce_and                     4
     $reduce_bool                    2
     $reduce_or                      2
     $sdffe                          6
     $sub                            4

=== td_fused_top_fifo_w4_d8_S_x_shiftReg ===

   Number of wires:                 21
   Number of wire bits:             53
   Number of public wires:          13
   Number of public wire bits:      45
   Number of memories:               0
   Number of memory bits:            0
   Number of processes:              0
   Number of cells:                 17
     $dffe                          32
     $eq                            21
     $logic_not                      3
     $pmux                           4

=== td_fused_top_fifo_w6_d2_S_x ===

   Number of wires:                 45
   Number of wire bits:            132
   Number of public wires:          17
   Number of public wire bits:      38
   Number of memories:               0
   Number of memory bits:            0
   Number of processes:              0
   Number of cells:                 34
     $add                            2
     $and                           68
     $eq                            64
     $logic_and                      2
     $logic_not                     66
     $mux                            8
     $ne                             2
     $not                            2
     $or                             2
     $reduce_and                     4
     $reduce_bool                    2
     $reduce_or                      2
     $sdffe                          4
     $sub                            2

=== td_fused_top_fifo_w6_d2_S_x_shiftReg ===

   Number of wires:                  8
   Number of wire bits:             28
   Number of public wires:           7
   Number of public wire bits:      27
   Number of memories:               0
   Number of memory bits:            0
   Number of processes:              0
   Number of cells:                  4
     $dffe                          12
     $not                            1
     $pmux                           6

=== td_fused_top_fifo_w8_d2_S ===

   Number of wires:                 45
   Number of wire bits:            140
   Number of public wires:          17
   Number of public wire bits:      46
   Number of memories:               0
   Number of memory bits:            0
   Number of processes:              0
   Number of cells:                 34
     $add                            2
     $and                           68
     $eq                            64
     $logic_and                      2
     $logic_not                     66
     $mux                            8
     $ne                             2
     $not                            2
     $or                             2
     $reduce_and                     4
     $reduce_bool                    2
     $reduce_or                      2
     $sdffe                          4
     $sub                            2

=== td_fused_top_fifo_w8_d2_S_shiftReg ===

   Number of wires:                  8
   Number of wire bits:             36
   Number of public wires:           7
   Number of public wire bits:      35
   Number of memories:               0
   Number of memory bits:            0
   Number of processes:              0
   Number of cells:                  4
     $dffe                          16
     $not                            1
     $pmux                           8

=== td_fused_top_fifo_w8_d7_S ===

   Number of wires:                 46
   Number of wire bits:            153
   Number of public wires:          17
   Number of public wire bits:      50
   Number of memories:               0
   Number of memory bits:            0
   Number of processes:              0
   Number of cells:                 35
     $add                            4
     $and                           68
     $eq                            68
     $logic_and                      2
     $logic_not                     68
     $mux                           14
     $ne                             2
     $not                            2
     $or                             2
     $reduce_and                     4
     $reduce_bool                    2
     $reduce_or                      2
     $sdffe                          6
     $sub                            4

=== td_fused_top_fifo_w8_d7_S_shiftReg ===

   Number of wires:                 18
   Number of wire bits:             83
   Number of public wires:          12
   Number of public wire bits:      77
   Number of memories:               0
   Number of memory bits:            0
   Number of processes:              0
   Number of cells:                 14
     $dffe                          56
     $eq                            15
     $logic_not                      3
     $pmux                           8

=== td_fused_top_fifo_w8_d8_S ===

   Number of wires:                 46
   Number of wire bits:            153
   Number of public wires:          17
   Number of public wire bits:      50
   Number of memories:               0
   Number of memory bits:            0
   Number of processes:              0
   Number of cells:                 35
     $add                            4
     $and                           68
     $eq                            68
     $logic_and                      2
     $logic_not                     68
     $mux                           14
     $ne                             2
     $not                            2
     $or                             2
     $reduce_and                     4
     $reduce_bool                    2
     $reduce_or                      2
     $sdffe                          6
     $sub                            4

=== td_fused_top_fifo_w8_d8_S_shiftReg ===

   Number of wires:                 21
   Number of wire bits:             93
   Number of public wires:          13
   Number of public wire bits:      85
   Number of memories:               0
   Number of memory bits:            0
   Number of processes:              0
   Number of cells:                 17
     $dffe                          64
     $eq                            21
     $logic_not                      3
     $pmux                           8

=== td_fused_top_start_for_tdf8_readFilters58_U0 ===

   Number of wires:                 45
   Number of wire bits:            112
   Number of public wires:          17
   Number of public wire bits:      18
   Number of memories:               0
   Number of memory bits:            0
   Number of processes:              0
   Number of cells:                 34
     $add                            2
     $and                           68
     $eq                            64
     $logic_and                      2
     $logic_not                     66
     $mux                            8
     $ne                             2
     $not                            2
     $or                             2
     $reduce_and                     4
     $reduce_bool                    2
     $reduce_or                      2
     $sdffe                          4
     $sub                            2

=== td_fused_top_start_for_tdf8_readFilters58_U0_shiftReg ===

   Number of wires:                  8
   Number of wire bits:              8
   Number of public wires:           7
   Number of public wire bits:       7
   Number of memories:               0
   Number of memory bits:            0
   Number of processes:              0
   Number of cells:                  4
     $dffe                           2
     $not                            1
     $pmux                           1

=== td_fused_top_tdf8_17 ===

   Number of wires:                180
   Number of wire bits:           2433
   Number of public wires:         154
   Number of public wire bits:    2317
   Number of memories:               0
   Number of memory bits:            0
   Number of processes:              0
   Number of cells:                 33
     $add                           32
     $and                           11
     $eq                            32
     $logic_not                     16
     $mux                           68
     $not                            3
     $or                             1
     $reduce_bool                    4
     $sdffe                         32

=== td_fused_top_tdf8_accum_1 ===

   Number of wires:                329
   Number of wire bits:           2809
   Number of public wires:         182
   Number of public wire bits:    1980
   Number of memories:               0
   Number of memory bits:            0
   Number of processes:              0
   Number of cells:                238
     $add                           14
     $and                           48
     $dffe                         540
     $eq                           173
     $logic_not                      4
     $lt                             9
     $mux                         1000
     $not                           12
     $or                            65
     $pmux                          11
     $reduce_bool                    4
     $reduce_or                      4
     $sdff                          12
     $sdffe                          8

=== td_fused_top_tdf8_accum_2 ===

   Number of wires:                 50
   Number of wire bits:            258
   Number of public wires:          30
   Number of public wire bits:     218
   Number of memories:               0
   Number of memory bits:            0
   Number of processes:              0
   Number of cells:                 37
     $add                            5
     $and                            3
     $dffe                          21
     $eq                           126
     $mux                           43
     $not                            2
     $or                             1
     $pmux                          11
     $reduce_or                      2
     $sdff                          28
     $sdffe                         21

=== td_fused_top_tdf8_accum_2_1 ===

   Number of wires:                 50
   Number of wire bits:            258
   Number of public wires:          30
   Number of public wire bits:     218
   Number of memories:               0
   Number of memory bits:            0
   Number of processes:              0
   Number of cells:                 37
     $add                            5
     $and                            3
     $dffe                          21
     $eq                           126
     $mux                           43
     $not                            2
     $or                             1
     $pmux                          11
     $reduce_or                      2
     $sdff                          28
     $sdffe                         21

=== td_fused_top_tdf8_accum_2_2 ===

   Number of wires:                 50
   Number of wire bits:            258
   Number of public wires:          30
   Number of public wire bits:     218
   Number of memories:               0
   Number of memory bits:            0
   Number of processes:              0
   Number of cells:                 37
     $add                            5
     $and                            3
     $dffe                          21
     $eq                           126
     $mux                           43
     $not                            2
     $or                             1
     $pmux                          11
     $reduce_or                      2
     $sdff                          28
     $sdffe                         21

=== td_fused_top_tdf8_accum_2_3 ===

   Number of wires:                 50
   Number of wire bits:            258
   Number of public wires:          30
   Number of public wire bits:     218
   Number of memories:               0
   Number of memory bits:            0
   Number of processes:              0
   Number of cells:                 37
     $add                            5
     $and                            3
     $dffe                          21
     $eq                           126
     $mux                           43
     $not                            2
     $or                             1
     $pmux                          11
     $reduce_or                      2
     $sdff                          28
     $sdffe                         21

=== td_fused_top_tdf8_adjust ===

   Number of wires:                219
   Number of wire bits:           1126
   Number of public wires:         178
   Number of public wire bits:    1077
   Number of memories:               0
   Number of memory bits:            0
   Number of processes:              0
   Number of cells:                161
     $add                            3
     $and                            9
     $dff                          364
     $dffe                         191
     $eq                            16
     $logic_not                      2
     $mux                           40
     $not                           11
     $or                             3
     $pmux                           3
     $reduce_and                    13
     $reduce_bool                    2
     $reduce_or                      4
     $sdff                          26
     $sdffe                          1

=== td_fused_top_tdf8_dot_product ===

   Number of wires:                255
   Number of wire bits:           1519
   Number of public wires:         210
   Number of public wire bits:    1429
   Number of memories:               0
   Number of memory bits:            0
   Number of processes:              0
   Number of cells:                158
     $add                           39
     $and                           12
     $dff                           78
     $dffe                         349
     $eq                            24
     $mux                          108
     $not                           11
     $or                             8
     $pmux                           3
     $reduce_bool                    4
     $reduce_or                      4
     $sdff                          12
     $sdffe                          1
     $sub                           13

=== td_fused_top_tdf8_get_next_ijk ===

   Number of wires:                111
   Number of wire bits:            378
   Number of public wires:          72
   Number of public wire bits:     339
   Number of memories:               0
   Number of memory bits:            0
   Number of processes:              0
   Number of cells:                 82
     $add                          116
     $and                           14
     $eq                            56
     $logic_not                      2
     $mux                           15
     $not                           14
     $or                            10
     $reduce_bool                    2
     $reduce_or                      6
     $sdff                           1
     $sdffce                        84
     $sdffe                          1

=== td_fused_top_tdf8_poolOutputs ===

   Number of wires:                109
   Number of wire bits:            433
   Number of public wires:          70
   Number of public wire bits:     382
   Number of memories:               0
   Number of memory bits:            0
   Number of processes:              0
   Number of cells:                 68
     $and                            9
     $dffe                          85
     $eq                            16
     $mux                           23
     $not                           11
     $or                            10
     $pmux                           4
     $reduce_and                     8
     $reduce_bool                    2
     $reduce_or                      2
     $sdff                           5
     $sdffe                          1

=== td_fused_top_tdf8_readFilters58 ===

   Number of wires:                195
   Number of wire bits:           1598
   Number of public wires:         147
   Number of public wire bits:    1505
   Number of memories:               0
   Number of memory bits:            0
   Number of processes:              0
   Number of cells:                112
     $add                          101
     $and                           13
     $dff                           11
     $dffe                         192
     $eq                            24
     $mux                           97
     $not                           12
     $or                             4
     $pmux                           3
     $reduce_bool                    4
     $reduce_or                      4
     $sdff                           7
     $sdffe                          1
     $sub                           74

=== td_fused_top_tdf8_readInputs59 ===

   Number of wires:                297
   Number of wire bits:           2610
   Number of public wires:         235
   Number of public wire bits:    2503
   Number of memories:               0
   Number of memory bits:            0
   Number of processes:              0
   Number of cells:                220
     $add                          200
     $and                          147
     $dff                           24
     $dffe                         330
     $eq                            24
     $gt                           101
     $mux                          375
     $not                           14
     $or                            23
     $pmux                           3
     $reduce_bool                    4
     $reduce_or                      4
     $sdff                           8
     $sdffe                          1
     $shr                          256
     $sub                           58
     $xor                           14

=== td_fused_top_tdf8_writeOutputs_aligned ===

   Number of wires:                 42
   Number of wire bits:            399
   Number of public wires:          35
   Number of public wire bits:     391
   Number of memories:               0
   Number of memory bits:            0
   Number of processes:              0
   Number of cells:                 16
     $add                           22
     $and                            2
     $dffe                           8
     $eq                             4
     $mux                            5
     $not                            1
     $or                             1
     $pmux                           2
     $sdff                           2
     $sub                            8

=== design hierarchy ===

   td_fused_top_tdf8_17              1
     td_fused_top_dataflow_in_loop_TOP_LOOP47956      0
       $paramod$8dea2db416463a8f312819906908d61ee1133101\td_fused_top_dataflow_in_loop_TOP_LOOP47956_ifmap_vec_0      0
         td_fused_top_dataflow_in_loop_TOP_LOOP47956_ifmap_vec_0_memcore      0
           td_fused_top_dataflow_in_loop_TOP_LOOP47956_ifmap_vec_0_memcore_ram      0
       $paramod$8dea2db416463a8f312819906908d61ee1133101\td_fused_top_dataflow_in_loop_TOP_LOOP47956_products_0_0      0
         td_fused_top_dataflow_in_loop_TOP_LOOP47956_products_0_0_memcore      0
           td_fused_top_dataflow_in_loop_TOP_LOOP47956_products_0_0_memcore_ram      0
       $paramod$e36eaf216809172bdd5f22425c51e5fbd0273c5d\td_fused_top_dataflow_in_loop_TOP_LOOP47956_accum1_out_0      0
         td_fused_top_dataflow_in_loop_TOP_LOOP47956_accum1_out_0_memcore      0
           td_fused_top_dataflow_in_loop_TOP_LOOP47956_accum1_out_0_memcore_ram      0
       td_fused_top_Block_entry_proc_proc542      0
       td_fused_top_Block_entry_proc_proc543      0
       td_fused_top_Block_entry_proc_proc544      0
       td_fused_top_Block_entry_proc_proc545      0
       td_fused_top_fifo_w16_d2_S_x5      0
         td_fused_top_fifo_w16_d2_S_x5_shiftReg      0
       td_fused_top_fifo_w1_d8_S      0
         td_fused_top_fifo_w1_d8_S_shiftReg      0
       td_fused_top_fifo_w4_d8_S_x      0
         td_fused_top_fifo_w4_d8_S_x_shiftReg      0
       td_fused_top_fifo_w6_d2_S_x      0
         td_fused_top_fifo_w6_d2_S_x_shiftReg      0
       td_fused_top_fifo_w8_d2_S      0
         td_fused_top_fifo_w8_d2_S_shiftReg      0
       td_fused_top_fifo_w8_d7_S      0
         td_fused_top_fifo_w8_d7_S_shiftReg      0
       td_fused_top_fifo_w8_d8_S      0
         td_fused_top_fifo_w8_d8_S_shiftReg      0
       td_fused_top_start_for_tdf8_readFilters58_U0      0
         td_fused_top_start_for_tdf8_readFilters58_U0_shiftReg      0
       td_fused_top_tdf8_accum_1      0
         $paramod$bd98ea72159fe26174e7b3ed5baca9c91958ef6f\td_fused_top_hadd_16ns_16ns_16_8_full_dsp_1      0
           td_fused_top_ap_hadd_6_full_dsp_16      0
             FPAddSub                0
               FPAddSub_AlignModule      0
               FPAddSub_AlignShift1      0
               FPAddSub_AlignShift2      0
               FPAddSub_ExceptionModule      0
               FPAddSub_ExecutionModule      0
               FPAddSub_NormalizeModule      0
               FPAddSub_NormalizeShift1      0
               FPAddSub_NormalizeShift2      0
               FPAddSub_PrealignModule      0
               FPAddSub_RoundModule      0
       td_fused_top_tdf8_accum_2      0
         $paramod$bd98ea72159fe26174e7b3ed5baca9c91958ef6f\td_fused_top_hadd_16ns_16ns_16_8_full_dsp_1      0
           td_fused_top_ap_hadd_6_full_dsp_16      0
             FPAddSub                0
               FPAddSub_AlignModule      0
               FPAddSub_AlignShift1      0
               FPAddSub_AlignShift2      0
               FPAddSub_ExceptionModule      0
               FPAddSub_ExecutionModule      0
               FPAddSub_NormalizeModule      0
               FPAddSub_NormalizeShift1      0
               FPAddSub_NormalizeShift2      0
               FPAddSub_PrealignModule      0
               FPAddSub_RoundModule      0
       td_fused_top_tdf8_accum_2_1      0
         $paramod$bd98ea72159fe26174e7b3ed5baca9c91958ef6f\td_fused_top_hadd_16ns_16ns_16_8_full_dsp_1      0
           td_fused_top_ap_hadd_6_full_dsp_16      0
             FPAddSub                0
               FPAddSub_AlignModule      0
               FPAddSub_AlignShift1      0
               FPAddSub_AlignShift2      0
               FPAddSub_ExceptionModule      0
               FPAddSub_ExecutionModule      0
               FPAddSub_NormalizeModule      0
               FPAddSub_NormalizeShift1      0
               FPAddSub_NormalizeShift2      0
               FPAddSub_PrealignModule      0
               FPAddSub_RoundModule      0
       td_fused_top_tdf8_accum_2_2      0
         $paramod$bd98ea72159fe26174e7b3ed5baca9c91958ef6f\td_fused_top_hadd_16ns_16ns_16_8_full_dsp_1      0
           td_fused_top_ap_hadd_6_full_dsp_16      0
             FPAddSub                0
               FPAddSub_AlignModule      0
               FPAddSub_AlignShift1      0
               FPAddSub_AlignShift2      0
               FPAddSub_ExceptionModule      0
               FPAddSub_ExecutionModule      0
               FPAddSub_NormalizeModule      0
               FPAddSub_NormalizeShift1      0
               FPAddSub_NormalizeShift2      0
               FPAddSub_PrealignModule      0
               FPAddSub_RoundModule      0
       td_fused_top_tdf8_accum_2_3      0
         $paramod$bd98ea72159fe26174e7b3ed5baca9c91958ef6f\td_fused_top_hadd_16ns_16ns_16_8_full_dsp_1      0
           td_fused_top_ap_hadd_6_full_dsp_16      0
             FPAddSub                0
               FPAddSub_AlignModule      0
               FPAddSub_AlignShift1      0
               FPAddSub_AlignShift2      0
               FPAddSub_ExceptionModule      0
               FPAddSub_ExecutionModule      0
               FPAddSub_NormalizeModule      0
               FPAddSub_NormalizeShift1      0
               FPAddSub_NormalizeShift2      0
               FPAddSub_PrealignModule      0
               FPAddSub_RoundModule      0
       td_fused_top_tdf8_adjust      0
         $paramod$3c0377098b222d6572752d08e873f7489758dceb\td_fused_top_hmul_16ns_16ns_16_5_max_dsp_1      0
           td_fused_top_ap_hmul_3_max_dsp_16      0
             FPMult_16               0
               FPMult_ExecuteModule      0
               FPMult_NormalizeModule      0
               FPMult_PrepModule      0
               FPMult_RoundModule      0
         $paramod$912b74f0497673b69e86cc7c82dae9d480ead345\td_fused_top_hsub_16ns_16ns_16_7_full_dsp_1      0
           td_fused_top_ap_hadd_6_full_dsp_16      0
             FPAddSub                0
               FPAddSub_AlignModule      0
               FPAddSub_AlignShift1      0
               FPAddSub_AlignShift2      0
               FPAddSub_ExceptionModule      0
               FPAddSub_ExecutionModule      0
               FPAddSub_NormalizeModule      0
               FPAddSub_NormalizeShift1      0
               FPAddSub_NormalizeShift2      0
               FPAddSub_PrealignModule      0
               FPAddSub_RoundModule      0
         $paramod$91996938bf55391da83956fb5d59b8cc0957c6c9\td_fused_top_mux_42_16_1_1      0
         $paramod$bd98ea72159fe26174e7b3ed5baca9c91958ef6f\td_fused_top_hadd_16ns_16ns_16_8_full_dsp_1      0
           td_fused_top_ap_hadd_6_full_dsp_16      0
             FPAddSub                0
               FPAddSub_AlignModule      0
               FPAddSub_AlignShift1      0
               FPAddSub_AlignShift2      0
               FPAddSub_ExceptionModule      0
               FPAddSub_ExecutionModule      0
               FPAddSub_NormalizeModule      0
               FPAddSub_NormalizeShift1      0
               FPAddSub_NormalizeShift2      0
               FPAddSub_PrealignModule      0
               FPAddSub_RoundModule      0
       td_fused_top_tdf8_dot_product      0
         $paramod$3c0377098b222d6572752d08e873f7489758dceb\td_fused_top_hmul_16ns_16ns_16_5_max_dsp_1      0
           td_fused_top_ap_hmul_3_max_dsp_16      0
             FPMult_16               0
               FPMult_ExecuteModule      0
               FPMult_NormalizeModule      0
               FPMult_PrepModule      0
               FPMult_RoundModule      0
       td_fused_top_tdf8_get_next_ijk      0
       td_fused_top_tdf8_poolOutputs      0
         $paramod$20ed575d3a8c8a8136d29b2d7ca09626e45a2e9e\td_fused_top_hcmp_16ns_16ns_1_2_no_dsp_1      0
           td_fused_top_ap_hcmp_0_no_dsp_16      0
             FPAddSub                0
               FPAddSub_AlignModule      0
               FPAddSub_AlignShift1      0
               FPAddSub_AlignShift2      0
               FPAddSub_ExceptionModule      0
               FPAddSub_ExecutionModule      0
               FPAddSub_NormalizeModule      0
               FPAddSub_NormalizeShift1      0
               FPAddSub_NormalizeShift2      0
               FPAddSub_PrealignModule      0
               FPAddSub_RoundModule      0
         td_fused_top_tdf8_writeOutputs_aligned      0
       td_fused_top_tdf8_readFilters58      0
         $paramod$0a798cbc7902f454b0a3ef99e2a42f7441f71b19\td_fused_top_mux_416_32_1_1      0
       td_fused_top_tdf8_readInputs59      0

   Number of wires:                180
   Number of wire bits:           2433
   Number of public wires:         154
   Number of public wire bits:    2317
   Number of memories:               0
   Number of memory bits:            0
   Number of processes:              0
   Number of cells:                 33
     $add                           32
     $and                           11
     $eq                            32
     $logic_not                     16
     $mux                           68
     $not                            3
     $or                             1
     $reduce_bool                    4
     $sdffe                         32

