
5. Printing statistics.

=== td_fused_top_tdf12_filters_1 ===

   Number of wires:                  5
   Number of wire bits:             50
   Number of public wires:           5
   Number of public wire bits:      50
   Number of memories:               0
   Number of memory bits:            0
   Number of processes:              0
   Number of cells:                  1

=== td_fused_top_tdf12_filters_1_rom ===

   Number of wires:                  5
   Number of wire bits:             81
   Number of public wires:           4
   Number of public wire bits:      49
   Number of memories:               1
   Number of memory bits:       1024000
   Number of processes:              0
   Number of cells:                  2
     $dffe                          32

=== design hierarchy ===

   td_fused_top_tdf12_filters_1      1
     td_fused_top_tdf12_filters_1_rom      0

   Number of wires:                  5
   Number of wire bits:             50
   Number of public wires:           5
   Number of public wire bits:      50
   Number of memories:               0
   Number of memory bits:            0
   Number of processes:              0
   Number of cells:                  1

