
5. Printing statistics.

=== td_fused_top_td_fused_tdf3_fmaps ===

   Number of wires:                 90
   Number of wire bits:            903
   Number of public wires:          47
   Number of public wire bits:     793
   Number of memories:               0
   Number of memory bits:            0
   Number of processes:              0
   Number of cells:                 71
     $add                            4
     $and                            4
     $eq                             2
     $logic_and                     10
     $logic_not                      7
     $logic_or                       1
     $mux                          402
     $not                            1
     $reduce_bool                    6
     $reduce_or                      2
     $sdff                           2
     $sdffe                         71
     $sub                            2

=== td_fused_top_td_fused_tdf3_fmaps_memcore ===

   Number of wires:                  9
   Number of wire bits:            163
   Number of public wires:           9
   Number of public wire bits:     163
   Number of memories:               0
   Number of memory bits:            0
   Number of processes:              0
   Number of cells:                  1

=== td_fused_top_td_fused_tdf3_fmaps_memcore_ram ===

   Number of wires:                 15
   Number of wire bits:            512
   Number of public wires:           8
   Number of public wire bits:     162
   Number of memories:               1
   Number of memory bits:       1605632
   Number of processes:              0
   Number of cells:                  9
     $dffe                          64
     $mux                          160

=== design hierarchy ===

   td_fused_top_td_fused_tdf3_fmaps      1
     td_fused_top_td_fused_tdf3_fmaps_memcore      0
       td_fused_top_td_fused_tdf3_fmaps_memcore_ram      0

   Number of wires:                 90
   Number of wire bits:            903
   Number of public wires:          47
   Number of public wire bits:     793
   Number of memories:               0
   Number of memory bits:            0
   Number of processes:              0
   Number of cells:                 71
     $add                            4
     $and                            4
     $eq                             2
     $logic_and                     10
     $logic_not                      7
     $logic_or                       1
     $mux                          402
     $not                            1
     $reduce_bool                    6
     $reduce_or                      2
     $sdff                           2
     $sdffe                         71
     $sub                            2

