
5. Printing statistics.

=== td_fused_top_tdf9_adjustments ===

   Number of wires:                  9
   Number of wire bits:            113
   Number of public wires:           9
   Number of public wire bits:     113
   Number of memories:               0
   Number of memory bits:            0
   Number of processes:              0
   Number of cells:                  1

=== td_fused_top_tdf9_adjustments_ram ===

   Number of wires:                 15
   Number of wire bits:            364
   Number of public wires:           8
   Number of public wire bits:     112
   Number of memories:               1
   Number of memory bits:         3072
   Number of processes:              0
   Number of cells:                  9
     $dffe                          48
     $mux                          110

=== design hierarchy ===

   td_fused_top_tdf9_adjustments      1
     td_fused_top_tdf9_adjustments_ram      0

   Number of wires:                  9
   Number of wire bits:            113
   Number of public wires:           9
   Number of public wire bits:     113
   Number of memories:               0
   Number of memory bits:            0
   Number of processes:              0
   Number of cells:                  1

