
5. Printing statistics.

=== td_fused_top_dataflow_in_loop_TOP_LOOP48049_l2_products_0_memcore ===

   Number of wires:                 10
   Number of wire bits:             63
   Number of public wires:          10
   Number of public wire bits:      63
   Number of memories:               0
   Number of memory bits:            0
   Number of processes:              0
   Number of cells:                  1

=== td_fused_top_dataflow_in_loop_TOP_LOOP48049_l2_products_0_memcore_ram ===

   Number of wires:                 17
   Number of wire bits:            168
   Number of public wires:           9
   Number of public wire bits:      62
   Number of memories:               1
   Number of memory bits:          512
   Number of processes:              0
   Number of cells:                 11
     $dffe                          32
     $mux                           44

=== design hierarchy ===

   td_fused_top_dataflow_in_loop_TOP_LOOP48049_l2_products_0_memcore      1
     td_fused_top_dataflow_in_loop_TOP_LOOP48049_l2_products_0_memcore_ram      0

   Number of wires:                 10
   Number of wire bits:             63
   Number of public wires:          10
   Number of public wire bits:      63
   Number of memories:               0
   Number of memory bits:            0
   Number of processes:              0
   Number of cells:                  1

