
5. Printing statistics.

=== $paramod$ab94746a42091e92ea832e1dab14e57f925e29d9\td_fused_top_mux_416_64_1_1 ===

   Number of wires:                 24
   Number of wire bits:           1440
   Number of public wires:          24
   Number of public wire bits:    1440
   Number of memories:               0
   Number of memory bits:            0
   Number of processes:              0
   Number of cells:                  3
     $mux                          192

=== td_fused_top_tdf7_readFilters53 ===

   Number of wires:                235
   Number of wire bits:           2285
   Number of public wires:         187
   Number of public wire bits:    2201
   Number of memories:               0
   Number of memory bits:            0
   Number of processes:              0
   Number of cells:                112
     $add                          100
     $and                           14
     $dff                           10
     $dffe                         316
     $eq                            22
     $mux                           86
     $not                           12
     $or                             4
     $pmux                           3
     $reduce_bool                    4
     $reduce_or                      4
     $sdff                           7
     $sdffe                          1
     $sub                           75

=== design hierarchy ===

   td_fused_top_tdf7_readFilters53      1
     $paramod$ab94746a42091e92ea832e1dab14e57f925e29d9\td_fused_top_mux_416_64_1_1      0

   Number of wires:                235
   Number of wire bits:           2285
   Number of public wires:         187
   Number of public wire bits:    2201
   Number of memories:               0
   Number of memory bits:            0
   Number of processes:              0
   Number of cells:                112
     $add                          100
     $and                           14
     $dff                           10
     $dffe                         316
     $eq                            22
     $mux                           86
     $not                           12
     $or                             4
     $pmux                           3
     $reduce_bool                    4
     $reduce_or                      4
     $sdff                           7
     $sdffe                          1
     $sub                           75

