
5. Printing statistics.

=== td_fused_top_fifo_w12_d11_S ===

   Number of wires:                 46
   Number of wire bits:            175
   Number of public wires:          17
   Number of public wire bits:      68
   Number of memories:               0
   Number of memory bits:            0
   Number of processes:              0
   Number of cells:                 35
     $add                            5
     $and                           68
     $eq                            69
     $logic_and                      2
     $logic_not                     69
     $mux                           17
     $ne                             2
     $not                            2
     $or                             2
     $reduce_and                     4
     $reduce_bool                    2
     $reduce_or                      2
     $sdffe                          7
     $sub                            5

=== td_fused_top_fifo_w12_d11_S_shiftReg ===

   Number of wires:                 26
   Number of wire bits:            172
   Number of public wires:          16
   Number of public wire bits:     162
   Number of memories:               0
   Number of memory bits:            0
   Number of processes:              0
   Number of cells:                 22
     $dffe                         132
     $eq                            36
     $logic_not                      4
     $pmux                          12

=== design hierarchy ===

   td_fused_top_fifo_w12_d11_S       1
     td_fused_top_fifo_w12_d11_S_shiftReg      0

   Number of wires:                 46
   Number of wire bits:            175
   Number of public wires:          17
   Number of public wire bits:      68
   Number of memories:               0
   Number of memory bits:            0
   Number of processes:              0
   Number of cells:                 35
     $add                            5
     $and                           68
     $eq                            69
     $logic_and                      2
     $logic_not                     69
     $mux                           17
     $ne                             2
     $not                            2
     $or                             2
     $reduce_and                     4
     $reduce_bool                    2
     $reduce_or                      2
     $sdffe                          7
     $sub                            5

