
5. Printing statistics.

=== Absorber ===

   Number of wires:                240
   Number of wire bits:           5091
   Number of public wires:         213
   Number of public wire bits:    4581
   Number of memories:               0
   Number of memory bits:            0
   Number of processes:              0
   Number of cells:                103
     $add                          144
     $dff                            1
     $eq                           143
     $ge                            64
     $logic_and                      2
     $mul                          192
     $mux                          625
     $pmux                          32
     $sdffe                        352
     $sub                           32

=== PhotonBlock1 ===

   Number of wires:                  9
   Number of wire bits:            195
   Number of public wires:           9
   Number of public wire bits:     195
   Number of memories:               0
   Number of memory bits:            0
   Number of processes:              0
   Number of cells:                  3
     $sdffe                         96

=== PhotonBlock2 ===

   Number of wires:                  9
   Number of wire bits:             71
   Number of public wires:           9
   Number of public wire bits:      71
   Number of memories:               0
   Number of memory bits:            0
   Number of processes:              0
   Number of cells:                  3
     $sdffe                         34

=== Sqrt_64b ===

   Number of wires:                410
   Number of wire bits:          17246
   Number of public wires:         131
   Number of public wire bits:    8257
   Number of memories:               0
   Number of memory bits:            0
   Number of processes:              0
   Number of cells:                443
     $add                         3968
     $and                           61
     $dff                         1339
     $ge                          2048
     $logic_not                   2048
     $mux                         5056
     $not                           31
     $or                            32
     $sdff                           9
     $sub                         3904

=== design hierarchy ===

   Absorber                          1
     PhotonBlock1                    0
     PhotonBlock2                    0
     Sqrt_64b                        0

   Number of wires:                240
   Number of wire bits:           5091
   Number of public wires:         213
   Number of public wire bits:    4581
   Number of memories:               0
   Number of memory bits:            0
   Number of processes:              0
   Number of cells:                103
     $add                          144
     $dff                            1
     $eq                           143
     $ge                            64
     $logic_and                      2
     $mul                          192
     $mux                          625
     $pmux                          32
     $sdffe                        352
     $sub                           32

