
5. Printing statistics.

=== $paramod$af5eb2417a99fbdccc048a055f25a88ec12c1790\single_port_ram ===

   Number of wires:                  9
   Number of wire bits:            182
   Number of public wires:           5
   Number of public wire bits:      76
   Number of memories:               1
   Number of memory bits:          320
   Number of processes:              0
   Number of cells:                  6
     $dffe                          32
     $mux                           43

=== LogCalc ===

   Number of wires:                 93
   Number of wire bits:           1259
   Number of public wires:          12
   Number of public wire bits:     191
   Number of memories:               0
   Number of memory bits:            0
   Number of processes:              0
   Number of cells:                 87
     $add                           64
     $eq                           132
     $ge                            12
     $mul                           32
     $mux                          932
     $sdffe                         38
     $sub                           64

=== design hierarchy ===

   LogCalc                           1
     $paramod$af5eb2417a99fbdccc048a055f25a88ec12c1790\single_port_ram      0

   Number of wires:                 93
   Number of wire bits:           1259
   Number of public wires:          12
   Number of public wire bits:     191
   Number of memories:               0
   Number of memory bits:            0
   Number of processes:              0
   Number of cells:                 87
     $add                           64
     $eq                           132
     $ge                            12
     $mul                           32
     $mux                          932
     $sdffe                         38
     $sub                           64

