
5. Printing statistics.

=== Sqrt_64b ===

   Number of wires:                410
   Number of wire bits:          17246
   Number of public wires:         131
   Number of public wire bits:    8257
   Number of memories:               0
   Number of memory bits:            0
   Number of processes:              0
   Number of cells:                443
     $add                         3968
     $and                           61
     $dff                         1339
     $ge                          2048
     $logic_not                   2048
     $mux                         5056
     $not                           31
     $or                            32
     $sdff                           9
     $sub                         3904

