
 /----------------------------------------------------------------------------\
 |                                                                            |
 |  yosys -- Yosys Open SYnthesis Suite                                       |
 |                                                                            |
 |  Copyright (C) 2012 - 2020  Claire Xenia Wolf <claire@yosyshq.com>         |
 |                                                                            |
 |  Permission to use, copy, modify, and/or distribute this software for any  |
 |  purpose with or without fee is hereby granted, provided that the above    |
 |  copyright notice and this permission notice appear in all copies.         |
 |                                                                            |
 |  THE SOFTWARE IS PROVIDED "AS IS" AND THE AUTHOR DISCLAIMS ALL WARRANTIES  |
 |  WITH REGARD TO THIS SOFTWARE INCLUDING ALL IMPLIED WARRANTIES OF          |
 |  MERCHANTABILITY AND FITNESS. IN NO EVENT SHALL THE AUTHOR BE LIABLE FOR   |
 |  ANY SPECIAL, DIRECT, INDIRECT, OR CONSEQUENTIAL DAMAGES OR ANY DAMAGES    |
 |  WHATSOEVER RESULTING FROM LOSS OF USE, DATA OR PROFITS, WHETHER IN AN     |
 |  ACTION OF CONTRACT, NEGLIGENCE OR OTHER TORTIOUS ACTION, ARISING OUT OF   |
 |  OR IN CONNECTION WITH THE USE OR PERFORMANCE OF THIS SOFTWARE.            |
 |                                                                            |
 \----------------------------------------------------------------------------/

 Yosys 0.10+12 (git sha1 72fac04, gcc 7.4.0-1ubuntu1~16.04~ppa1 -fPIC -Os)


-- Executing script file `out.ys' --

1. Executing Verilog-2005 frontend: /home/zhigang/raw_data/raw_designs/opencores/arithmetic/apbtoaes_submodules/mix_columns.v
Parsing SystemVerilog input from `/home/zhigang/raw_data/raw_designs/opencores/arithmetic/apbtoaes_submodules/mix_columns.v' to AST representation.
Generating RTLIL representation for module `\mix_columns'.
Successfully finished Verilog frontend.

2. Executing HIERARCHY pass (managing design hierarchy).

2.1. Finding top of design hierarchy..
root of   0 design levels: mix_columns         
Automatically selected mix_columns as design top module.

2.2. Analyzing design hierarchy..
Top module:  \mix_columns

2.3. Analyzing design hierarchy..
Top module:  \mix_columns
Removed 0 unused modules.

3. Executing PROC pass (convert processes to netlists).

3.1. Executing PROC_CLEAN pass (remove empty switches from decision trees).
Cleaned up 0 empty switches.

3.2. Executing PROC_RMDEAD pass (remove dead branches from decision trees).
Removed a total of 0 dead cases.

3.3. Executing PROC_PRUNE pass (remove redundant assignments in processes).
Removed 0 redundant assignments.
Promoted 32 assignments to connections.

3.4. Executing PROC_INIT pass (extract init attributes).

3.5. Executing PROC_ARST pass (detect async resets in processes).

3.6. Executing PROC_MUX pass (convert decision trees to multiplexers).
Creating decoders for process `\mix_columns.$proc$/home/zhigang/raw_data/raw_designs/opencores/arithmetic/apbtoaes_submodules/mix_columns.v:0$82'.
Creating decoders for process `\mix_columns.$proc$/home/zhigang/raw_data/raw_designs/opencores/arithmetic/apbtoaes_submodules/mix_columns.v:0$74'.
Creating decoders for process `\mix_columns.$proc$/home/zhigang/raw_data/raw_designs/opencores/arithmetic/apbtoaes_submodules/mix_columns.v:0$64'.
Creating decoders for process `\mix_columns.$proc$/home/zhigang/raw_data/raw_designs/opencores/arithmetic/apbtoaes_submodules/mix_columns.v:0$54'.
Creating decoders for process `\mix_columns.$proc$/home/zhigang/raw_data/raw_designs/opencores/arithmetic/apbtoaes_submodules/mix_columns.v:0$45'.
Creating decoders for process `\mix_columns.$proc$/home/zhigang/raw_data/raw_designs/opencores/arithmetic/apbtoaes_submodules/mix_columns.v:0$36'.
Creating decoders for process `\mix_columns.$proc$/home/zhigang/raw_data/raw_designs/opencores/arithmetic/apbtoaes_submodules/mix_columns.v:0$27'.
Creating decoders for process `\mix_columns.$proc$/home/zhigang/raw_data/raw_designs/opencores/arithmetic/apbtoaes_submodules/mix_columns.v:0$18'.

3.7. Executing PROC_DLATCH pass (convert process syncs to latches).
No latch inferred for signal `\mix_columns.\col[0]' from process `\mix_columns.$proc$/home/zhigang/raw_data/raw_designs/opencores/arithmetic/apbtoaes_submodules/mix_columns.v:0$82'.
No latch inferred for signal `\mix_columns.\col[1]' from process `\mix_columns.$proc$/home/zhigang/raw_data/raw_designs/opencores/arithmetic/apbtoaes_submodules/mix_columns.v:0$82'.
No latch inferred for signal `\mix_columns.\col[2]' from process `\mix_columns.$proc$/home/zhigang/raw_data/raw_designs/opencores/arithmetic/apbtoaes_submodules/mix_columns.v:0$82'.
No latch inferred for signal `\mix_columns.\col[3]' from process `\mix_columns.$proc$/home/zhigang/raw_data/raw_designs/opencores/arithmetic/apbtoaes_submodules/mix_columns.v:0$82'.
No latch inferred for signal `\mix_columns.\sum_p[0]' from process `\mix_columns.$proc$/home/zhigang/raw_data/raw_designs/opencores/arithmetic/apbtoaes_submodules/mix_columns.v:0$82'.
No latch inferred for signal `\mix_columns.\sum_p[1]' from process `\mix_columns.$proc$/home/zhigang/raw_data/raw_designs/opencores/arithmetic/apbtoaes_submodules/mix_columns.v:0$82'.
No latch inferred for signal `\mix_columns.\sum_p[2]' from process `\mix_columns.$proc$/home/zhigang/raw_data/raw_designs/opencores/arithmetic/apbtoaes_submodules/mix_columns.v:0$82'.
No latch inferred for signal `\mix_columns.\sum_p[3]' from process `\mix_columns.$proc$/home/zhigang/raw_data/raw_designs/opencores/arithmetic/apbtoaes_submodules/mix_columns.v:0$82'.
No latch inferred for signal `\mix_columns.\y[0]' from process `\mix_columns.$proc$/home/zhigang/raw_data/raw_designs/opencores/arithmetic/apbtoaes_submodules/mix_columns.v:0$82'.
No latch inferred for signal `\mix_columns.\y[1]' from process `\mix_columns.$proc$/home/zhigang/raw_data/raw_designs/opencores/arithmetic/apbtoaes_submodules/mix_columns.v:0$82'.
No latch inferred for signal `\mix_columns.\y[2]' from process `\mix_columns.$proc$/home/zhigang/raw_data/raw_designs/opencores/arithmetic/apbtoaes_submodules/mix_columns.v:0$82'.
No latch inferred for signal `\mix_columns.\aes_mult_02$func$/home/zhigang/raw_data/raw_designs/opencores/arithmetic/apbtoaes_submodules/mix_columns.v:67$7.$result' from process `\mix_columns.$proc$/home/zhigang/raw_data/raw_designs/opencores/arithmetic/apbtoaes_submodules/mix_columns.v:0$74'.
No latch inferred for signal `\mix_columns.\aes_mult_02$func$/home/zhigang/raw_data/raw_designs/opencores/arithmetic/apbtoaes_submodules/mix_columns.v:67$14.$result' from process `\mix_columns.$proc$/home/zhigang/raw_data/raw_designs/opencores/arithmetic/apbtoaes_submodules/mix_columns.v:0$74'.
No latch inferred for signal `\mix_columns.\aes_mult_02$func$/home/zhigang/raw_data/raw_designs/opencores/arithmetic/apbtoaes_submodules/mix_columns.v:67$14.data_in' from process `\mix_columns.$proc$/home/zhigang/raw_data/raw_designs/opencores/arithmetic/apbtoaes_submodules/mix_columns.v:0$74'.
No latch inferred for signal `\mix_columns.\aes_mult_04$func$/home/zhigang/raw_data/raw_designs/opencores/arithmetic/apbtoaes_submodules/mix_columns.v:66$6.$result' from process `\mix_columns.$proc$/home/zhigang/raw_data/raw_designs/opencores/arithmetic/apbtoaes_submodules/mix_columns.v:0$64'.
No latch inferred for signal `\mix_columns.\aes_mult_04$func$/home/zhigang/raw_data/raw_designs/opencores/arithmetic/apbtoaes_submodules/mix_columns.v:66$13.$result' from process `\mix_columns.$proc$/home/zhigang/raw_data/raw_designs/opencores/arithmetic/apbtoaes_submodules/mix_columns.v:0$64'.
No latch inferred for signal `\mix_columns.\aes_mult_04$func$/home/zhigang/raw_data/raw_designs/opencores/arithmetic/apbtoaes_submodules/mix_columns.v:66$13.data_in' from process `\mix_columns.$proc$/home/zhigang/raw_data/raw_designs/opencores/arithmetic/apbtoaes_submodules/mix_columns.v:0$64'.
No latch inferred for signal `\mix_columns.\aes_mult_04$func$/home/zhigang/raw_data/raw_designs/opencores/arithmetic/apbtoaes_submodules/mix_columns.v:65$5.$result' from process `\mix_columns.$proc$/home/zhigang/raw_data/raw_designs/opencores/arithmetic/apbtoaes_submodules/mix_columns.v:0$54'.
No latch inferred for signal `\mix_columns.\aes_mult_04$func$/home/zhigang/raw_data/raw_designs/opencores/arithmetic/apbtoaes_submodules/mix_columns.v:65$12.$result' from process `\mix_columns.$proc$/home/zhigang/raw_data/raw_designs/opencores/arithmetic/apbtoaes_submodules/mix_columns.v:0$54'.
No latch inferred for signal `\mix_columns.\aes_mult_04$func$/home/zhigang/raw_data/raw_designs/opencores/arithmetic/apbtoaes_submodules/mix_columns.v:65$12.data_in' from process `\mix_columns.$proc$/home/zhigang/raw_data/raw_designs/opencores/arithmetic/apbtoaes_submodules/mix_columns.v:0$54'.
No latch inferred for signal `\mix_columns.\aes_mult_02$func$/home/zhigang/raw_data/raw_designs/opencores/arithmetic/apbtoaes_submodules/mix_columns.v:58$4.$result' from process `\mix_columns.$proc$/home/zhigang/raw_data/raw_designs/opencores/arithmetic/apbtoaes_submodules/mix_columns.v:0$45'.
No latch inferred for signal `\mix_columns.\aes_mult_02$func$/home/zhigang/raw_data/raw_designs/opencores/arithmetic/apbtoaes_submodules/mix_columns.v:58$11.$result' from process `\mix_columns.$proc$/home/zhigang/raw_data/raw_designs/opencores/arithmetic/apbtoaes_submodules/mix_columns.v:0$45'.
No latch inferred for signal `\mix_columns.\aes_mult_02$func$/home/zhigang/raw_data/raw_designs/opencores/arithmetic/apbtoaes_submodules/mix_columns.v:58$11.data_in' from process `\mix_columns.$proc$/home/zhigang/raw_data/raw_designs/opencores/arithmetic/apbtoaes_submodules/mix_columns.v:0$45'.
No latch inferred for signal `\mix_columns.\aes_mult_02$func$/home/zhigang/raw_data/raw_designs/opencores/arithmetic/apbtoaes_submodules/mix_columns.v:58$3.$result' from process `\mix_columns.$proc$/home/zhigang/raw_data/raw_designs/opencores/arithmetic/apbtoaes_submodules/mix_columns.v:0$36'.
No latch inferred for signal `\mix_columns.\aes_mult_02$func$/home/zhigang/raw_data/raw_designs/opencores/arithmetic/apbtoaes_submodules/mix_columns.v:58$10.$result' from process `\mix_columns.$proc$/home/zhigang/raw_data/raw_designs/opencores/arithmetic/apbtoaes_submodules/mix_columns.v:0$36'.
No latch inferred for signal `\mix_columns.\aes_mult_02$func$/home/zhigang/raw_data/raw_designs/opencores/arithmetic/apbtoaes_submodules/mix_columns.v:58$10.data_in' from process `\mix_columns.$proc$/home/zhigang/raw_data/raw_designs/opencores/arithmetic/apbtoaes_submodules/mix_columns.v:0$36'.
No latch inferred for signal `\mix_columns.\aes_mult_02$func$/home/zhigang/raw_data/raw_designs/opencores/arithmetic/apbtoaes_submodules/mix_columns.v:58$2.$result' from process `\mix_columns.$proc$/home/zhigang/raw_data/raw_designs/opencores/arithmetic/apbtoaes_submodules/mix_columns.v:0$27'.
No latch inferred for signal `\mix_columns.\aes_mult_02$func$/home/zhigang/raw_data/raw_designs/opencores/arithmetic/apbtoaes_submodules/mix_columns.v:58$9.$result' from process `\mix_columns.$proc$/home/zhigang/raw_data/raw_designs/opencores/arithmetic/apbtoaes_submodules/mix_columns.v:0$27'.
No latch inferred for signal `\mix_columns.\aes_mult_02$func$/home/zhigang/raw_data/raw_designs/opencores/arithmetic/apbtoaes_submodules/mix_columns.v:58$9.data_in' from process `\mix_columns.$proc$/home/zhigang/raw_data/raw_designs/opencores/arithmetic/apbtoaes_submodules/mix_columns.v:0$27'.
No latch inferred for signal `\mix_columns.\aes_mult_02$func$/home/zhigang/raw_data/raw_designs/opencores/arithmetic/apbtoaes_submodules/mix_columns.v:58$1.$result' from process `\mix_columns.$proc$/home/zhigang/raw_data/raw_designs/opencores/arithmetic/apbtoaes_submodules/mix_columns.v:0$18'.
No latch inferred for signal `\mix_columns.\aes_mult_02$func$/home/zhigang/raw_data/raw_designs/opencores/arithmetic/apbtoaes_submodules/mix_columns.v:58$8.$result' from process `\mix_columns.$proc$/home/zhigang/raw_data/raw_designs/opencores/arithmetic/apbtoaes_submodules/mix_columns.v:0$18'.
No latch inferred for signal `\mix_columns.\aes_mult_02$func$/home/zhigang/raw_data/raw_designs/opencores/arithmetic/apbtoaes_submodules/mix_columns.v:58$8.data_in' from process `\mix_columns.$proc$/home/zhigang/raw_data/raw_designs/opencores/arithmetic/apbtoaes_submodules/mix_columns.v:0$18'.

3.8. Executing PROC_DFF pass (convert process syncs to FFs).

3.9. Executing PROC_MEMWR pass (convert process memory writes to cells).

3.10. Executing PROC_CLEAN pass (remove empty switches from decision trees).
Removing empty process `mix_columns.$proc$/home/zhigang/raw_data/raw_designs/opencores/arithmetic/apbtoaes_submodules/mix_columns.v:0$82'.
Removing empty process `mix_columns.$proc$/home/zhigang/raw_data/raw_designs/opencores/arithmetic/apbtoaes_submodules/mix_columns.v:0$74'.
Removing empty process `mix_columns.$proc$/home/zhigang/raw_data/raw_designs/opencores/arithmetic/apbtoaes_submodules/mix_columns.v:0$64'.
Removing empty process `mix_columns.$proc$/home/zhigang/raw_data/raw_designs/opencores/arithmetic/apbtoaes_submodules/mix_columns.v:0$54'.
Removing empty process `mix_columns.$proc$/home/zhigang/raw_data/raw_designs/opencores/arithmetic/apbtoaes_submodules/mix_columns.v:0$45'.
Removing empty process `mix_columns.$proc$/home/zhigang/raw_data/raw_designs/opencores/arithmetic/apbtoaes_submodules/mix_columns.v:0$36'.
Removing empty process `mix_columns.$proc$/home/zhigang/raw_data/raw_designs/opencores/arithmetic/apbtoaes_submodules/mix_columns.v:0$27'.
Removing empty process `mix_columns.$proc$/home/zhigang/raw_data/raw_designs/opencores/arithmetic/apbtoaes_submodules/mix_columns.v:0$18'.
Cleaned up 0 empty switches.

3.11. Executing OPT_EXPR pass (perform const folding).
Optimizing module mix_columns.
<suppressed ~7 debug messages>

4. Executing OPT pass (performing simple optimizations).

4.1. Executing OPT_EXPR pass (perform const folding).
Optimizing module mix_columns.

4.2. Executing OPT_MERGE pass (detect identical cells).
Finding identical cells in module `\mix_columns'.
<suppressed ~12 debug messages>
Removed a total of 4 cells.

4.3. Executing OPT_MUXTREE pass (detect dead branches in mux trees).
Running muxtree optimizer on module \mix_columns..
  Creating internal representation of mux trees.
  No muxes found in this module.
Removed 0 multiplexer ports.

4.4. Executing OPT_REDUCE pass (consolidate $*mux and $reduce_* inputs).
  Optimizing cells in module \mix_columns.
Performed a total of 0 changes.

4.5. Executing OPT_MERGE pass (detect identical cells).
Finding identical cells in module `\mix_columns'.
Removed a total of 0 cells.

4.6. Executing OPT_DFF pass (perform DFF optimizations).

4.7. Executing OPT_CLEAN pass (remove unused cells and wires).
Finding unused cells or wires in module \mix_columns..
Removed 0 unused cells and 69 unused wires.
<suppressed ~1 debug messages>

4.8. Executing OPT_EXPR pass (perform const folding).
Optimizing module mix_columns.

4.9. Rerunning OPT passes. (Maybe there is more to do..)

4.10. Executing OPT_MUXTREE pass (detect dead branches in mux trees).
Running muxtree optimizer on module \mix_columns..
  Creating internal representation of mux trees.
  No muxes found in this module.
Removed 0 multiplexer ports.

4.11. Executing OPT_REDUCE pass (consolidate $*mux and $reduce_* inputs).
  Optimizing cells in module \mix_columns.
Performed a total of 0 changes.

4.12. Executing OPT_MERGE pass (detect identical cells).
Finding identical cells in module `\mix_columns'.
Removed a total of 0 cells.

4.13. Executing OPT_DFF pass (perform DFF optimizations).

4.14. Executing OPT_CLEAN pass (remove unused cells and wires).
Finding unused cells or wires in module \mix_columns..

4.15. Executing OPT_EXPR pass (perform const folding).
Optimizing module mix_columns.

4.16. Finished OPT passes. (There is nothing left to do.)

5. Printing statistics.

=== mix_columns ===

   Number of wires:                 45
   Number of wire bits:            432
   Number of public wires:          25
   Number of public wire bits:     272
   Number of memories:               0
   Number of memory bits:            0
   Number of processes:              0
   Number of cells:                 36
     $and                           72
     $xor                          240

End of script. Logfile hash: 26dc032704, CPU: user 0.04s system 0.00s, MEM: 11.75 MB peak
Yosys 0.10+12 (git sha1 72fac04, gcc 7.4.0-1ubuntu1~16.04~ppa1 -fPIC -Os)
Time spent: 27% 4x opt_expr (0 sec), 27% 2x read_verilog (0 sec), ...
