
5. Printing statistics.

=== LUControl ===

   Number of wires:                520
   Number of wire bits:          13346
   Number of public wires:         214
   Number of public wire bits:   10698
   Number of memories:               0
   Number of memory bits:            0
   Number of processes:              0
   Number of cells:                503
     $add                          836
     $dff                         9623
     $dffe                          40
     $eq                           766
     $ge                            96
     $gt                             8
     $logic_and                     23
     $logic_not                     20
     $logic_or                      11
     $lt                            96
     $mux                         1017
     $ne                            21
     $not                            2
     $pmux                         263
     $reduce_and                     2
     $reduce_bool                   13
     $reduce_or                     69
     $sdff                         531
     $sdffe                        105
     $sub                          224

