
 /----------------------------------------------------------------------------\
 |                                                                            |
 |  yosys -- Yosys Open SYnthesis Suite                                       |
 |                                                                            |
 |  Copyright (C) 2012 - 2020  Claire Xenia Wolf <claire@yosyshq.com>         |
 |                                                                            |
 |  Permission to use, copy, modify, and/or distribute this software for any  |
 |  purpose with or without fee is hereby granted, provided that the above    |
 |  copyright notice and this permission notice appear in all copies.         |
 |                                                                            |
 |  THE SOFTWARE IS PROVIDED "AS IS" AND THE AUTHOR DISCLAIMS ALL WARRANTIES  |
 |  WITH REGARD TO THIS SOFTWARE INCLUDING ALL IMPLIED WARRANTIES OF          |
 |  MERCHANTABILITY AND FITNESS. IN NO EVENT SHALL THE AUTHOR BE LIABLE FOR   |
 |  ANY SPECIAL, DIRECT, INDIRECT, OR CONSEQUENTIAL DAMAGES OR ANY DAMAGES    |
 |  WHATSOEVER RESULTING FROM LOSS OF USE, DATA OR PROFITS, WHETHER IN AN     |
 |  ACTION OF CONTRACT, NEGLIGENCE OR OTHER TORTIOUS ACTION, ARISING OUT OF   |
 |  OR IN CONNECTION WITH THE USE OR PERFORMANCE OF THIS SOFTWARE.            |
 |                                                                            |
 \----------------------------------------------------------------------------/

 Yosys 0.10+12 (git sha1 72fac04, gcc 7.4.0-1ubuntu1~16.04~ppa1 -fPIC -Os)


-- Executing script file `out.ys' --

1. Executing Verilog-2005 frontend: /home/zhigang/raw_data/raw_designs/opencores/arithmetic/pairing_submodules/f32m_mux6.v
Parsing SystemVerilog input from `/home/zhigang/raw_data/raw_designs/opencores/arithmetic/pairing_submodules/f32m_mux6.v' to AST representation.
Generating RTLIL representation for module `\f32m_mux6'.
Generating RTLIL representation for module `\f3m_mux6'.
Successfully finished Verilog frontend.

2. Executing HIERARCHY pass (managing design hierarchy).

2.1. Finding top of design hierarchy..
root of   0 design levels: f3m_mux6            
root of   1 design levels: f32m_mux6           
Automatically selected f32m_mux6 as design top module.

2.2. Analyzing design hierarchy..
Top module:  \f32m_mux6
Used module:     \f3m_mux6

2.3. Analyzing design hierarchy..
Top module:  \f32m_mux6
Used module:     \f3m_mux6
Removed 0 unused modules.
Mapping positional arguments of cell f32m_mux6.ins2 (f3m_mux6).
Mapping positional arguments of cell f32m_mux6.ins1 (f3m_mux6).

3. Executing PROC pass (convert processes to netlists).

3.1. Executing PROC_CLEAN pass (remove empty switches from decision trees).
Cleaned up 0 empty switches.

3.2. Executing PROC_RMDEAD pass (remove dead branches from decision trees).
Removed a total of 0 dead cases.

3.3. Executing PROC_PRUNE pass (remove redundant assignments in processes).
Removed 0 redundant assignments.
Promoted 0 assignments to connections.

3.4. Executing PROC_INIT pass (extract init attributes).

3.5. Executing PROC_ARST pass (detect async resets in processes).

3.6. Executing PROC_MUX pass (convert decision trees to multiplexers).

3.7. Executing PROC_DLATCH pass (convert process syncs to latches).

3.8. Executing PROC_DFF pass (convert process syncs to FFs).

3.9. Executing PROC_MEMWR pass (convert process memory writes to cells).

3.10. Executing PROC_CLEAN pass (remove empty switches from decision trees).
Cleaned up 0 empty switches.

3.11. Executing OPT_EXPR pass (perform const folding).
Optimizing module f3m_mux6.
Optimizing module f32m_mux6.

4. Executing OPT pass (performing simple optimizations).

4.1. Executing OPT_EXPR pass (perform const folding).
Optimizing module f3m_mux6.
Optimizing module f32m_mux6.

4.2. Executing OPT_MERGE pass (detect identical cells).
Finding identical cells in module `\f3m_mux6'.
Finding identical cells in module `\f32m_mux6'.
Removed a total of 0 cells.

4.3. Executing OPT_MUXTREE pass (detect dead branches in mux trees).
Running muxtree optimizer on module \f3m_mux6..
  Creating internal representation of mux trees.
  No muxes found in this module.
Running muxtree optimizer on module \f32m_mux6..
  Creating internal representation of mux trees.
  No muxes found in this module.
Removed 0 multiplexer ports.

4.4. Executing OPT_REDUCE pass (consolidate $*mux and $reduce_* inputs).
  Optimizing cells in module \f3m_mux6.
  Optimizing cells in module \f32m_mux6.
Performed a total of 0 changes.

4.5. Executing OPT_MERGE pass (detect identical cells).
Finding identical cells in module `\f3m_mux6'.
Finding identical cells in module `\f32m_mux6'.
Removed a total of 0 cells.

4.6. Executing OPT_DFF pass (perform DFF optimizations).

4.7. Executing OPT_CLEAN pass (remove unused cells and wires).
Finding unused cells or wires in module \f3m_mux6..
Finding unused cells or wires in module \f32m_mux6..
Removed 0 unused cells and 194 unused wires.
<suppressed ~1 debug messages>

4.8. Executing OPT_EXPR pass (perform const folding).
Optimizing module f32m_mux6.
Optimizing module f3m_mux6.

4.9. Rerunning OPT passes. (Maybe there is more to do..)

4.10. Executing OPT_MUXTREE pass (detect dead branches in mux trees).
Running muxtree optimizer on module \f32m_mux6..
  Creating internal representation of mux trees.
  No muxes found in this module.
Running muxtree optimizer on module \f3m_mux6..
  Creating internal representation of mux trees.
  No muxes found in this module.
Removed 0 multiplexer ports.

4.11. Executing OPT_REDUCE pass (consolidate $*mux and $reduce_* inputs).
  Optimizing cells in module \f32m_mux6.
  Optimizing cells in module \f3m_mux6.
Performed a total of 0 changes.

4.12. Executing OPT_MERGE pass (detect identical cells).
Finding identical cells in module `\f32m_mux6'.
Finding identical cells in module `\f3m_mux6'.
Removed a total of 0 cells.

4.13. Executing OPT_DFF pass (perform DFF optimizations).

4.14. Executing OPT_CLEAN pass (remove unused cells and wires).
Finding unused cells or wires in module \f32m_mux6..
Finding unused cells or wires in module \f3m_mux6..

4.15. Executing OPT_EXPR pass (perform const folding).
Optimizing module f32m_mux6.
Optimizing module f3m_mux6.

4.16. Finished OPT passes. (There is nothing left to do.)

5. Printing statistics.

=== f32m_mux6 ===

   Number of wires:                 13
   Number of wire bits:           2722
   Number of public wires:          13
   Number of public wire bits:    2722
   Number of memories:               0
   Number of memory bits:            0
   Number of processes:              0
   Number of cells:                  2

=== f3m_mux6 ===

   Number of wires:               1953
   Number of wire bits:           3304
   Number of public wires:          13
   Number of public wire bits:    1364
   Number of memories:               0
   Number of memory bits:            0
   Number of processes:              0
   Number of cells:               2134
     $and                         1164
     $or                           970

=== design hierarchy ===

   f32m_mux6                         1
     f3m_mux6                        0

   Number of wires:                 13
   Number of wire bits:           2722
   Number of public wires:          13
   Number of public wire bits:    2722
   Number of memories:               0
   Number of memory bits:            0
   Number of processes:              0
   Number of cells:                  2

End of script. Logfile hash: 85098fd046, CPU: user 0.55s system 0.01s, MEM: 24.33 MB peak
Yosys 0.10+12 (git sha1 72fac04, gcc 7.4.0-1ubuntu1~16.04~ppa1 -fPIC -Os)
Time spent: 34% 4x opt_expr (0 sec), 23% 2x read_verilog (0 sec), ...
