
5. Printing statistics.

=== dot_product_16_8_30_2 ===

   Number of wires:                 14
   Number of wire bits:            211
   Number of public wires:          14
   Number of public wire bits:     211
   Number of memories:               0
   Number of memory bits:            0
   Number of processes:              0
   Number of cells:                  6
     $dff                            1
     $sdff                          48

=== dsp_block_16_8_false ===

   Number of wires:                 19
   Number of wire bits:            518
   Number of public wires:          15
   Number of public wire bits:     262
   Number of memories:               0
   Number of memory bits:            0
   Number of processes:              0
   Number of cells:                  9
     $add                          128
     $mul                          128
     $sdff                          72

=== design hierarchy ===

   dot_product_16_8_30_2             1
     dsp_block_16_8_false            0

   Number of wires:                 14
   Number of wire bits:            211
   Number of public wires:          14
   Number of public wire bits:     211
   Number of memories:               0
   Number of memory bits:            0
   Number of processes:              0
   Number of cells:                  6
     $dff                            1
     $sdff                          48

