
5. Printing statistics.

=== inverse_winograd_6 ===

   Number of wires:                286
   Number of wire bits:           7382
   Number of public wires:         133
   Number of public wire bits:    3390
   Number of memories:               0
   Number of memory bits:            0
   Number of processes:              0
   Number of cells:                270
     $add                            2
     $dff                         1213
     $dffe                        1320
     $eq                             8
     $logic_not                      3
     $lt                            32
     $mux                         4042
     $ne                             5
     $neg                          210
     $not                            3
     $reduce_and                    10
     $reduce_bool                    4
     $sdffe                          3

=== inverse_winograd_adder_30_3 ===

   Number of wires:                 19
   Number of wire bits:            574
   Number of public wires:          14
   Number of public wire bits:     409
   Number of memories:               0
   Number of memory bits:            0
   Number of processes:              0
   Number of cells:                 11
     $add                          165
     $dff                          198

=== design hierarchy ===

   inverse_winograd_6                1
     inverse_winograd_adder_30_3      0

   Number of wires:                286
   Number of wire bits:           7382
   Number of public wires:         133
   Number of public wire bits:    3390
   Number of memories:               0
   Number of memory bits:            0
   Number of processes:              0
   Number of cells:                270
     $add                            2
     $dff                         1213
     $dffe                        1320
     $eq                             8
     $logic_not                      3
     $lt                            32
     $mux                         4042
     $ne                             5
     $neg                          210
     $not                            3
     $reduce_and                    10
     $reduce_bool                    4
     $sdffe                          3

