
5. Printing statistics.

=== port_bus_1to0_1 ===

   Number of wires:                117
   Number of wire bits:            773
   Number of public wires:          98
   Number of public wire bits:     754
   Number of memories:               0
   Number of memory bits:            0
   Number of processes:              0
   Number of cells:                109
     $and                            2
     $dff                           51
     $dffe                         648
     $eq                            18
     $mux                            3
     $not                            4
     $reduce_and                     5
     $reduce_bool                    9
     $reduce_or                      6
     $sdff                           3

