
5. Printing statistics.

=== shift_register_group_18_16_14 ===

   Number of wires:                 35
   Number of wire bits:            579
   Number of public wires:          35
   Number of public wire bits:     579
   Number of memories:               0
   Number of memory bits:            0
   Number of processes:              0
   Number of cells:                 16

=== shift_register_unit_18_14 ===

   Number of wires:                 19
   Number of wire bits:            291
   Number of public wires:          19
   Number of public wire bits:     291
   Number of memories:               0
   Number of memory bits:            0
   Number of processes:              0
   Number of cells:                 14
     $sdffe                        252

=== design hierarchy ===

   shift_register_group_18_16_14      1
     shift_register_unit_18_14       0

   Number of wires:                 35
   Number of wire bits:            579
   Number of public wires:          35
   Number of public wire bits:     579
   Number of memories:               0
   Number of memory bits:            0
   Number of processes:              0
   Number of cells:                 16

