
5. Printing statistics.

=== counter_63_1 ===

   Number of wires:                  7
   Number of wire bits:             64
   Number of public wires:           4
   Number of public wire bits:      17
   Number of memories:               0
   Number of memory bits:            0
   Number of processes:              0
   Number of cells:                  4
     $add                           32
     $le                            32
     $mux                           14
     $sdffe                         14

=== single_port_ram ===

   Number of wires:                  9
   Number of wire bits:           1454
   Number of public wires:           5
   Number of public wire bits:     584
   Number of memories:               1
   Number of memory bits:         1728
   Number of processes:              0
   Number of cells:                  6
     $dffe                         288
     $mux                          295

=== stage2_parameter_buffer_18_1_16_64 ===

   Number of wires:                228
   Number of wire bits:           4049
   Number of public wires:         228
   Number of public wire bits:    4049
   Number of memories:               0
   Number of memory bits:            0
   Number of processes:              0
   Number of cells:                  8

=== weight_buffer_18_16_1_64_Wfc_0 ===

   Number of wires:                 22
   Number of wire bits:            596
   Number of public wires:          22
   Number of public wire bits:     596
   Number of memories:               0
   Number of memory bits:            0
   Number of processes:              0
   Number of cells:                  2
     $dff                            6

=== weight_buffer_18_16_1_64_Wic_0 ===

   Number of wires:                 22
   Number of wire bits:            596
   Number of public wires:          22
   Number of public wire bits:     596
   Number of memories:               0
   Number of memory bits:            0
   Number of processes:              0
   Number of cells:                  2
     $dff                            6

=== weight_buffer_18_16_1_64_Woc_0 ===

   Number of wires:                 22
   Number of wire bits:            596
   Number of public wires:          22
   Number of public wire bits:     596
   Number of memories:               0
   Number of memory bits:            0
   Number of processes:              0
   Number of cells:                  2
     $dff                            6

=== weight_buffer_18_16_1_64_bc_0 ===

   Number of wires:                 22
   Number of wire bits:            596
   Number of public wires:          22
   Number of public wire bits:     596
   Number of memories:               0
   Number of memory bits:            0
   Number of processes:              0
   Number of cells:                  2
     $dff                            6

=== weight_buffer_18_16_1_64_bf_0 ===

   Number of wires:                 22
   Number of wire bits:            596
   Number of public wires:          22
   Number of public wire bits:     596
   Number of memories:               0
   Number of memory bits:            0
   Number of processes:              0
   Number of cells:                  2
     $dff                            6

=== weight_buffer_18_16_1_64_bi_0 ===

   Number of wires:                 22
   Number of wire bits:            596
   Number of public wires:          22
   Number of public wire bits:     596
   Number of memories:               0
   Number of memory bits:            0
   Number of processes:              0
   Number of cells:                  2
     $dff                            6

=== weight_buffer_18_16_1_64_bo_0 ===

   Number of wires:                 22
   Number of wire bits:            596
   Number of public wires:          22
   Number of public wire bits:     596
   Number of memories:               0
   Number of memory bits:            0
   Number of processes:              0
   Number of cells:                  2
     $dff                            6

=== design hierarchy ===

   stage2_parameter_buffer_18_1_16_64      1
     counter_63_1                    0
     weight_buffer_18_16_1_64_Wfc_0      0
       single_port_ram               0
     weight_buffer_18_16_1_64_Wic_0      0
       single_port_ram               0
     weight_buffer_18_16_1_64_Woc_0      0
       single_port_ram               0
     weight_buffer_18_16_1_64_bc_0      0
       single_port_ram               0
     weight_buffer_18_16_1_64_bf_0      0
       single_port_ram               0
     weight_buffer_18_16_1_64_bi_0      0
       single_port_ram               0
     weight_buffer_18_16_1_64_bo_0      0
       single_port_ram               0

   Number of wires:                228
   Number of wire bits:           4049
   Number of public wires:         228
   Number of public wire bits:    4049
   Number of memories:               0
   Number of memory bits:            0
   Number of processes:              0
   Number of cells:                  8

