
5. Printing statistics.

=== $paramod$0ee0f8a3f6e8feca374f9ca746b4c19a3b748c8a\spram ===

   Number of wires:                  9
   Number of wire bits:             70
   Number of public wires:           5
   Number of public wire bits:      32
   Number of memories:               1
   Number of memory bits:        70912
   Number of processes:              0
   Number of cells:                  6
     $dffe                           8
     $mux                           23

=== $paramod$4586d4375756b22e45a146b84f0ebaf0220cb438\spram ===

   Number of wires:                  9
   Number of wire bits:             70
   Number of public wires:           5
   Number of public wire bits:      32
   Number of memories:               1
   Number of memory bits:        70912
   Number of processes:              0
   Number of cells:                  6
     $dffe                           8
     $mux                           23

=== $paramod$77ff764a4267a648a0627d0b67f82ec67f8fdc0c\dpram ===

   Number of wires:                 17
   Number of wire bits:             95
   Number of public wires:           9
   Number of public wire bits:      41
   Number of memories:               1
   Number of memory bits:           64
   Number of processes:              0
   Number of cells:                 12
     $dffe                          16
     $mux                           24

=== $paramod$8f649395dea8fbb2ab37b257a4c27adb75bba46a\generic_fifo_sc_a ===

   Number of wires:                 30
   Number of wire bits:             74
   Number of public wires:          16
   Number of public wire bits:      52
   Number of memories:               0
   Number of memory bits:            0
   Number of processes:              0
   Number of cells:                 22
     $add                            6
     $adffe                          7
     $and                            3
     $eq                             6
     $logic_not                      1
     $mux                           15
     $reduce_bool                    7

=== $paramod$923ac07d8b3c251a850b4e4c66840dc210399d4b\spram ===

   Number of wires:                  9
   Number of wire bits:             70
   Number of public wires:           5
   Number of public wire bits:      32
   Number of memories:               1
   Number of memory bits:        70912
   Number of processes:              0
   Number of cells:                  6
     $dffe                           8
     $mux                           23

=== fetcher ===

   Number of wires:                 57
   Number of wire bits:           1869
   Number of public wires:          31
   Number of public wire bits:    1347
   Number of memories:               0
   Number of memory bits:            0
   Number of processes:              0
   Number of cells:                139
     $add                          224
     $adffe                        168
     $ge                            32
     $mux                          192
     $ne                             6
     $not                            4
     $reduce_and                     6
     $shl                           96
     $shr                           96

=== design hierarchy ===

   fetcher                           1
     $paramod$0ee0f8a3f6e8feca374f9ca746b4c19a3b748c8a\spram      0
     $paramod$4586d4375756b22e45a146b84f0ebaf0220cb438\spram      0
     $paramod$8f649395dea8fbb2ab37b257a4c27adb75bba46a\generic_fifo_sc_a      0
       $paramod$77ff764a4267a648a0627d0b67f82ec67f8fdc0c\dpram      0
     $paramod$923ac07d8b3c251a850b4e4c66840dc210399d4b\spram      0

   Number of wires:                 57
   Number of wire bits:           1869
   Number of public wires:          31
   Number of public wire bits:    1347
   Number of memories:               0
   Number of memory bits:            0
   Number of processes:              0
   Number of cells:                139
     $add                          224
     $adffe                        168
     $ge                            32
     $mux                          192
     $ne                             6
     $not                            4
     $reduce_and                     6
     $shl                           96
     $shr                           96

