
5. Printing statistics.

=== ExpLUT ===

   Number of wires:                131
   Number of wire bits:            168
   Number of public wires:           2
   Number of public wire bits:      39
   Number of memories:               0
   Number of memory bits:            0
   Number of processes:              0
   Number of cells:                130
     $eq                           889
     $logic_not                      7
     $pmux                          32
     $reduce_or                      2

=== expunit ===

   Number of wires:                 21
   Number of wire bits:            365
   Number of public wires:          17
   Number of public wire bits:     284
   Number of memories:               0
   Number of memory bits:            0
   Number of processes:              0
   Number of cells:                 15
     $add                           64
     $eq                             4
     $mul                           32
     $mux                           16
     $not                           48
     $sdffe                        144

=== mode3_exp ===

   Number of wires:                 12
   Number of wire bits:            132
   Number of public wires:          12
   Number of public wire bits:     132
   Number of memories:               0
   Number of memory bits:            0
   Number of processes:              0
   Number of cells:                  4

=== design hierarchy ===

   mode3_exp                         1
     expunit                         0
       ExpLUT                        0

   Number of wires:                 12
   Number of wire bits:            132
   Number of public wires:          12
   Number of public wire bits:     132
   Number of memories:               0
   Number of memory bits:            0
   Number of processes:              0
   Number of cells:                  4

