
5. Printing statistics.

=== qadd2 ===

   Number of wires:                  3
   Number of wire bits:             48
   Number of public wires:           3
   Number of public wire bits:      48
   Number of memories:               0
   Number of memory bits:            0
   Number of processes:              0
   Number of cells:                  1
     $add                           16

=== vecmat_add_32 ===

   Number of wires:                 43
   Number of wire bits:           1154
   Number of public wires:          43
   Number of public wire bits:    1154
   Number of memories:               0
   Number of memory bits:            0
   Number of processes:              0
   Number of cells:                 40
     $dffe                         144

=== design hierarchy ===

   vecmat_add_32                     1
     qadd2                           0

   Number of wires:                 43
   Number of wire bits:           1154
   Number of public wires:          43
   Number of public wire bits:    1154
   Number of memories:               0
   Number of memory bits:            0
   Number of processes:              0
   Number of cells:                 40
     $dffe                         144

