
 /----------------------------------------------------------------------------\
 |                                                                            |
 |  yosys -- Yosys Open SYnthesis Suite                                       |
 |                                                                            |
 |  Copyright (C) 2012 - 2020  Claire Xenia Wolf <claire@yosyshq.com>         |
 |                                                                            |
 |  Permission to use, copy, modify, and/or distribute this software for any  |
 |  purpose with or without fee is hereby granted, provided that the above    |
 |  copyright notice and this permission notice appear in all copies.         |
 |                                                                            |
 |  THE SOFTWARE IS PROVIDED "AS IS" AND THE AUTHOR DISCLAIMS ALL WARRANTIES  |
 |  WITH REGARD TO THIS SOFTWARE INCLUDING ALL IMPLIED WARRANTIES OF          |
 |  MERCHANTABILITY AND FITNESS. IN NO EVENT SHALL THE AUTHOR BE LIABLE FOR   |
 |  ANY SPECIAL, DIRECT, INDIRECT, OR CONSEQUENTIAL DAMAGES OR ANY DAMAGES    |
 |  WHATSOEVER RESULTING FROM LOSS OF USE, DATA OR PROFITS, WHETHER IN AN     |
 |  ACTION OF CONTRACT, NEGLIGENCE OR OTHER TORTIOUS ACTION, ARISING OUT OF   |
 |  OR IN CONNECTION WITH THE USE OR PERFORMANCE OF THIS SOFTWARE.            |
 |                                                                            |
 \----------------------------------------------------------------------------/

 Yosys 0.10+12 (git sha1 72fac04, gcc 7.4.0-1ubuntu1~16.04~ppa1 -fPIC -Os)


-- Executing script file `out.ys' --

1. Executing Verilog-2005 frontend: /home/zhigang/raw_data/raw_designs/vtr_designs/verilog/koios/attention_layer_submodules/vecmat_add_32.v
Parsing SystemVerilog input from `/home/zhigang/raw_data/raw_designs/vtr_designs/verilog/koios/attention_layer_submodules/vecmat_add_32.v' to AST representation.
Generating RTLIL representation for module `\vecmat_add_32'.
Generating RTLIL representation for module `\qadd2'.
Successfully finished Verilog frontend.

2. Executing HIERARCHY pass (managing design hierarchy).

2.1. Finding top of design hierarchy..
root of   0 design levels: qadd2               
root of   1 design levels: vecmat_add_32       
Automatically selected vecmat_add_32 as design top module.

2.2. Analyzing design hierarchy..
Top module:  \vecmat_add_32
Used module:     \qadd2

2.3. Analyzing design hierarchy..
Top module:  \vecmat_add_32
Used module:     \qadd2
Removed 0 unused modules.

3. Executing PROC pass (convert processes to netlists).

3.1. Executing PROC_CLEAN pass (remove empty switches from decision trees).
Cleaned up 0 empty switches.

3.2. Executing PROC_RMDEAD pass (remove dead branches from decision trees).
Removed a total of 0 dead cases.

3.3. Executing PROC_PRUNE pass (remove redundant assignments in processes).
Removed 0 redundant assignments.
Promoted 0 assignments to connections.

3.4. Executing PROC_INIT pass (extract init attributes).

3.5. Executing PROC_ARST pass (detect async resets in processes).

3.6. Executing PROC_MUX pass (convert decision trees to multiplexers).
Creating decoders for process `\vecmat_add_32.$proc$/home/zhigang/raw_data/raw_designs/vtr_designs/verilog/koios/attention_layer_submodules/vecmat_add_32.v:33$1'.
     1/9: $0\ff15[15:0]
     2/9: $0\ff13[15:0]
     3/9: $0\ff11[15:0]
     4/9: $0\ff9[15:0]
     5/9: $0\ff7[15:0]
     6/9: $0\ff5[15:0]
     7/9: $0\ff3[15:0]
     8/9: $0\ff1[15:0]
     9/9: $0\data_out[15:0]

3.7. Executing PROC_DLATCH pass (convert process syncs to latches).

3.8. Executing PROC_DFF pass (convert process syncs to FFs).
Creating register for signal `\vecmat_add_32.\data_out' using process `\vecmat_add_32.$proc$/home/zhigang/raw_data/raw_designs/vtr_designs/verilog/koios/attention_layer_submodules/vecmat_add_32.v:33$1'.
  created $dff cell `$procdff$22' with positive edge clock.
Creating register for signal `\vecmat_add_32.\ff1' using process `\vecmat_add_32.$proc$/home/zhigang/raw_data/raw_designs/vtr_designs/verilog/koios/attention_layer_submodules/vecmat_add_32.v:33$1'.
  created $dff cell `$procdff$23' with positive edge clock.
Creating register for signal `\vecmat_add_32.\ff3' using process `\vecmat_add_32.$proc$/home/zhigang/raw_data/raw_designs/vtr_designs/verilog/koios/attention_layer_submodules/vecmat_add_32.v:33$1'.
  created $dff cell `$procdff$24' with positive edge clock.
Creating register for signal `\vecmat_add_32.\ff5' using process `\vecmat_add_32.$proc$/home/zhigang/raw_data/raw_designs/vtr_designs/verilog/koios/attention_layer_submodules/vecmat_add_32.v:33$1'.
  created $dff cell `$procdff$25' with positive edge clock.
Creating register for signal `\vecmat_add_32.\ff7' using process `\vecmat_add_32.$proc$/home/zhigang/raw_data/raw_designs/vtr_designs/verilog/koios/attention_layer_submodules/vecmat_add_32.v:33$1'.
  created $dff cell `$procdff$26' with positive edge clock.
Creating register for signal `\vecmat_add_32.\ff9' using process `\vecmat_add_32.$proc$/home/zhigang/raw_data/raw_designs/vtr_designs/verilog/koios/attention_layer_submodules/vecmat_add_32.v:33$1'.
  created $dff cell `$procdff$27' with positive edge clock.
Creating register for signal `\vecmat_add_32.\ff11' using process `\vecmat_add_32.$proc$/home/zhigang/raw_data/raw_designs/vtr_designs/verilog/koios/attention_layer_submodules/vecmat_add_32.v:33$1'.
  created $dff cell `$procdff$28' with positive edge clock.
Creating register for signal `\vecmat_add_32.\ff13' using process `\vecmat_add_32.$proc$/home/zhigang/raw_data/raw_designs/vtr_designs/verilog/koios/attention_layer_submodules/vecmat_add_32.v:33$1'.
  created $dff cell `$procdff$29' with positive edge clock.
Creating register for signal `\vecmat_add_32.\ff15' using process `\vecmat_add_32.$proc$/home/zhigang/raw_data/raw_designs/vtr_designs/verilog/koios/attention_layer_submodules/vecmat_add_32.v:33$1'.
  created $dff cell `$procdff$30' with positive edge clock.

3.9. Executing PROC_MEMWR pass (convert process memory writes to cells).

3.10. Executing PROC_CLEAN pass (remove empty switches from decision trees).
Found and cleaned up 1 empty switch in `\vecmat_add_32.$proc$/home/zhigang/raw_data/raw_designs/vtr_designs/verilog/koios/attention_layer_submodules/vecmat_add_32.v:33$1'.
Removing empty process `vecmat_add_32.$proc$/home/zhigang/raw_data/raw_designs/vtr_designs/verilog/koios/attention_layer_submodules/vecmat_add_32.v:33$1'.
Cleaned up 1 empty switch.

3.11. Executing OPT_EXPR pass (perform const folding).
Optimizing module qadd2.
Optimizing module vecmat_add_32.
<suppressed ~9 debug messages>

4. Executing OPT pass (performing simple optimizations).

4.1. Executing OPT_EXPR pass (perform const folding).
Optimizing module qadd2.
Optimizing module vecmat_add_32.

4.2. Executing OPT_MERGE pass (detect identical cells).
Finding identical cells in module `\qadd2'.
Finding identical cells in module `\vecmat_add_32'.
Removed a total of 0 cells.

4.3. Executing OPT_MUXTREE pass (detect dead branches in mux trees).
Running muxtree optimizer on module \qadd2..
  Creating internal representation of mux trees.
  No muxes found in this module.
Running muxtree optimizer on module \vecmat_add_32..
  Creating internal representation of mux trees.
  Evaluating internal representation of mux trees.
  Analyzing evaluation results.
Removed 0 multiplexer ports.
<suppressed ~9 debug messages>

4.4. Executing OPT_REDUCE pass (consolidate $*mux and $reduce_* inputs).
  Optimizing cells in module \qadd2.
  Optimizing cells in module \vecmat_add_32.
Performed a total of 0 changes.

4.5. Executing OPT_MERGE pass (detect identical cells).
Finding identical cells in module `\qadd2'.
Finding identical cells in module `\vecmat_add_32'.
Removed a total of 0 cells.

4.6. Executing OPT_DFF pass (perform DFF optimizations).
Adding EN signal on $procdff$22 ($dff) from module vecmat_add_32 (D = \tmp57, Q = \data_out).
Adding EN signal on $procdff$23 ($dff) from module vecmat_add_32 (D = \tmp1, Q = \ff1).
Adding EN signal on $procdff$24 ($dff) from module vecmat_add_32 (D = \tmp3, Q = \ff3).
Adding EN signal on $procdff$25 ($dff) from module vecmat_add_32 (D = \tmp5, Q = \ff5).
Adding EN signal on $procdff$26 ($dff) from module vecmat_add_32 (D = \tmp7, Q = \ff7).
Adding EN signal on $procdff$27 ($dff) from module vecmat_add_32 (D = \tmp9, Q = \ff9).
Adding EN signal on $procdff$28 ($dff) from module vecmat_add_32 (D = \tmp11, Q = \ff11).
Adding EN signal on $procdff$29 ($dff) from module vecmat_add_32 (D = \tmp13, Q = \ff13).
Adding EN signal on $procdff$30 ($dff) from module vecmat_add_32 (D = \tmp15, Q = \ff15).

4.7. Executing OPT_CLEAN pass (remove unused cells and wires).
Finding unused cells or wires in module \qadd2..
Finding unused cells or wires in module \vecmat_add_32..
Removed 10 unused cells and 70 unused wires.
<suppressed ~53 debug messages>

4.8. Executing OPT_EXPR pass (perform const folding).
Optimizing module qadd2.
Optimizing module vecmat_add_32.

4.9. Rerunning OPT passes. (Maybe there is more to do..)

4.10. Executing OPT_MUXTREE pass (detect dead branches in mux trees).
Running muxtree optimizer on module \qadd2..
  Creating internal representation of mux trees.
  No muxes found in this module.
Running muxtree optimizer on module \vecmat_add_32..
  Creating internal representation of mux trees.
  No muxes found in this module.
Removed 0 multiplexer ports.

4.11. Executing OPT_REDUCE pass (consolidate $*mux and $reduce_* inputs).
  Optimizing cells in module \qadd2.
  Optimizing cells in module \vecmat_add_32.
Performed a total of 0 changes.

4.12. Executing OPT_MERGE pass (detect identical cells).
Finding identical cells in module `\qadd2'.
Finding identical cells in module `\vecmat_add_32'.
Removed a total of 0 cells.

4.13. Executing OPT_DFF pass (perform DFF optimizations).

4.14. Executing OPT_CLEAN pass (remove unused cells and wires).
Finding unused cells or wires in module \qadd2..
Finding unused cells or wires in module \vecmat_add_32..

4.15. Executing OPT_EXPR pass (perform const folding).
Optimizing module qadd2.
Optimizing module vecmat_add_32.

4.16. Finished OPT passes. (There is nothing left to do.)

5. Printing statistics.

=== qadd2 ===

   Number of wires:                  3
   Number of wire bits:             48
   Number of public wires:           3
   Number of public wire bits:      48
   Number of memories:               0
   Number of memory bits:            0
   Number of processes:              0
   Number of cells:                  1
     $add                           16

=== vecmat_add_32 ===

   Number of wires:                 43
   Number of wire bits:           1154
   Number of public wires:          43
   Number of public wire bits:    1154
   Number of memories:               0
   Number of memory bits:            0
   Number of processes:              0
   Number of cells:                 40
     $dffe                         144

=== design hierarchy ===

   vecmat_add_32                     1
     qadd2                           0

   Number of wires:                 43
   Number of wire bits:           1154
   Number of public wires:          43
   Number of public wire bits:    1154
   Number of memories:               0
   Number of memory bits:            0
   Number of processes:              0
   Number of cells:                 40
     $dffe                         144

End of script. Logfile hash: 03a911d2e7, CPU: user 0.07s system 0.00s, MEM: 12.65 MB peak
Yosys 0.10+12 (git sha1 72fac04, gcc 7.4.0-1ubuntu1~16.04~ppa1 -fPIC -Os)
Time spent: 24% 2x opt_clean (0 sec), 18% 2x read_verilog (0 sec), ...
