
5. Printing statistics.

=== activation ===

   Number of wires:                901
   Number of wire bits:           3427
   Number of public wires:          28
   Number of public wire bits:    1707
   Number of memories:               0
   Number of memory bits:            0
   Number of processes:              0
   Number of cells:                937
     $add                          160
     $dffe                           1
     $eq                           704
     $ge                          2560
     $gt                          2048
     $le                          2560
     $logic_and                    128
     $logic_not                    192
     $logic_or                       2
     $lt                          2048
     $mul                          128
     $mux                         1099
     $ne                             4
     $not                            2
     $pmux                         256
     $reduce_and                     4
     $reduce_bool                    4
     $reduce_or                     98
     $sdff                         289
     $sdffe                        642

