
 /----------------------------------------------------------------------------\
 |                                                                            |
 |  yosys -- Yosys Open SYnthesis Suite                                       |
 |                                                                            |
 |  Copyright (C) 2012 - 2020  Claire Xenia Wolf <claire@yosyshq.com>         |
 |                                                                            |
 |  Permission to use, copy, modify, and/or distribute this software for any  |
 |  purpose with or without fee is hereby granted, provided that the above    |
 |  copyright notice and this permission notice appear in all copies.         |
 |                                                                            |
 |  THE SOFTWARE IS PROVIDED "AS IS" AND THE AUTHOR DISCLAIMS ALL WARRANTIES  |
 |  WITH REGARD TO THIS SOFTWARE INCLUDING ALL IMPLIED WARRANTIES OF          |
 |  MERCHANTABILITY AND FITNESS. IN NO EVENT SHALL THE AUTHOR BE LIABLE FOR   |
 |  ANY SPECIAL, DIRECT, INDIRECT, OR CONSEQUENTIAL DAMAGES OR ANY DAMAGES    |
 |  WHATSOEVER RESULTING FROM LOSS OF USE, DATA OR PROFITS, WHETHER IN AN     |
 |  ACTION OF CONTRACT, NEGLIGENCE OR OTHER TORTIOUS ACTION, ARISING OUT OF   |
 |  OR IN CONNECTION WITH THE USE OR PERFORMANCE OF THIS SOFTWARE.            |
 |                                                                            |
 \----------------------------------------------------------------------------/

 Yosys 0.10+12 (git sha1 72fac04, gcc 7.4.0-1ubuntu1~16.04~ppa1 -fPIC -Os)


-- Executing script file `out.ys' --

1. Executing Verilog-2005 frontend: /home/zhigang/raw_data/raw_designs/vtr_designs/verilog/koios/tpu_like.small_submodules/norm.v
Parsing SystemVerilog input from `/home/zhigang/raw_data/raw_designs/vtr_designs/verilog/koios/tpu_like.small_submodules/norm.v' to AST representation.
Generating RTLIL representation for module `\norm'.
Successfully finished Verilog frontend.

2. Executing HIERARCHY pass (managing design hierarchy).

2.1. Finding top of design hierarchy..
root of   0 design levels: norm                
Automatically selected norm as design top module.

2.2. Analyzing design hierarchy..
Top module:  \norm

2.3. Analyzing design hierarchy..
Top module:  \norm
Removed 0 unused modules.

3. Executing PROC pass (convert processes to netlists).

3.1. Executing PROC_CLEAN pass (remove empty switches from decision trees).
Cleaned up 0 empty switches.

3.2. Executing PROC_RMDEAD pass (remove dead branches from decision trees).
Marked 19 switch rules as full_case in process $proc$/home/zhigang/raw_data/raw_designs/vtr_designs/verilog/koios/tpu_like.small_submodules/norm.v:91$5 in module norm.
Removed a total of 0 dead cases.

3.3. Executing PROC_PRUNE pass (remove redundant assignments in processes).
Removed 3 redundant assignments.
Promoted 2 assignments to connections.

3.4. Executing PROC_INIT pass (extract init attributes).

3.5. Executing PROC_ARST pass (detect async resets in processes).

3.6. Executing PROC_MUX pass (convert decision trees to multiplexers).
Creating decoders for process `\norm.$proc$/home/zhigang/raw_data/raw_designs/vtr_designs/verilog/koios/tpu_like.small_submodules/norm.v:91$5'.
     1/41: $0\variance_applied_data[127:0] [127:120]
     2/41: $0\variance_applied_data[127:0] [111:104]
     3/41: $0\mean_applied_data[127:0] [111:104]
     4/41: $0\variance_applied_data[127:0] [103:96]
     5/41: $0\mean_applied_data[127:0] [103:96]
     6/41: $0\variance_applied_data[127:0] [95:88]
     7/41: $0\mean_applied_data[127:0] [95:88]
     8/41: $0\variance_applied_data[127:0] [87:80]
     9/41: $0\mean_applied_data[127:0] [87:80]
    10/41: $0\variance_applied_data[127:0] [79:72]
    11/41: $0\mean_applied_data[127:0] [79:72]
    12/41: $0\variance_applied_data[127:0] [71:64]
    13/41: $0\mean_applied_data[127:0] [71:64]
    14/41: $0\variance_applied_data[127:0] [63:56]
    15/41: $0\mean_applied_data[127:0] [63:56]
    16/41: $0\variance_applied_data[127:0] [55:48]
    17/41: $0\mean_applied_data[127:0] [55:48]
    18/41: $0\variance_applied_data[127:0] [47:40]
    19/41: $0\mean_applied_data[127:0] [47:40]
    20/41: $0\variance_applied_data[127:0] [39:32]
    21/41: $0\mean_applied_data[127:0] [39:32]
    22/41: $0\variance_applied_data[127:0] [31:24]
    23/41: $0\mean_applied_data[127:0] [31:24]
    24/41: $0\variance_applied_data[127:0] [23:16]
    25/41: $0\mean_applied_data[127:0] [23:16]
    26/41: $0\variance_applied_data[127:0] [15:8]
    27/41: $0\mean_applied_data[127:0] [15:8]
    28/41: $0\variance_applied_data[127:0] [7:0]
    29/41: $0\mean_applied_data[127:0] [7:0]
    30/41: $0\mean_applied_data[127:0] [127:120]
    31/41: $0\variance_applied_data[127:0] [119:112]
    32/41: $2\cycle_count[31:0]
    33/41: $0\norm_in_progress[0:0]
    34/41: $1\cycle_count[31:0]
    35/41: $0\mean_applied_data[127:0] [119:112]
    36/41: $2\i[31:0]
    37/41: $1\i[31:0]
    38/41: $0\inp_data_flopped[127:0]
    39/41: $0\in_data_available_flopped[0:0]
    40/41: $0\done_norm_internal[0:0]
    41/41: $0\out_data_available_internal[0:0]

3.7. Executing PROC_DLATCH pass (convert process syncs to latches).

3.8. Executing PROC_DFF pass (convert process syncs to FFs).
Creating register for signal `\norm.\out_data_available_internal' using process `\norm.$proc$/home/zhigang/raw_data/raw_designs/vtr_designs/verilog/koios/tpu_like.small_submodules/norm.v:91$5'.
  created $dff cell `$procdff$398' with positive edge clock.
Creating register for signal `\norm.\mean_applied_data' using process `\norm.$proc$/home/zhigang/raw_data/raw_designs/vtr_designs/verilog/koios/tpu_like.small_submodules/norm.v:91$5'.
  created $dff cell `$procdff$399' with positive edge clock.
Creating register for signal `\norm.\variance_applied_data' using process `\norm.$proc$/home/zhigang/raw_data/raw_designs/vtr_designs/verilog/koios/tpu_like.small_submodules/norm.v:91$5'.
  created $dff cell `$procdff$400' with positive edge clock.
Creating register for signal `\norm.\done_norm_internal' using process `\norm.$proc$/home/zhigang/raw_data/raw_designs/vtr_designs/verilog/koios/tpu_like.small_submodules/norm.v:91$5'.
  created $dff cell `$procdff$401' with positive edge clock.
Creating register for signal `\norm.\norm_in_progress' using process `\norm.$proc$/home/zhigang/raw_data/raw_designs/vtr_designs/verilog/koios/tpu_like.small_submodules/norm.v:91$5'.
  created $dff cell `$procdff$402' with positive edge clock.
Creating register for signal `\norm.\in_data_available_flopped' using process `\norm.$proc$/home/zhigang/raw_data/raw_designs/vtr_designs/verilog/koios/tpu_like.small_submodules/norm.v:91$5'.
  created $dff cell `$procdff$403' with positive edge clock.
Creating register for signal `\norm.\inp_data_flopped' using process `\norm.$proc$/home/zhigang/raw_data/raw_designs/vtr_designs/verilog/koios/tpu_like.small_submodules/norm.v:91$5'.
  created $dff cell `$procdff$404' with positive edge clock.
Creating register for signal `\norm.\cycle_count' using process `\norm.$proc$/home/zhigang/raw_data/raw_designs/vtr_designs/verilog/koios/tpu_like.small_submodules/norm.v:91$5'.
  created $dff cell `$procdff$405' with positive edge clock.
Creating register for signal `\norm.\i' using process `\norm.$proc$/home/zhigang/raw_data/raw_designs/vtr_designs/verilog/koios/tpu_like.small_submodules/norm.v:91$5'.
  created $dff cell `$procdff$406' with positive edge clock.

3.9. Executing PROC_MEMWR pass (convert process memory writes to cells).

3.10. Executing PROC_CLEAN pass (remove empty switches from decision trees).
Found and cleaned up 20 empty switches in `\norm.$proc$/home/zhigang/raw_data/raw_designs/vtr_designs/verilog/koios/tpu_like.small_submodules/norm.v:91$5'.
Removing empty process `norm.$proc$/home/zhigang/raw_data/raw_designs/vtr_designs/verilog/koios/tpu_like.small_submodules/norm.v:91$5'.
Cleaned up 20 empty switches.

3.11. Executing OPT_EXPR pass (perform const folding).
Optimizing module norm.
<suppressed ~16 debug messages>

4. Executing OPT pass (performing simple optimizations).

4.1. Executing OPT_EXPR pass (perform const folding).
Optimizing module norm.

4.2. Executing OPT_MERGE pass (detect identical cells).
Finding identical cells in module `\norm'.
Removed a total of 0 cells.

4.3. Executing OPT_MUXTREE pass (detect dead branches in mux trees).
Running muxtree optimizer on module \norm..
  Creating internal representation of mux trees.
  Evaluating internal representation of mux trees.
  Analyzing evaluation results.
    dead port 1/2 on $mux $procmux$370.
    dead port 1/2 on $mux $procmux$343.
Removed 2 multiplexer ports.
<suppressed ~42 debug messages>

4.4. Executing OPT_REDUCE pass (consolidate $*mux and $reduce_* inputs).
  Optimizing cells in module \norm.
Performed a total of 0 changes.

4.5. Executing OPT_MERGE pass (detect identical cells).
Finding identical cells in module `\norm'.
Removed a total of 0 cells.

4.6. Executing OPT_DFF pass (perform DFF optimizations).
Adding EN signal on $procdff$406 ($dff) from module norm (D = $2\i[31:0], Q = \i).
Adding SRST signal on $procdff$405 ($dff) from module norm (D = $2\cycle_count[31:0], Q = \cycle_count, rval = 0).
Adding EN signal on $procdff$404 ($dff) from module norm (D = \inp_data, Q = \inp_data_flopped).
Adding EN signal on $procdff$403 ($dff) from module norm (D = \in_data_available, Q = \in_data_available_flopped).
Adding SRST signal on $procdff$402 ($dff) from module norm (D = $procmux$347_Y, Q = \norm_in_progress, rval = 1'0).
Adding SRST signal on $procdff$401 ($dff) from module norm (D = $procmux$383_Y, Q = \done_norm_internal, rval = 1'0).
Adding EN signal on $auto$ff.cc:262:slice$416 ($sdff) from module norm (D = 1'1, Q = \done_norm_internal).
Adding SRST signal on $procdff$400 ($dff) from module norm (D = { $procmux$62_Y $procmux$332_Y $procmux$71_Y $procmux$89_Y $procmux$107_Y $procmux$125_Y $procmux$143_Y $procmux$161_Y $procmux$179_Y $procmux$197_Y $procmux$215_Y $procmux$233_Y $procmux$251_Y $procmux$269_Y $procmux$287_Y $procmux$305_Y }, Q = \variance_applied_data, rval = 128'00000000000000000000000000000000000000000000000000000000000000000000000000000000000000000000000000000000000000000000000000000000).
Adding SRST signal on $procdff$399 ($dff) from module norm (D = { $procmux$323_Y $procmux$359_Y $procmux$80_Y $procmux$98_Y $procmux$116_Y $procmux$134_Y $procmux$152_Y $procmux$170_Y $procmux$188_Y $procmux$206_Y $procmux$224_Y $procmux$242_Y $procmux$260_Y $procmux$278_Y $procmux$296_Y $procmux$314_Y }, Q = \mean_applied_data, rval = 128'00000000000000000000000000000000000000000000000000000000000000000000000000000000000000000000000000000000000000000000000000000000).
Adding SRST signal on $procdff$398 ($dff) from module norm (D = $procmux$391_Y, Q = \out_data_available_internal, rval = 1'0).
Adding EN signal on $auto$ff.cc:262:slice$432 ($sdff) from module norm (D = 1'1, Q = \out_data_available_internal).

4.7. Executing OPT_CLEAN pass (remove unused cells and wires).
Finding unused cells or wires in module \norm..
Removed 78 unused cells and 225 unused wires.
<suppressed ~80 debug messages>

4.8. Executing OPT_EXPR pass (perform const folding).
Optimizing module norm.

4.9. Rerunning OPT passes. (Maybe there is more to do..)

4.10. Executing OPT_MUXTREE pass (detect dead branches in mux trees).
Running muxtree optimizer on module \norm..
  Creating internal representation of mux trees.
  Evaluating internal representation of mux trees.
  Analyzing evaluation results.
Removed 0 multiplexer ports.
<suppressed ~37 debug messages>

4.11. Executing OPT_REDUCE pass (consolidate $*mux and $reduce_* inputs).
  Optimizing cells in module \norm.
Performed a total of 0 changes.

4.12. Executing OPT_MERGE pass (detect identical cells).
Finding identical cells in module `\norm'.
<suppressed ~24 debug messages>
Removed a total of 8 cells.

4.13. Executing OPT_DFF pass (perform DFF optimizations).
Adding SRST signal on $auto$ff.cc:262:slice$408 ($sdff) from module norm (D = $add$/home/zhigang/raw_data/raw_designs/vtr_designs/verilog/koios/tpu_like.small_submodules/norm.v:102$9_Y, Q = \cycle_count, rval = 0).

4.14. Executing OPT_CLEAN pass (remove unused cells and wires).
Finding unused cells or wires in module \norm..
Removed 1 unused cells and 9 unused wires.
<suppressed ~2 debug messages>

4.15. Executing OPT_EXPR pass (perform const folding).
Optimizing module norm.

4.16. Rerunning OPT passes. (Maybe there is more to do..)

4.17. Executing OPT_MUXTREE pass (detect dead branches in mux trees).
Running muxtree optimizer on module \norm..
  Creating internal representation of mux trees.
  Evaluating internal representation of mux trees.
  Analyzing evaluation results.
Removed 0 multiplexer ports.
<suppressed ~36 debug messages>

4.18. Executing OPT_REDUCE pass (consolidate $*mux and $reduce_* inputs).
  Optimizing cells in module \norm.
Performed a total of 0 changes.

4.19. Executing OPT_MERGE pass (detect identical cells).
Finding identical cells in module `\norm'.
<suppressed ~6 debug messages>
Removed a total of 2 cells.

4.20. Executing OPT_DFF pass (perform DFF optimizations).

4.21. Executing OPT_CLEAN pass (remove unused cells and wires).
Finding unused cells or wires in module \norm..
Removed 0 unused cells and 2 unused wires.
<suppressed ~1 debug messages>

4.22. Executing OPT_EXPR pass (perform const folding).
Optimizing module norm.

4.23. Rerunning OPT passes. (Maybe there is more to do..)

4.24. Executing OPT_MUXTREE pass (detect dead branches in mux trees).
Running muxtree optimizer on module \norm..
  Creating internal representation of mux trees.
  Evaluating internal representation of mux trees.
  Analyzing evaluation results.
Removed 0 multiplexer ports.
<suppressed ~36 debug messages>

4.25. Executing OPT_REDUCE pass (consolidate $*mux and $reduce_* inputs).
  Optimizing cells in module \norm.
Performed a total of 0 changes.

4.26. Executing OPT_MERGE pass (detect identical cells).
Finding identical cells in module `\norm'.
Removed a total of 0 cells.

4.27. Executing OPT_DFF pass (perform DFF optimizations).

4.28. Executing OPT_CLEAN pass (remove unused cells and wires).
Finding unused cells or wires in module \norm..

4.29. Executing OPT_EXPR pass (perform const folding).
Optimizing module norm.

4.30. Finished OPT passes. (There is nothing left to do.)

5. Printing statistics.

=== norm ===

   Number of wires:                 93
   Number of wire bits:           1394
   Number of public wires:          20
   Number of public wire bits:     842
   Number of memories:               0
   Number of memory bits:            0
   Number of processes:              0
   Number of cells:                 84
     $add                           32
     $dffe                         129
     $eq                            64
     $logic_or                       2
     $mul                          128
     $mux                          387
     $not                            2
     $reduce_or                      2
     $sdff                         289
     $sdffe                          2
     $sub                          128

End of script. Logfile hash: 7c48a8a3f9, CPU: user 0.12s system 0.00s, MEM: 13.76 MB peak
Yosys 0.10+12 (git sha1 72fac04, gcc 7.4.0-1ubuntu1~16.04~ppa1 -fPIC -Os)
Time spent: 25% 6x opt_expr (0 sec), 19% 4x opt_clean (0 sec), ...
