
 /----------------------------------------------------------------------------\
 |                                                                            |
 |  yosys -- Yosys Open SYnthesis Suite                                       |
 |                                                                            |
 |  Copyright (C) 2012 - 2020  Claire Xenia Wolf <claire@yosyshq.com>         |
 |                                                                            |
 |  Permission to use, copy, modify, and/or distribute this software for any  |
 |  purpose with or without fee is hereby granted, provided that the above    |
 |  copyright notice and this permission notice appear in all copies.         |
 |                                                                            |
 |  THE SOFTWARE IS PROVIDED "AS IS" AND THE AUTHOR DISCLAIMS ALL WARRANTIES  |
 |  WITH REGARD TO THIS SOFTWARE INCLUDING ALL IMPLIED WARRANTIES OF          |
 |  MERCHANTABILITY AND FITNESS. IN NO EVENT SHALL THE AUTHOR BE LIABLE FOR   |
 |  ANY SPECIAL, DIRECT, INDIRECT, OR CONSEQUENTIAL DAMAGES OR ANY DAMAGES    |
 |  WHATSOEVER RESULTING FROM LOSS OF USE, DATA OR PROFITS, WHETHER IN AN     |
 |  ACTION OF CONTRACT, NEGLIGENCE OR OTHER TORTIOUS ACTION, ARISING OUT OF   |
 |  OR IN CONNECTION WITH THE USE OR PERFORMANCE OF THIS SOFTWARE.            |
 |                                                                            |
 \----------------------------------------------------------------------------/

 Yosys 0.10+12 (git sha1 72fac04, gcc 7.4.0-1ubuntu1~16.04~ppa1 -fPIC -Os)


-- Executing script file `out.ys' --

1. Executing Verilog-2005 frontend: /home/zhigang/raw_data/raw_designs/vtr_designs/verilog/koios/tpu_like.small_submodules/pool.v
Parsing SystemVerilog input from `/home/zhigang/raw_data/raw_designs/vtr_designs/verilog/koios/tpu_like.small_submodules/pool.v' to AST representation.
Generating RTLIL representation for module `\pool'.
Successfully finished Verilog frontend.

2. Executing HIERARCHY pass (managing design hierarchy).

2.1. Finding top of design hierarchy..
root of   0 design levels: pool                
Automatically selected pool as design top module.

2.2. Analyzing design hierarchy..
Top module:  \pool

2.3. Analyzing design hierarchy..
Top module:  \pool
Removed 0 unused modules.

3. Executing PROC pass (convert processes to netlists).

3.1. Executing PROC_CLEAN pass (remove empty switches from decision trees).
Cleaned up 0 empty switches.

3.2. Executing PROC_RMDEAD pass (remove dead branches from decision trees).
Marked 3 switch rules as full_case in process $proc$/home/zhigang/raw_data/raw_designs/vtr_designs/verilog/koios/tpu_like.small_submodules/pool.v:71$3 in module pool.
Removed a total of 0 dead cases.

3.3. Executing PROC_PRUNE pass (remove redundant assignments in processes).
Removed 0 redundant assignments.
Promoted 2 assignments to connections.

3.4. Executing PROC_INIT pass (extract init attributes).

3.5. Executing PROC_ARST pass (detect async resets in processes).

3.6. Executing PROC_MUX pass (convert decision trees to multiplexers).
Creating decoders for process `\pool.$proc$/home/zhigang/raw_data/raw_designs/vtr_designs/verilog/koios/tpu_like.small_submodules/pool.v:71$3'.
     1/11: $0\out_data_temp[127:0] [127:8]
     2/11: $0\out_data_temp[127:0] [7:0]
     3/11: $2\i[31:0]
     4/11: $2\cycle_count[31:0]
     5/11: $1\cycle_count[31:0]
     6/11: $1\i[31:0]
     7/11: $0\out_data_available_temp[0:0]
     8/11: $0\done_pool_temp[0:0]
     9/11: $3\i[31:0]
    10/11: $0\inp_data_flopped[127:0]
    11/11: $0\in_data_available_flopped[0:0]

3.7. Executing PROC_DLATCH pass (convert process syncs to latches).

3.8. Executing PROC_DFF pass (convert process syncs to FFs).
Creating register for signal `\pool.\in_data_available_flopped' using process `\pool.$proc$/home/zhigang/raw_data/raw_designs/vtr_designs/verilog/koios/tpu_like.small_submodules/pool.v:71$3'.
  created $dff cell `$procdff$89' with positive edge clock.
Creating register for signal `\pool.\inp_data_flopped' using process `\pool.$proc$/home/zhigang/raw_data/raw_designs/vtr_designs/verilog/koios/tpu_like.small_submodules/pool.v:71$3'.
  created $dff cell `$procdff$90' with positive edge clock.
Creating register for signal `\pool.\out_data_temp' using process `\pool.$proc$/home/zhigang/raw_data/raw_designs/vtr_designs/verilog/koios/tpu_like.small_submodules/pool.v:71$3'.
  created $dff cell `$procdff$91' with positive edge clock.
Creating register for signal `\pool.\done_pool_temp' using process `\pool.$proc$/home/zhigang/raw_data/raw_designs/vtr_designs/verilog/koios/tpu_like.small_submodules/pool.v:71$3'.
  created $dff cell `$procdff$92' with positive edge clock.
Creating register for signal `\pool.\out_data_available_temp' using process `\pool.$proc$/home/zhigang/raw_data/raw_designs/vtr_designs/verilog/koios/tpu_like.small_submodules/pool.v:71$3'.
  created $dff cell `$procdff$93' with positive edge clock.
Creating register for signal `\pool.\i' using process `\pool.$proc$/home/zhigang/raw_data/raw_designs/vtr_designs/verilog/koios/tpu_like.small_submodules/pool.v:71$3'.
  created $dff cell `$procdff$94' with positive edge clock.
Creating register for signal `\pool.\cycle_count' using process `\pool.$proc$/home/zhigang/raw_data/raw_designs/vtr_designs/verilog/koios/tpu_like.small_submodules/pool.v:71$3'.
  created $dff cell `$procdff$95' with positive edge clock.

3.9. Executing PROC_MEMWR pass (convert process memory writes to cells).

3.10. Executing PROC_CLEAN pass (remove empty switches from decision trees).
Found and cleaned up 4 empty switches in `\pool.$proc$/home/zhigang/raw_data/raw_designs/vtr_designs/verilog/koios/tpu_like.small_submodules/pool.v:71$3'.
Removing empty process `pool.$proc$/home/zhigang/raw_data/raw_designs/vtr_designs/verilog/koios/tpu_like.small_submodules/pool.v:71$3'.
Cleaned up 4 empty switches.

3.11. Executing OPT_EXPR pass (perform const folding).
Optimizing module pool.
<suppressed ~2 debug messages>

4. Executing OPT pass (performing simple optimizations).

4.1. Executing OPT_EXPR pass (perform const folding).
Optimizing module pool.

4.2. Executing OPT_MERGE pass (detect identical cells).
Finding identical cells in module `\pool'.
<suppressed ~12 debug messages>
Removed a total of 4 cells.

4.3. Executing OPT_MUXTREE pass (detect dead branches in mux trees).
Running muxtree optimizer on module \pool..
  Creating internal representation of mux trees.
  Evaluating internal representation of mux trees.
  Analyzing evaluation results.
    dead port 1/2 on $mux $procmux$81.
    dead port 2/2 on $mux $procmux$78.
    dead port 1/2 on $mux $procmux$51.
    dead port 1/2 on $mux $procmux$45.
Removed 4 multiplexer ports.
<suppressed ~11 debug messages>

4.4. Executing OPT_REDUCE pass (consolidate $*mux and $reduce_* inputs).
  Optimizing cells in module \pool.
    New ctrl vector for $pmux cell $procmux$75: $auto$opt_reduce.cc:134:opt_mux$97
  Optimizing cells in module \pool.
Performed a total of 1 changes.

4.5. Executing OPT_MERGE pass (detect identical cells).
Finding identical cells in module `\pool'.
Removed a total of 0 cells.

4.6. Executing OPT_DFF pass (perform DFF optimizations).
Adding EN signal on $procdff$90 ($dff) from module pool (D = \inp_data, Q = \inp_data_flopped).
Adding SRST signal on $procdff$95 ($dff) from module pool (D = $2\cycle_count[31:0], Q = \cycle_count, rval = 0).
Adding EN signal on $procdff$94 ($dff) from module pool (D = $2\i[31:0], Q = \i).
Adding SRST signal on $procdff$91 ($dff) from module pool (D = { $procmux$25_Y $procmux$36_Y }, Q = \out_data_temp, rval = 128'00000000000000000000000000000000000000000000000000000000000000000000000000000000000000000000000000000000000000000000000000000000).
Adding EN signal on $auto$ff.cc:262:slice$101 ($sdff) from module pool (D = \inp_data [127:8], Q = \out_data_temp [127:8]).
Adding EN signal on $auto$ff.cc:262:slice$101 ($sdff) from module pool (D = $procmux$32_Y, Q = \out_data_temp [7:0]).
Adding SRST signal on $procdff$92 ($dff) from module pool (D = $procmux$68_Y, Q = \done_pool_temp, rval = 1'0).
Adding EN signal on $auto$ff.cc:262:slice$110 ($sdff) from module pool (D = 1'1, Q = \done_pool_temp).
Adding SRST signal on $procdff$93 ($dff) from module pool (D = $procmux$60_Y, Q = \out_data_available_temp, rval = 1'0).
Adding EN signal on $auto$ff.cc:262:slice$114 ($sdff) from module pool (D = 1'1, Q = \out_data_available_temp).
Adding EN signal on $procdff$89 ($dff) from module pool (D = \in_data_available, Q = \in_data_available_flopped).

4.7. Executing OPT_CLEAN pass (remove unused cells and wires).
Finding unused cells or wires in module \pool..
Removed 18 unused cells and 63 unused wires.
<suppressed ~21 debug messages>

4.8. Executing OPT_EXPR pass (perform const folding).
Optimizing module pool.
<suppressed ~1 debug messages>

4.9. Rerunning OPT passes. (Maybe there is more to do..)

4.10. Executing OPT_MUXTREE pass (detect dead branches in mux trees).
Running muxtree optimizer on module \pool..
  Creating internal representation of mux trees.
  Evaluating internal representation of mux trees.
  Analyzing evaluation results.
Removed 0 multiplexer ports.
<suppressed ~5 debug messages>

4.11. Executing OPT_REDUCE pass (consolidate $*mux and $reduce_* inputs).
  Optimizing cells in module \pool.
Performed a total of 0 changes.

4.12. Executing OPT_MERGE pass (detect identical cells).
Finding identical cells in module `\pool'.
Removed a total of 0 cells.

4.13. Executing OPT_DFF pass (perform DFF optimizations).
Adding EN signal on $auto$ff.cc:262:slice$99 ($sdff) from module pool (D = $add$/home/zhigang/raw_data/raw_designs/vtr_designs/verilog/koios/tpu_like.small_submodules/pool.v:82$8_Y, Q = \cycle_count).

4.14. Executing OPT_CLEAN pass (remove unused cells and wires).
Finding unused cells or wires in module \pool..
Removed 1 unused cells and 1 unused wires.
<suppressed ~2 debug messages>

4.15. Executing OPT_EXPR pass (perform const folding).
Optimizing module pool.

4.16. Rerunning OPT passes. (Maybe there is more to do..)

4.17. Executing OPT_MUXTREE pass (detect dead branches in mux trees).
Running muxtree optimizer on module \pool..
  Creating internal representation of mux trees.
  Evaluating internal representation of mux trees.
  Analyzing evaluation results.
Removed 0 multiplexer ports.
<suppressed ~4 debug messages>

4.18. Executing OPT_REDUCE pass (consolidate $*mux and $reduce_* inputs).
  Optimizing cells in module \pool.
Performed a total of 0 changes.

4.19. Executing OPT_MERGE pass (detect identical cells).
Finding identical cells in module `\pool'.
Removed a total of 0 cells.

4.20. Executing OPT_DFF pass (perform DFF optimizations).

4.21. Executing OPT_CLEAN pass (remove unused cells and wires).
Finding unused cells or wires in module \pool..

4.22. Executing OPT_EXPR pass (perform const folding).
Optimizing module pool.

4.23. Finished OPT passes. (There is nothing left to do.)

5. Printing statistics.

=== pool ===

   Number of wires:                 34
   Number of wire bits:            664
   Number of public wires:          17
   Number of public wire bits:     588
   Number of memories:               0
   Number of memory bits:            0
   Number of processes:              0
   Number of cells:                 27
     $add                           56
     $dffe                         129
     $eq                            41
     $logic_or                       2
     $mux                          130
     $not                            2
     $pmux                           8
     $reduce_and                     6
     $reduce_bool                    3
     $sdffe                        162

End of script. Logfile hash: 9301d1bd27, CPU: user 0.10s system 0.00s, MEM: 12.60 MB peak
Yosys 0.10+12 (git sha1 72fac04, gcc 7.4.0-1ubuntu1~16.04~ppa1 -fPIC -Os)
Time spent: 27% 5x opt_expr (0 sec), 18% 3x opt_dff (0 sec), ...
