
5. Printing statistics.

=== processing_element ===

   Number of wires:                  8
   Number of wire bits:             50
   Number of public wires:           8
   Number of public wire bits:      50
   Number of memories:               0
   Number of memory bits:            0
   Number of processes:              0
   Number of cells:                  3
     $sdff                          16

=== qadd ===

   Number of wires:                  3
   Number of wire bits:             48
   Number of public wires:           3
   Number of public wire bits:      48
   Number of memories:               0
   Number of memory bits:            0
   Number of processes:              0
   Number of cells:                  1
     $add                           16

=== qmult ===

   Number of wires:                  3
   Number of wire bits:             32
   Number of public wires:           3
   Number of public wire bits:      32
   Number of memories:               0
   Number of memory bits:            0
   Number of processes:              0
   Number of cells:                  1
     $mul                           16

=== seq_mac ===

   Number of wires:                 14
   Number of wire bits:            123
   Number of public wires:          11
   Number of public wire bits:     106
   Number of memories:               0
   Number of memory bits:            0
   Number of processes:              0
   Number of cells:                 10
     $dff                           48
     $mux                           24
     $reduce_or                      8

=== systolic_pe_matrix ===

   Number of wires:                806
   Number of wire bits:           6660
   Number of public wires:         806
   Number of public wire bits:    6660
   Number of memories:               0
   Number of memory bits:            0
   Number of processes:              0
   Number of cells:                257
     $or                             1

=== design hierarchy ===

   systolic_pe_matrix                1
     processing_element              0
       seq_mac                       0
         qadd                        0
         qmult                       0

   Number of wires:                806
   Number of wire bits:           6660
   Number of public wires:         806
   Number of public wire bits:    6660
   Number of memories:               0
   Number of memory bits:            0
   Number of processes:              0
   Number of cells:                257
     $or                             1

