
5. Printing statistics.

=== $paramod$d00916e4dfc2c0e171972116a153dab27e988efb\single_port_ram ===

   Number of wires:                  9
   Number of wire bits:            836
   Number of public wires:           5
   Number of public wire bits:     338
   Number of memories:               1
   Number of memory bits:         1944
   Number of processes:              0
   Number of cells:                  6
     $dffe                         162
     $mux                          175

=== weight_buffer_18_9_42_2_2688Woxr_real_half_0 ===

   Number of wires:                 28
   Number of wire bits:            722
   Number of public wires:          27
   Number of public wire bits:     710
   Number of memories:               0
   Number of memory bits:            0
   Number of processes:              0
   Number of cells:                  5
     $add                           12
     $dff                           24

=== design hierarchy ===

   weight_buffer_18_9_42_2_2688Woxr_real_half_0      1
     $paramod$d00916e4dfc2c0e171972116a153dab27e988efb\single_port_ram      0

   Number of wires:                 28
   Number of wire bits:            722
   Number of public wires:          27
   Number of public wire bits:     710
   Number of memories:               0
   Number of memory bits:            0
   Number of processes:              0
   Number of cells:                  5
     $add                           12
     $dff                           24

