
5. Printing statistics.

=== single_port_ram ===

   Number of wires:                  9
   Number of wire bits:           1454
   Number of public wires:           5
   Number of public wire bits:     584
   Number of memories:               1
   Number of memory bits:         1728
   Number of processes:              0
   Number of cells:                  6
     $dffe                         288
     $mux                          295

=== weight_buffer_18_16_2_64_bc_0 ===

   Number of wires:                 42
   Number of wire bits:           1190
   Number of public wires:          41
   Number of public wire bits:    1184
   Number of memories:               0
   Number of memory bits:            0
   Number of processes:              0
   Number of cells:                  5
     $add                            6
     $dff                           12

=== design hierarchy ===

   weight_buffer_18_16_2_64_bc_0      1
     single_port_ram                 0

   Number of wires:                 42
   Number of wire bits:           1190
   Number of public wires:          41
   Number of public wire bits:    1184
   Number of memories:               0
   Number of memory bits:            0
   Number of processes:              0
   Number of cells:                  5
     $add                            6
     $dff                           12

