
5. Printing statistics.

=== my_divider ===

   Number of wires:                 53
   Number of wire bits:            373
   Number of public wires:          26
   Number of public wire bits:     122
   Number of memories:               0
   Number of memory bits:            0
   Number of processes:              0
   Number of cells:                 42
     $add                           96
     $eq                             4
     $logic_not                      6
     $mux                           95
     $not                           33
     $or                            24
     $pmux                           4
     $reduce_bool                    4
     $reduce_or                      6
     $sdff                           3
     $sdffe                         45

