
5. Printing statistics.

=== my_divider ===

   Number of wires:                 53
   Number of wire bits:            373
   Number of public wires:          26
   Number of public wire bits:     122
   Number of memories:               0
   Number of memory bits:            0
   Number of processes:              0
   Number of cells:                 42
     $add                           96
     $eq                             4
     $logic_not                      6
     $mux                           95
     $not                           33
     $or                            24
     $pmux                           4
     $reduce_bool                    4
     $reduce_or                      6
     $sdff                           3
     $sdffe                         45

=== my_wrapper_divider ===

   Number of wires:                 19
   Number of wire bits:             67
   Number of public wires:          12
   Number of public wire bits:      59
   Number of memories:               0
   Number of memory bits:            0
   Number of processes:              0
   Number of cells:                 12
     $eq                             6
     $logic_not                      2
     $mux                            2
     $pmux                           4
     $reduce_or                      6
     $sdff                           2

=== wrapper_norm_seq ===

   Number of wires:                 21
   Number of wire bits:            292
   Number of public wires:          15
   Number of public wire bits:     195
   Number of memories:               0
   Number of memory bits:            0
   Number of processes:              0
   Number of cells:                 18
     $add                           33
     $dff                          112
     $dffe                          32
     $mux                           32
     $sdff                           1
     $sub                           32

=== design hierarchy ===

   wrapper_norm_seq                  1
     my_wrapper_divider              0
       my_divider                    0

   Number of wires:                 21
   Number of wire bits:            292
   Number of public wires:          15
   Number of public wire bits:     195
   Number of memories:               0
   Number of memory bits:            0
   Number of processes:              0
   Number of cells:                 18
     $add                           33
     $dff                          112
     $dffe                          32
     $mux                           32
     $sdff                           1
     $sub                           32

