
5. Printing statistics.

=== PPG ===

   Number of wires:                  3
   Number of wire bits:           2374
   Number of public wires:           3
   Number of public wire bits:    2374
   Number of memories:               0
   Number of memory bits:            0
   Number of processes:              0
   Number of cells:                593

=== f3_mult ===

   Number of wires:                 21
   Number of wire bits:             24
   Number of public wires:           7
   Number of public wire bits:      10
   Number of memories:               0
   Number of memory bits:            0
   Number of processes:              0
   Number of cells:                 16
     $and                           10
     $not                            4
     $or                             2

=== design hierarchy ===

   PPG                               1
     f3_mult                         0

   Number of wires:                  3
   Number of wire bits:           2374
   Number of public wires:           3
   Number of public wire bits:    2374
   Number of memories:               0
   Number of memory bits:            0
   Number of processes:              0
   Number of cells:                593

