
5. Printing statistics.

=== $paramod$984ecd35e0f89596ee5f02ee0100f9125a86007a\myproject_mul_16s_9ns_25_2_0 ===

   Number of wires:                  6
   Number of wire bits:             53
   Number of public wires:           6
   Number of public wire bits:      53
   Number of memories:               0
   Number of memory bits:            0
   Number of processes:              0
   Number of cells:                  1

=== myproject_mul_16s_9ns_25_2_0_MulnS_3 ===

   Number of wires:                  6
   Number of wire bits:             77
   Number of public wires:           6
   Number of public wire bits:      77
   Number of memories:               0
   Number of memory bits:            0
   Number of processes:              0
   Number of cells:                  2
     $dffe                          25
     $mul                           25

=== normalize_ap_fixed_ap_fixed_config16_0_0_0_0_0_0_0_0_0_0 ===

   Number of wires:                 58
   Number of wire bits:            727
   Number of public wires:          58
   Number of public wire bits:     727
   Number of memories:               0
   Number of memory bits:            0
   Number of processes:              0
   Number of cells:                 32
     $add                           78
     $dff                           81
     $dffe                         166
     $mux                           81

=== design hierarchy ===

   normalize_ap_fixed_ap_fixed_config16_0_0_0_0_0_0_0_0_0_0      1
     $paramod$984ecd35e0f89596ee5f02ee0100f9125a86007a\myproject_mul_16s_9ns_25_2_0      0
       myproject_mul_16s_9ns_25_2_0_MulnS_3      0

   Number of wires:                 58
   Number of wire bits:            727
   Number of public wires:          58
   Number of public wire bits:     727
   Number of memories:               0
   Number of memory bits:            0
   Number of processes:              0
   Number of cells:                 32
     $add                           78
     $dff                           81
     $dffe                         166
     $mux                           81

